43228@ICFX947PQ4WPX iac % ssh -i "2023-07-build-ohio.pem" ec2-user@ec2-3-16-50-231.us-east-2.compute.amazonaws.com
The authenticity of host 'ec2-3-16-50-231.us-east-2.compute.amazonaws.com (3.16.50.231)' can't be established.
ED25519 key fingerprint is SHA256:Oo7g/nR4xoTRiYs8Z4mFFCDw5p+81Q8w1JsuWt6BdZw.
This key is not known by any other names
Are you sure you want to continue connecting (yes/no/[fingerprint])? yes
Warning: Permanently added 'ec2-3-16-50-231.us-east-2.compute.amazonaws.com' (ED25519) to the list of known hosts.
   ,     #_
   ~\_  ####_        Amazon Linux 2023
  ~~  \_#####\
  ~~     \###|
  ~~       \#/ ___   https://aws.amazon.com/linux/amazon-linux-2023
   ~~       V~' '->
    ~~~         /
      ~~._.   _/
         _/ _/
       _/m/'
[ec2-user@ip-172-31-13-85 ~]$ vim scripts/ubuntu/dagster.sh 
[ec2-user@ip-172-31-13-85 ~]$ ^vim ^^C
[ec2-user@ip-172-31-13-85 ~]$ !!
vim scripts/ubuntu/dagster.sh 
[ec2-user@ip-172-31-13-85 ~]$ ^vim ^
scripts/ubuntu/dagster.sh 
BVT_INSTALLER is yum
Last metadata expiration check: 0:02:43 ago on Sat Aug 12 20:41:36 2023.
Dependencies resolved.
====================================================================================================================================
 Package                                   Architecture         Version                             Repository                 Size
====================================================================================================================================
Installing:
 python3.11                                x86_64               3.11.2-2.amzn2023.0.7               amazonlinux                28 k
 python3.11-devel                          x86_64               3.11.2-2.amzn2023.0.7               amazonlinux               234 k
Installing dependencies:
 mpdecimal                                 x86_64               2.5.1-3.amzn2023.0.3                amazonlinux               101 k
 python3.11-libs                           x86_64               3.11.2-2.amzn2023.0.7               amazonlinux               9.3 M
 python3.11-pip-wheel                      noarch               22.3.1-2.amzn2023.0.2               amazonlinux               1.4 M
 python3.11-setuptools-wheel               noarch               65.5.1-2.amzn2023.0.4               amazonlinux               715 k
Installing weak dependencies:
 libxcrypt-compat                          x86_64               4.4.33-7.amzn2023                   amazonlinux                92 k

Transaction Summary
====================================================================================================================================
Install  7 Packages

Total download size: 12 M
Installed size: 48 M
Downloading Packages:
(1/7): python3.11-3.11.2-2.amzn2023.0.7.x86_64.rpm                                                  400 kB/s |  28 kB     00:00    
(2/7): libxcrypt-compat-4.4.33-7.amzn2023.x86_64.rpm                                                1.2 MB/s |  92 kB     00:00    
(3/7): python3.11-devel-3.11.2-2.amzn2023.0.7.x86_64.rpm                                            2.0 MB/s | 234 kB     00:00    
(4/7): mpdecimal-2.5.1-3.amzn2023.0.3.x86_64.rpm                                                    1.2 MB/s | 101 kB     00:00    
(5/7): python3.11-setuptools-wheel-65.5.1-2.amzn2023.0.4.noarch.rpm                                 9.8 MB/s | 715 kB     00:00    
(6/7): python3.11-libs-3.11.2-2.amzn2023.0.7.x86_64.rpm                                              47 MB/s | 9.3 MB     00:00    
(7/7): python3.11-pip-wheel-22.3.1-2.amzn2023.0.2.noarch.rpm                                         11 MB/s | 1.4 MB     00:00    
------------------------------------------------------------------------------------------------------------------------------------
Total                                                                                                35 MB/s |  12 MB     00:00     
Running transaction check
Transaction check succeeded.
Running transaction test
Transaction test succeeded.
Running transaction
  Preparing        :                                                                                                            1/1 
  Installing       : python3.11-setuptools-wheel-65.5.1-2.amzn2023.0.4.noarch                                                   1/7 
  Installing       : mpdecimal-2.5.1-3.amzn2023.0.3.x86_64                                                                      2/7 
  Installing       : libxcrypt-compat-4.4.33-7.amzn2023.x86_64                                                                  3/7 
  Installing       : python3.11-pip-wheel-22.3.1-2.amzn2023.0.2.noarch                                                          4/7 
  Installing       : python3.11-3.11.2-2.amzn2023.0.7.x86_64                                                                    5/7 
  Installing       : python3.11-libs-3.11.2-2.amzn2023.0.7.x86_64                                                               6/7 
  Installing       : python3.11-devel-3.11.2-2.amzn2023.0.7.x86_64                                                              7/7 
  Running scriptlet: python3.11-devel-3.11.2-2.amzn2023.0.7.x86_64                                                              7/7 
  Verifying        : libxcrypt-compat-4.4.33-7.amzn2023.x86_64                                                                  1/7 
  Verifying        : python3.11-3.11.2-2.amzn2023.0.7.x86_64                                                                    2/7 
  Verifying        : python3.11-devel-3.11.2-2.amzn2023.0.7.x86_64                                                              3/7 
  Verifying        : python3.11-libs-3.11.2-2.amzn2023.0.7.x86_64                                                               4/7 
  Verifying        : mpdecimal-2.5.1-3.amzn2023.0.3.x86_64                                                                      5/7 
  Verifying        : python3.11-setuptools-wheel-65.5.1-2.amzn2023.0.4.noarch                                                   6/7 
  Verifying        : python3.11-pip-wheel-22.3.1-2.amzn2023.0.2.noarch                                                          7/7 
====================================================================================================================================
WARNING:
  A newer release of "Amazon Linux" is available.

  Available Versions:

  Version 2023.1.20230809:
    Run the following command to upgrade to 2023.1.20230809:

      dnf upgrade --releasever=2023.1.20230809

    Release notes:
     https://docs.aws.amazon.com/linux/al2023/release-notes/relnotes.html

====================================================================================================================================

Installed:
  libxcrypt-compat-4.4.33-7.amzn2023.x86_64                            mpdecimal-2.5.1-3.amzn2023.0.3.x86_64                        
  python3.11-3.11.2-2.amzn2023.0.7.x86_64                              python3.11-devel-3.11.2-2.amzn2023.0.7.x86_64                
  python3.11-libs-3.11.2-2.amzn2023.0.7.x86_64                         python3.11-pip-wheel-22.3.1-2.amzn2023.0.2.noarch            
  python3.11-setuptools-wheel-65.5.1-2.amzn2023.0.4.noarch            

Complete!
Last metadata expiration check: 0:02:46 ago on Sat Aug 12 20:41:36 2023.
Dependencies resolved.
====================================================================================================================================
 Package                       Architecture             Version                                 Repository                     Size
====================================================================================================================================
Installing:
 python3-pip                   noarch                   21.3.1-2.amzn2023.0.5                   amazonlinux                   1.8 M

Transaction Summary
====================================================================================================================================
Install  1 Package

Total download size: 1.8 M
Installed size: 11 M
Downloading Packages:
python3-pip-21.3.1-2.amzn2023.0.5.noarch.rpm                                                         18 MB/s | 1.8 MB     00:00    
------------------------------------------------------------------------------------------------------------------------------------
Total                                                                                                12 MB/s | 1.8 MB     00:00     
Running transaction check
Transaction check succeeded.
Running transaction test
Transaction test succeeded.
Running transaction
  Preparing        :                                                                                                            1/1 
  Installing       : python3-pip-21.3.1-2.amzn2023.0.5.noarch                                                                   1/1 
  Running scriptlet: python3-pip-21.3.1-2.amzn2023.0.5.noarch                                                                   1/1 
  Verifying        : python3-pip-21.3.1-2.amzn2023.0.5.noarch                                                                   1/1 
====================================================================================================================================
WARNING:
  A newer release of "Amazon Linux" is available.

  Available Versions:

  Version 2023.1.20230809:
    Run the following command to upgrade to 2023.1.20230809:

      dnf upgrade --releasever=2023.1.20230809

    Release notes:
     https://docs.aws.amazon.com/linux/al2023/release-notes/relnotes.html

====================================================================================================================================

Installed:
  python3-pip-21.3.1-2.amzn2023.0.5.noarch                                                                                          

Complete!
Collecting build
  Downloading build-0.10.0-py3-none-any.whl (17 kB)
Collecting pyproject_hooks
  Downloading pyproject_hooks-1.0.0-py3-none-any.whl (9.3 kB)
Collecting tomli>=1.1.0
  Downloading tomli-2.0.1-py3-none-any.whl (12 kB)
Collecting packaging>=19.0
  Downloading packaging-23.1-py3-none-any.whl (48 kB)
     |████████████████████████████████| 48 kB 6.7 MB/s            
Installing collected packages: tomli, pyproject-hooks, packaging, build
Successfully installed build-0.10.0 packaging-23.1 pyproject-hooks-1.0.0 tomli-2.0.1
WARNING: Running pip as the 'root' user can result in broken permissions and conflicting behaviour with the system package manager. It is recommended to use a virtual environment instead: https://pip.pypa.io/warnings/venv
Requirement already satisfied: setuptools in /usr/lib/python3.9/site-packages (59.6.0)
Collecting setuptools
  Downloading setuptools-68.0.0-py3-none-any.whl (804 kB)
     |████████████████████████████████| 804 kB 6.2 MB/s            
Installing collected packages: setuptools
  Attempting uninstall: setuptools
    Found existing installation: setuptools 59.6.0
ERROR: Cannot uninstall setuptools 59.6.0, RECORD file not found. Hint: The package was installed by rpm.
~ ~
~
Linux distribution: amazon-linux
Selected installer: yum
***** BEGIN DAGSTER BUILD SCRIPT Sat Aug 12 20:44:26 UTC 2023 *****
Last metadata expiration check: 0:02:50 ago on Sat Aug 12 20:41:36 2023.
====================================================================================================================================
WARNING:
  A newer release of "Amazon Linux" is available.

  Available Versions:

  Version 2023.1.20230809:
    Run the following command to upgrade to 2023.1.20230809:

      dnf upgrade --releasever=2023.1.20230809

    Release notes:
     https://docs.aws.amazon.com/linux/al2023/release-notes/relnotes.html

====================================================================================================================================
Dependencies resolved.
Nothing to do.
Complete!
Last metadata expiration check: 0:02:51 ago on Sat Aug 12 20:41:36 2023.
No match for argument: python3.10-venv
Error: Unable to find a match: python3.10-venv
Last metadata expiration check: 0:02:51 ago on Sat Aug 12 20:41:36 2023.
Package python3-pip-21.3.1-2.amzn2023.0.5.noarch is already installed.
Dependencies resolved.
Nothing to do.
Complete!
Last metadata expiration check: 0:02:52 ago on Sat Aug 12 20:41:36 2023.
Dependencies resolved.
====================================================================================================================================
 Package                       Architecture        Version                                           Repository                Size
====================================================================================================================================
Installing:
 nodejs                        x86_64              1:18.12.1-1.amzn2023.0.7                          amazonlinux              101 k
Installing dependencies:
 libbrotli                     x86_64              1.0.9-4.amzn2023.0.2                              amazonlinux              315 k
 nodejs-libs                   x86_64              1:18.12.1-1.amzn2023.0.7                          amazonlinux               14 M
Installing weak dependencies:
 nodejs-docs                   noarch              1:18.12.1-1.amzn2023.0.7                          amazonlinux              7.2 M
 nodejs-full-i18n              x86_64              1:18.12.1-1.amzn2023.0.7                          amazonlinux              8.2 M
 npm                           x86_64              1:8.19.2-1.18.12.1.1.amzn2023.0.7                 amazonlinux              2.0 M

Transaction Summary
====================================================================================================================================
Install  6 Packages

Total download size: 31 M
Installed size: 168 M
Downloading Packages:
(1/6): nodejs-18.12.1-1.amzn2023.0.7.x86_64.rpm                                                     1.1 MB/s | 101 kB     00:00    
(2/6): npm-8.19.2-1.18.12.1.1.amzn2023.0.7.x86_64.rpm                                                34 MB/s | 2.0 MB     00:00    
(3/6): nodejs-full-i18n-18.12.1-1.amzn2023.0.7.x86_64.rpm                                            38 MB/s | 8.2 MB     00:00    
(4/6): libbrotli-1.0.9-4.amzn2023.0.2.x86_64.rpm                                                    4.9 MB/s | 315 kB     00:00    
(5/6): nodejs-libs-18.12.1-1.amzn2023.0.7.x86_64.rpm                                                 44 MB/s |  14 MB     00:00    
(6/6): nodejs-docs-18.12.1-1.amzn2023.0.7.noarch.rpm                                                 45 MB/s | 7.2 MB     00:00    
------------------------------------------------------------------------------------------------------------------------------------
Total                                                                                                72 MB/s |  31 MB     00:00     
Running transaction check
Transaction check succeeded.
Running transaction test
Transaction test succeeded.
Running transaction
  Preparing        :                                                                                                            1/1 
  Installing       : nodejs-docs-1:18.12.1-1.amzn2023.0.7.noarch                                                                1/6 
  Installing       : libbrotli-1.0.9-4.amzn2023.0.2.x86_64                                                                      2/6 
  Installing       : nodejs-libs-1:18.12.1-1.amzn2023.0.7.x86_64                                                                3/6 
  Installing       : npm-1:8.19.2-1.18.12.1.1.amzn2023.0.7.x86_64                                                               4/6 
  Installing       : nodejs-1:18.12.1-1.amzn2023.0.7.x86_64                                                                     5/6 
  Installing       : nodejs-full-i18n-1:18.12.1-1.amzn2023.0.7.x86_64                                                           6/6 
  Running scriptlet: nodejs-full-i18n-1:18.12.1-1.amzn2023.0.7.x86_64                                                           6/6 
  Verifying        : nodejs-full-i18n-1:18.12.1-1.amzn2023.0.7.x86_64                                                           1/6 
  Verifying        : nodejs-1:18.12.1-1.amzn2023.0.7.x86_64                                                                     2/6 
  Verifying        : nodejs-libs-1:18.12.1-1.amzn2023.0.7.x86_64                                                                3/6 
  Verifying        : npm-1:8.19.2-1.18.12.1.1.amzn2023.0.7.x86_64                                                               4/6 
  Verifying        : libbrotli-1.0.9-4.amzn2023.0.2.x86_64                                                                      5/6 
  Verifying        : nodejs-docs-1:18.12.1-1.amzn2023.0.7.noarch                                                                6/6 
====================================================================================================================================
WARNING:
  A newer release of "Amazon Linux" is available.

  Available Versions:

  Version 2023.1.20230809:
    Run the following command to upgrade to 2023.1.20230809:

      dnf upgrade --releasever=2023.1.20230809

    Release notes:
     https://docs.aws.amazon.com/linux/al2023/release-notes/relnotes.html

====================================================================================================================================

Installed:
  libbrotli-1.0.9-4.amzn2023.0.2.x86_64                          nodejs-1:18.12.1-1.amzn2023.0.7.x86_64                             
  nodejs-docs-1:18.12.1-1.amzn2023.0.7.noarch                    nodejs-full-i18n-1:18.12.1-1.amzn2023.0.7.x86_64                   
  nodejs-libs-1:18.12.1-1.amzn2023.0.7.x86_64                    npm-1:8.19.2-1.18.12.1.1.amzn2023.0.7.x86_64                       

Complete!
Last metadata expiration check: 0:02:57 ago on Sat Aug 12 20:41:36 2023.
No match for argument: yarn
Error: Unable to find a match: yarn
post-activate. which python? /home/ec2-user/.virtualenvs/dagsterdev/bin/python3
Is node installed? v18.12.1

Cloning into 'dagster'...
remote: Enumerating objects: 6985, done.
remote: Counting objects: 100% (6985/6985), done.
remote: Compressing objects: 100% (5916/5916), done.
remote: Total 6985 (delta 924), reused 4239 (delta 724), pack-reused 0
Receiving objects: 100% (6985/6985), 93.71 MiB | 37.99 MiB/s, done.
Resolving deltas: 100% (924/924), done.
Updating files: 100% (6485/6485), done.
after cd to dagster pwd is /home/ec2-user/dagster at Sat Aug 12 20:44:41 UTC 2023
just before make, our python lives at /home/ec2-user/.virtualenvs/dagsterdev/bin/python3
just before make, Sat Aug 12 20:44:41 UTC 2023

Last metadata expiration check: 0:03:05 ago on Sat Aug 12 20:41:36 2023.
Dependencies resolved.
====================================================================================================================================
 Package                        Architecture             Version                                Repository                     Size
====================================================================================================================================
Installing:
 make                           x86_64                   1:4.3-5.amzn2023.0.2                   amazonlinux                   534 k
Installing dependencies:
 gc                             x86_64                   8.0.4-5.amzn2023.0.2                   amazonlinux                   105 k
 guile22                        x86_64                   2.2.7-2.amzn2023.0.2                   amazonlinux                   6.4 M
 libtool-ltdl                   x86_64                   2.4.7-1.amzn2023.0.3                   amazonlinux                    38 k

Transaction Summary
====================================================================================================================================
Install  4 Packages

Total download size: 7.1 M
Installed size: 46 M
Downloading Packages:
(1/4): libtool-ltdl-2.4.7-1.amzn2023.0.3.x86_64.rpm                                                 350 kB/s |  38 kB     00:00    
(2/4): gc-8.0.4-5.amzn2023.0.2.x86_64.rpm                                                           944 kB/s | 105 kB     00:00    
(3/4): make-4.3-5.amzn2023.0.2.x86_64.rpm                                                           4.4 MB/s | 534 kB     00:00    
(4/4): guile22-2.2.7-2.amzn2023.0.2.x86_64.rpm                                                       34 MB/s | 6.4 MB     00:00    
------------------------------------------------------------------------------------------------------------------------------------
Total                                                                                                20 MB/s | 7.1 MB     00:00     
Running transaction check
Transaction check succeeded.
Running transaction test
Transaction test succeeded.
Running transaction
  Preparing        :                                                                                                            1/1 
  Installing       : gc-8.0.4-5.amzn2023.0.2.x86_64                                                                             1/4 
  Installing       : libtool-ltdl-2.4.7-1.amzn2023.0.3.x86_64                                                                   2/4 
  Installing       : guile22-2.2.7-2.amzn2023.0.2.x86_64                                                                        3/4 
  Installing       : make-1:4.3-5.amzn2023.0.2.x86_64                                                                           4/4 
  Running scriptlet: make-1:4.3-5.amzn2023.0.2.x86_64                                                                           4/4 
  Verifying        : make-1:4.3-5.amzn2023.0.2.x86_64                                                                           1/4 
  Verifying        : libtool-ltdl-2.4.7-1.amzn2023.0.3.x86_64                                                                   2/4 
  Verifying        : gc-8.0.4-5.amzn2023.0.2.x86_64                                                                             3/4 
  Verifying        : guile22-2.2.7-2.amzn2023.0.2.x86_64                                                                        4/4 
====================================================================================================================================
WARNING:
  A newer release of "Amazon Linux" is available.

  Available Versions:

  Version 2023.1.20230809:
    Run the following command to upgrade to 2023.1.20230809:

      dnf upgrade --releasever=2023.1.20230809

    Release notes:
     https://docs.aws.amazon.com/linux/al2023/release-notes/relnotes.html

====================================================================================================================================

Installed:
  gc-8.0.4-5.amzn2023.0.2.x86_64          guile22-2.2.7-2.amzn2023.0.2.x86_64        libtool-ltdl-2.4.7-1.amzn2023.0.3.x86_64       
  make-1:4.3-5.amzn2023.0.2.x86_64       

Complete!


***** SYMLINK PYTHON *****
ln: failed to create symbolic link '/home/ec2-user/.virtualenvs/dagsterdev/bin/python': File exists
***** END SYMLINK PYTHON *****
python scripts/install_dev_python_modules.py
pip install -e python_modules/dagster[black,pyright,ruff,test] -e python_modules/dagster-external -e python_modules/dagster-graphql -e python_modules/dagster-test -e python_modules/dagster-webserver -e python_modules/dagit -e python_modules/automation -e python_modules/libraries/dagster-managed-elements -e python_modules/libraries/dagster-airbyte -e python_modules/libraries/dagster-airflow -e python_modules/libraries/dagster-aws[test] -e python_modules/libraries/dagster-celery -e python_modules/libraries/dagster-celery-docker -e python_modules/libraries/dagster-dask[yarn,pbs,kube] -e python_modules/libraries/dagster-databricks -e python_modules/libraries/dagster-datadog -e python_modules/libraries/dagster-datahub -e python_modules/libraries/dagster-dbt -e python_modules/libraries/dagster-docker -e python_modules/libraries/dagster-gcp -e python_modules/libraries/dagster-gcp-pandas -e python_modules/libraries/dagster-gcp-pyspark -e python_modules/libraries/dagster-fivetran -e python_modules/libraries/dagster-k8s -e python_modules/libraries/dagster-celery-k8s -e python_modules/libraries/dagster-github -e python_modules/libraries/dagster-mlflow -e python_modules/libraries/dagster-mysql -e python_modules/libraries/dagster-pagerduty -e python_modules/libraries/dagster-pandas -e python_modules/libraries/dagster-papertrail -e python_modules/libraries/dagster-postgres -e python_modules/libraries/dagster-prometheus -e python_modules/libraries/dagster-pyspark -e python_modules/libraries/dagster-shell -e python_modules/libraries/dagster-slack -e python_modules/libraries/dagster-spark -e python_modules/libraries/dagster-ssh -e python_modules/libraries/dagster-twilio -e python_modules/libraries/dagstermill -e integration_tests/python_modules/dagster-k8s-test-infra -e python_modules/libraries/dagster-azure -e python_modules/libraries/dagster-msteams -e python_modules/libraries/dagster-duckdb -e python_modules/libraries/dagster-duckdb-pandas -e python_modules/libraries/dagster-duckdb-polars -e python_modules/libraries/dagster-duckdb-pyspark -e python_modules/libraries/dagster-wandb -e helm/dagster/schema[test] -e .buildkite/dagster-buildkite -e python_modules/libraries/dagster-dbt -e python_modules/libraries/dagster-pandera -e python_modules/libraries/dagster-snowflake -e python_modules/libraries/dagster-snowflake-pandas
Obtaining file:///home/ec2-user/dagster/python_modules/dagster
Preparing metadata (setup.py): started
Preparing metadata (setup.py): finished with status 'done'
Obtaining file:///home/ec2-user/dagster/python_modules/dagster-external
Preparing metadata (setup.py): started
Preparing metadata (setup.py): finished with status 'done'
Obtaining file:///home/ec2-user/dagster/python_modules/dagster-graphql
Preparing metadata (setup.py): started
Preparing metadata (setup.py): finished with status 'done'
Obtaining file:///home/ec2-user/dagster/python_modules/dagster-test
Preparing metadata (setup.py): started
Preparing metadata (setup.py): finished with status 'done'
Obtaining file:///home/ec2-user/dagster/python_modules/dagster-webserver
Preparing metadata (setup.py): started
Preparing metadata (setup.py): finished with status 'done'
Obtaining file:///home/ec2-user/dagster/python_modules/dagit
Preparing metadata (setup.py): started
Preparing metadata (setup.py): finished with status 'done'
Obtaining file:///home/ec2-user/dagster/python_modules/automation
Preparing metadata (setup.py): started
Preparing metadata (setup.py): finished with status 'done'
Obtaining file:///home/ec2-user/dagster/python_modules/libraries/dagster-managed-elements
Preparing metadata (setup.py): started
Preparing metadata (setup.py): finished with status 'done'
Obtaining file:///home/ec2-user/dagster/python_modules/libraries/dagster-airbyte
Preparing metadata (setup.py): started
Preparing metadata (setup.py): finished with status 'done'
Obtaining file:///home/ec2-user/dagster/python_modules/libraries/dagster-airflow
Preparing metadata (setup.py): started
Preparing metadata (setup.py): finished with status 'done'
Obtaining file:///home/ec2-user/dagster/python_modules/libraries/dagster-aws
Preparing metadata (setup.py): started
Preparing metadata (setup.py): finished with status 'done'
Obtaining file:///home/ec2-user/dagster/python_modules/libraries/dagster-celery
Preparing metadata (setup.py): started
Preparing metadata (setup.py): finished with status 'done'
Obtaining file:///home/ec2-user/dagster/python_modules/libraries/dagster-celery-docker
Preparing metadata (setup.py): started
Preparing metadata (setup.py): finished with status 'done'
Obtaining file:///home/ec2-user/dagster/python_modules/libraries/dagster-dask
Preparing metadata (setup.py): started
Preparing metadata (setup.py): finished with status 'done'
Obtaining file:///home/ec2-user/dagster/python_modules/libraries/dagster-databricks
Preparing metadata (setup.py): started
Preparing metadata (setup.py): finished with status 'done'
Obtaining file:///home/ec2-user/dagster/python_modules/libraries/dagster-datadog
Preparing metadata (setup.py): started
Preparing metadata (setup.py): finished with status 'done'
Obtaining file:///home/ec2-user/dagster/python_modules/libraries/dagster-datahub
Preparing metadata (setup.py): started
Preparing metadata (setup.py): finished with status 'done'
Obtaining file:///home/ec2-user/dagster/python_modules/libraries/dagster-dbt
Preparing metadata (setup.py): started
Preparing metadata (setup.py): finished with status 'done'
Obtaining file:///home/ec2-user/dagster/python_modules/libraries/dagster-docker
Preparing metadata (setup.py): started
Preparing metadata (setup.py): finished with status 'done'
Obtaining file:///home/ec2-user/dagster/python_modules/libraries/dagster-gcp
Preparing metadata (setup.py): started
Preparing metadata (setup.py): finished with status 'done'
Obtaining file:///home/ec2-user/dagster/python_modules/libraries/dagster-gcp-pandas
Preparing metadata (setup.py): started
Preparing metadata (setup.py): finished with status 'done'
Obtaining file:///home/ec2-user/dagster/python_modules/libraries/dagster-gcp-pyspark
Preparing metadata (setup.py): started
Preparing metadata (setup.py): finished with status 'done'
Obtaining file:///home/ec2-user/dagster/python_modules/libraries/dagster-fivetran
Preparing metadata (setup.py): started
Preparing metadata (setup.py): finished with status 'done'
Obtaining file:///home/ec2-user/dagster/python_modules/libraries/dagster-k8s
Preparing metadata (setup.py): started
Preparing metadata (setup.py): finished with status 'done'
Obtaining file:///home/ec2-user/dagster/python_modules/libraries/dagster-celery-k8s
Preparing metadata (setup.py): started
Preparing metadata (setup.py): finished with status 'done'
Obtaining file:///home/ec2-user/dagster/python_modules/libraries/dagster-github
Preparing metadata (setup.py): started
Preparing metadata (setup.py): finished with status 'done'
Obtaining file:///home/ec2-user/dagster/python_modules/libraries/dagster-mlflow
Preparing metadata (setup.py): started
Preparing metadata (setup.py): finished with status 'done'
Obtaining file:///home/ec2-user/dagster/python_modules/libraries/dagster-mysql
Preparing metadata (setup.py): started
Preparing metadata (setup.py): finished with status 'done'
Obtaining file:///home/ec2-user/dagster/python_modules/libraries/dagster-pagerduty
Preparing metadata (setup.py): started
Preparing metadata (setup.py): finished with status 'done'
Obtaining file:///home/ec2-user/dagster/python_modules/libraries/dagster-pandas
Preparing metadata (setup.py): started
Preparing metadata (setup.py): finished with status 'done'
Obtaining file:///home/ec2-user/dagster/python_modules/libraries/dagster-papertrail
Preparing metadata (setup.py): started
Preparing metadata (setup.py): finished with status 'done'
Obtaining file:///home/ec2-user/dagster/python_modules/libraries/dagster-postgres
Preparing metadata (setup.py): started
Preparing metadata (setup.py): finished with status 'done'
Obtaining file:///home/ec2-user/dagster/python_modules/libraries/dagster-prometheus
Preparing metadata (setup.py): started
Preparing metadata (setup.py): finished with status 'done'
Obtaining file:///home/ec2-user/dagster/python_modules/libraries/dagster-pyspark
Preparing metadata (setup.py): started
Preparing metadata (setup.py): finished with status 'done'
Obtaining file:///home/ec2-user/dagster/python_modules/libraries/dagster-shell
Preparing metadata (setup.py): started
Preparing metadata (setup.py): finished with status 'done'
Obtaining file:///home/ec2-user/dagster/python_modules/libraries/dagster-slack
Preparing metadata (setup.py): started
Preparing metadata (setup.py): finished with status 'done'
Obtaining file:///home/ec2-user/dagster/python_modules/libraries/dagster-spark
Preparing metadata (setup.py): started
Preparing metadata (setup.py): finished with status 'done'
Obtaining file:///home/ec2-user/dagster/python_modules/libraries/dagster-ssh
Preparing metadata (setup.py): started
Preparing metadata (setup.py): finished with status 'done'
Obtaining file:///home/ec2-user/dagster/python_modules/libraries/dagster-twilio
Preparing metadata (setup.py): started
Preparing metadata (setup.py): finished with status 'done'
Obtaining file:///home/ec2-user/dagster/python_modules/libraries/dagstermill
Preparing metadata (setup.py): started
Preparing metadata (setup.py): finished with status 'done'
Obtaining file:///home/ec2-user/dagster/integration_tests/python_modules/dagster-k8s-test-infra
Preparing metadata (setup.py): started
Preparing metadata (setup.py): finished with status 'done'
Obtaining file:///home/ec2-user/dagster/python_modules/libraries/dagster-azure
Preparing metadata (setup.py): started
Preparing metadata (setup.py): finished with status 'done'
Obtaining file:///home/ec2-user/dagster/python_modules/libraries/dagster-msteams
Preparing metadata (setup.py): started
Preparing metadata (setup.py): finished with status 'done'
Obtaining file:///home/ec2-user/dagster/python_modules/libraries/dagster-duckdb
Preparing metadata (setup.py): started
Preparing metadata (setup.py): finished with status 'done'
Obtaining file:///home/ec2-user/dagster/python_modules/libraries/dagster-duckdb-pandas
Preparing metadata (setup.py): started
Preparing metadata (setup.py): finished with status 'done'
Obtaining file:///home/ec2-user/dagster/python_modules/libraries/dagster-duckdb-polars
Preparing metadata (setup.py): started
Preparing metadata (setup.py): finished with status 'done'
Obtaining file:///home/ec2-user/dagster/python_modules/libraries/dagster-duckdb-pyspark
Preparing metadata (setup.py): started
Preparing metadata (setup.py): finished with status 'done'
Obtaining file:///home/ec2-user/dagster/python_modules/libraries/dagster-wandb
Preparing metadata (setup.py): started
Preparing metadata (setup.py): finished with status 'done'
Obtaining file:///home/ec2-user/dagster/helm/dagster/schema
Preparing metadata (setup.py): started
Preparing metadata (setup.py): finished with status 'done'
Obtaining file:///home/ec2-user/dagster/.buildkite/dagster-buildkite
Preparing metadata (setup.py): started
Preparing metadata (setup.py): finished with status 'done'
Obtaining file:///home/ec2-user/dagster/python_modules/libraries/dagster-pandera
Preparing metadata (setup.py): started
Preparing metadata (setup.py): finished with status 'done'
Obtaining file:///home/ec2-user/dagster/python_modules/libraries/dagster-snowflake
Preparing metadata (setup.py): started
Preparing metadata (setup.py): finished with status 'done'
Obtaining file:///home/ec2-user/dagster/python_modules/libraries/dagster-snowflake-pandas
Preparing metadata (setup.py): started
Preparing metadata (setup.py): finished with status 'done'
Collecting click>=5.0
Downloading click-8.1.6-py3-none-any.whl (97 kB)
Collecting coloredlogs<=14.0,>=6.1
Downloading coloredlogs-14.0-py2.py3-none-any.whl (43 kB)
Collecting Jinja2
Downloading Jinja2-3.1.2-py3-none-any.whl (133 kB)
Collecting PyYAML>=5.1
Downloading PyYAML-6.0.1-cp39-cp39-manylinux_2_17_x86_64.manylinux2014_x86_64.whl (738 kB)
Collecting alembic!=1.11.0,!=1.6.3,!=1.7.0,>=1.2.1
Downloading alembic-1.11.2-py3-none-any.whl (225 kB)
Collecting croniter>=0.3.34
Downloading croniter-1.4.1-py2.py3-none-any.whl (19 kB)
Collecting grpcio>=1.44.0
Downloading grpcio-1.57.0-cp39-cp39-manylinux_2_17_x86_64.manylinux2014_x86_64.whl (5.3 MB)
Collecting grpcio-health-checking>=1.44.0
Downloading grpcio_health_checking-1.57.0-py3-none-any.whl (8.6 kB)
Collecting packaging>=20.9
Downloading packaging-23.1-py3-none-any.whl (48 kB)
Collecting pendulum
Downloading pendulum-2.1.2-cp39-cp39-manylinux1_x86_64.whl (155 kB)
Collecting protobuf>=3.20.0
Downloading protobuf-4.24.0-cp37-abi3-manylinux2014_x86_64.whl (311 kB)
Collecting python-dateutil
Downloading python_dateutil-2.8.2-py2.py3-none-any.whl (247 kB)
Collecting python-dotenv
Downloading python_dotenv-1.0.0-py3-none-any.whl (19 kB)
Collecting pytz
Downloading pytz-2023.3-py2.py3-none-any.whl (502 kB)
Collecting requests
Downloading requests-2.31.0-py3-none-any.whl (62 kB)
Requirement already satisfied: setuptools in /home/ec2-user/.virtualenvs/dagsterdev/lib/python3.9/site-packages (from dagster==1!0+dev) (59.6.0)
Collecting tabulate
Downloading tabulate-0.9.0-py3-none-any.whl (35 kB)
Collecting tomli
Downloading tomli-2.0.1-py3-none-any.whl (12 kB)
Collecting tqdm
Downloading tqdm-4.66.1-py3-none-any.whl (78 kB)
Collecting typing_extensions>=4.4.0
Downloading typing_extensions-4.7.1-py3-none-any.whl (33 kB)
Collecting sqlalchemy>=1.0
Downloading SQLAlchemy-2.0.19-cp39-cp39-manylinux_2_17_x86_64.manylinux2014_x86_64.whl (2.8 MB)
Collecting toposort>=1.0
Downloading toposort-1.10-py3-none-any.whl (8.5 kB)
Collecting watchdog>=0.8.3
Downloading watchdog-3.0.0-py3-none-manylinux2014_x86_64.whl (82 kB)
Collecting docstring-parser
Downloading docstring_parser-0.15-py3-none-any.whl (36 kB)
Collecting universal_pathlib
Downloading universal_pathlib-0.1.1-py3-none-any.whl (17 kB)
Collecting pydantic!=1.10.7,<2.0.0
Downloading pydantic-1.10.12-cp39-cp39-manylinux_2_17_x86_64.manylinux2014_x86_64.whl (3.2 MB)
Collecting docker
Downloading docker-6.1.3-py3-none-any.whl (148 kB)
Collecting grpcio-tools>=1.44.0
Downloading grpcio_tools-1.57.0-cp39-cp39-manylinux_2_17_x86_64.manylinux2014_x86_64.whl (2.6 MB)
Collecting mock==3.0.5
Downloading mock-3.0.5-py2.py3-none-any.whl (25 kB)
Collecting objgraph
Downloading objgraph-3.6.0-py2.py3-none-any.whl (17 kB)
Collecting pytest-cov==2.10.1
Downloading pytest_cov-2.10.1-py2.py3-none-any.whl (19 kB)
Collecting pytest-dependency==0.5.1
Downloading pytest-dependency-0.5.1.tar.gz (27 kB)
Preparing metadata (setup.py): started
Preparing metadata (setup.py): finished with status 'done'
Collecting pytest-mock==3.3.1
Downloading pytest_mock-3.3.1-py3-none-any.whl (11 kB)
Collecting pytest-rerunfailures==10.0
Downloading pytest_rerunfailures-10.0-py3-none-any.whl (9.0 kB)
Collecting pytest-runner==5.2
Downloading pytest_runner-5.2-py2.py3-none-any.whl (6.8 kB)
Collecting pytest-xdist==2.1.0
Downloading pytest_xdist-2.1.0-py3-none-any.whl (36 kB)
Collecting pytest==7.0.1
Downloading pytest-7.0.1-py3-none-any.whl (296 kB)
Collecting responses<=0.23.1
Downloading responses-0.23.1-py3-none-any.whl (52 kB)
Collecting syrupy<4
Downloading syrupy-3.0.6-py3-none-any.whl (40 kB)
Collecting tox==3.25.0
Downloading tox-3.25.0-py2.py3-none-any.whl (85 kB)
Collecting yamllint
Downloading yamllint-1.32.0-py3-none-any.whl (65 kB)
Collecting buildkite-test-collector
Downloading buildkite_test_collector-0.1.7-py3-none-any.whl (11 kB)
Collecting morefs[asynclocal]
Downloading morefs-0.1.2-py3-none-any.whl (14 kB)
Collecting ruff==0.0.277
Downloading ruff-0.0.277-py3-none-manylinux_2_17_x86_64.manylinux2014_x86_64.whl (5.5 MB)
Collecting black[jupyter]==23.7.0
Downloading black-23.7.0-cp39-cp39-manylinux_2_17_x86_64.manylinux2014_x86_64.whl (1.7 MB)
Collecting pyright==1.1.316
Downloading pyright-1.1.316-py3-none-any.whl (17 kB)
Collecting pandas-stubs
Downloading pandas_stubs-2.0.2.230605-py3-none-any.whl (151 kB)
Collecting types-backports
Downloading types_backports-0.1.3-py2.py3-none-any.whl (2.2 kB)
Collecting types-certifi
Downloading types_certifi-2021.10.8.3-py3-none-any.whl (2.1 kB)
Collecting types-chardet
Downloading types_chardet-5.0.4.6-py3-none-any.whl (5.9 kB)
Collecting types-croniter
Downloading types_croniter-1.4.0.1-py3-none-any.whl (3.9 kB)
Collecting types-cryptography
Downloading types_cryptography-3.3.23.2-py3-none-any.whl (30 kB)
Collecting types-mock
Downloading types_mock-5.1.0.1-py3-none-any.whl (5.5 kB)
Collecting types-paramiko
Downloading types_paramiko-3.3.0.0-py3-none-any.whl (33 kB)
Collecting types-pkg-resources
Downloading types_pkg_resources-0.1.3-py2.py3-none-any.whl (4.8 kB)
Collecting types-pyOpenSSL
Downloading types_pyOpenSSL-23.2.0.2-py3-none-any.whl (7.1 kB)
Collecting types-python-dateutil
Downloading types_python_dateutil-2.8.19.14-py3-none-any.whl (9.4 kB)
Collecting types-PyYAML
Downloading types_PyYAML-6.0.12.11-py3-none-any.whl (14 kB)
Collecting types-pytz
Downloading types_pytz-2023.3.0.0-py3-none-any.whl (4.7 kB)
Collecting types-requests
Downloading types_requests-2.31.0.2-py3-none-any.whl (14 kB)
Collecting types-simplejson
Downloading types_simplejson-3.19.0.2-py3-none-any.whl (4.1 kB)
Collecting types-six
Downloading types_six-1.16.21.9-py3-none-any.whl (14 kB)
Collecting types-sqlalchemy==1.4.53.34
Downloading types_SQLAlchemy-1.4.53.34-py3-none-any.whl (181 kB)
Collecting types-tabulate
Downloading types_tabulate-0.9.0.3-py3-none-any.whl (3.2 kB)
Collecting types-tzlocal
Downloading types_tzlocal-5.0.1.1-py3-none-any.whl (2.8 kB)
Collecting types-toml
Downloading types_toml-0.10.8.7-py3-none-any.whl (4.6 kB)
Collecting mypy-extensions>=0.4.3
Downloading mypy_extensions-1.0.0-py3-none-any.whl (4.7 kB)
Collecting platformdirs>=2
Downloading platformdirs-3.10.0-py3-none-any.whl (17 kB)
Collecting pathspec>=0.9.0
Downloading pathspec-0.11.2-py3-none-any.whl (29 kB)
Collecting ipython>=7.8.0
Downloading ipython-8.14.0-py3-none-any.whl (798 kB)
Collecting tokenize-rt>=3.2.0
Downloading tokenize_rt-5.2.0-py2.py3-none-any.whl (5.8 kB)
Collecting six
Downloading six-1.16.0-py2.py3-none-any.whl (11 kB)
Collecting nodeenv>=1.6.0
Downloading nodeenv-1.8.0-py2.py3-none-any.whl (22 kB)
Collecting py>=1.8.2
Downloading py-1.11.0-py2.py3-none-any.whl (98 kB)
Collecting pluggy<2.0,>=0.12
Downloading pluggy-1.2.0-py3-none-any.whl (17 kB)
Collecting attrs>=19.2.0
Downloading attrs-23.1.0-py3-none-any.whl (61 kB)
Collecting iniconfig
Downloading iniconfig-2.0.0-py3-none-any.whl (5.9 kB)
Collecting coverage>=4.4
Downloading coverage-7.3.0-cp39-cp39-manylinux_2_5_x86_64.manylinux1_x86_64.manylinux_2_17_x86_64.manylinux2014_x86_64.whl (228 kB)
Collecting pytest-forked
Downloading pytest_forked-1.6.0-py3-none-any.whl (4.9 kB)
Collecting execnet>=1.1
Downloading execnet-2.0.2-py3-none-any.whl (37 kB)
Collecting filelock>=3.0.0
Downloading filelock-3.12.2-py3-none-any.whl (10 kB)
Collecting virtualenv!=20.0.0,!=20.0.1,!=20.0.2,!=20.0.3,!=20.0.4,!=20.0.5,!=20.0.6,!=20.0.7,>=16.0.0
Downloading virtualenv-20.24.3-py3-none-any.whl (3.0 MB)
Collecting toml>=0.9.4
Downloading toml-0.10.2-py2.py3-none-any.whl (16 kB)
Collecting graphene>=3
Downloading graphene-3.3-py2.py3-none-any.whl (128 kB)
Collecting gql[requests]>=3.0.0
Downloading gql-3.4.1-py2.py3-none-any.whl (65 kB)
Collecting starlette
Downloading starlette-0.31.0-py3-none-any.whl (69 kB)
Collecting urllib3<2.0.0
Downloading urllib3-1.26.16-py2.py3-none-any.whl (143 kB)
Collecting pyspark
Downloading pyspark-3.4.1.tar.gz (310.8 MB)
Preparing metadata (setup.py): started
Preparing metadata (setup.py): finished with status 'done'
Collecting rich
Downloading rich-13.5.2-py3-none-any.whl (239 kB)
Collecting uvicorn[standard]
Downloading uvicorn-0.23.2-py3-none-any.whl (59 kB)
Collecting autoflake
Downloading autoflake-2.2.0-py3-none-any.whl (32 kB)
Collecting boto3
Downloading boto3-1.28.25-py3-none-any.whl (135 kB)
Collecting pandas
Downloading pandas-2.0.3-cp39-cp39-manylinux_2_17_x86_64.manylinux2014_x86_64.whl (12.4 MB)
Collecting pytablereader
Downloading pytablereader-0.31.4-py3-none-any.whl (48 kB)
Collecting twine==1.15.0
Downloading twine-1.15.0-py2.py3-none-any.whl (35 kB)
Collecting virtualenv!=20.0.0,!=20.0.1,!=20.0.2,!=20.0.3,!=20.0.4,!=20.0.5,!=20.0.6,!=20.0.7,>=16.0.0
Downloading virtualenv-20.13.2-py2.py3-none-any.whl (8.7 MB)
Collecting pkginfo>=1.4.2
Downloading pkginfo-1.9.6-py3-none-any.whl (30 kB)
Collecting requests-toolbelt!=0.9.0,>=0.8.0
Downloading requests_toolbelt-1.0.0-py2.py3-none-any.whl (54 kB)
Collecting readme-renderer>=21.0
Downloading readme_renderer-40.0-py3-none-any.whl (14 kB)
Collecting platformdirs>=2
Downloading platformdirs-2.6.2-py3-none-any.whl (14 kB)
Collecting distlib<1,>=0.3.1
Downloading distlib-0.3.7-py2.py3-none-any.whl (468 kB)
Collecting click_spinner
Downloading click_spinner-0.1.10-py2.py3-none-any.whl (4.0 kB)
Collecting docker
Downloading docker-5.0.3-py2.py3-none-any.whl (146 kB)
Collecting lazy_object_proxy
Downloading lazy_object_proxy-1.9.0-cp39-cp39-manylinux_2_5_x86_64.manylinux1_x86_64.manylinux_2_17_x86_64.manylinux2014_x86_64.whl (62 kB)
Collecting moto>=2.2.8
Downloading moto-4.1.14-py2.py3-none-any.whl (3.1 MB)
Collecting requests-mock
Downloading requests_mock-1.11.0-py2.py3-none-any.whl (28 kB)
Collecting xmltodict==0.12.0
Downloading xmltodict-0.12.0-py2.py3-none-any.whl (9.2 kB)
Collecting celery>=4.3.0
Downloading celery-5.3.1-py3-none-any.whl (420 kB)
Collecting bokeh
Downloading bokeh-3.2.1-py3-none-any.whl (7.8 MB)
Collecting dask[dataframe]>=1.2.2
Downloading dask-2023.8.0-py3-none-any.whl (1.2 MB)
Collecting distributed>=1.28.1
Downloading distributed-2023.8.0-py3-none-any.whl (986 kB)
Collecting dask-kubernetes<=2022.9.0
Downloading dask_kubernetes-2022.9.0-py3-none-any.whl (143 kB)
Collecting dask-yarn
Downloading dask_yarn-0.9-py3-none-any.whl (25 kB)
Collecting dask-jobqueue
Downloading dask_jobqueue-0.8.2-py2.py3-none-any.whl (47 kB)
Collecting databricks-cli~=0.17
Downloading databricks-cli-0.17.7.tar.gz (83 kB)
Preparing metadata (setup.py): started
Preparing metadata (setup.py): finished with status 'done'
Collecting databricks_api
Downloading databricks_api-0.9.0-py3-none-any.whl (7.4 kB)
Collecting datadog
Downloading datadog-0.46.0-py2.py3-none-any.whl (113 kB)
Collecting acryl-datahub[datahub-kafka,datahub-rest]<=0.10.2
Downloading acryl_datahub-0.10.2-py3-none-any.whl (1.1 MB)
Collecting dbt-core<1.7
Downloading dbt_core-1.6.0-py3-none-any.whl (991 kB)
Collecting networkx
Downloading networkx-3.1-py3-none-any.whl (2.1 MB)
Collecting orjson
Downloading orjson-3.9.4-cp39-cp39-manylinux_2_17_x86_64.manylinux2014_x86_64.whl (140 kB)
Collecting typer>=0.9.0
Downloading typer-0.9.0-py3-none-any.whl (45 kB)
Collecting docker-image-py
Downloading docker-image-py-0.1.12.tar.gz (8.2 kB)
Preparing metadata (setup.py): started
Preparing metadata (setup.py): finished with status 'done'
Collecting db-dtypes
Downloading db_dtypes-1.1.1-py2.py3-none-any.whl (14 kB)
Collecting google-api-python-client
Downloading google_api_python_client-2.96.0-py2.py3-none-any.whl (12.0 MB)
Collecting google-cloud-bigquery
Downloading google_cloud_bigquery-3.11.4-py2.py3-none-any.whl (219 kB)
Collecting google-cloud-storage
Downloading google_cloud_storage-2.10.0-py2.py3-none-any.whl (114 kB)
Collecting oauth2client
Downloading oauth2client-4.1.3-py2.py3-none-any.whl (98 kB)
Collecting kubernetes
Downloading kubernetes-27.2.0-py2.py3-none-any.whl (1.5 MB)
Collecting pyjwt[crypto]
Downloading PyJWT-2.8.0-py3-none-any.whl (22 kB)
Collecting mlflow
Downloading mlflow-2.5.0-py3-none-any.whl (18.2 MB)
Collecting mysql-connector-python
Downloading mysql_connector_python-8.1.0-cp39-cp39-manylinux_2_17_x86_64.whl (27.5 MB)
Collecting pypd
Downloading pypd-1.1.0.tar.gz (21 kB)
Preparing metadata (setup.py): started
Preparing metadata (setup.py): finished with status 'done'
Collecting psycopg2-binary
Downloading psycopg2_binary-2.9.7-cp39-cp39-manylinux_2_17_x86_64.manylinux2014_x86_64.whl (3.0 MB)
Collecting prometheus_client
Downloading prometheus_client-0.17.1-py3-none-any.whl (60 kB)
Collecting slack_sdk
Downloading slack_sdk-3.21.3-py2.py3-none-any.whl (276 kB)
Collecting sshtunnel
Downloading sshtunnel-0.4.0-py2.py3-none-any.whl (24 kB)
Collecting paramiko
Downloading paramiko-3.3.1-py3-none-any.whl (224 kB)
Collecting twilio
Downloading twilio-8.5.0-py2.py3-none-any.whl (1.8 MB)
Collecting ipykernel!=5.4.0,!=5.4.1,>=4.9.0
Downloading ipykernel-6.25.1-py3-none-any.whl (154 kB)
Collecting ipython_genutils>=0.2.0
Downloading ipython_genutils-0.2.0-py2.py3-none-any.whl (26 kB)
Collecting papermill>=1.0.0
Downloading papermill-2.4.0-py3-none-any.whl (38 kB)
Collecting scrapbook>=0.5.0
Downloading scrapbook-0.5.0-py3-none-any.whl (34 kB)
Collecting nbconvert
Downloading nbconvert-7.7.3-py3-none-any.whl (254 kB)
Collecting jupyter-client<8
Downloading jupyter_client-7.4.9-py3-none-any.whl (133 kB)
Collecting azure-core<2.0.0,>=1.7.0
Downloading azure_core-1.29.1-py3-none-any.whl (188 kB)
Collecting azure-identity<2.0.0,>=1.7.0
Downloading azure_identity-1.14.0-py3-none-any.whl (160 kB)
Collecting azure-storage-blob<13.0.0,>=12.5.0
Downloading azure_storage_blob-12.17.0-py3-none-any.whl (388 kB)
Collecting azure-storage-file-datalake<13.0.0,>=12.5
Downloading azure_storage_file_datalake-12.12.0-py3-none-any.whl (247 kB)
Collecting duckdb
Downloading duckdb-0.8.1-cp39-cp39-manylinux_2_17_x86_64.manylinux2014_x86_64.whl (15.9 MB)
Collecting polars[pyarrow]
Downloading polars-0.18.13-cp38-abi3-manylinux_2_17_x86_64.manylinux2014_x86_64.whl (19.3 MB)
Collecting pyarrow
Downloading pyarrow-12.0.1-cp39-cp39-manylinux_2_17_x86_64.manylinux2014_x86_64.whl (39.0 MB)
Collecting wandb<0.15.5,>=0.13.5
Downloading wandb-0.15.4-py3-none-any.whl (2.1 MB)
Collecting kubernetes
Downloading kubernetes-21.7.0-py2.py3-none-any.whl (1.8 MB)
Collecting pandera>=0.14.2
Downloading pandera-0.16.1-py3-none-any.whl (201 kB)
Collecting snowflake-connector-python>=2.1.0
Downloading snowflake_connector_python-3.1.0-cp39-cp39-manylinux_2_17_x86_64.manylinux2014_x86_64.whl (24.6 MB)
Collecting snowflake-sqlalchemy>=1.2
Downloading snowflake_sqlalchemy-1.4.7-py2.py3-none-any.whl (33 kB)
Collecting avro-gen3==0.7.10
Downloading avro_gen3-0.7.10-py3-none-any.whl (27 kB)
Collecting progressbar2
Downloading progressbar2-4.2.0-py2.py3-none-any.whl (27 kB)
Collecting Deprecated
Downloading Deprecated-1.2.14-py2.py3-none-any.whl (9.6 kB)
Collecting cached-property
Downloading cached_property-1.5.2-py2.py3-none-any.whl (7.6 kB)
Collecting jsonschema
Downloading jsonschema-4.19.0-py3-none-any.whl (83 kB)
Collecting click-default-group
Downloading click_default_group-1.2.4-py2.py3-none-any.whl (4.1 kB)
Collecting psutil>=5.8.0
Downloading psutil-5.9.5-cp36-abi3-manylinux_2_12_x86_64.manylinux2010_x86_64.manylinux_2_17_x86_64.manylinux2014_x86_64.whl (282 kB)
Collecting ijson
Downloading ijson-3.2.3-cp39-cp39-manylinux_2_17_x86_64.manylinux2014_x86_64.whl (111 kB)
Collecting avro<1.11,>=1.10.2
Downloading avro-1.10.2.tar.gz (68 kB)
Preparing metadata (setup.py): started
Preparing metadata (setup.py): finished with status 'done'
Collecting expandvars>=0.6.5
Downloading expandvars-0.9.0-py3-none-any.whl (6.6 kB)
Collecting humanfriendly
Downloading humanfriendly-10.0-py2.py3-none-any.whl (86 kB)
Collecting mixpanel>=4.9.0
Downloading mixpanel-4.10.0-py2.py3-none-any.whl (8.9 kB)
Collecting entrypoints
Downloading entrypoints-0.4-py3-none-any.whl (5.3 kB)
Collecting typing-inspect
Downloading typing_inspect-0.9.0-py3-none-any.whl (8.8 kB)
Collecting jsonref
Downloading jsonref-1.1.0-py3-none-any.whl (9.4 kB)
Collecting requests-file
Downloading requests_file-1.5.1-py2.py3-none-any.whl (3.7 kB)
Collecting ratelimiter
Downloading ratelimiter-1.2.0.post0-py3-none-any.whl (6.6 kB)
Collecting aiohttp<4
Downloading aiohttp-3.8.5-cp39-cp39-manylinux_2_17_x86_64.manylinux2014_x86_64.whl (1.1 MB)
Collecting termcolor>=1.0.0
Downloading termcolor-2.3.0-py3-none-any.whl (6.9 kB)
Collecting confluent-kafka>=1.5.0
Downloading confluent_kafka-2.2.0-cp39-cp39-manylinux_2_17_x86_64.manylinux2014_x86_64.whl (4.0 MB)
Collecting fastavro>=1.2.0
Downloading fastavro-1.8.2-cp39-cp39-manylinux_2_17_x86_64.manylinux2014_x86_64.whl (2.7 MB)
Collecting tzlocal
Downloading tzlocal-5.0.1-py3-none-any.whl (20 kB)
Collecting Mako
Downloading Mako-1.2.4-py3-none-any.whl (78 kB)
Collecting msal-extensions<2.0.0,>=0.3.0
Downloading msal_extensions-1.0.0-py2.py3-none-any.whl (19 kB)
Collecting cryptography>=2.5
Downloading cryptography-41.0.3-cp37-abi3-manylinux_2_28_x86_64.whl (4.3 MB)
Collecting msal<2.0.0,>=1.20.0
Downloading msal-1.23.0-py2.py3-none-any.whl (90 kB)
Collecting isodate>=0.6.1
Downloading isodate-0.6.1-py2.py3-none-any.whl (41 kB)
Collecting vine<6.0,>=5.0.0
Downloading vine-5.0.0-py2.py3-none-any.whl (9.4 kB)
Collecting kombu<6.0,>=5.3.1
Downloading kombu-5.3.1-py3-none-any.whl (198 kB)
Collecting click-plugins>=1.1.1
Downloading click_plugins-1.1.1-py2.py3-none-any.whl (7.5 kB)
Collecting tzdata>=2022.7
Downloading tzdata-2023.3-py2.py3-none-any.whl (341 kB)
Collecting click-repl>=0.2.0
Downloading click_repl-0.3.0-py3-none-any.whl (10 kB)
Collecting click-didyoumean>=0.3.0
Downloading click_didyoumean-0.3.0-py3-none-any.whl (2.7 kB)
Collecting billiard<5.0,>=4.1.0
Downloading billiard-4.1.0-py3-none-any.whl (86 kB)
Collecting kopf>=1.35.3
Downloading kopf-1.36.2-py3-none-any.whl (206 kB)
Collecting kubernetes-asyncio>=12.0.1
Downloading kubernetes_asyncio-24.2.3-py3-none-any.whl (1.8 MB)
Collecting fsspec>=2021.09.0
Downloading fsspec-2023.6.0-py3-none-any.whl (163 kB)
Collecting toolz>=0.10.0
Downloading toolz-0.12.0-py3-none-any.whl (55 kB)
Collecting cloudpickle>=1.5.0
Downloading cloudpickle-2.2.1-py3-none-any.whl (25 kB)
Collecting importlib-metadata>=4.13.0
Downloading importlib_metadata-6.8.0-py3-none-any.whl (22 kB)
Collecting partd>=1.2.0
Downloading partd-1.4.0-py3-none-any.whl (18 kB)
Collecting oauthlib>=3.1.0
Downloading oauthlib-3.2.2-py3-none-any.whl (151 kB)
Collecting colorama<0.5,>=0.3.9
Downloading colorama-0.4.6-py2.py3-none-any.whl (25 kB)
Collecting logbook<1.6,>=1.5
Downloading Logbook-1.5.3.tar.gz (85 kB)
Preparing metadata (setup.py): started
Preparing metadata (setup.py): finished with status 'done'
Collecting idna<4,>=2.5
Downloading idna-3.4-py3-none-any.whl (61 kB)
Collecting cffi<2.0.0,>=1.9
Downloading cffi-1.15.1-cp39-cp39-manylinux_2_17_x86_64.manylinux2014_x86_64.whl (441 kB)
Collecting hologram~=0.0.16
Downloading hologram-0.0.16-py3-none-any.whl (11 kB)
Collecting agate~=1.7.0
Downloading agate-1.7.1-py2.py3-none-any.whl (97 kB)
Collecting dbt-extractor~=0.4.1
Downloading dbt_extractor-0.4.1-cp36-abi3-manylinux_2_5_x86_64.manylinux1_x86_64.whl (1.1 MB)
Collecting dbt-semantic-interfaces~=0.2.0
Downloading dbt_semantic_interfaces-0.2.0-py3-none-any.whl (99 kB)
Collecting minimal-snowplow-tracker~=0.0.2
Downloading minimal-snowplow-tracker-0.0.2.tar.gz (12 kB)
Preparing metadata (setup.py): started
Preparing metadata (setup.py): finished with status 'done'
Collecting sqlparse<0.5,>=0.2.3
Downloading sqlparse-0.4.4-py3-none-any.whl (41 kB)
Collecting mashumaro[msgpack]~=3.8.1
Downloading mashumaro-3.8.1-py3-none-any.whl (74 kB)
Collecting tblib>=1.6.0
Downloading tblib-2.0.0-py3-none-any.whl (11 kB)
Collecting zict>=2.2.0
Downloading zict-3.0.0-py2.py3-none-any.whl (43 kB)
Collecting locket>=1.0.0
Downloading locket-1.0.0-py2.py3-none-any.whl (4.4 kB)
Collecting tornado>=6.0.4
Downloading tornado-6.3.3-cp38-abi3-manylinux_2_5_x86_64.manylinux1_x86_64.manylinux_2_17_x86_64.manylinux2014_x86_64.whl (427 kB)
Collecting msgpack>=1.0.0
Downloading msgpack-1.0.5-cp39-cp39-manylinux_2_17_x86_64.manylinux2014_x86_64.whl (322 kB)
Collecting sortedcontainers>=2.0.5
Downloading sortedcontainers-2.4.0-py2.py3-none-any.whl (29 kB)
Collecting websocket-client>=0.32.0
Downloading websocket_client-1.6.1-py3-none-any.whl (56 kB)
Collecting yarl<2.0,>=1.6
Downloading yarl-1.9.2-cp39-cp39-manylinux_2_17_x86_64.manylinux2014_x86_64.whl (269 kB)
Collecting backoff<3.0,>=1.11.1
Downloading backoff-2.2.1-py3-none-any.whl (15 kB)
Collecting graphql-core<3.3,>=3.2
Downloading graphql_core-3.2.3-py3-none-any.whl (202 kB)
Collecting requests-toolbelt!=0.9.0,>=0.8.0
Downloading requests_toolbelt-0.10.1-py2.py3-none-any.whl (54 kB)
Collecting aniso8601<10,>=8
Downloading aniso8601-9.0.1-py2.py3-none-any.whl (52 kB)
Collecting graphql-relay<3.3,>=3.1
Downloading graphql_relay-3.2.0-py3-none-any.whl (16 kB)
Collecting traitlets>=5.4.0
Downloading traitlets-5.9.0-py3-none-any.whl (117 kB)
Collecting pyzmq>=20
Downloading pyzmq-25.1.1-cp39-cp39-manylinux_2_12_x86_64.manylinux2010_x86_64.whl (1.1 MB)
Collecting matplotlib-inline>=0.1
Downloading matplotlib_inline-0.1.6-py3-none-any.whl (9.4 kB)
Collecting nest-asyncio
Downloading nest_asyncio-1.5.7-py3-none-any.whl (5.3 kB)
Collecting jupyter-core!=5.0.*,>=4.12
Downloading jupyter_core-5.3.1-py3-none-any.whl (93 kB)
Collecting comm>=0.1.1
Downloading comm-0.1.4-py3-none-any.whl (6.6 kB)
Collecting debugpy>=1.6.5
Downloading debugpy-1.6.7.post1-cp39-cp39-manylinux_2_17_x86_64.manylinux2014_x86_64.whl (3.1 MB)
Collecting MarkupSafe>=2.0
Downloading MarkupSafe-2.1.3-cp39-cp39-manylinux_2_17_x86_64.manylinux2014_x86_64.whl (25 kB)
Collecting certifi>=14.05.14
Downloading certifi-2023.7.22-py3-none-any.whl (158 kB)
Collecting requests-oauthlib
Downloading requests_oauthlib-1.3.1-py2.py3-none-any.whl (23 kB)
Collecting google-auth>=1.0.1
Downloading google_auth-2.22.0-py2.py3-none-any.whl (181 kB)
Collecting werkzeug!=2.2.0,!=2.2.1,>=0.5
Downloading Werkzeug-2.3.6-py3-none-any.whl (242 kB)
Collecting botocore>=1.12.201
Downloading botocore-1.31.25-py3-none-any.whl (11.1 MB)
Collecting s3transfer<0.7.0,>=0.6.0
Downloading s3transfer-0.6.1-py3-none-any.whl (79 kB)
Collecting jmespath<2.0.0,>=0.7.1
Downloading jmespath-1.0.1-py3-none-any.whl (20 kB)
Collecting numpy>=1.20.3
Downloading numpy-1.25.2-cp39-cp39-manylinux_2_17_x86_64.manylinux2014_x86_64.whl (18.3 MB)
Collecting typeguard>=3.0.2
Downloading typeguard-4.1.0-py3-none-any.whl (33 kB)
Collecting wrapt
Downloading wrapt-1.15.0-cp39-cp39-manylinux_2_5_x86_64.manylinux1_x86_64.manylinux_2_17_x86_64.manylinux2014_x86_64.whl (78 kB)
Collecting multimethod
Downloading multimethod-1.9.1-py3-none-any.whl (10 kB)
Collecting ansiwrap
Downloading ansiwrap-0.8.4-py2.py3-none-any.whl (8.5 kB)
Collecting tenacity
Downloading tenacity-8.2.2-py3-none-any.whl (24 kB)
Collecting nbclient>=0.2.0
Downloading nbclient-0.8.0-py3-none-any.whl (73 kB)
Collecting nbformat>=5.1.2
Downloading nbformat-5.9.2-py3-none-any.whl (77 kB)
Collecting py4j==0.10.9.7
Downloading py4j-0.10.9.7-py2.py3-none-any.whl (200 kB)
Collecting charset-normalizer<4,>=2
Downloading charset_normalizer-3.2.0-cp39-cp39-manylinux_2_17_x86_64.manylinux2014_x86_64.whl (202 kB)
Collecting tomlkit
Downloading tomlkit-0.12.1-py3-none-any.whl (37 kB)
Collecting asn1crypto<2.0.0,>0.24.0
Downloading asn1crypto-1.5.1-py2.py3-none-any.whl (105 kB)
Collecting pyOpenSSL<24.0.0,>=16.2.0
Downloading pyOpenSSL-23.2.0-py3-none-any.whl (59 kB)
Collecting pycryptodomex!=3.5.0,<4.0.0,>=3.2
Downloading pycryptodomex-3.18.0-cp35-abi3-manylinux_2_17_x86_64.manylinux2014_x86_64.whl (2.1 MB)
Collecting oscrypto<2.0.0
Downloading oscrypto-1.3.0-py2.py3-none-any.whl (194 kB)
Collecting sqlalchemy>=1.0
Downloading SQLAlchemy-1.4.49-cp39-cp39-manylinux_2_5_x86_64.manylinux1_x86_64.manylinux_2_17_x86_64.manylinux2014_x86_64.whl (1.6 MB)
Collecting greenlet!=0.4.17
Downloading greenlet-2.0.2-cp39-cp39-manylinux_2_17_x86_64.manylinux2014_x86_64.whl (610 kB)
Collecting colored<2.0.0,>=1.3.92
Downloading colored-1.4.4.tar.gz (36 kB)
Preparing metadata (setup.py): started
Preparing metadata (setup.py): finished with status 'done'
Collecting sentry-sdk>=1.0.0
Downloading sentry_sdk-1.29.2-py2.py3-none-any.whl (215 kB)
Collecting GitPython!=3.1.29,>=1.0.0
Downloading GitPython-3.1.32-py3-none-any.whl (188 kB)
Collecting appdirs>=1.4.3
Downloading appdirs-1.4.4-py2.py3-none-any.whl (9.6 kB)
Collecting pathtools
Downloading pathtools-0.1.2.tar.gz (11 kB)
Preparing metadata (setup.py): started
Preparing metadata (setup.py): finished with status 'done'
Collecting setproctitle
Downloading setproctitle-1.3.2-cp39-cp39-manylinux_2_5_x86_64.manylinux1_x86_64.manylinux_2_17_x86_64.manylinux2014_x86_64.whl (30 kB)
Collecting docker-pycreds>=0.4.0
Downloading docker_pycreds-0.4.0-py2.py3-none-any.whl (9.0 kB)
Collecting pyflakes>=3.0.0
Downloading pyflakes-3.1.0-py2.py3-none-any.whl (62 kB)
Collecting pillow>=7.1.0
Downloading Pillow-10.0.0-cp39-cp39-manylinux_2_28_x86_64.whl (3.4 MB)
Collecting contourpy>=1
Downloading contourpy-1.1.0-cp39-cp39-manylinux_2_17_x86_64.manylinux2014_x86_64.whl (300 kB)
Collecting xyzservices>=2021.09.1
Downloading xyzservices-2023.7.0-py3-none-any.whl (56 kB)
Collecting skein>=0.8.0
Downloading skein-0.8.2-py3-none-any.whl (7.1 MB)
Collecting regex>=2019.4.14
Downloading regex-2023.8.8-cp39-cp39-manylinux_2_17_x86_64.manylinux2014_x86_64.whl (771 kB)
Collecting httplib2<1.dev0,>=0.15.0
Downloading httplib2-0.22.0-py3-none-any.whl (96 kB)
Collecting uritemplate<5,>=3.0.1
Downloading uritemplate-4.1.1-py2.py3-none-any.whl (10 kB)
Collecting google-auth-httplib2>=0.1.0
Downloading google_auth_httplib2-0.1.0-py2.py3-none-any.whl (9.3 kB)
Collecting google-api-core!=2.0.*,!=2.1.*,!=2.2.*,!=2.3.0,<3.0.0.dev0,>=1.31.5
Downloading google_api_core-2.11.1-py3-none-any.whl (120 kB)
Collecting google-resumable-media<3.0dev,>=0.6.0
Downloading google_resumable_media-2.5.0-py2.py3-none-any.whl (77 kB)
Collecting proto-plus<2.0.0dev,>=1.15.0
Downloading proto_plus-1.22.3-py3-none-any.whl (48 kB)
Collecting google-cloud-core<3.0.0dev,>=1.6.0
Downloading google_cloud_core-2.3.3-py2.py3-none-any.whl (29 kB)
Collecting querystring-parser<2
Downloading querystring_parser-1.2.4-py2.py3-none-any.whl (7.9 kB)
Collecting Flask<3
Downloading Flask-2.3.2-py3-none-any.whl (96 kB)
Collecting gunicorn<21
Downloading gunicorn-20.1.0-py3-none-any.whl (79 kB)
Collecting scipy<2
Downloading scipy-1.11.1-cp39-cp39-manylinux_2_17_x86_64.manylinux2014_x86_64.whl (36.5 MB)
Collecting markdown<4,>=3.3
Downloading Markdown-3.4.4-py3-none-any.whl (94 kB)
Collecting scikit-learn<2
Downloading scikit_learn-1.3.0-cp39-cp39-manylinux_2_17_x86_64.manylinux2014_x86_64.whl (10.9 MB)
Collecting matplotlib<4
Downloading matplotlib-3.7.2-cp39-cp39-manylinux_2_17_x86_64.manylinux2014_x86_64.whl (11.6 MB)
Collecting aiofile<4,>=3.8.5
Downloading aiofile-3.8.7-py3-none-any.whl (19 kB)
Collecting protobuf>=3.20.0
Downloading protobuf-4.21.12-cp37-abi3-manylinux2014_x86_64.whl (409 kB)
Collecting jupyterlab-pygments
Downloading jupyterlab_pygments-0.2.2-py2.py3-none-any.whl (21 kB)
Collecting tinycss2
Downloading tinycss2-1.2.1-py3-none-any.whl (21 kB)
Collecting beautifulsoup4
Downloading beautifulsoup4-4.12.2-py3-none-any.whl (142 kB)
Collecting mistune<4,>=2.0.3
Downloading mistune-3.0.1-py3-none-any.whl (47 kB)
Collecting pygments>=2.4.1
Downloading Pygments-2.16.1-py3-none-any.whl (1.2 MB)
Collecting defusedxml
Downloading defusedxml-0.7.1-py2.py3-none-any.whl (25 kB)
Collecting pandocfilters>=1.4.1
Downloading pandocfilters-1.5.0-py2.py3-none-any.whl (8.7 kB)
Collecting bleach!=5.0.0
Downloading bleach-6.0.0-py3-none-any.whl (162 kB)
Collecting pyasn1-modules>=0.0.5
Downloading pyasn1_modules-0.3.0-py2.py3-none-any.whl (181 kB)
Collecting rsa>=3.1.4
Downloading rsa-4.9-py3-none-any.whl (34 kB)
Collecting pyasn1>=0.1.7
Downloading pyasn1-0.5.0-py2.py3-none-any.whl (83 kB)
Collecting bcrypt>=3.2
Downloading bcrypt-4.0.1-cp36-abi3-manylinux_2_28_x86_64.whl (593 kB)
Collecting pynacl>=1.5
Downloading PyNaCl-1.5.0-cp36-abi3-manylinux_2_17_x86_64.manylinux2014_x86_64.manylinux_2_24_x86_64.whl (856 kB)
Collecting pytzdata>=2020.1
Downloading pytzdata-2020.1-py2.py3-none-any.whl (489 kB)
Collecting mbstrdecoder<2,>=1.0.0
Downloading mbstrdecoder-1.1.3-py3-none-any.whl (7.8 kB)
Collecting DataProperty<2,>=0.54.2
Downloading DataProperty-1.0.1-py3-none-any.whl (27 kB)
Collecting tabledata<2,>=1.1.1
Downloading tabledata-1.3.1-py3-none-any.whl (11 kB)
Collecting typepy<2,>=1.2.0
Downloading typepy-1.3.1-py3-none-any.whl (31 kB)
Collecting path<17,>=13
Downloading path-16.7.1-py3-none-any.whl (25 kB)
Collecting pathvalidate<4,>=2.5.2
Downloading pathvalidate-3.1.0-py3-none-any.whl (21 kB)
Collecting markdown-it-py>=2.2.0
Downloading markdown_it_py-3.0.0-py3-none-any.whl (87 kB)
Collecting pyarrow
Downloading pyarrow-10.0.1-cp39-cp39-manylinux_2_17_x86_64.manylinux2014_x86_64.whl (35.9 MB)
Collecting anyio<5,>=3.4.0
Downloading anyio-3.7.1-py3-none-any.whl (80 kB)
Collecting aiohttp-retry>=2.8.3
Downloading aiohttp_retry-2.8.3-py3-none-any.whl (9.8 kB)
Collecting types-urllib3
Downloading types_urllib3-1.26.25.14-py3-none-any.whl (15 kB)
Collecting h11>=0.8
Downloading h11-0.14.0-py3-none-any.whl (58 kB)
Collecting uvloop!=0.15.0,!=0.15.1,>=0.14.0
Downloading uvloop-0.17.0-cp39-cp39-manylinux_2_17_x86_64.manylinux2014_x86_64.whl (4.2 MB)
Collecting httptools>=0.5.0
Downloading httptools-0.6.0-cp39-cp39-manylinux_2_5_x86_64.manylinux1_x86_64.manylinux_2_17_x86_64.manylinux2014_x86_64.whl (432 kB)
Collecting websockets>=10.4
Downloading websockets-11.0.3-cp39-cp39-manylinux_2_5_x86_64.manylinux1_x86_64.manylinux_2_17_x86_64.manylinux2014_x86_64.whl (129 kB)
Collecting watchfiles>=0.13
Downloading watchfiles-0.19.0-cp37-abi3-manylinux_2_17_x86_64.manylinux2014_x86_64.whl (1.3 MB)
Collecting pytimeparse>=1.1.5
Downloading pytimeparse-1.1.8-py2.py3-none-any.whl (10.0 kB)
Collecting parsedatetime!=2.5,>=2.1
Downloading parsedatetime-2.6-py3-none-any.whl (42 kB)
Collecting Babel>=2.0
Downloading Babel-2.12.1-py3-none-any.whl (10.1 MB)
Collecting python-slugify>=1.2.1
Downloading python_slugify-8.0.1-py2.py3-none-any.whl (9.7 kB)
Collecting leather>=0.3.2
Downloading leather-0.3.4-py2.py3-none-any.whl (31 kB)
Collecting caio~=0.9.0
Downloading caio-0.9.12-cp39-cp39-manylinux_2_12_x86_64.manylinux2010_x86_64.manylinux_2_17_x86_64.manylinux2014_x86_64.whl (78 kB)
Collecting async-timeout<5.0,>=4.0.0a3
Downloading async_timeout-4.0.3-py3-none-any.whl (5.7 kB)
Collecting aiosignal>=1.1.2
Downloading aiosignal-1.3.1-py3-none-any.whl (7.6 kB)
Collecting multidict<7.0,>=4.5
Downloading multidict-6.0.4-cp39-cp39-manylinux_2_17_x86_64.manylinux2014_x86_64.whl (114 kB)
Collecting frozenlist>=1.1.1
Downloading frozenlist-1.4.0-cp39-cp39-manylinux_2_5_x86_64.manylinux1_x86_64.manylinux_2_17_x86_64.manylinux2014_x86_64.whl (228 kB)
Collecting sniffio>=1.1
Downloading sniffio-1.3.0-py3-none-any.whl (10 kB)
Collecting exceptiongroup
Downloading exceptiongroup-1.1.2-py3-none-any.whl (14 kB)
Collecting soupsieve>1.2
Downloading soupsieve-2.4.1-py3-none-any.whl (36 kB)
Collecting webencodings
Downloading webencodings-0.5.1-py2.py3-none-any.whl (11 kB)
Collecting pycparser
Downloading pycparser-2.21-py2.py3-none-any.whl (118 kB)
Collecting prompt-toolkit>=3.0.36
Downloading prompt_toolkit-3.0.39-py3-none-any.whl (385 kB)
Collecting more-itertools~=8.0
Downloading more_itertools-8.14.0-py3-none-any.whl (52 kB)
Collecting jsonschema
Downloading jsonschema-3.2.0-py2.py3-none-any.whl (56 kB)
Collecting itsdangerous>=2.1.2
Downloading itsdangerous-2.1.2-py3-none-any.whl (15 kB)
Collecting blinker>=1.6.2
Downloading blinker-1.6.2-py3-none-any.whl (13 kB)
Collecting gitdb<5,>=4.0.1
Downloading gitdb-4.0.10-py3-none-any.whl (62 kB)
Collecting googleapis-common-protos<2.0.dev0,>=1.56.2
Downloading googleapis_common_protos-1.60.0-py2.py3-none-any.whl (227 kB)
Collecting grpcio-status<2.0.dev0,>=1.33.2
Downloading grpcio_status-1.57.0-py3-none-any.whl (5.1 kB)
Collecting cachetools<6.0,>=2.0.0
Downloading cachetools-5.3.1-py3-none-any.whl (9.3 kB)
Collecting google-crc32c<2.0dev,>=1.0
Downloading google_crc32c-1.5.0-cp39-cp39-manylinux_2_17_x86_64.manylinux2014_x86_64.whl (32 kB)
Collecting pyparsing!=3.0.0,!=3.0.1,!=3.0.2,!=3.0.3,<4,>=2.4.2
Downloading pyparsing-3.1.1-py3-none-any.whl (103 kB)
Collecting zipp>=0.5
Downloading zipp-3.16.2-py3-none-any.whl (7.2 kB)
Collecting pickleshare
Downloading pickleshare-0.7.5-py2.py3-none-any.whl (6.9 kB)
Collecting stack-data
Downloading stack_data-0.6.2-py3-none-any.whl (24 kB)
Collecting jedi>=0.16
Downloading jedi-0.19.0-py2.py3-none-any.whl (1.6 MB)
Collecting backcall
Downloading backcall-0.2.0-py2.py3-none-any.whl (11 kB)
Collecting decorator
Downloading decorator-5.1.1-py3-none-any.whl (9.1 kB)
Collecting pexpect>4.3
Downloading pexpect-4.8.0-py2.py3-none-any.whl (59 kB)
Collecting pyrsistent>=0.14.0
Downloading pyrsistent-0.19.3-py3-none-any.whl (57 kB)
Collecting amqp<6.0.0,>=5.1.1
Downloading amqp-5.1.1-py3-none-any.whl (50 kB)
Collecting iso8601
Downloading iso8601-2.0.0-py3-none-any.whl (7.5 kB)
Collecting python-json-logger
Downloading python_json_logger-2.0.7-py3-none-any.whl (8.1 kB)
Collecting mdurl~=0.1
Downloading mdurl-0.1.2-py3-none-any.whl (10.0 kB)
Collecting pyparsing!=3.0.0,!=3.0.1,!=3.0.2,!=3.0.3,<4,>=2.4.2
Downloading pyparsing-3.0.9-py3-none-any.whl (98 kB)
Collecting kiwisolver>=1.0.1
Downloading kiwisolver-1.4.4-cp39-cp39-manylinux_2_12_x86_64.manylinux2010_x86_64.whl (1.6 MB)
Collecting fonttools>=4.22.0
Downloading fonttools-4.42.0-cp39-cp39-manylinux_2_17_x86_64.manylinux2014_x86_64.whl (4.5 MB)
Collecting cycler>=0.10
Downloading cycler-0.11.0-py3-none-any.whl (6.4 kB)
Collecting importlib-resources>=3.2.0
Downloading importlib_resources-6.0.1-py3-none-any.whl (34 kB)
Collecting chardet<6,>=3.0.4
Downloading chardet-5.2.0-py3-none-any.whl (199 kB)
Collecting portalocker<3,>=1.0
Downloading portalocker-2.7.0-py2.py3-none-any.whl (15 kB)
Collecting fastjsonschema
Downloading fastjsonschema-2.18.0-py3-none-any.whl (23 kB)
Collecting docutils>=0.13.1
Downloading docutils-0.20.1-py3-none-any.whl (572 kB)
Collecting threadpoolctl>=2.0.0
Downloading threadpoolctl-3.2.0-py3-none-any.whl (15 kB)
Collecting joblib>=1.1.1
Downloading joblib-1.3.2-py3-none-any.whl (302 kB)
Collecting textwrap3>=0.9.2
Downloading textwrap3-0.9.2-py2.py3-none-any.whl (12 kB)
Collecting python-utils>=3.0.0
Downloading python_utils-3.7.0-py2.py3-none-any.whl (26 kB)
Collecting smmap<6,>=3.0.1
Downloading smmap-5.0.0-py3-none-any.whl (24 kB)
Collecting parso<0.9.0,>=0.8.3
Downloading parso-0.8.3-py2.py3-none-any.whl (100 kB)
Collecting ptyprocess>=0.5
Downloading ptyprocess-0.7.0-py2.py3-none-any.whl (13 kB)
Collecting wcwidth
Downloading wcwidth-0.2.6-py2.py3-none-any.whl (29 kB)
Collecting text-unidecode>=1.3
Downloading text_unidecode-1.3-py2.py3-none-any.whl (78 kB)
Collecting executing>=1.2.0
Downloading executing-1.2.0-py2.py3-none-any.whl (24 kB)
Collecting pure-eval
Downloading pure_eval-0.2.2-py3-none-any.whl (11 kB)
Collecting asttokens>=2.1.0
Downloading asttokens-2.2.1-py2.py3-none-any.whl (26 kB)
Using legacy 'setup.py install' for pytest-dependency, since package 'wheel' is not installed.
Using legacy 'setup.py install' for databricks-cli, since package 'wheel' is not installed.
Using legacy 'setup.py install' for pyspark, since package 'wheel' is not installed.
Using legacy 'setup.py install' for docker-image-py, since package 'wheel' is not installed.
Using legacy 'setup.py install' for pypd, since package 'wheel' is not installed.
Using legacy 'setup.py install' for avro, since package 'wheel' is not installed.
Using legacy 'setup.py install' for colored, since package 'wheel' is not installed.
Using legacy 'setup.py install' for logbook, since package 'wheel' is not installed.
Using legacy 'setup.py install' for minimal-snowplow-tracker, since package 'wheel' is not installed.
Using legacy 'setup.py install' for pathtools, since package 'wheel' is not installed.
Installing collected packages: pycparser, pyasn1, chardet, cffi, zipp, urllib3, traitlets, toolz, six, rsa, pyrsistent, pyjwt, pyasn1-modules, protobuf, platformdirs, multidict, mbstrdecoder, MarkupSafe, locket, idna, greenlet, cryptography, charset-normalizer, certifi, cachetools, attrs, yarl, wcwidth, vine, typing-extensions, typepy, tornado, sqlalchemy, sniffio, requests, pyzmq, PyYAML, pytzdata, pytz, python-dateutil, pyparsing, partd, packaging, nest-asyncio, Mako, jupyter-core, jsonschema, jmespath, importlib-metadata, humanfriendly, grpcio, graphql-core, googleapis-common-protos, google-auth, fsspec, frozenlist, fastjsonschema, exceptiongroup, entrypoints, cloudpickle, click, backoff, wrapt, websocket-client, webencodings, watchdog, universal-pathlib, tzlocal, tzdata, tqdm, toposort, tomli, textwrap3, text-unidecode, tabulate, smmap, requests-toolbelt, python-utils, python-dotenv, pydantic, py, pure-eval, ptyprocess, prompt-toolkit, portalocker, pluggy, pendulum, parso, oauthlib, numpy, nbformat, mypy-extensions, msal, jupyter-client, Jinja2, isodate, iniconfig, httplib2, h11, grpcio-status, grpcio-health-checking, graphql-relay, gql, google-crc32c, google-api-core, executing, docstring-parser, dask, croniter, coloredlogs, botocore, azure-core, avro, async-timeout, asttokens, asn1crypto, anyio, aniso8601, amqp, alembic, aiosignal, zict, xyzservices, werkzeug, websockets, watchfiles, uvloop, uvicorn, uritemplate, typing-inspect, types-PyYAML, tomlkit, toml, threadpoolctl, termcolor, tenacity, tblib, starlette, stack-data, soupsieve, sortedcontainers, scipy, s3transfer, requests-oauthlib, requests-file, ratelimiter, pytimeparse, python-slugify, python-json-logger, pytest, pyOpenSSL, pynacl, pygments, pycryptodomex, pyarrow, py4j, psutil, proto-plus, progressbar2, pillow, pickleshare, pexpect, pathspec, parsedatetime, pandas, oscrypto, nbclient, msgpack, msal-extensions, more-itertools, mixpanel, mdurl, matplotlib-inline, mashumaro, leather, kombu, kiwisolver, jsonref, joblib, jedi, itsdangerous, iso8601, importlib-resources, ijson, httptools, graphene, google-resumable-media, google-cloud-core, google-auth-httplib2, gitdb, fonttools, filelock, expandvars, docutils, docker, distlib, Deprecated, decorator, DataProperty, dagster, cycler, contourpy, click-spinner, click-repl, click-plugins, click-didyoumean, click-default-group, caio, cached-property, blinker, bleach, billiard, bcrypt, backcall, Babel, azure-storage-blob, avro-gen3, ansiwrap, aiohttp, xmltodict, virtualenv, types-urllib3, types-pytz, typeguard, tokenize-rt, tinycss2, tabledata, sqlparse, snowflake-connector-python, skein, setproctitle, sentry-sdk, scikit-learn, responses, regex, readme-renderer, querystring-parser, pytest-forked, pyspark, pyflakes, polars, pkginfo, pathvalidate, pathtools, path, paramiko, papermill, pandocfilters, oauth2client, nodeenv, networkx, multimethod, morefs, mistune, minimal-snowplow-tracker, matplotlib, markdown-it-py, markdown, logbook, kubernetes-asyncio, kubernetes, kopf, jupyterlab-pygments, ipython, hologram, gunicorn, google-cloud-storage, google-cloud-bigquery, google-api-python-client, GitPython, Flask, fastavro, execnet, duckdb, docker-pycreds, distributed, defusedxml, debugpy, dbt-semantic-interfaces, dbt-extractor, db-dtypes, databricks-cli, dagster-spark, dagster-pandas, dagster-graphql, coverage, confluent-kafka, comm, colored, colorama, celery, boto3, bokeh, black, beautifulsoup4, azure-storage-file-datalake, azure-identity, appdirs, aiohttp-retry, aiofile, agate, acryl-datahub, yamllint, wandb, types-tzlocal, types-toml, types-tabulate, types-sqlalchemy, types-six, types-simplejson, types-requests, types-python-dateutil, types-pyOpenSSL, types-pkg-resources, types-paramiko, types-mock, types-cryptography, types-croniter, types-chardet, types-certifi, types-backports, typer, twine, twilio, tox, syrupy, sshtunnel, snowflake-sqlalchemy, slack-sdk, scrapbook, ruff, rich, requests-mock, pytest-xdist, pytest-runner, pytest-rerunfailures, pytest-mock, pytest-dependency, pytest-cov, pytablereader, pyright, pypd, psycopg2-binary, prometheus-client, pandera, pandas-stubs, orjson, objgraph, nbconvert, mysql-connector-python, moto, mock, mlflow, lazy-object-proxy, ipython-genutils, ipykernel, grpcio-tools, docker-image-py, dbt-core, datadog, databricks-api, dask-yarn, dask-kubernetes, dask-jobqueue, dagster-webserver, dagster-snowflake, dagster-pyspark, dagster-k8s, dagster-helm, dagster-gcp, dagster-duckdb, dagster-dask, dagster-celery, dagster-azure, dagster-aws, buildkite-test-collector, autoflake, dagstermill, dagster-wandb, dagster-twilio, dagster-test, dagster-ssh, dagster-snowflake-pandas, dagster-slack, dagster-shell, dagster-prometheus, dagster-postgres, dagster-papertrail, dagster-pandera, dagster-pagerduty, dagster-mysql, dagster-msteams, dagster-mlflow, dagster-managed-elements, dagster-k8s-test-infra, dagster-github, dagster-gcp-pyspark, dagster-gcp-pandas, dagster-fivetran, dagster-external, dagster-duckdb-pyspark, dagster-duckdb-polars, dagster-duckdb-pandas, dagster-docker, dagster-dbt, dagster-datahub, dagster-datadog, dagster-databricks, dagster-celery-k8s, dagster-celery-docker, dagster-buildkite, dagster-airflow, dagster-airbyte, dagit, automation
Running setup.py install for avro: started
Running setup.py install for avro: finished with status 'done'
Running setup.py develop for dagster
Running setup.py install for pyspark: started
Running setup.py install for pyspark: finished with status 'done'
Running setup.py install for pathtools: started
Running setup.py install for pathtools: finished with status 'done'
Running setup.py install for minimal-snowplow-tracker: started
Running setup.py install for minimal-snowplow-tracker: finished with status 'done'
Running setup.py install for logbook: started
Running setup.py install for logbook: finished with status 'done'
Running setup.py install for databricks-cli: started
Running setup.py install for databricks-cli: finished with status 'done'
Running setup.py develop for dagster-spark
Running setup.py develop for dagster-pandas
Running setup.py develop for dagster-graphql
Running setup.py install for colored: started
Running setup.py install for colored: finished with status 'done'
Running setup.py install for pytest-dependency: started
Running setup.py install for pytest-dependency: finished with status 'done'
Running setup.py install for pypd: started
Running setup.py install for pypd: finished with status 'done'
Running setup.py install for docker-image-py: started
Running setup.py install for docker-image-py: finished with status 'done'
Running setup.py develop for dagster-webserver
Running setup.py develop for dagster-snowflake
Running setup.py develop for dagster-pyspark
Running setup.py develop for dagster-k8s
Running setup.py develop for dagster-helm
Running setup.py develop for dagster-gcp
Running setup.py develop for dagster-duckdb
Running setup.py develop for dagster-dask
Running setup.py develop for dagster-celery
Running setup.py develop for dagster-azure
Running setup.py develop for dagster-aws
Running setup.py develop for dagstermill
Running setup.py develop for dagster-wandb
Running setup.py develop for dagster-twilio
Running setup.py develop for dagster-test
Running setup.py develop for dagster-ssh
Running setup.py develop for dagster-snowflake-pandas
Running setup.py develop for dagster-slack
Running setup.py develop for dagster-shell
Running setup.py develop for dagster-prometheus
Running setup.py develop for dagster-postgres
Running setup.py develop for dagster-papertrail
Running setup.py develop for dagster-pandera
Running setup.py develop for dagster-pagerduty
Running setup.py develop for dagster-mysql
Running setup.py develop for dagster-msteams
Running setup.py develop for dagster-mlflow
Running setup.py develop for dagster-managed-elements
Running setup.py develop for dagster-k8s-test-infra
Running setup.py develop for dagster-github
Running setup.py develop for dagster-gcp-pyspark
Running setup.py develop for dagster-gcp-pandas
Running setup.py develop for dagster-fivetran
Running setup.py develop for dagster-external
Running setup.py develop for dagster-duckdb-pyspark
Running setup.py develop for dagster-duckdb-polars
Running setup.py develop for dagster-duckdb-pandas
Running setup.py develop for dagster-docker
Running setup.py develop for dagster-dbt
Running setup.py develop for dagster-datahub
Running setup.py develop for dagster-datadog
Running setup.py develop for dagster-databricks
Running setup.py develop for dagster-celery-k8s
Running setup.py develop for dagster-celery-docker
Running setup.py develop for dagster-buildkite
Running setup.py develop for dagster-airflow
Running setup.py develop for dagster-airbyte
Running setup.py develop for dagit
Running setup.py develop for automation
Successfully installed Babel-2.12.1 DataProperty-1.0.1 Deprecated-1.2.14 Flask-2.3.2 GitPython-3.1.32 Jinja2-3.1.2 Mako-1.2.4 MarkupSafe-2.1.3 PyYAML-6.0.1 acryl-datahub-0.10.2 agate-1.7.1 aiofile-3.8.7 aiohttp-3.8.5 aiohttp-retry-2.8.3 aiosignal-1.3.1 alembic-1.11.2 amqp-5.1.1 aniso8601-9.0.1 ansiwrap-0.8.4 anyio-3.7.1 appdirs-1.4.4 asn1crypto-1.5.1 asttokens-2.2.1 async-timeout-4.0.3 attrs-23.1.0 autoflake-2.2.0 automation-0.0.1 avro-1.10.2 avro-gen3-0.7.10 azure-core-1.29.1 azure-identity-1.14.0 azure-storage-blob-12.17.0 azure-storage-file-datalake-12.12.0 backcall-0.2.0 backoff-2.2.1 bcrypt-4.0.1 beautifulsoup4-4.12.2 billiard-4.1.0 black-23.7.0 bleach-6.0.0 blinker-1.6.2 bokeh-3.2.1 boto3-1.28.25 botocore-1.31.25 buildkite-test-collector-0.1.7 cached-property-1.5.2 cachetools-5.3.1 caio-0.9.12 celery-5.3.1 certifi-2023.7.22 cffi-1.15.1 chardet-5.2.0 charset-normalizer-3.2.0 click-8.1.6 click-default-group-1.2.4 click-didyoumean-0.3.0 click-plugins-1.1.1 click-repl-0.3.0 click-spinner-0.1.10 cloudpickle-2.2.1 colorama-0.4.6 colored-1.4.4 coloredlogs-14.0 comm-0.1.4 confluent-kafka-2.2.0 contourpy-1.1.0 coverage-7.3.0 croniter-1.4.1 cryptography-41.0.3 cycler-0.11.0 dagit-1!0+dev dagster-1!0+dev dagster-airbyte-1!0+dev dagster-airflow-1!0+dev dagster-aws-1!0+dev dagster-azure-1!0+dev dagster-buildkite-0.0.1 dagster-celery-1!0+dev dagster-celery-docker-1!0+dev dagster-celery-k8s-1!0+dev dagster-dask-1!0+dev dagster-databricks-1!0+dev dagster-datadog-1!0+dev dagster-datahub-1!0+dev dagster-dbt-1!0+dev dagster-docker-1!0+dev dagster-duckdb-1!0+dev dagster-duckdb-pandas-1!0+dev dagster-duckdb-polars-1!0+dev dagster-duckdb-pyspark-1!0+dev dagster-external-1!0+dev dagster-fivetran-1!0+dev dagster-gcp-1!0+dev dagster-gcp-pandas-1!0+dev dagster-gcp-pyspark-1!0+dev dagster-github-1!0+dev dagster-graphql-1!0+dev dagster-helm-0.0.1 dagster-k8s-1!0+dev dagster-k8s-test-infra-0.0.0 dagster-managed-elements-1!0+dev dagster-mlflow-1!0+dev dagster-msteams-1!0+dev dagster-mysql-1!0+dev dagster-pagerduty-1!0+dev dagster-pandas-1!0+dev dagster-pandera-1!0+dev dagster-papertrail-1!0+dev dagster-postgres-1!0+dev dagster-prometheus-1!0+dev dagster-pyspark-1!0+dev dagster-shell-1!0+dev dagster-slack-1!0+dev dagster-snowflake-1!0+dev dagster-snowflake-pandas-1!0+dev dagster-spark-1!0+dev dagster-ssh-1!0+dev dagster-test-1!0+dev dagster-twilio-1!0+dev dagster-wandb-1!0+dev dagster-webserver-1!0+dev dagstermill-1!0+dev dask-2023.8.0 dask-jobqueue-0.8.2 dask-kubernetes-2022.9.0 dask-yarn-0.9 databricks-api-0.9.0 databricks-cli-0.17.7 datadog-0.46.0 db-dtypes-1.1.1 dbt-core-1.6.0 dbt-extractor-0.4.1 dbt-semantic-interfaces-0.2.0 debugpy-1.6.7.post1 decorator-5.1.1 defusedxml-0.7.1 distlib-0.3.7 distributed-2023.8.0 docker-5.0.3 docker-image-py-0.1.12 docker-pycreds-0.4.0 docstring-parser-0.15 docutils-0.20.1 duckdb-0.8.1 entrypoints-0.4 exceptiongroup-1.1.2 execnet-2.0.2 executing-1.2.0 expandvars-0.9.0 fastavro-1.8.2 fastjsonschema-2.18.0 filelock-3.12.2 fonttools-4.42.0 frozenlist-1.4.0 fsspec-2023.6.0 gitdb-4.0.10 google-api-core-2.11.1 google-api-python-client-2.96.0 google-auth-2.22.0 google-auth-httplib2-0.1.0 google-cloud-bigquery-3.11.4 google-cloud-core-2.3.3 google-cloud-storage-2.10.0 google-crc32c-1.5.0 google-resumable-media-2.5.0 googleapis-common-protos-1.60.0 gql-3.4.1 graphene-3.3 graphql-core-3.2.3 graphql-relay-3.2.0 greenlet-2.0.2 grpcio-1.57.0 grpcio-health-checking-1.57.0 grpcio-status-1.57.0 grpcio-tools-1.57.0 gunicorn-20.1.0 h11-0.14.0 hologram-0.0.16 httplib2-0.22.0 httptools-0.6.0 humanfriendly-10.0 idna-3.4 ijson-3.2.3 importlib-metadata-6.8.0 importlib-resources-6.0.1 iniconfig-2.0.0 ipykernel-6.25.1 ipython-8.14.0 ipython-genutils-0.2.0 iso8601-2.0.0 isodate-0.6.1 itsdangerous-2.1.2 jedi-0.19.0 jmespath-1.0.1 joblib-1.3.2 jsonref-1.1.0 jsonschema-3.2.0 jupyter-client-7.4.9 jupyter-core-5.3.1 jupyterlab-pygments-0.2.2 kiwisolver-1.4.4 kombu-5.3.1 kopf-1.36.2 kubernetes-21.7.0 kubernetes-asyncio-24.2.3 lazy-object-proxy-1.9.0 leather-0.3.4 locket-1.0.0 logbook-1.5.3 markdown-3.4.4 markdown-it-py-3.0.0 mashumaro-3.8.1 matplotlib-3.7.2 matplotlib-inline-0.1.6 mbstrdecoder-1.1.3 mdurl-0.1.2 minimal-snowplow-tracker-0.0.2 mistune-3.0.1 mixpanel-4.10.0 mlflow-2.5.0 mock-3.0.5 more-itertools-8.14.0 morefs-0.1.2 moto-4.1.14 msal-1.23.0 msal-extensions-1.0.0 msgpack-1.0.5 multidict-6.0.4 multimethod-1.9.1 mypy-extensions-1.0.0 mysql-connector-python-8.1.0 nbclient-0.8.0 nbconvert-7.7.3 nbformat-5.9.2 nest-asyncio-1.5.7 networkx-3.1 nodeenv-1.8.0 numpy-1.25.2 oauth2client-4.1.3 oauthlib-3.2.2 objgraph-3.6.0 orjson-3.9.4 oscrypto-1.3.0 packaging-23.1 pandas-2.0.3 pandas-stubs-2.0.2.230605 pandera-0.16.1 pandocfilters-1.5.0 papermill-2.4.0 paramiko-3.3.1 parsedatetime-2.6 parso-0.8.3 partd-1.4.0 path-16.7.1 pathspec-0.11.2 pathtools-0.1.2 pathvalidate-3.1.0 pendulum-2.1.2 pexpect-4.8.0 pickleshare-0.7.5 pillow-10.0.0 pkginfo-1.9.6 platformdirs-2.6.2 pluggy-1.2.0 polars-0.18.13 portalocker-2.7.0 progressbar2-4.2.0 prometheus-client-0.17.1 prompt-toolkit-3.0.39 proto-plus-1.22.3 protobuf-4.21.12 psutil-5.9.5 psycopg2-binary-2.9.7 ptyprocess-0.7.0 pure-eval-0.2.2 py-1.11.0 py4j-0.10.9.7 pyOpenSSL-23.2.0 pyarrow-10.0.1 pyasn1-0.5.0 pyasn1-modules-0.3.0 pycparser-2.21 pycryptodomex-3.18.0 pydantic-1.10.12 pyflakes-3.1.0 pygments-2.16.1 pyjwt-2.8.0 pynacl-1.5.0 pyparsing-3.0.9 pypd-1.1.0 pyright-1.1.316 pyrsistent-0.19.3 pyspark-3.4.1 pytablereader-0.31.4 pytest-7.0.1 pytest-cov-2.10.1 pytest-dependency-0.5.1 pytest-forked-1.6.0 pytest-mock-3.3.1 pytest-rerunfailures-10.0 pytest-runner-5.2 pytest-xdist-2.1.0 python-dateutil-2.8.2 python-dotenv-1.0.0 python-json-logger-2.0.7 python-slugify-8.0.1 python-utils-3.7.0 pytimeparse-1.1.8 pytz-2023.3 pytzdata-2020.1 pyzmq-25.1.1 querystring-parser-1.2.4 ratelimiter-1.2.0.post0 readme-renderer-40.0 regex-2023.8.8 requests-2.31.0 requests-file-1.5.1 requests-mock-1.11.0 requests-oauthlib-1.3.1 requests-toolbelt-0.10.1 responses-0.23.1 rich-13.5.2 rsa-4.9 ruff-0.0.277 s3transfer-0.6.1 scikit-learn-1.3.0 scipy-1.11.1 scrapbook-0.5.0 sentry-sdk-1.29.2 setproctitle-1.3.2 six-1.16.0 skein-0.8.2 slack-sdk-3.21.3 smmap-5.0.0 sniffio-1.3.0 snowflake-connector-python-3.1.0 snowflake-sqlalchemy-1.4.7 sortedcontainers-2.4.0 soupsieve-2.4.1 sqlalchemy-1.4.49 sqlparse-0.4.4 sshtunnel-0.4.0 stack-data-0.6.2 starlette-0.31.0 syrupy-3.0.6 tabledata-1.3.1 tabulate-0.9.0 tblib-2.0.0 tenacity-8.2.2 termcolor-2.3.0 text-unidecode-1.3 textwrap3-0.9.2 threadpoolctl-3.2.0 tinycss2-1.2.1 tokenize-rt-5.2.0 toml-0.10.2 tomli-2.0.1 tomlkit-0.12.1 toolz-0.12.0 toposort-1.10 tornado-6.3.3 tox-3.25.0 tqdm-4.66.1 traitlets-5.9.0 twilio-8.5.0 twine-1.15.0 typeguard-4.1.0 typepy-1.3.1 typer-0.9.0 types-PyYAML-6.0.12.11 types-backports-0.1.3 types-certifi-2021.10.8.3 types-chardet-5.0.4.6 types-croniter-1.4.0.1 types-cryptography-3.3.23.2 types-mock-5.1.0.1 types-paramiko-3.3.0.0 types-pkg-resources-0.1.3 types-pyOpenSSL-23.2.0.2 types-python-dateutil-2.8.19.14 types-pytz-2023.3.0.0 types-requests-2.31.0.2 types-simplejson-3.19.0.2 types-six-1.16.21.9 types-sqlalchemy-1.4.53.34 types-tabulate-0.9.0.3 types-toml-0.10.8.7 types-tzlocal-5.0.1.1 types-urllib3-1.26.25.14 typing-extensions-4.7.1 typing-inspect-0.9.0 tzdata-2023.3 tzlocal-5.0.1 universal-pathlib-0.1.1 uritemplate-4.1.1 urllib3-1.26.16 uvicorn-0.23.2 uvloop-0.17.0 vine-5.0.0 virtualenv-20.13.2 wandb-0.15.4 watchdog-3.0.0 watchfiles-0.19.0 wcwidth-0.2.6 webencodings-0.5.1 websocket-client-1.6.1 websockets-11.0.3 werkzeug-2.3.6 wrapt-1.15.0 xmltodict-0.12.0 xyzservices-2023.7.0 yamllint-1.32.0 yarl-1.9.2 zict-3.0.0 zipp-3.16.2
WARNING: You are using pip version 21.3.1; however, version 23.2.1 is available.
You should consider upgrading via the '/home/ec2-user/.virtualenvs/dagsterdev/bin/python3 -m pip install --upgrade pip' command.
Checking for prod installs - if any are listed below reinstall with pip -e
WARNING: You are using pip version 21.3.1; however, version 23.2.1 is available.
You should consider upgrading via the '/home/ec2-user/.virtualenvs/dagsterdev/bin/python3 -m pip install --upgrade pip' command.
cd js_modules/dagster-ui/; yarn install && yarn build
/bin/sh: line 1: yarn: command not found
make: *** [Makefile:76: rebuild_ui] Error 127

just after make, Sat Aug 12 20:48:27 UTC 2023
WARNING:root:Unable to detect CI environment.  No test analytics will be sent.
======================================================= test session starts ========================================================
platform linux -- Python 3.9.16, pytest-7.0.1, pluggy-1.2.0
rootdir: /home/ec2-user/dagster, configfile: pyproject.toml
plugins: anyio-3.7.1, typeguard-4.1.0, forked-1.6.0, syrupy-3.0.6, requests-mock-1.11.0, xdist-2.1.0, rerunfailures-10.0, mock-3.3.1, dependency-0.5.1, cov-2.10.1, buildkite-test-collector-0.1.7
collected 5513 items / 4 deselected / 5509 selected                                                                                

python_modules/dagster/dagster_tests/test_annotations.py .....................F...................................           [  1%]
python_modules/dagster/dagster_tests/api_tests/test_api_get_current_runs.py .                                                [  1%]
python_modules/dagster/dagster_tests/api_tests/test_api_launch_run.py ...                                                    [  1%]
python_modules/dagster/dagster_tests/api_tests/test_api_list_repositories.py .......                                         [  1%]
python_modules/dagster/dagster_tests/api_tests/test_api_notebook_data.py .                                                   [  1%]
python_modules/dagster/dagster_tests/api_tests/test_api_snapshot_execution_plan.py ....                                      [  1%]
python_modules/dagster/dagster_tests/api_tests/test_api_snapshot_job.py .....                                                [  1%]
python_modules/dagster/dagster_tests/api_tests/test_api_snapshot_partition.py ...........                                    [  1%]
python_modules/dagster/dagster_tests/api_tests/test_api_snapshot_repository.py ..s.                                          [  1%]
python_modules/dagster/dagster_tests/api_tests/test_api_snapshot_schedule_execution_data.py .....                            [  1%]
python_modules/dagster/dagster_tests/api_tests/test_api_snapshot_sensor.py .....                                             [  1%]
python_modules/dagster/dagster_tests/asset_defs_tests/test_asset_deps.py ...................                                 [  2%]
python_modules/dagster/dagster_tests/asset_defs_tests/test_asset_graph.py ...............                                    [  2%]
python_modules/dagster/dagster_tests/asset_defs_tests/test_asset_selection.py .......................                        [  2%]
python_modules/dagster/dagster_tests/asset_defs_tests/test_assets.py ....................................................... [  3%]
.........                                                                                                                    [  4%]
python_modules/dagster/dagster_tests/asset_defs_tests/test_assets_from_modules.py ..................                         [  4%]
python_modules/dagster/dagster_tests/asset_defs_tests/test_assets_job.py ................................................... [  5%]
........................................................................                                                     [  6%]
python_modules/dagster/dagster_tests/asset_defs_tests/test_assets_loading.py .                                               [  6%]
python_modules/dagster/dagster_tests/asset_defs_tests/test_decorators.py ................................................... [  7%]
.........................                                                                                                    [  8%]
python_modules/dagster/dagster_tests/asset_defs_tests/test_external_asset_graph.py ........                                  [  8%]
python_modules/dagster/dagster_tests/asset_defs_tests/test_freshness_policy.py .............                                 [  8%]
python_modules/dagster/dagster_tests/asset_defs_tests/test_materialize.py .................                                  [  8%]
python_modules/dagster/dagster_tests/asset_defs_tests/test_materialize_to_memory.py .................                        [  9%]
python_modules/dagster/dagster_tests/asset_defs_tests/test_observe.py ..........                                             [  9%]
python_modules/dagster/dagster_tests/asset_defs_tests/test_partitioned_assets.py ...................                         [  9%]
python_modules/dagster/dagster_tests/asset_defs_tests/test_partitions_subset.py ......                                       [  9%]
python_modules/dagster/dagster_tests/asset_defs_tests/test_resolved_asset_deps.py ....                                       [  9%]
python_modules/dagster/dagster_tests/asset_defs_tests/test_source_asset.py ...                                               [  9%]
python_modules/dagster/dagster_tests/asset_defs_tests/test_source_asset_observation_job.py .s.....                           [  9%]
python_modules/dagster/dagster_tests/asset_defs_tests/test_unresolved_asset_job.py ......................................... [ 10%]
..............................................                                                                               [ 11%]
python_modules/dagster/dagster_tests/asset_defs_tests/partition_mapping_tests/test_asset_partition_mappings.py ............. [ 11%]
                                                                                                                             [ 11%]
python_modules/dagster/dagster_tests/asset_defs_tests/partition_mapping_tests/test_multipartition_partition_mapping.py ..... [ 11%]
.................                                                                                                            [ 12%]
python_modules/dagster/dagster_tests/asset_defs_tests/partition_mapping_tests/test_static_partition_mapping.py ....          [ 12%]
python_modules/dagster/dagster_tests/asset_defs_tests/partition_mapping_tests/test_time_window_partition_mapping.py ........ [ 12%]
................................                                                                                             [ 12%]
python_modules/dagster/dagster_tests/cli_tests/test_api_commands.py ...........                                              [ 13%]
python_modules/dagster/dagster_tests/cli_tests/test_asset_wipe_command.py ...........                                        [ 13%]
python_modules/dagster/dagster_tests/cli_tests/test_config_scaffolder.py ..                                                  [ 13%]
python_modules/dagster/dagster_tests/cli_tests/test_project_commands.py .............                                        [ 13%]
python_modules/dagster/dagster_tests/cli_tests/test_version.py .                                                             [ 13%]
python_modules/dagster/dagster_tests/cli_tests/test_workspace_config_schema.py ..........                                    [ 13%]
python_modules/dagster/dagster_tests/cli_tests/command_tests/test_asset_list_command.py ........                             [ 13%]
python_modules/dagster/dagster_tests/cli_tests/command_tests/test_backfill_command.py ....................                   [ 14%]
python_modules/dagster/dagster_tests/cli_tests/command_tests/test_cli_commands.py .............                              [ 14%]
python_modules/dagster/dagster_tests/cli_tests/command_tests/test_concurrency_command.py ...                                 [ 14%]
python_modules/dagster/dagster_tests/cli_tests/command_tests/test_core_test_utils.py .                                       [ 14%]
python_modules/dagster/dagster_tests/cli_tests/command_tests/test_execute_command.py ....................................... [ 15%]
............................                                                                                                 [ 15%]
python_modules/dagster/dagster_tests/cli_tests/command_tests/test_launch_command.py .................................        [ 16%]
python_modules/dagster/dagster_tests/cli_tests/command_tests/test_list_command.py ....                                       [ 16%]
python_modules/dagster/dagster_tests/cli_tests/command_tests/test_materialize_command.py ............                        [ 16%]
python_modules/dagster/dagster_tests/cli_tests/command_tests/test_memoized_development_cli.py .                              [ 16%]
python_modules/dagster/dagster_tests/cli_tests/command_tests/test_print_command.py ........................................  [ 17%]
python_modules/dagster/dagster_tests/cli_tests/command_tests/test_scaffold_command.py ..................                     [ 17%]
python_modules/dagster/dagster_tests/cli_tests/command_tests/test_schedule_commands.py ..................                    [ 18%]
python_modules/dagster/dagster_tests/cli_tests/command_tests/test_sensor_commands.py ................                        [ 18%]
python_modules/dagster/dagster_tests/cli_tests/command_tests/test_telemetry.py ......................                        [ 18%]
python_modules/dagster/dagster_tests/cli_tests/workspace_tests/test_grpc_server_workspace.py .....                           [ 18%]
python_modules/dagster/dagster_tests/cli_tests/workspace_tests/test_job_load.py ...........                                  [ 19%]
python_modules/dagster/dagster_tests/cli_tests/workspace_tests/test_repository_load.py .....................                 [ 19%]
python_modules/dagster/dagster_tests/cli_tests/workspace_tests/test_workspace_load.py .                                      [ 19%]
python_modules/dagster/dagster_tests/cli_tests/workspace_tests/autodiscovery_tests/test_autodiscovery.py ................    [ 19%]
python_modules/dagster/dagster_tests/cli_tests/workspace_tests/hello_world_in_file/test_hello_world_in_file_workspace.py ... [ 19%]
                                                                                                                             [ 19%]
python_modules/dagster/dagster_tests/cli_tests/workspace_tests/hello_world_in_module/test_hello_world_in_module_workspace.py . [ 19%]
..                                                                                                                           [ 19%]
python_modules/dagster/dagster_tests/cli_tests/workspace_tests/multi_location/test_load_failure_workspace.py ..              [ 19%]
python_modules/dagster/dagster_tests/cli_tests/workspace_tests/multi_location/test_multi_location_workspace.py ......        [ 20%]
python_modules/dagster/dagster_tests/cli_tests/workspace_tests/toml_tests/test_toml_loading.py ...                           [ 20%]
python_modules/dagster/dagster_tests/core_tests/test_asset_events.py ....                                                    [ 20%]
python_modules/dagster/dagster_tests/core_tests/test_compute_only_job.py ..                                                  [ 20%]
python_modules/dagster/dagster_tests/core_tests/test_configured.py .                                                         [ 20%]
python_modules/dagster/dagster_tests/core_tests/test_data_time.py .................                                          [ 20%]
python_modules/dagster/dagster_tests/core_tests/test_data_versions.py ..                                                     [ 20%]
python_modules/dagster/dagster_tests/core_tests/test_decorator_utils.py ....                                                 [ 20%]
python_modules/dagster/dagster_tests/core_tests/test_errors.py .                                                             [ 20%]
python_modules/dagster/dagster_tests/core_tests/test_event_logging.py .....                                                  [ 20%]
python_modules/dagster/dagster_tests/core_tests/test_event_utils.py ...                                                      [ 20%]
python_modules/dagster/dagster_tests/core_tests/test_external_execution_plan.py ......                                       [ 20%]
python_modules/dagster/dagster_tests/core_tests/test_input_injection.py .....                                                [ 21%]
python_modules/dagster/dagster_tests/core_tests/test_job_errors.py ........                                                  [ 21%]
python_modules/dagster/dagster_tests/core_tests/test_job_execution.py ...................................                    [ 21%]
python_modules/dagster/dagster_tests/core_tests/test_job_init.py ..                                                          [ 21%]
python_modules/dagster/dagster_tests/core_tests/test_metadata.py .                                                           [ 21%]
python_modules/dagster/dagster_tests/core_tests/test_misc.py ....                                                            [ 21%]
python_modules/dagster/dagster_tests/core_tests/test_multi_dependency.py ......                                              [ 22%]
python_modules/dagster/dagster_tests/core_tests/test_multiple_outputs.py .......                                             [ 22%]
python_modules/dagster/dagster_tests/core_tests/test_naming_collisions.py ...                                                [ 22%]
python_modules/dagster/dagster_tests/core_tests/test_nothing_dependencies.py .............                                   [ 22%]
python_modules/dagster/dagster_tests/core_tests/test_op_aliases.py ....                                                      [ 22%]
python_modules/dagster/dagster_tests/core_tests/test_op_arguments.py ..                                                      [ 22%]
python_modules/dagster/dagster_tests/core_tests/test_op_invocation.py ...................................................... [ 23%]
......................                                                                                                       [ 23%]
python_modules/dagster/dagster_tests/core_tests/test_op_with_config.py ..........                                            [ 24%]
python_modules/dagster/dagster_tests/core_tests/test_resolve_versions.py .........................                           [ 24%]
python_modules/dagster/dagster_tests/core_tests/test_telemetry_upload.py ....                                                [ 24%]
python_modules/dagster/dagster_tests/core_tests/test_user_code_boundary.py ...                                               [ 24%]
python_modules/dagster/dagster_tests/core_tests/test_utils.py ........                                                       [ 24%]
python_modules/dagster/dagster_tests/core_tests/test_validate_run_config.py .                                                [ 24%]
python_modules/dagster/dagster_tests/core_tests/config_types_tests/test_config_default_required.py .....                     [ 24%]
python_modules/dagster/dagster_tests/core_tests/config_types_tests/test_config_enums.py .............                        [ 25%]
python_modules/dagster/dagster_tests/core_tests/config_types_tests/test_config_schema.py ..                                  [ 25%]
python_modules/dagster/dagster_tests/core_tests/config_types_tests/test_config_spec.py ........                              [ 25%]
python_modules/dagster/dagster_tests/core_tests/config_types_tests/test_config_type_system.py .............................. [ 25%]
......................                                                                                                       [ 26%]
python_modules/dagster/dagster_tests/core_tests/config_types_tests/test_error_messages.py .....                              [ 26%]
python_modules/dagster/dagster_tests/core_tests/config_types_tests/test_field_hash.py .............                          [ 26%]
python_modules/dagster/dagster_tests/core_tests/config_types_tests/test_new_config_types.py ......                           [ 26%]
python_modules/dagster/dagster_tests/core_tests/config_types_tests/test_source_types.py ....                                 [ 26%]
python_modules/dagster/dagster_tests/core_tests/config_types_tests/test_type_printer.py ..................                   [ 27%]
python_modules/dagster/dagster_tests/core_tests/config_types_tests/evaluator_tests/test_composite_descent.py ............... [ 27%]
........                                                                                                                     [ 27%]
python_modules/dagster/dagster_tests/core_tests/config_types_tests/evaluator_tests/test_config_mappings.py ................. [ 27%]
                                                                                                                             [ 27%]
python_modules/dagster/dagster_tests/core_tests/config_types_tests/evaluator_tests/test_defaults.py .                        [ 27%]
python_modules/dagster/dagster_tests/core_tests/config_types_tests/evaluator_tests/test_evaluator.py ....................... [ 28%]
.......................                                                                                                      [ 28%]
python_modules/dagster/dagster_tests/core_tests/config_types_tests/evaluator_tests/test_validate.py ........................ [ 29%]
.........................                                                                                                    [ 29%]
python_modules/dagster/dagster_tests/core_tests/execution_tests/test_active.py ....                                          [ 29%]
python_modules/dagster/dagster_tests/core_tests/execution_tests/test_asset_backfill.py ..................................... [ 30%]
........................................................................                                                     [ 31%]
python_modules/dagster/dagster_tests/core_tests/execution_tests/test_asset_backfill_with_backfill_policies.py .......        [ 31%]
python_modules/dagster/dagster_tests/core_tests/execution_tests/test_context.py .                                            [ 31%]
python_modules/dagster/dagster_tests/core_tests/execution_tests/test_instance_concurrency_context.py .....                   [ 31%]
python_modules/dagster/dagster_tests/core_tests/graph_tests/test_graph.py .................................................. [ 32%]
............                                                                                                                 [ 33%]
python_modules/dagster/dagster_tests/core_tests/graph_tests/test_graph_ins_out.py .....                                      [ 33%]
python_modules/dagster/dagster_tests/core_tests/graph_tests/test_graph_source_asset_input.py .........                       [ 33%]
python_modules/dagster/dagster_tests/core_tests/graph_tests/test_op_selection.py ..........................                  [ 33%]
python_modules/dagster/dagster_tests/core_tests/hook_tests/test_hook_def.py .................                                [ 34%]
python_modules/dagster/dagster_tests/core_tests/hook_tests/test_hook_invocation.py ...........                               [ 34%]
python_modules/dagster/dagster_tests/core_tests/hook_tests/test_hook_run.py ...................                              [ 34%]
python_modules/dagster/dagster_tests/core_tests/host_representation_tests/test_custom_repository_data.py .                   [ 34%]
python_modules/dagster/dagster_tests/core_tests/host_representation_tests/test_external_data.py ............................ [ 35%]
.                                                                                                                            [ 35%]
python_modules/dagster/dagster_tests/core_tests/instance_tests/test_instance.py ............................                 [ 35%]
python_modules/dagster/dagster_tests/core_tests/instance_tests/test_instance_config.py ..                                    [ 35%]
python_modules/dagster/dagster_tests/core_tests/instance_tests/test_instance_data_versions.py ......                         [ 35%]
python_modules/dagster/dagster_tests/core_tests/instance_tests/test_instance_lazy_load.py ...                                [ 35%]
python_modules/dagster/dagster_tests/core_tests/instance_tests/test_instance_reexecution.py ...                              [ 35%]
python_modules/dagster/dagster_tests/core_tests/instance_tests/test_nux.py .                                                 [ 35%]
python_modules/dagster/dagster_tests/core_tests/partition_tests/test_partition.py ..........                                 [ 36%]
python_modules/dagster/dagster_tests/core_tests/partition_tests/test_partitioned_io_manager.py ...                           [ 36%]
python_modules/dagster/dagster_tests/core_tests/partition_tests/test_partitioned_job.py ....                                 [ 36%]
python_modules/dagster/dagster_tests/core_tests/pythonic_config_tests/test_basic_pythonic_config.py ........................ [ 36%]
...............                                                                                                              [ 36%]
python_modules/dagster/dagster_tests/core_tests/pythonic_config_tests/test_configured.py ....                                [ 37%]
python_modules/dagster/dagster_tests/core_tests/pythonic_config_tests/test_constraints.py ............                       [ 37%]
python_modules/dagster/dagster_tests/core_tests/pythonic_config_tests/test_default_values.py .....                           [ 37%]
python_modules/dagster/dagster_tests/core_tests/pythonic_config_tests/test_descriptions.py .                                 [ 37%]
python_modules/dagster/dagster_tests/core_tests/pythonic_config_tests/test_env_vars.py .....                                 [ 37%]
python_modules/dagster/dagster_tests/core_tests/pythonic_config_tests/test_errors.py ...............                         [ 37%]
python_modules/dagster/dagster_tests/core_tests/pythonic_config_tests/test_graphs.py ..........                              [ 37%]
python_modules/dagster/dagster_tests/core_tests/pythonic_config_tests/test_jobs_graphs.py ......                             [ 37%]
python_modules/dagster/dagster_tests/core_tests/pythonic_config_tests/test_pythonic_config_types.py ........s............... [ 38%]
....                                                                                                                         [ 38%]
python_modules/dagster/dagster_tests/core_tests/pythonic_config_tests/test_validation.py .                                   [ 38%]
python_modules/dagster/dagster_tests/core_tests/resource_tests/test_build_init_resource_context.py ...                       [ 38%]
python_modules/dagster/dagster_tests/core_tests/resource_tests/test_build_resources.py .......                               [ 38%]
python_modules/dagster/dagster_tests/core_tests/resource_tests/test_required_resources.py ......................             [ 39%]
python_modules/dagster/dagster_tests/core_tests/resource_tests/test_resource_definition.py ................................. [ 39%]
.........                                                                                                                    [ 39%]
python_modules/dagster/dagster_tests/core_tests/resource_tests/test_resource_invocation.py ..........                        [ 40%]
python_modules/dagster/dagster_tests/core_tests/resource_tests/test_resource_parameters.py ..........                        [ 40%]
python_modules/dagster/dagster_tests/core_tests/resource_tests/test_with_resources.py .......................                [ 40%]
python_modules/dagster/dagster_tests/core_tests/resource_tests/pythonic_resources/test_binding.py ..................         [ 40%]
python_modules/dagster/dagster_tests/core_tests/resource_tests/pythonic_resources/test_direct_invocation.py ...........      [ 41%]
python_modules/dagster/dagster_tests/core_tests/resource_tests/pythonic_resources/test_env_vars.py .......                   [ 41%]
python_modules/dagster/dagster_tests/core_tests/resource_tests/pythonic_resources/test_general_pythonic_resources.py ....... [ 41%]
........................                                                                                                     [ 41%]
python_modules/dagster/dagster_tests/core_tests/resource_tests/pythonic_resources/test_lifecycle_methods.py ................ [ 42%]
                                                                                                                             [ 42%]
python_modules/dagster/dagster_tests/core_tests/resource_tests/pythonic_resources/test_nesting.py ...........                [ 42%]
python_modules/dagster/dagster_tests/core_tests/run_coordinator_tests/test_default_run_coordinator.py ..                     [ 42%]
python_modules/dagster/dagster_tests/core_tests/run_coordinator_tests/test_queued_run_coordinator.py ......                  [ 42%]
python_modules/dagster/dagster_tests/core_tests/runtime_types_tests/test_dagster_type_decorator.py ...                       [ 42%]
python_modules/dagster/dagster_tests/core_tests/runtime_types_tests/test_input_type_loading.py ...                           [ 42%]
python_modules/dagster/dagster_tests/core_tests/runtime_types_tests/test_python_dict.py ...................                  [ 42%]
python_modules/dagster/dagster_tests/core_tests/runtime_types_tests/test_python_set.py .............                         [ 43%]
python_modules/dagster/dagster_tests/core_tests/runtime_types_tests/test_python_tuple.py ................                    [ 43%]
python_modules/dagster/dagster_tests/core_tests/runtime_types_tests/test_runtime_types.py .......                            [ 43%]
python_modules/dagster/dagster_tests/core_tests/runtime_types_tests/test_typed_list.py ................                      [ 43%]
python_modules/dagster/dagster_tests/core_tests/runtime_types_tests/test_typed_python_dict.py ......                         [ 44%]
python_modules/dagster/dagster_tests/core_tests/runtime_types_tests/test_types.py ..........................                 [ 44%]
python_modules/dagster/dagster_tests/core_tests/runtime_types_tests/config_schema_tests/test_builtin_schemas.py ............ [ 44%]
..........                                                                                                                   [ 44%]
python_modules/dagster/dagster_tests/core_tests/runtime_types_tests/config_schema_tests/test_config_schema.py .....          [ 44%]
python_modules/dagster/dagster_tests/core_tests/selector_tests/test_execute.py ........                                      [ 45%]
python_modules/dagster/dagster_tests/core_tests/selector_tests/test_subset_selector.py ..................                    [ 45%]
python_modules/dagster/dagster_tests/core_tests/serdes_tests/test_ipc.py ........                                            [ 45%]
python_modules/dagster/dagster_tests/core_tests/snap_tests/test_active_data.py ....                                          [ 45%]
python_modules/dagster/dagster_tests/core_tests/snap_tests/test_config_schema_snapshot.py ....................               [ 46%]
python_modules/dagster/dagster_tests/core_tests/snap_tests/test_dagster_type_namespace_snapshot.py ....                      [ 46%]
python_modules/dagster/dagster_tests/core_tests/snap_tests/test_execution_plan.py ....                                       [ 46%]
python_modules/dagster/dagster_tests/core_tests/snap_tests/test_job_snap.py ............................                     [ 46%]
python_modules/dagster/dagster_tests/core_tests/snap_tests/test_legacy_mode_def_snap.py .                                    [ 46%]
python_modules/dagster/dagster_tests/core_tests/snap_tests/test_node_def_snap.py .....                                       [ 46%]
python_modules/dagster/dagster_tests/core_tests/snap_tests/test_old_execution_plan_snapshot.py ..                            [ 46%]
python_modules/dagster/dagster_tests/core_tests/snap_tests/test_repository_snap.py .............                             [ 47%]
python_modules/dagster/dagster_tests/core_tests/snap_tests/test_snap_to_yaml.py ......                                       [ 47%]
python_modules/dagster/dagster_tests/core_tests/system_config_tests/test_system_config.py ....................               [ 47%]
python_modules/dagster/dagster_tests/core_tests/workspace_tests/test_request_context.py .                                    [ 47%]
python_modules/dagster/dagster_tests/daemon_sensor_tests/test_asset_sensor_run.py ..                                         [ 47%]
python_modules/dagster/dagster_tests/daemon_sensor_tests/test_no_instance_with_no_resources_on_sensor.py ..                  [ 47%]
python_modules/dagster/dagster_tests/daemon_sensor_tests/test_pythonic_resources.py .....................                    [ 47%]
python_modules/dagster/dagster_tests/daemon_sensor_tests/test_run_status_sensors.py ..............................           [ 48%]
python_modules/dagster/dagster_tests/daemon_sensor_tests/test_sensor_failure_recovery.py ....                                [ 48%]
python_modules/dagster/dagster_tests/daemon_sensor_tests/test_sensor_run.py ................................................ [ 49%]
.....................................................                                                                        [ 50%]
python_modules/dagster/dagster_tests/daemon_tests/test_backfill.py .............                                             [ 50%]
python_modules/dagster/dagster_tests/daemon_tests/test_backfill_failure_recovery.py ...                                      [ 50%]
python_modules/dagster/dagster_tests/daemon_tests/test_concurrency_daemon.py .                                               [ 50%]
python_modules/dagster/dagster_tests/daemon_tests/test_dagster_daemon.py ...                                                 [ 50%]
python_modules/dagster/dagster_tests/daemon_tests/test_monitoring_daemon.py ......                                           [ 50%]
python_modules/dagster/dagster_tests/daemon_tests/test_queued_run_coordinator_daemon.py .................................    [ 51%]
python_modules/dagster/dagster_tests/daemon_tests/test_types.py ...                                                          [ 51%]
python_modules/dagster/dagster_tests/definitions_tests/test_autoalias.py ..                                                  [ 51%]
python_modules/dagster/dagster_tests/definitions_tests/test_backfill_policy.py .                                             [ 51%]
python_modules/dagster/dagster_tests/definitions_tests/test_composition.py ................................................. [ 52%]
.                                                                                                                            [ 52%]
python_modules/dagster/dagster_tests/definitions_tests/test_default_io_manager.py ....                                       [ 52%]
python_modules/dagster/dagster_tests/definitions_tests/test_definition_errors.py ................                            [ 52%]
python_modules/dagster/dagster_tests/definitions_tests/test_definitions.py ...........                                       [ 53%]
python_modules/dagster/dagster_tests/definitions_tests/test_definitions_class.py ..................................          [ 53%]
python_modules/dagster/dagster_tests/definitions_tests/test_dynamic_partitions.py ............                               [ 53%]
python_modules/dagster/dagster_tests/definitions_tests/test_events.py .                                                      [ 53%]
python_modules/dagster/dagster_tests/definitions_tests/test_executor_definition.py ...........                               [ 54%]
python_modules/dagster/dagster_tests/definitions_tests/test_flatten_time_window_ranges.py ........                           [ 54%]
python_modules/dagster/dagster_tests/definitions_tests/test_freshness_policy_sensor.py ...                                   [ 54%]
python_modules/dagster/dagster_tests/definitions_tests/test_inference.py ..                                                  [ 54%]
python_modules/dagster/dagster_tests/definitions_tests/test_input_defaults.py ...........                                    [ 54%]
python_modules/dagster/dagster_tests/definitions_tests/test_job.py ................                                          [ 54%]
python_modules/dagster/dagster_tests/definitions_tests/test_logger_definition.py ...                                         [ 54%]
python_modules/dagster/dagster_tests/definitions_tests/test_logger_invocation.py .....                                       [ 55%]
python_modules/dagster/dagster_tests/definitions_tests/test_multi_partitions.py .....................                        [ 55%]
python_modules/dagster/dagster_tests/definitions_tests/test_node_handle.py ......                                            [ 55%]
python_modules/dagster/dagster_tests/definitions_tests/test_op_definition.py ..                                              [ 55%]
python_modules/dagster/dagster_tests/definitions_tests/test_op_io.py .........                                               [ 55%]
python_modules/dagster/dagster_tests/definitions_tests/test_output_events.py ..                                              [ 55%]
python_modules/dagster/dagster_tests/definitions_tests/test_partitioned_schedule.py ..............                           [ 55%]
python_modules/dagster/dagster_tests/definitions_tests/test_reconstructable.py .............                                 [ 56%]
python_modules/dagster/dagster_tests/definitions_tests/test_repository_definition.py ....................................... [ 56%]
...................                                                                                                          [ 57%]
python_modules/dagster/dagster_tests/definitions_tests/test_schedule.py ....                                                 [ 57%]
python_modules/dagster/dagster_tests/definitions_tests/test_schedule_invocation.py ........                                  [ 57%]
python_modules/dagster/dagster_tests/definitions_tests/test_sensor.py ..                                                     [ 57%]
python_modules/dagster/dagster_tests/definitions_tests/test_sensor_invocation.py ........................................... [ 58%]
.....                                                                                                                        [ 58%]
python_modules/dagster/dagster_tests/definitions_tests/test_sensor_result.py ........                                        [ 58%]
python_modules/dagster/dagster_tests/definitions_tests/test_sensor_typechecks.py .                                           [ 58%]
python_modules/dagster/dagster_tests/definitions_tests/test_tags.py ...                                                      [ 58%]
python_modules/dagster/dagster_tests/definitions_tests/test_time_window_partitions.py ...................................... [ 59%]
..........................................                                                                                   [ 60%]
python_modules/dagster/dagster_tests/definitions_tests/auto_materialize_tests/test_asset_daemon.py ......................... [ 60%]
............................................................................................................................ [ 62%]
......................                                                                                                       [ 63%]
python_modules/dagster/dagster_tests/definitions_tests/auto_materialize_tests/test_asset_daemon_cursor.py ..                 [ 63%]
python_modules/dagster/dagster_tests/definitions_tests/auto_materialize_tests/test_asset_daemon_fast.py .................... [ 63%]
....................................................................................................................         [ 65%]
python_modules/dagster/dagster_tests/definitions_tests/auto_materialize_tests/test_asset_daemon_perf.py .........            [ 65%]
python_modules/dagster/dagster_tests/definitions_tests/auto_materialize_tests/test_auto_materialize_asset_evaluation.py .    [ 65%]
python_modules/dagster/dagster_tests/definitions_tests/auto_materialize_tests/test_auto_materialize_policy.py .              [ 65%]
python_modules/dagster/dagster_tests/definitions_tests/auto_materialize_tests/test_auto_observe.py .....                     [ 65%]
python_modules/dagster/dagster_tests/definitions_tests/decorators_tests/test_config_mapping.py .....                         [ 66%]
python_modules/dagster/dagster_tests/definitions_tests/decorators_tests/test_description_inference.py .                      [ 66%]
python_modules/dagster/dagster_tests/definitions_tests/decorators_tests/test_job.py ......                                   [ 66%]
python_modules/dagster/dagster_tests/definitions_tests/decorators_tests/test_op.py ......................................... [ 66%]
.........................................                                                                                    [ 67%]
python_modules/dagster/dagster_tests/definitions_tests/decorators_tests/test_schedule.py ............                        [ 67%]
python_modules/dagster/dagster_tests/definitions_tests/decorators_tests/test_source_asset_decorator.py ..                    [ 67%]
python_modules/dagster/dagster_tests/execution_tests/test_api_iterators.py .......                                           [ 68%]
python_modules/dagster/dagster_tests/execution_tests/test_async.py ..                                                        [ 68%]
python_modules/dagster/dagster_tests/execution_tests/test_custom_reconstructable.py ..                                       [ 68%]
python_modules/dagster/dagster_tests/execution_tests/test_data_versions.py .........................                         [ 68%]
python_modules/dagster/dagster_tests/execution_tests/test_execute_in_process.py ..................                           [ 68%]
python_modules/dagster/dagster_tests/execution_tests/test_execute_job.py ..............                                      [ 69%]
python_modules/dagster/dagster_tests/execution_tests/test_execute_op_for_test.py .                                           [ 69%]
python_modules/dagster/dagster_tests/execution_tests/test_expectations.py ...                                                [ 69%]
python_modules/dagster/dagster_tests/execution_tests/test_failure.py .                                                       [ 69%]
python_modules/dagster/dagster_tests/execution_tests/test_input_values_from_intermediates.py ..                              [ 69%]
python_modules/dagster/dagster_tests/execution_tests/test_interrupt.py .........                                             [ 69%]
python_modules/dagster/dagster_tests/execution_tests/test_job.py ............                                                [ 69%]
python_modules/dagster/dagster_tests/execution_tests/test_markers.py .                                                       [ 69%]
python_modules/dagster/dagster_tests/execution_tests/test_memoized_dev_loop.py .......                                       [ 69%]
python_modules/dagster/dagster_tests/execution_tests/test_metadata.py ............................                           [ 70%]
python_modules/dagster/dagster_tests/execution_tests/test_op_iterators.py .....                                              [ 70%]
python_modules/dagster/dagster_tests/execution_tests/test_retries.py ......................                                  [ 70%]
python_modules/dagster/dagster_tests/execution_tests/test_timing.py ...                                                      [ 70%]
python_modules/dagster/dagster_tests/execution_tests/context_tests/test_output.py .                                          [ 70%]
python_modules/dagster/dagster_tests/execution_tests/dynamic_tests/test_dsl.py .....                                         [ 70%]
python_modules/dagster/dagster_tests/execution_tests/dynamic_tests/test_dynamic_execution.py ........................        [ 71%]
python_modules/dagster/dagster_tests/execution_tests/dynamic_tests/test_dynamic_output.py ...........                        [ 71%]
python_modules/dagster/dagster_tests/execution_tests/dynamic_tests/test_not_allowed.py ..........                            [ 71%]
python_modules/dagster/dagster_tests/execution_tests/dynamic_tests/test_reexecute.py .................                       [ 72%]
python_modules/dagster/dagster_tests/execution_tests/dynamic_tests/test_step_handle.py .                                     [ 72%]
python_modules/dagster/dagster_tests/execution_tests/engine_tests/test_child_process_executor.py ....Fatal Python error: Segmentation fault

Thread 0x00007f10017fb640 (most recent call first):
  File "/usr/lib64/python3.9/multiprocessing/queues.py", line 228 in _feed
  File "/usr/lib64/python3.9/threading.py", line 917 in run
  File "/usr/lib64/python3.9/threading.py", line 980 in _bootstrap_inner
  File "/usr/lib64/python3.9/threading.py", line 937 in _bootstrap

Current thread 0x00007f1025211740 (most recent call first):
  File "/usr/lib64/python3.9/ctypes/__init__.py", line 517 in string_at
  File "/home/ec2-user/dagster/python_modules/dagster/dagster/_utils/__init__.py", line 541 in segfault
  File "/home/ec2-user/dagster/python_modules/dagster/dagster_tests/execution_tests/engine_tests/test_child_process_executor.py", line 44 in execute
  File "/home/ec2-user/dagster/python_modules/dagster/dagster/_core/executor/child_process_executor.py", line 79 in _execute_command_in_child_process
  File "/usr/lib64/python3.9/multiprocessing/process.py", line 108 in run
  File "/usr/lib64/python3.9/multiprocessing/process.py", line 315 in _bootstrap
  File "/usr/lib64/python3.9/multiprocessing/popen_fork.py", line 71 in _launch
  File "/usr/lib64/python3.9/multiprocessing/popen_fork.py", line 19 in __init__
  File "/usr/lib64/python3.9/multiprocessing/context.py", line 277 in _Popen
  File "/usr/lib64/python3.9/multiprocessing/context.py", line 224 in _Popen
  File "/usr/lib64/python3.9/multiprocessing/process.py", line 121 in start
  File "/home/ec2-user/dagster/python_modules/dagster/dagster/_core/executor/child_process_executor.py", line 157 in execute_child_process_command
  File "/home/ec2-user/dagster/python_modules/dagster/dagster_tests/execution_tests/engine_tests/test_child_process_executor.py", line 101 in test_child_process_segfault
  File "/home/ec2-user/.virtualenvs/dagsterdev/lib64/python3.9/site-packages/_pytest/python.py", line 192 in pytest_pyfunc_call
  File "/home/ec2-user/.virtualenvs/dagsterdev/lib64/python3.9/site-packages/pluggy/_callers.py", line 80 in _multicall
  File "/home/ec2-user/.virtualenvs/dagsterdev/lib64/python3.9/site-packages/pluggy/_manager.py", line 112 in _hookexec
  File "/home/ec2-user/.virtualenvs/dagsterdev/lib64/python3.9/site-packages/pluggy/_hooks.py", line 433 in __call__
  File "/home/ec2-user/.virtualenvs/dagsterdev/lib64/python3.9/site-packages/_pytest/python.py", line 1718 in runtest
  File "/home/ec2-user/.virtualenvs/dagsterdev/lib64/python3.9/site-packages/_pytest/runner.py", line 168 in pytest_runtest_call
  File "/home/ec2-user/.virtualenvs/dagsterdev/lib64/python3.9/site-packages/pluggy/_callers.py", line 80 in _multicall
  File "/home/ec2-user/.virtualenvs/dagsterdev/lib64/python3.9/site-packages/pluggy/_manager.py", line 112 in _hookexec
  File "/home/ec2-user/.virtualenvs/dagsterdev/lib64/python3.9/site-packages/pluggy/_hooks.py", line 433 in __call__
  File "/home/ec2-user/.virtualenvs/dagsterdev/lib64/python3.9/site-packages/_pytest/runner.py", line 261 in <lambda>
  File "/home/ec2-user/.virtualenvs/dagsterdev/lib64/python3.9/site-packages/_pytest/runner.py", line 340 in from_call
  File "/home/ec2-user/.virtualenvs/dagsterdev/lib64/python3.9/site-packages/_pytest/runner.py", line 260 in call_runtest_hook
  File "/home/ec2-user/.virtualenvs/dagsterdev/lib64/python3.9/site-packages/_pytest/runner.py", line 221 in call_and_report
  File "/home/ec2-user/.virtualenvs/dagsterdev/lib64/python3.9/site-packages/_pytest/runner.py", line 132 in runtestprotocol
  File "/home/ec2-user/.virtualenvs/dagsterdev/lib64/python3.9/site-packages/_pytest/runner.py", line 113 in pytest_runtest_protocol
  File "/home/ec2-user/.virtualenvs/dagsterdev/lib64/python3.9/site-packages/pluggy/_callers.py", line 80 in _multicall
  File "/home/ec2-user/.virtualenvs/dagsterdev/lib64/python3.9/site-packages/pluggy/_manager.py", line 112 in _hookexec
  File "/home/ec2-user/.virtualenvs/dagsterdev/lib64/python3.9/site-packages/pluggy/_hooks.py", line 433 in __call__
  File "/home/ec2-user/.virtualenvs/dagsterdev/lib64/python3.9/site-packages/_pytest/main.py", line 347 in pytest_runtestloop
  File "/home/ec2-user/.virtualenvs/dagsterdev/lib64/python3.9/site-packages/pluggy/_callers.py", line 80 in _multicall
  File "/home/ec2-user/.virtualenvs/dagsterdev/lib64/python3.9/site-packages/pluggy/_manager.py", line 112 in _hookexec
  File "/home/ec2-user/.virtualenvs/dagsterdev/lib64/python3.9/site-packages/pluggy/_hooks.py", line 433 in __call__
  File "/home/ec2-user/.virtualenvs/dagsterdev/lib64/python3.9/site-packages/_pytest/main.py", line 322 in _main
  File "/home/ec2-user/.virtualenvs/dagsterdev/lib64/python3.9/site-packages/_pytest/main.py", line 268 in wrap_session
  File "/home/ec2-user/.virtualenvs/dagsterdev/lib64/python3.9/site-packages/_pytest/main.py", line 315 in pytest_cmdline_main
  File "/home/ec2-user/.virtualenvs/dagsterdev/lib64/python3.9/site-packages/pluggy/_callers.py", line 80 in _multicall
  File "/home/ec2-user/.virtualenvs/dagsterdev/lib64/python3.9/site-packages/pluggy/_manager.py", line 112 in _hookexec
  File "/home/ec2-user/.virtualenvs/dagsterdev/lib64/python3.9/site-packages/pluggy/_hooks.py", line 433 in __call__
  File "/home/ec2-user/.virtualenvs/dagsterdev/lib64/python3.9/site-packages/_pytest/config/__init__.py", line 165 in main
  File "/home/ec2-user/.virtualenvs/dagsterdev/lib64/python3.9/site-packages/_pytest/config/__init__.py", line 188 in console_main
  File "/home/ec2-user/.virtualenvs/dagsterdev/lib64/python3.9/site-packages/pytest/__main__.py", line 5 in <module>
  File "/usr/lib64/python3.9/runpy.py", line 87 in _run_code
  File "/usr/lib64/python3.9/runpy.py", line 197 in _run_module_as_main
.s                      [ 72%]
python_modules/dagster/dagster_tests/execution_tests/engine_tests/test_multiprocessing.py ...................                [ 72%]
python_modules/dagster/dagster_tests/execution_tests/engine_tests/test_op_concurrency.py ..........                          [ 72%]
python_modules/dagster/dagster_tests/execution_tests/engine_tests/test_priorities.py ..                                      [ 72%]
python_modules/dagster/dagster_tests/execution_tests/engine_tests/test_step_delegating_executor.py ...........               [ 73%]
python_modules/dagster/dagster_tests/execution_tests/engine_tests/test_step_delegating_executor_retries.py ..                [ 73%]
python_modules/dagster/dagster_tests/execution_tests/engine_tests/test_step_handler.py .                                     [ 73%]
python_modules/dagster/dagster_tests/execution_tests/execution_plan_tests/test_execution_plan.py ...............             [ 73%]
python_modules/dagster/dagster_tests/execution_tests/execution_plan_tests/test_execution_plan_composite.py ..                [ 73%]
python_modules/dagster/dagster_tests/execution_tests/execution_plan_tests/test_execution_plan_reexecution.py ...             [ 73%]
python_modules/dagster/dagster_tests/execution_tests/execution_plan_tests/test_execution_plan_subset.py ...                  [ 73%]
python_modules/dagster/dagster_tests/execution_tests/execution_plan_tests/test_external_step.py .................            [ 73%]
python_modules/dagster/dagster_tests/execution_tests/execution_plan_tests/test_host_run_worker.py ..                         [ 73%]
python_modules/dagster/dagster_tests/execution_tests/execution_plan_tests/test_objects.py .                                  [ 73%]
python_modules/dagster/dagster_tests/general_tests/test_api.py .....                                                         [ 73%]
python_modules/dagster/dagster_tests/general_tests/test_deprecations.py ..                                                   [ 73%]
python_modules/dagster/dagster_tests/general_tests/test_import.py .                                                          [ 73%]
python_modules/dagster/dagster_tests/general_tests/test_internal_init_implementations.py ......                              [ 74%]
python_modules/dagster/dagster_tests/general_tests/test_pending_repository.py .......                                        [ 74%]
python_modules/dagster/dagster_tests/general_tests/test_repository.py .......                                                [ 74%]
python_modules/dagster/dagster_tests/general_tests/test_serdes.py .................................                          [ 74%]
python_modules/dagster/dagster_tests/general_tests/test_serdes_rpc.py ....                                                   [ 75%]
python_modules/dagster/dagster_tests/general_tests/check_tests/test_check.py ............................................... [ 75%]
..........................................................................................                                   [ 77%]
python_modules/dagster/dagster_tests/general_tests/compat_tests/test_back_compat.py .....................................    [ 78%]
python_modules/dagster/dagster_tests/general_tests/compat_tests/test_change_snapshot_structure.py .                          [ 78%]
python_modules/dagster/dagster_tests/general_tests/compat_tests/test_dead_events.py ..                                       [ 78%]
python_modules/dagster/dagster_tests/general_tests/compat_tests/test_execution_plan_snapshot.py .                            [ 78%]
python_modules/dagster/dagster_tests/general_tests/grpc_tests/test_compile.py .                                              [ 78%]
python_modules/dagster/dagster_tests/general_tests/grpc_tests/test_grpc_server_registry.py .....                             [ 78%]
python_modules/dagster/dagster_tests/general_tests/grpc_tests/test_health_check.py ..                                        [ 78%]
python_modules/dagster/dagster_tests/general_tests/grpc_tests/test_heartbeat.py .                                            [ 78%]
python_modules/dagster/dagster_tests/general_tests/grpc_tests/test_persistent.py .................................           [ 79%]
python_modules/dagster/dagster_tests/general_tests/grpc_tests/test_ping.py s......s.........                                 [ 79%]
python_modules/dagster/dagster_tests/general_tests/grpc_tests/test_watch_server.py .....                                     [ 79%]
python_modules/dagster/dagster_tests/general_tests/py3_tests/test_inference.py ......................................        [ 80%]
python_modules/dagster/dagster_tests/general_tests/py3_tests/test_type_examples_py3.py .................................     [ 80%]
python_modules/dagster/dagster_tests/general_tests/seven_tests/test_seven.py ...........                                     [ 80%]
python_modules/dagster/dagster_tests/general_tests/utils_tests/test_backoff.py ..                                            [ 80%]
python_modules/dagster/dagster_tests/general_tests/utils_tests/test_cached_method.py ....                                    [ 81%]
python_modules/dagster/dagster_tests/general_tests/utils_tests/test_camelcase.py .                                           [ 81%]
python_modules/dagster/dagster_tests/general_tests/utils_tests/test_enum.py .                                                [ 81%]
python_modules/dagster/dagster_tests/general_tests/utils_tests/test_file_utils.py ..                                         [ 81%]
python_modules/dagster/dagster_tests/general_tests/utils_tests/test_indenting_printer.py ............                        [ 81%]
python_modules/dagster/dagster_tests/general_tests/utils_tests/test_list_pull.py ...                                         [ 81%]
python_modules/dagster/dagster_tests/general_tests/utils_tests/test_merger.py ......                                         [ 81%]
python_modules/dagster/dagster_tests/general_tests/utils_tests/test_net.py .                                                 [ 81%]
python_modules/dagster/dagster_tests/general_tests/utils_tests/test_op_isolation.py ............                             [ 81%]
python_modules/dagster/dagster_tests/general_tests/utils_tests/test_signals.py .                                             [ 81%]
python_modules/dagster/dagster_tests/general_tests/utils_tests/test_temp_file.py .                                           [ 81%]
python_modules/dagster/dagster_tests/general_tests/utils_tests/test_timing.py ...                                            [ 81%]
python_modules/dagster/dagster_tests/general_tests/utils_tests/test_typing_api.py .......                                    [ 81%]
python_modules/dagster/dagster_tests/general_tests/utils_tests/test_utils.py ....                                            [ 81%]
python_modules/dagster/dagster_tests/general_tests/utils_tests/test_warnings.py ......                                       [ 82%]
python_modules/dagster/dagster_tests/general_tests/utils_tests/test_yaml.py ......                                           [ 82%]
python_modules/dagster/dagster_tests/general_tests/utils_tests/log_tests/test_json_logging.py ....                           [ 82%]
python_modules/dagster/dagster_tests/general_tests/utils_tests/log_tests/test_single_handler.py .                            [ 82%]
python_modules/dagster/dagster_tests/general_tests/utils_tests/log_tests/test_structured_logging.py ..                       [ 82%]
python_modules/dagster/dagster_tests/launcher_tests/test_default_run_launcher.py ...................                         [ 82%]
python_modules/dagster/dagster_tests/launcher_tests/test_persistent_grpc_run_launcher.py ....                                [ 82%]
python_modules/dagster/dagster_tests/logging_tests/test_log_capture.py .                                                     [ 82%]
python_modules/dagster/dagster_tests/logging_tests/test_log_manager.py .........                                             [ 82%]
python_modules/dagster/dagster_tests/logging_tests/test_logging.py .....................                                     [ 83%]
python_modules/dagster/dagster_tests/logging_tests/test_python_logging.py ..........................................         [ 84%]
python_modules/dagster/dagster_tests/logging_tests/test_stdout.py ..........                                                 [ 84%]
python_modules/dagster/dagster_tests/scheduler_tests/test_cron_string_iterator.py .....                                      [ 84%]
python_modules/dagster/dagster_tests/scheduler_tests/test_no_instance_with_no_resources_on_schedule.py ..                    [ 84%]
python_modules/dagster/dagster_tests/scheduler_tests/test_pythonic_resources.py ....                                         [ 84%]
python_modules/dagster/dagster_tests/scheduler_tests/test_schedule_iterator.py ........                                      [ 84%]
python_modules/dagster/dagster_tests/scheduler_tests/test_scheduler_failure_recovery.py ............                         [ 84%]
python_modules/dagster/dagster_tests/scheduler_tests/test_scheduler_run.py ................................................. [ 85%]
.............................                                                                                                [ 86%]
python_modules/dagster/dagster_tests/scheduler_tests/test_scheduler_timezones.py ..................                          [ 86%]
python_modules/dagster/dagster_tests/scheduler_tests/test_scheduler_utils.py .                                               [ 86%]
python_modules/dagster/dagster_tests/storage_tests/test_asset_events.py .....                                                [ 86%]
python_modules/dagster/dagster_tests/storage_tests/test_asset_lineage.py s                                                   [ 86%]
python_modules/dagster/dagster_tests/storage_tests/test_asset_value_loader.py ..........                                     [ 86%]
python_modules/dagster/dagster_tests/storage_tests/test_assets.py ........                                                   [ 87%]
python_modules/dagster/dagster_tests/storage_tests/test_captured_log_manager.py ...ss....                                    [ 87%]
python_modules/dagster/dagster_tests/storage_tests/test_compute_log_manager.py ...                                           [ 87%]
python_modules/dagster/dagster_tests/storage_tests/test_daemon_cursor_storage.py ...                                         [ 87%]
python_modules/dagster/dagster_tests/storage_tests/test_dagster_run.py ....                                                  [ 87%]
python_modules/dagster/dagster_tests/storage_tests/test_db_io_manager.py .............                                       [ 87%]
python_modules/dagster/dagster_tests/storage_tests/test_defensive_row_unpack.py ......                                       [ 87%]
python_modules/dagster/dagster_tests/storage_tests/test_event_log.py ..............................s....s.s................. [ 88%]
....................ssssssss..............................s.s..s......................ssss...........ssssssss............... [ 90%]
..................s.ss.s.....................................ssssssss..........ss..............s...s.s..s................... [ 93%]
...ssss.ss........ssssssss                                                                                                   [ 93%]
python_modules/dagster/dagster_tests/storage_tests/test_fs_io_manager.py ..............                                      [ 93%]
python_modules/dagster/dagster_tests/storage_tests/test_input_manager.py ..................                                  [ 94%]
python_modules/dagster/dagster_tests/storage_tests/test_io_manager.py ..................................                     [ 94%]
python_modules/dagster/dagster_tests/storage_tests/test_io_manager_asset_metadata.py .......                                 [ 95%]
python_modules/dagster/dagster_tests/storage_tests/test_io_manager_composites.py .....                                       [ 95%]
python_modules/dagster/dagster_tests/storage_tests/test_io_manager_multiprocess.py .                                         [ 95%]
python_modules/dagster/dagster_tests/storage_tests/test_io_managers_pythonic_config.py ...............                       [ 95%]
python_modules/dagster/dagster_tests/storage_tests/test_io_managers_with_graphs.py .....                                     [ 95%]
python_modules/dagster/dagster_tests/storage_tests/test_job_run.py ....                                                      [ 95%]
python_modules/dagster/dagster_tests/storage_tests/test_local_file_manager.py ...                                            [ 95%]
python_modules/dagster/dagster_tests/storage_tests/test_local_instance.py .........                                          [ 95%]
python_modules/dagster/dagster_tests/storage_tests/test_memoizable_io_manager.py ...                                         [ 95%]
python_modules/dagster/dagster_tests/storage_tests/test_partition_status_cache.py ............                               [ 96%]
python_modules/dagster/dagster_tests/storage_tests/test_polling_event_watcher.py .                                           [ 96%]
python_modules/dagster/dagster_tests/storage_tests/test_run_storage.py .........................................s........ss. [ 97%]
............sss....sss.......................................                                                                [ 98%]
python_modules/dagster/dagster_tests/storage_tests/test_schedule_storage.py ................................................ [ 99%]
...................                                                                                                          [ 99%]
python_modules/dagster/dagster_tests/storage_tests/test_schema_compat.py .                                                   [ 99%]
python_modules/dagster/dagster_tests/storage_tests/test_upath_io_manager.py ..........................F.F                    [ 99%]
python_modules/dagster/dagster_tests/storage_tests/branching_io_manager_tests/test_branching_io_manager.py ....              [ 99%]
python_modules/dagster/dagster_tests/storage_tests/branching_io_manager_tests/test_partitioned_branching_io_manager.py ..    [100%]

============================================================= FAILURES =============================================================
_____________________________________________________ test_deprecated_resource _____________________________________________________

    def test_deprecated_resource():
        @deprecated_bound
        @resource
        def foo():
            ...
    
        assert is_deprecated(foo)
    
        with pytest.warns(
            DeprecationWarning,
            match=r"Dagster resource `[^`]+foo` is deprecated and will be removed in 2.0",
        ) as warning:
            foo()
>           assert warning[0].filename.endswith("test_annotations.py")
E           AssertionError: assert False
E            +  where False = <built-in method endswith of str object at 0x7f1011593300>('test_annotations.py')
E            +    where <built-in method endswith of str object at 0x7f1011593300> = '/home/ec2-user/dagster/python_modules/dagster/dagster/_core/storage/sqlalchemy_compat.py'.endswith
E            +      where '/home/ec2-user/dagster/python_modules/dagster/dagster/_core/storage/sqlalchemy_compat.py' = <warnings.WarningMessage object at 0x7f100bc05b50>.filename

python_modules/dagster/dagster_tests/test_annotations.py:272: AssertionError
_______________________________________ test_upath_io_manager_async_multiple_time_partitions _______________________________________

step_context = <dagster._core.execution.context.system.StepExecutionContext object at 0x7f10083afeb0>, force_local_execution = False

    def dagster_event_sequence_for_step(
        step_context: StepExecutionContext, force_local_execution: bool = False
    ) -> Iterator[DagsterEvent]:
        """Yield a sequence of dagster events for the given step with the step context.
    
        This function also processes errors. It handles a few error cases:
    
            (1) User code requests to be retried:
                A RetryRequested has been raised. We will either put the step in to
                up_for_retry state or a failure state depending on the number of previous attempts
                and the max_retries on the received RetryRequested.
    
            (2) User code fails successfully:
                The user-space code has raised a Failure which may have
                explicit metadata attached.
    
            (3) User code fails unexpectedly:
                The user-space code has raised an Exception. It has been
                wrapped in an exception derived from DagsterUserCodeException. In that
                case the original user exc_info is stashed on the exception
                as the original_exc_info property.
    
            (4) Execution interrupted:
                The run was interrupted in the middle of execution (typically by a
                termination request).
    
            (5) Dagster framework error:
                The framework raised a DagsterError that indicates a usage error
                or some other error not communicated by a user-thrown exception. For example,
                if the user yields an object out of a compute function that is not a
                proper event (not an Output, ExpectationResult, etc).
    
            (6) All other errors:
                An unexpected error occurred. Either there has been an internal error in the framework
                OR we have forgotten to put a user code error boundary around invoked user-space code.
    
    
        The "raised_dagster_errors" context manager can be used to force these errors to be
        re-raised and surfaced to the user. This is mostly to get sensible errors in test and
        ad-hoc contexts, rather than forcing the user to wade through the
        JobExecutionResult API in order to find the step that failed.
    
        For tools, however, this option should be false, and a sensible error message
        signaled to the user within that tool.
    
        When we launch a step that has a step launcher, we use this function on both the host process
        and the remote process. When we run the step in the remote process, to prevent an infinite loop
        of launching steps that then launch steps, and so on, the remote process will run this with
        the force_local_execution argument set to True.
        """
        check.inst_param(step_context, "step_context", StepExecutionContext)
    
        try:
            if step_context.step_launcher and not force_local_execution:
                # info all on step_context - should deprecate second arg
                step_events = step_context.step_launcher.launch_step(step_context)
            else:
                step_events = core_dagster_event_sequence_for_step(step_context)
    
>           for step_event in check.generator(step_events):

python_modules/dagster/dagster/_core/execution/plan/execute_plan.py:273: 
_ _ _ _ _ _ _ _ _ _ _ _ _ _ _ _ _ _ _ _ _ _ _ _ _ _ _ _ _ _ _ _ _ _ _ _ _ _ _ _ _ _ _ _ _ _ _ _ _ _ _ _ _ _ _ _ _ _ _ _ _ _ _ _ _ _ 

step_context = <dagster._core.execution.context.system.StepExecutionContext object at 0x7f10083afeb0>

    def core_dagster_event_sequence_for_step(
        step_context: StepExecutionContext,
    ) -> Iterator[DagsterEvent]:
        """Execute the step within the step_context argument given the in-memory
        events. This function yields a sequence of DagsterEvents, but without
        catching any exceptions that have bubbled up during the computation
        of the step.
        """
        check.inst_param(step_context, "step_context", StepExecutionContext)
    
        if step_context.previous_attempt_count > 0:
            yield DagsterEvent.step_restarted_event(step_context, step_context.previous_attempt_count)
        else:
            yield DagsterEvent.step_start_event(step_context)
    
        inputs = {}
    
        if step_context.is_sda_step:
            step_context.fetch_external_input_asset_version_info()
    
        for step_input in step_context.step.step_inputs:
            input_def = step_context.op_def.input_def_named(step_input.name)
            dagster_type = input_def.dagster_type
    
            if dagster_type.is_nothing:
                continue
    
>           for event_or_input_value in step_input.source.load_input_object(step_context, input_def):

python_modules/dagster/dagster/_core/execution/plan/execute_step.py:372: 
_ _ _ _ _ _ _ _ _ _ _ _ _ _ _ _ _ _ _ _ _ _ _ _ _ _ _ _ _ _ _ _ _ _ _ _ _ _ _ _ _ _ _ _ _ _ _ _ _ _ _ _ _ _ _ _ _ _ _ _ _ _ _ _ _ _ 

self = FromSourceAsset(node_handle=NodeHandle(name='downstream_asset', parent=None), input_name='upstream_asset')
step_context = <dagster._core.execution.context.system.StepExecutionContext object at 0x7f10083afeb0>
input_def = <dagster._core.definitions.input.InputDefinition object at 0x7f0fdb683130>

    def load_input_object(
        self,
        step_context: "StepExecutionContext",
        input_def: InputDefinition,
    ) -> Iterator[object]:
        from dagster._core.definitions.asset_layer import AssetOutputInfo
        from dagster._core.events import DagsterEvent
        from dagster._core.execution.context.output import OutputContext
    
        asset_layer = step_context.job_def.asset_layer
    
        input_asset_key = asset_layer.asset_key_for_input(
            self.node_handle, input_name=self.input_name
        )
        assert input_asset_key is not None
    
        input_manager_key = (
            input_def.input_manager_key
            if input_def.input_manager_key
            else asset_layer.io_manager_key_for_asset(input_asset_key)
        )
    
        op_config = step_context.resolved_run_config.ops.get(str(self.node_handle))
        config_data = op_config.inputs.get(self.input_name) if op_config else None
    
        loader = getattr(step_context.resources, input_manager_key)
        resources = build_resources_for_manager(input_manager_key, step_context)
        resource_config = step_context.resolved_run_config.resources[input_manager_key].config
        load_input_context = step_context.for_input_manager(
            input_def.name,
            config_data,
            metadata=input_def.metadata,
            dagster_type=input_def.dagster_type,
            resource_config=resource_config,
            resources=resources,
            artificial_output_context=OutputContext(
                resources=resources,
                asset_info=AssetOutputInfo(
                    key=input_asset_key,
                    partitions_def=asset_layer.partitions_def_for_asset(input_asset_key),
                ),
                name=input_asset_key.path[-1],
                step_key="none",
                metadata=asset_layer.metadata_for_asset(input_asset_key),
                resource_config=resource_config,
                log_manager=step_context.log,
            ),
        )
    
>       yield from _load_input_with_input_manager(loader, load_input_context)

python_modules/dagster/dagster/_core/execution/plan/inputs.py:187: 
_ _ _ _ _ _ _ _ _ _ _ _ _ _ _ _ _ _ _ _ _ _ _ _ _ _ _ _ _ _ _ _ _ _ _ _ _ _ _ _ _ _ _ _ _ _ _ _ _ _ _ _ _ _ _ _ _ _ _ _ _ _ _ _ _ _ 

input_manager = AsyncJSONIOManager(base_dir='/tmp/pytest-of-ec2-user/pytest-0/test_upath_io_manager_async_mu0', _state__internal__=Con...ed_resources={}, resource_context=<dagster._core.execution.context.init.InitResourceContext object at 0x7f0fda746a00>))
context = <dagster._core.execution.context.input.InputContext object at 0x7f0fdbbce5b0>

    def _load_input_with_input_manager(
        input_manager: "InputManager", context: "InputContext"
    ) -> Iterator[object]:
        from dagster._core.execution.context.system import StepExecutionContext
    
        step_context = cast(StepExecutionContext, context.step_context)
        with op_execution_error_boundary(
            DagsterExecutionLoadInputError,
            msg_fn=lambda: f'Error occurred while loading input "{context.name}" of step "{step_context.step.key}":',
            step_context=step_context,
            step_key=step_context.step.key,
            input_name=context.name,
        ):
>           value = input_manager.load_input(context)

python_modules/dagster/dagster/_core/execution/plan/inputs.py:787: 
_ _ _ _ _ _ _ _ _ _ _ _ _ _ _ _ _ _ _ _ _ _ _ _ _ _ _ _ _ _ _ _ _ _ _ _ _ _ _ _ _ _ _ _ _ _ _ _ _ _ _ _ _ _ _ _ _ _ _ _ _ _ _ _ _ _ 

self = <contextlib._GeneratorContextManager object at 0x7f0fda750af0>, typ = <class 'RuntimeError'>
value = RuntimeError("There is no current event loop in thread 'MainThread'."), traceback = <traceback object at 0x7f0fda5053c0>

    def __exit__(self, typ, value, traceback):
        if typ is None:
            try:
                next(self.gen)
            except StopIteration:
                return False
            else:
                raise RuntimeError("generator didn't stop")
        else:
            if value is None:
                # Need to force instantiation so we can reliably
                # tell if we get the same exception back
                value = typ()
            try:
>               self.gen.throw(typ, value, traceback)

/usr/lib64/python3.9/contextlib.py:137: 
_ _ _ _ _ _ _ _ _ _ _ _ _ _ _ _ _ _ _ _ _ _ _ _ _ _ _ _ _ _ _ _ _ _ _ _ _ _ _ _ _ _ _ _ _ _ _ _ _ _ _ _ _ _ _ _ _ _ _ _ _ _ _ _ _ _ 

error_cls = <class 'dagster._core.errors.DagsterExecutionLoadInputError'>
msg_fn = <function _load_input_with_input_manager.<locals>.<lambda> at 0x7f1009192160>
step_context = <dagster._core.execution.context.system.StepExecutionContext object at 0x7f10083afeb0>
kwargs = {'input_name': 'upstream_asset', 'step_key': 'downstream_asset'}
StepExecutionContext = <class 'dagster._core.execution.context.system.StepExecutionContext'>, retry_policy = None

    @contextmanager
    def op_execution_error_boundary(
        error_cls: Type[DagsterUserCodeExecutionError],
        msg_fn: Callable[[], str],
        step_context: "StepExecutionContext",
        **kwargs: Any,
    ) -> Iterator[None]:
        """A specialization of user_code_error_boundary for the steps involved in executing a solid.
        This variant supports the control flow exceptions RetryRequested and Failure as well
        as respecting the RetryPolicy if present.
        """
        from dagster._core.execution.context.system import StepExecutionContext
    
        check.callable_param(msg_fn, "msg_fn")
        check.class_param(error_cls, "error_cls", superclass=DagsterUserCodeExecutionError)
        check.inst_param(step_context, "step_context", StepExecutionContext)
    
        with raise_execution_interrupts():
            step_context.log.begin_python_log_capture()
            retry_policy = step_context.op_retry_policy
    
            try:
                yield
            except DagsterError as de:
                # The system has thrown an error that is part of the user-framework contract
                raise de
    
            except Exception as e:
                # An exception has been thrown by user code and computation should cease
                # with the error reported further up the stack
    
                # Directly thrown RetryRequested escalate before evaluating the retry policy.
                if isinstance(e, RetryRequested):
                    raise e
    
                if retry_policy:
                    # if Failure with allow_retries set to false, disregard retry policy and raise
                    if isinstance(e, Failure) and not e.allow_retries:
                        raise e
    
                    raise RetryRequestedFromPolicy(
                        max_retries=retry_policy.max_retries,
                        seconds_to_wait=retry_policy.calculate_delay(
                            step_context.previous_attempt_count + 1
                        ),
                    ) from e
    
                # Failure exceptions get re-throw without wrapping
                if isinstance(e, Failure):
                    raise e
    
                # Otherwise wrap the user exception with context
>               raise error_cls(
                    msg_fn(),
                    user_exception=e,
                    original_exc_info=sys.exc_info(),
                    **kwargs,
                ) from e
E               dagster._core.errors.DagsterExecutionLoadInputError: Error occurred while loading input "upstream_asset" of step "downstream_asset":

python_modules/dagster/dagster/_core/execution/plan/utils.py:84: DagsterExecutionLoadInputError

During handling of the above exception, another exception occurred:

tmp_path = PosixPath('/tmp/pytest-of-ec2-user/pytest-0/test_upath_io_manager_async_mu0')
daily = TimeWindowPartitionsDefinition(start=1640995200.0, timezone='UTC', fmt='%Y-%m-%d', end_offset=0, cron_schedule='0 0 * * *')
start = datetime.datetime(2022, 1, 1, 0, 0)

    @requires_python38
    def test_upath_io_manager_async_multiple_time_partitions(
        tmp_path: Path,
        daily: DailyPartitionsDefinition,
        start: datetime,
    ):
        manager = AsyncJSONIOManager(base_dir=str(tmp_path))
    
        @asset(partitions_def=daily, io_manager_def=manager)
        def upstream_asset(context: AssetExecutionContext) -> str:
            return context.partition_key
    
        @asset(
            partitions_def=daily,
            io_manager_def=manager,
            ins={
                "upstream_asset": AssetIn(partition_mapping=TimeWindowPartitionMapping(start_offset=-1))
            },
        )
        def downstream_asset(upstream_asset: Dict[str, str]):
            return upstream_asset
    
        for days in range(2):
            materialize(
                [upstream_asset],
                partition_key=(start + timedelta(days=days)).strftime(daily.fmt),
            )
    
>       result = materialize(
            [upstream_asset.to_source_asset(), downstream_asset],
            partition_key=(start + timedelta(days=1)).strftime(daily.fmt),
        )

python_modules/dagster/dagster_tests/storage_tests/test_upath_io_manager.py:600: 
_ _ _ _ _ _ _ _ _ _ _ _ _ _ _ _ _ _ _ _ _ _ _ _ _ _ _ _ _ _ _ _ _ _ _ _ _ _ _ _ _ _ _ _ _ _ _ _ _ _ _ _ _ _ _ _ _ _ _ _ _ _ _ _ _ _ 
python_modules/dagster/dagster/_core/definitions/materialize.py:103: in materialize
    return check.not_none(
python_modules/dagster/dagster/_core/definitions/job_definition.py:701: in execute_in_process
    return core_execute_in_process(
python_modules/dagster/dagster/_core/execution/execute_in_process.py:76: in core_execute_in_process
    event_list = list(execute_run_iterable)
python_modules/dagster/dagster/_core/execution/api.py:868: in __iter__
    yield from self.iterator(
python_modules/dagster/dagster/_core/execution/api.py:757: in job_execution_iterator
    for event in job_context.executor.execute(job_context, execution_plan):
python_modules/dagster/dagster/_core/executor/in_process.py:55: in execute
    yield from iter(
python_modules/dagster/dagster/_core/execution/api.py:868: in __iter__
    yield from self.iterator(
python_modules/dagster/dagster/_core/executor/in_process.py:26: in inprocess_execution_iterator
    yield from inner_plan_execution_iterator(
python_modules/dagster/dagster/_core/execution/plan/execute_plan.py:119: in inner_plan_execution_iterator
    for step_event in check.generator(
python_modules/dagster/dagster/_core/execution/plan/execute_plan.py:347: in dagster_event_sequence_for_step
    raise dagster_user_error.user_exception
python_modules/dagster/dagster/_core/execution/plan/utils.py:54: in op_execution_error_boundary
    yield
python_modules/dagster/dagster/_core/execution/plan/inputs.py:787: in _load_input_with_input_manager
    value = input_manager.load_input(context)
python_modules/dagster/dagster/_core/storage/upath_io_manager.py:426: in load_input
    return self._load_multiple_inputs(context)
python_modules/dagster/dagster/_core/storage/upath_io_manager.py:388: in _load_multiple_inputs
    awaited_objects = asyncio.get_event_loop().run_until_complete(collect())
_ _ _ _ _ _ _ _ _ _ _ _ _ _ _ _ _ _ _ _ _ _ _ _ _ _ _ _ _ _ _ _ _ _ _ _ _ _ _ _ _ _ _ _ _ _ _ _ _ _ _ _ _ _ _ _ _ _ _ _ _ _ _ _ _ _ 

self = <asyncio.unix_events._UnixDefaultEventLoopPolicy object at 0x7f100bb98e80>

    def get_event_loop(self):
        """Get the event loop for the current context.
    
        Returns an instance of EventLoop or raises an exception.
        """
        if (self._local._loop is None and
                not self._local._set_called and
                threading.current_thread() is threading.main_thread()):
            self.set_event_loop(self.new_event_loop())
    
        if self._local._loop is None:
>           raise RuntimeError('There is no current event loop in thread %r.'
                               % threading.current_thread().name)
E           RuntimeError: There is no current event loop in thread 'MainThread'.

/usr/lib64/python3.9/asyncio/events.py:642: RuntimeError
------------------------------------------------------- Captured stderr call -------------------------------------------------------
INFO:alembic.runtime.migration:Context impl SQLiteImpl.
INFO:alembic.runtime.migration:Will assume non-transactional DDL.
INFO:alembic.runtime.migration:Running stamp_revision  -> 5771160a95ad
INFO:alembic.runtime.migration:Context impl SQLiteImpl.
INFO:alembic.runtime.migration:Will assume non-transactional DDL.
INFO:alembic.runtime.migration:Running stamp_revision  -> 5771160a95ad
2023-08-12 21:53:02 +0000 - dagster - DEBUG - __ephemeral_asset_job__ - bb0c41b7-2eb3-4b69-a211-4b1cd3e80451 - 26658 - RUN_START - Started execution of run for "__ephemeral_asset_job__".
2023-08-12 21:53:02 +0000 - dagster - DEBUG - __ephemeral_asset_job__ - bb0c41b7-2eb3-4b69-a211-4b1cd3e80451 - 26658 - ENGINE_EVENT - Executing steps in process (pid: 26658)
2023-08-12 21:53:02 +0000 - dagster - DEBUG - __ephemeral_asset_job__ - bb0c41b7-2eb3-4b69-a211-4b1cd3e80451 - 26658 - upstream_asset - RESOURCE_INIT_STARTED - Starting initialization of resources [upstream_asset__io_manager].
2023-08-12 21:53:02 +0000 - dagster - DEBUG - __ephemeral_asset_job__ - bb0c41b7-2eb3-4b69-a211-4b1cd3e80451 - 26658 - upstream_asset - RESOURCE_INIT_SUCCESS - Finished initialization of resources [upstream_asset__io_manager].
2023-08-12 21:53:02 +0000 - dagster - DEBUG - __ephemeral_asset_job__ - bb0c41b7-2eb3-4b69-a211-4b1cd3e80451 - 26658 - LOGS_CAPTURED - Started capturing logs in process (pid: 26658).
2023-08-12 21:53:02 +0000 - dagster - DEBUG - __ephemeral_asset_job__ - bb0c41b7-2eb3-4b69-a211-4b1cd3e80451 - 26658 - upstream_asset - STEP_START - Started execution of step "upstream_asset".
2023-08-12 21:53:02 +0000 - dagster - DEBUG - __ephemeral_asset_job__ - bb0c41b7-2eb3-4b69-a211-4b1cd3e80451 - 26658 - upstream_asset - STEP_OUTPUT - Yielded output "result" of type "String". (Type check passed).
2023-08-12 21:53:02 +0000 - dagster - DEBUG - __ephemeral_asset_job__ - bb0c41b7-2eb3-4b69-a211-4b1cd3e80451 - upstream_asset - Writing file at: /tmp/pytest-of-ec2-user/pytest-0/test_upath_io_manager_async_mu0/upstream_asset/2022-01-01 using AsyncJSONIOManager...
2023-08-12 21:53:02 +0000 - dagster - DEBUG - __ephemeral_asset_job__ - bb0c41b7-2eb3-4b69-a211-4b1cd3e80451 - 26658 - upstream_asset - ASSET_MATERIALIZATION - Materialized value upstream_asset.
2023-08-12 21:53:02 +0000 - dagster - DEBUG - __ephemeral_asset_job__ - bb0c41b7-2eb3-4b69-a211-4b1cd3e80451 - 26658 - upstream_asset - HANDLED_OUTPUT - Handled output "result" using IO manager "upstream_asset__io_manager"
2023-08-12 21:53:02 +0000 - dagster - DEBUG - __ephemeral_asset_job__ - bb0c41b7-2eb3-4b69-a211-4b1cd3e80451 - 26658 - upstream_asset - STEP_SUCCESS - Finished execution of step "upstream_asset" in 9.3ms.
2023-08-12 21:53:02 +0000 - dagster - DEBUG - __ephemeral_asset_job__ - bb0c41b7-2eb3-4b69-a211-4b1cd3e80451 - 26658 - ENGINE_EVENT - Finished steps in process (pid: 26658) in 19ms
2023-08-12 21:53:02 +0000 - dagster - DEBUG - __ephemeral_asset_job__ - bb0c41b7-2eb3-4b69-a211-4b1cd3e80451 - 26658 - RUN_SUCCESS - Finished execution of run for "__ephemeral_asset_job__".
INFO:alembic.runtime.migration:Context impl SQLiteImpl.
INFO:alembic.runtime.migration:Will assume non-transactional DDL.
INFO:alembic.runtime.migration:Running stamp_revision  -> 5771160a95ad
INFO:alembic.runtime.migration:Context impl SQLiteImpl.
INFO:alembic.runtime.migration:Will assume non-transactional DDL.
INFO:alembic.runtime.migration:Running stamp_revision  -> 5771160a95ad
2023-08-12 21:53:03 +0000 - dagster - DEBUG - __ephemeral_asset_job__ - a4130317-6d5d-425d-9161-0c9f63b1f3a1 - 26658 - RUN_START - Started execution of run for "__ephemeral_asset_job__".
2023-08-12 21:53:03 +0000 - dagster - DEBUG - __ephemeral_asset_job__ - a4130317-6d5d-425d-9161-0c9f63b1f3a1 - 26658 - ENGINE_EVENT - Executing steps in process (pid: 26658)
2023-08-12 21:53:03 +0000 - dagster - DEBUG - __ephemeral_asset_job__ - a4130317-6d5d-425d-9161-0c9f63b1f3a1 - 26658 - upstream_asset - RESOURCE_INIT_STARTED - Starting initialization of resources [upstream_asset__io_manager].
2023-08-12 21:53:03 +0000 - dagster - DEBUG - __ephemeral_asset_job__ - a4130317-6d5d-425d-9161-0c9f63b1f3a1 - 26658 - upstream_asset - RESOURCE_INIT_SUCCESS - Finished initialization of resources [upstream_asset__io_manager].
2023-08-12 21:53:03 +0000 - dagster - DEBUG - __ephemeral_asset_job__ - a4130317-6d5d-425d-9161-0c9f63b1f3a1 - 26658 - LOGS_CAPTURED - Started capturing logs in process (pid: 26658).
2023-08-12 21:53:03 +0000 - dagster - DEBUG - __ephemeral_asset_job__ - a4130317-6d5d-425d-9161-0c9f63b1f3a1 - 26658 - upstream_asset - STEP_START - Started execution of step "upstream_asset".
2023-08-12 21:53:03 +0000 - dagster - DEBUG - __ephemeral_asset_job__ - a4130317-6d5d-425d-9161-0c9f63b1f3a1 - 26658 - upstream_asset - STEP_OUTPUT - Yielded output "result" of type "String". (Type check passed).
2023-08-12 21:53:03 +0000 - dagster - DEBUG - __ephemeral_asset_job__ - a4130317-6d5d-425d-9161-0c9f63b1f3a1 - upstream_asset - Writing file at: /tmp/pytest-of-ec2-user/pytest-0/test_upath_io_manager_async_mu0/upstream_asset/2022-01-02 using AsyncJSONIOManager...
2023-08-12 21:53:03 +0000 - dagster - DEBUG - __ephemeral_asset_job__ - a4130317-6d5d-425d-9161-0c9f63b1f3a1 - 26658 - upstream_asset - ASSET_MATERIALIZATION - Materialized value upstream_asset.
2023-08-12 21:53:03 +0000 - dagster - DEBUG - __ephemeral_asset_job__ - a4130317-6d5d-425d-9161-0c9f63b1f3a1 - 26658 - upstream_asset - HANDLED_OUTPUT - Handled output "result" using IO manager "upstream_asset__io_manager"
2023-08-12 21:53:03 +0000 - dagster - DEBUG - __ephemeral_asset_job__ - a4130317-6d5d-425d-9161-0c9f63b1f3a1 - 26658 - upstream_asset - STEP_SUCCESS - Finished execution of step "upstream_asset" in 9.22ms.
2023-08-12 21:53:03 +0000 - dagster - DEBUG - __ephemeral_asset_job__ - a4130317-6d5d-425d-9161-0c9f63b1f3a1 - 26658 - ENGINE_EVENT - Finished steps in process (pid: 26658) in 19ms
2023-08-12 21:53:03 +0000 - dagster - DEBUG - __ephemeral_asset_job__ - a4130317-6d5d-425d-9161-0c9f63b1f3a1 - 26658 - RUN_SUCCESS - Finished execution of run for "__ephemeral_asset_job__".
INFO:alembic.runtime.migration:Context impl SQLiteImpl.
INFO:alembic.runtime.migration:Will assume non-transactional DDL.
INFO:alembic.runtime.migration:Running stamp_revision  -> 5771160a95ad
INFO:alembic.runtime.migration:Context impl SQLiteImpl.
INFO:alembic.runtime.migration:Will assume non-transactional DDL.
INFO:alembic.runtime.migration:Running stamp_revision  -> 5771160a95ad
2023-08-12 21:53:03 +0000 - dagster - DEBUG - __ephemeral_asset_job__ - ef7b0471-d2c6-4c9d-ae08-b572748857b9 - 26658 - RUN_START - Started execution of run for "__ephemeral_asset_job__".
2023-08-12 21:53:03 +0000 - dagster - DEBUG - __ephemeral_asset_job__ - ef7b0471-d2c6-4c9d-ae08-b572748857b9 - 26658 - ENGINE_EVENT - Executing steps in process (pid: 26658)
2023-08-12 21:53:03 +0000 - dagster - DEBUG - __ephemeral_asset_job__ - ef7b0471-d2c6-4c9d-ae08-b572748857b9 - 26658 - downstream_asset - RESOURCE_INIT_STARTED - Starting initialization of resources [downstream_asset__io_manager, upstream_asset__io_manager].
2023-08-12 21:53:03 +0000 - dagster - DEBUG - __ephemeral_asset_job__ - ef7b0471-d2c6-4c9d-ae08-b572748857b9 - 26658 - downstream_asset - RESOURCE_INIT_SUCCESS - Finished initialization of resources [downstream_asset__io_manager, upstream_asset__io_manager].
2023-08-12 21:53:03 +0000 - dagster - DEBUG - __ephemeral_asset_job__ - ef7b0471-d2c6-4c9d-ae08-b572748857b9 - 26658 - LOGS_CAPTURED - Started capturing logs in process (pid: 26658).
2023-08-12 21:53:03 +0000 - dagster - DEBUG - __ephemeral_asset_job__ - ef7b0471-d2c6-4c9d-ae08-b572748857b9 - 26658 - downstream_asset - STEP_START - Started execution of step "downstream_asset".
2023-08-12 21:53:03 +0000 - dagster - DEBUG - __ephemeral_asset_job__ - ef7b0471-d2c6-4c9d-ae08-b572748857b9 - downstream_asset - Loading 2 partitions...
2023-08-12 21:53:03 +0000 - dagster - ERROR - __ephemeral_asset_job__ - ef7b0471-d2c6-4c9d-ae08-b572748857b9 - 26658 - downstream_asset - STEP_FAILURE - Execution of step "downstream_asset" failed.

dagster._core.errors.DagsterExecutionLoadInputError: Error occurred while loading input "upstream_asset" of step "downstream_asset"::

RuntimeError: There is no current event loop in thread 'MainThread'.

Stack Trace:
  File "/home/ec2-user/dagster/python_modules/dagster/dagster/_core/execution/plan/utils.py", line 54, in op_execution_error_boundary
    yield
  File "/home/ec2-user/dagster/python_modules/dagster/dagster/_core/execution/plan/inputs.py", line 787, in _load_input_with_input_manager
    value = input_manager.load_input(context)
  File "/home/ec2-user/dagster/python_modules/dagster/dagster/_core/storage/upath_io_manager.py", line 426, in load_input
    return self._load_multiple_inputs(context)
  File "/home/ec2-user/dagster/python_modules/dagster/dagster/_core/storage/upath_io_manager.py", line 388, in _load_multiple_inputs
    awaited_objects = asyncio.get_event_loop().run_until_complete(collect())
  File "/usr/lib64/python3.9/asyncio/events.py", line 642, in get_event_loop
    raise RuntimeError('There is no current event loop in thread %r.'

2023-08-12 21:53:03 +0000 - dagster - ERROR - __ephemeral_asset_job__ - ef7b0471-d2c6-4c9d-ae08-b572748857b9 - 26658 - RUN_FAILURE - Execution of run for "__ephemeral_asset_job__" failed. An exception was thrown during execution.

RuntimeError: There is no current event loop in thread 'MainThread'.

Stack Trace:
  File "/home/ec2-user/dagster/python_modules/dagster/dagster/_core/execution/api.py", line 757, in job_execution_iterator
    for event in job_context.executor.execute(job_context, execution_plan):
  File "/home/ec2-user/dagster/python_modules/dagster/dagster/_core/executor/in_process.py", line 55, in execute
    yield from iter(
  File "/home/ec2-user/dagster/python_modules/dagster/dagster/_core/execution/api.py", line 868, in __iter__
    yield from self.iterator(
  File "/home/ec2-user/dagster/python_modules/dagster/dagster/_core/executor/in_process.py", line 26, in inprocess_execution_iterator
    yield from inner_plan_execution_iterator(
  File "/home/ec2-user/dagster/python_modules/dagster/dagster/_core/execution/plan/execute_plan.py", line 119, in inner_plan_execution_iterator
    for step_event in check.generator(
  File "/home/ec2-user/dagster/python_modules/dagster/dagster/_core/execution/plan/execute_plan.py", line 347, in dagster_event_sequence_for_step
    raise dagster_user_error.user_exception
  File "/home/ec2-user/dagster/python_modules/dagster/dagster/_core/execution/plan/utils.py", line 54, in op_execution_error_boundary
    yield
  File "/home/ec2-user/dagster/python_modules/dagster/dagster/_core/execution/plan/inputs.py", line 787, in _load_input_with_input_manager
    value = input_manager.load_input(context)
  File "/home/ec2-user/dagster/python_modules/dagster/dagster/_core/storage/upath_io_manager.py", line 426, in load_input
    return self._load_multiple_inputs(context)
  File "/home/ec2-user/dagster/python_modules/dagster/dagster/_core/storage/upath_io_manager.py", line 388, in _load_multiple_inputs
    awaited_objects = asyncio.get_event_loop().run_until_complete(collect())
  File "/usr/lib64/python3.9/asyncio/events.py", line 642, in get_event_loop
    raise RuntimeError('There is no current event loop in thread %r.'

The above exception occurred during handling of the following exception:
dagster._core.errors.DagsterExecutionLoadInputError: Error occurred while loading input "upstream_asset" of step "downstream_asset":

Stack Trace:
  File "/home/ec2-user/dagster/python_modules/dagster/dagster/_core/execution/plan/execute_plan.py", line 273, in dagster_event_sequence_for_step
    for step_event in check.generator(step_events):
  File "/home/ec2-user/dagster/python_modules/dagster/dagster/_core/execution/plan/execute_step.py", line 372, in core_dagster_event_sequence_for_step
    for event_or_input_value in step_input.source.load_input_object(step_context, input_def):
  File "/home/ec2-user/dagster/python_modules/dagster/dagster/_core/execution/plan/inputs.py", line 187, in load_input_object
    yield from _load_input_with_input_manager(loader, load_input_context)
  File "/home/ec2-user/dagster/python_modules/dagster/dagster/_core/execution/plan/inputs.py", line 787, in _load_input_with_input_manager
    value = input_manager.load_input(context)
  File "/usr/lib64/python3.9/contextlib.py", line 137, in __exit__
    self.gen.throw(typ, value, traceback)
  File "/home/ec2-user/dagster/python_modules/dagster/dagster/_core/execution/plan/utils.py", line 84, in op_execution_error_boundary
    raise error_cls(

-------------------------------------------------------- Captured log call ---------------------------------------------------------
INFO     alembic.runtime.migration:migration.py:213 Context impl SQLiteImpl.
INFO     alembic.runtime.migration:migration.py:216 Will assume non-transactional DDL.
INFO     alembic.runtime.migration:migration.py:621 Running stamp_revision  -> 5771160a95ad
INFO     alembic.runtime.migration:migration.py:213 Context impl SQLiteImpl.
INFO     alembic.runtime.migration:migration.py:216 Will assume non-transactional DDL.
INFO     alembic.runtime.migration:migration.py:621 Running stamp_revision  -> 5771160a95ad
INFO     alembic.runtime.migration:migration.py:213 Context impl SQLiteImpl.
INFO     alembic.runtime.migration:migration.py:216 Will assume non-transactional DDL.
INFO     alembic.runtime.migration:migration.py:621 Running stamp_revision  -> 5771160a95ad
INFO     alembic.runtime.migration:migration.py:213 Context impl SQLiteImpl.
INFO     alembic.runtime.migration:migration.py:216 Will assume non-transactional DDL.
INFO     alembic.runtime.migration:migration.py:621 Running stamp_revision  -> 5771160a95ad
INFO     alembic.runtime.migration:migration.py:213 Context impl SQLiteImpl.
INFO     alembic.runtime.migration:migration.py:216 Will assume non-transactional DDL.
INFO     alembic.runtime.migration:migration.py:621 Running stamp_revision  -> 5771160a95ad
INFO     alembic.runtime.migration:migration.py:213 Context impl SQLiteImpl.
INFO     alembic.runtime.migration:migration.py:216 Will assume non-transactional DDL.
INFO     alembic.runtime.migration:migration.py:621 Running stamp_revision  -> 5771160a95ad
_______________________________________ test_upath_io_manager_async_allow_missing_partitions _______________________________________

step_context = <dagster._core.execution.context.system.StepExecutionContext object at 0x7f1001d65910>, force_local_execution = False

    def dagster_event_sequence_for_step(
        step_context: StepExecutionContext, force_local_execution: bool = False
    ) -> Iterator[DagsterEvent]:
        """Yield a sequence of dagster events for the given step with the step context.
    
        This function also processes errors. It handles a few error cases:
    
            (1) User code requests to be retried:
                A RetryRequested has been raised. We will either put the step in to
                up_for_retry state or a failure state depending on the number of previous attempts
                and the max_retries on the received RetryRequested.
    
            (2) User code fails successfully:
                The user-space code has raised a Failure which may have
                explicit metadata attached.
    
            (3) User code fails unexpectedly:
                The user-space code has raised an Exception. It has been
                wrapped in an exception derived from DagsterUserCodeException. In that
                case the original user exc_info is stashed on the exception
                as the original_exc_info property.
    
            (4) Execution interrupted:
                The run was interrupted in the middle of execution (typically by a
                termination request).
    
            (5) Dagster framework error:
                The framework raised a DagsterError that indicates a usage error
                or some other error not communicated by a user-thrown exception. For example,
                if the user yields an object out of a compute function that is not a
                proper event (not an Output, ExpectationResult, etc).
    
            (6) All other errors:
                An unexpected error occurred. Either there has been an internal error in the framework
                OR we have forgotten to put a user code error boundary around invoked user-space code.
    
    
        The "raised_dagster_errors" context manager can be used to force these errors to be
        re-raised and surfaced to the user. This is mostly to get sensible errors in test and
        ad-hoc contexts, rather than forcing the user to wade through the
        JobExecutionResult API in order to find the step that failed.
    
        For tools, however, this option should be false, and a sensible error message
        signaled to the user within that tool.
    
        When we launch a step that has a step launcher, we use this function on both the host process
        and the remote process. When we run the step in the remote process, to prevent an infinite loop
        of launching steps that then launch steps, and so on, the remote process will run this with
        the force_local_execution argument set to True.
        """
        check.inst_param(step_context, "step_context", StepExecutionContext)
    
        try:
            if step_context.step_launcher and not force_local_execution:
                # info all on step_context - should deprecate second arg
                step_events = step_context.step_launcher.launch_step(step_context)
            else:
                step_events = core_dagster_event_sequence_for_step(step_context)
    
>           for step_event in check.generator(step_events):

python_modules/dagster/dagster/_core/execution/plan/execute_plan.py:273: 
_ _ _ _ _ _ _ _ _ _ _ _ _ _ _ _ _ _ _ _ _ _ _ _ _ _ _ _ _ _ _ _ _ _ _ _ _ _ _ _ _ _ _ _ _ _ _ _ _ _ _ _ _ _ _ _ _ _ _ _ _ _ _ _ _ _ 

step_context = <dagster._core.execution.context.system.StepExecutionContext object at 0x7f1001d65910>

    def core_dagster_event_sequence_for_step(
        step_context: StepExecutionContext,
    ) -> Iterator[DagsterEvent]:
        """Execute the step within the step_context argument given the in-memory
        events. This function yields a sequence of DagsterEvents, but without
        catching any exceptions that have bubbled up during the computation
        of the step.
        """
        check.inst_param(step_context, "step_context", StepExecutionContext)
    
        if step_context.previous_attempt_count > 0:
            yield DagsterEvent.step_restarted_event(step_context, step_context.previous_attempt_count)
        else:
            yield DagsterEvent.step_start_event(step_context)
    
        inputs = {}
    
        if step_context.is_sda_step:
            step_context.fetch_external_input_asset_version_info()
    
        for step_input in step_context.step.step_inputs:
            input_def = step_context.op_def.input_def_named(step_input.name)
            dagster_type = input_def.dagster_type
    
            if dagster_type.is_nothing:
                continue
    
>           for event_or_input_value in step_input.source.load_input_object(step_context, input_def):

python_modules/dagster/dagster/_core/execution/plan/execute_step.py:372: 
_ _ _ _ _ _ _ _ _ _ _ _ _ _ _ _ _ _ _ _ _ _ _ _ _ _ _ _ _ _ _ _ _ _ _ _ _ _ _ _ _ _ _ _ _ _ _ _ _ _ _ _ _ _ _ _ _ _ _ _ _ _ _ _ _ _ 

self = FromSourceAsset(node_handle=NodeHandle(name='downstream_asset', parent=None), input_name='upstream_asset')
step_context = <dagster._core.execution.context.system.StepExecutionContext object at 0x7f1001d65910>
input_def = <dagster._core.definitions.input.InputDefinition object at 0x7f1001b2c4c0>

    def load_input_object(
        self,
        step_context: "StepExecutionContext",
        input_def: InputDefinition,
    ) -> Iterator[object]:
        from dagster._core.definitions.asset_layer import AssetOutputInfo
        from dagster._core.events import DagsterEvent
        from dagster._core.execution.context.output import OutputContext
    
        asset_layer = step_context.job_def.asset_layer
    
        input_asset_key = asset_layer.asset_key_for_input(
            self.node_handle, input_name=self.input_name
        )
        assert input_asset_key is not None
    
        input_manager_key = (
            input_def.input_manager_key
            if input_def.input_manager_key
            else asset_layer.io_manager_key_for_asset(input_asset_key)
        )
    
        op_config = step_context.resolved_run_config.ops.get(str(self.node_handle))
        config_data = op_config.inputs.get(self.input_name) if op_config else None
    
        loader = getattr(step_context.resources, input_manager_key)
        resources = build_resources_for_manager(input_manager_key, step_context)
        resource_config = step_context.resolved_run_config.resources[input_manager_key].config
        load_input_context = step_context.for_input_manager(
            input_def.name,
            config_data,
            metadata=input_def.metadata,
            dagster_type=input_def.dagster_type,
            resource_config=resource_config,
            resources=resources,
            artificial_output_context=OutputContext(
                resources=resources,
                asset_info=AssetOutputInfo(
                    key=input_asset_key,
                    partitions_def=asset_layer.partitions_def_for_asset(input_asset_key),
                ),
                name=input_asset_key.path[-1],
                step_key="none",
                metadata=asset_layer.metadata_for_asset(input_asset_key),
                resource_config=resource_config,
                log_manager=step_context.log,
            ),
        )
    
>       yield from _load_input_with_input_manager(loader, load_input_context)

python_modules/dagster/dagster/_core/execution/plan/inputs.py:187: 
_ _ _ _ _ _ _ _ _ _ _ _ _ _ _ _ _ _ _ _ _ _ _ _ _ _ _ _ _ _ _ _ _ _ _ _ _ _ _ _ _ _ _ _ _ _ _ _ _ _ _ _ _ _ _ _ _ _ _ _ _ _ _ _ _ _ 

input_manager = AsyncJSONIOManager(base_dir='/tmp/pytest-of-ec2-user/pytest-0/test_upath_io_manager_async_al0', _state__internal__=Con...ed_resources={}, resource_context=<dagster._core.execution.context.init.InitResourceContext object at 0x7f1001924880>))
context = <dagster._core.execution.context.input.InputContext object at 0x7f100abb5910>

    def _load_input_with_input_manager(
        input_manager: "InputManager", context: "InputContext"
    ) -> Iterator[object]:
        from dagster._core.execution.context.system import StepExecutionContext
    
        step_context = cast(StepExecutionContext, context.step_context)
        with op_execution_error_boundary(
            DagsterExecutionLoadInputError,
            msg_fn=lambda: f'Error occurred while loading input "{context.name}" of step "{step_context.step.key}":',
            step_context=step_context,
            step_key=step_context.step.key,
            input_name=context.name,
        ):
>           value = input_manager.load_input(context)

python_modules/dagster/dagster/_core/execution/plan/inputs.py:787: 
_ _ _ _ _ _ _ _ _ _ _ _ _ _ _ _ _ _ _ _ _ _ _ _ _ _ _ _ _ _ _ _ _ _ _ _ _ _ _ _ _ _ _ _ _ _ _ _ _ _ _ _ _ _ _ _ _ _ _ _ _ _ _ _ _ _ 

self = <contextlib._GeneratorContextManager object at 0x7f0fda449580>, typ = <class 'RuntimeError'>
value = RuntimeError("There is no current event loop in thread 'MainThread'."), traceback = <traceback object at 0x7f0fb6f9f800>

    def __exit__(self, typ, value, traceback):
        if typ is None:
            try:
                next(self.gen)
            except StopIteration:
                return False
            else:
                raise RuntimeError("generator didn't stop")
        else:
            if value is None:
                # Need to force instantiation so we can reliably
                # tell if we get the same exception back
                value = typ()
            try:
>               self.gen.throw(typ, value, traceback)

/usr/lib64/python3.9/contextlib.py:137: 
_ _ _ _ _ _ _ _ _ _ _ _ _ _ _ _ _ _ _ _ _ _ _ _ _ _ _ _ _ _ _ _ _ _ _ _ _ _ _ _ _ _ _ _ _ _ _ _ _ _ _ _ _ _ _ _ _ _ _ _ _ _ _ _ _ _ 

error_cls = <class 'dagster._core.errors.DagsterExecutionLoadInputError'>
msg_fn = <function _load_input_with_input_manager.<locals>.<lambda> at 0x7f1001a5d820>
step_context = <dagster._core.execution.context.system.StepExecutionContext object at 0x7f1001d65910>
kwargs = {'input_name': 'upstream_asset', 'step_key': 'downstream_asset'}
StepExecutionContext = <class 'dagster._core.execution.context.system.StepExecutionContext'>, retry_policy = None

    @contextmanager
    def op_execution_error_boundary(
        error_cls: Type[DagsterUserCodeExecutionError],
        msg_fn: Callable[[], str],
        step_context: "StepExecutionContext",
        **kwargs: Any,
    ) -> Iterator[None]:
        """A specialization of user_code_error_boundary for the steps involved in executing a solid.
        This variant supports the control flow exceptions RetryRequested and Failure as well
        as respecting the RetryPolicy if present.
        """
        from dagster._core.execution.context.system import StepExecutionContext
    
        check.callable_param(msg_fn, "msg_fn")
        check.class_param(error_cls, "error_cls", superclass=DagsterUserCodeExecutionError)
        check.inst_param(step_context, "step_context", StepExecutionContext)
    
        with raise_execution_interrupts():
            step_context.log.begin_python_log_capture()
            retry_policy = step_context.op_retry_policy
    
            try:
                yield
            except DagsterError as de:
                # The system has thrown an error that is part of the user-framework contract
                raise de
    
            except Exception as e:
                # An exception has been thrown by user code and computation should cease
                # with the error reported further up the stack
    
                # Directly thrown RetryRequested escalate before evaluating the retry policy.
                if isinstance(e, RetryRequested):
                    raise e
    
                if retry_policy:
                    # if Failure with allow_retries set to false, disregard retry policy and raise
                    if isinstance(e, Failure) and not e.allow_retries:
                        raise e
    
                    raise RetryRequestedFromPolicy(
                        max_retries=retry_policy.max_retries,
                        seconds_to_wait=retry_policy.calculate_delay(
                            step_context.previous_attempt_count + 1
                        ),
                    ) from e
    
                # Failure exceptions get re-throw without wrapping
                if isinstance(e, Failure):
                    raise e
    
                # Otherwise wrap the user exception with context
>               raise error_cls(
                    msg_fn(),
                    user_exception=e,
                    original_exc_info=sys.exc_info(),
                    **kwargs,
                ) from e
E               dagster._core.errors.DagsterExecutionLoadInputError: Error occurred while loading input "upstream_asset" of step "downstream_asset":

python_modules/dagster/dagster/_core/execution/plan/utils.py:84: DagsterExecutionLoadInputError

During handling of the above exception, another exception occurred:

tmp_path = PosixPath('/tmp/pytest-of-ec2-user/pytest-0/test_upath_io_manager_async_al0')
daily = TimeWindowPartitionsDefinition(start=1640995200.0, timezone='UTC', fmt='%Y-%m-%d', end_offset=0, cron_schedule='0 0 * * *')
start = datetime.datetime(2022, 1, 1, 0, 0)

    @requires_python38
    def test_upath_io_manager_async_allow_missing_partitions(
        tmp_path: Path,
        daily: DailyPartitionsDefinition,
        start: datetime,
    ):
        manager = AsyncJSONIOManager(base_dir=str(tmp_path))
    
        @asset(partitions_def=daily, io_manager_def=manager)
        def upstream_asset(context: AssetExecutionContext) -> str:
            return context.partition_key
    
        @asset(
            partitions_def=daily,
            io_manager_def=manager,
            ins={
                "upstream_asset": AssetIn(
                    partition_mapping=TimeWindowPartitionMapping(start_offset=-1),
                    metadata={"allow_missing_partitions": True},
                )
            },
        )
        def downstream_asset(upstream_asset: Dict[str, str]):
            return upstream_asset
    
        materialize(
            [upstream_asset],
            partition_key=start.strftime(daily.fmt),
        )
    
>       result = materialize(
            [upstream_asset.to_source_asset(), downstream_asset],
            partition_key=(start + timedelta(days=1)).strftime(daily.fmt),
        )

python_modules/dagster/dagster_tests/storage_tests/test_upath_io_manager.py:672: 
_ _ _ _ _ _ _ _ _ _ _ _ _ _ _ _ _ _ _ _ _ _ _ _ _ _ _ _ _ _ _ _ _ _ _ _ _ _ _ _ _ _ _ _ _ _ _ _ _ _ _ _ _ _ _ _ _ _ _ _ _ _ _ _ _ _ 
python_modules/dagster/dagster/_core/definitions/materialize.py:103: in materialize
    return check.not_none(
python_modules/dagster/dagster/_core/definitions/job_definition.py:701: in execute_in_process
    return core_execute_in_process(
python_modules/dagster/dagster/_core/execution/execute_in_process.py:76: in core_execute_in_process
    event_list = list(execute_run_iterable)
python_modules/dagster/dagster/_core/execution/api.py:868: in __iter__
    yield from self.iterator(
python_modules/dagster/dagster/_core/execution/api.py:757: in job_execution_iterator
    for event in job_context.executor.execute(job_context, execution_plan):
python_modules/dagster/dagster/_core/executor/in_process.py:55: in execute
    yield from iter(
python_modules/dagster/dagster/_core/execution/api.py:868: in __iter__
    yield from self.iterator(
python_modules/dagster/dagster/_core/executor/in_process.py:26: in inprocess_execution_iterator
    yield from inner_plan_execution_iterator(
python_modules/dagster/dagster/_core/execution/plan/execute_plan.py:119: in inner_plan_execution_iterator
    for step_event in check.generator(
python_modules/dagster/dagster/_core/execution/plan/execute_plan.py:347: in dagster_event_sequence_for_step
    raise dagster_user_error.user_exception
python_modules/dagster/dagster/_core/execution/plan/utils.py:54: in op_execution_error_boundary
    yield
python_modules/dagster/dagster/_core/execution/plan/inputs.py:787: in _load_input_with_input_manager
    value = input_manager.load_input(context)
python_modules/dagster/dagster/_core/storage/upath_io_manager.py:426: in load_input
    return self._load_multiple_inputs(context)
python_modules/dagster/dagster/_core/storage/upath_io_manager.py:388: in _load_multiple_inputs
    awaited_objects = asyncio.get_event_loop().run_until_complete(collect())
_ _ _ _ _ _ _ _ _ _ _ _ _ _ _ _ _ _ _ _ _ _ _ _ _ _ _ _ _ _ _ _ _ _ _ _ _ _ _ _ _ _ _ _ _ _ _ _ _ _ _ _ _ _ _ _ _ _ _ _ _ _ _ _ _ _ 

self = <asyncio.unix_events._UnixDefaultEventLoopPolicy object at 0x7f100bb98e80>

    def get_event_loop(self):
        """Get the event loop for the current context.
    
        Returns an instance of EventLoop or raises an exception.
        """
        if (self._local._loop is None and
                not self._local._set_called and
                threading.current_thread() is threading.main_thread()):
            self.set_event_loop(self.new_event_loop())
    
        if self._local._loop is None:
>           raise RuntimeError('There is no current event loop in thread %r.'
                               % threading.current_thread().name)
E           RuntimeError: There is no current event loop in thread 'MainThread'.

/usr/lib64/python3.9/asyncio/events.py:642: RuntimeError
------------------------------------------------------- Captured stderr call -------------------------------------------------------
INFO:alembic.runtime.migration:Context impl SQLiteImpl.
INFO:alembic.runtime.migration:Will assume non-transactional DDL.
INFO:alembic.runtime.migration:Running stamp_revision  -> 5771160a95ad
INFO:alembic.runtime.migration:Context impl SQLiteImpl.
INFO:alembic.runtime.migration:Will assume non-transactional DDL.
INFO:alembic.runtime.migration:Running stamp_revision  -> 5771160a95ad
2023-08-12 21:53:03 +0000 - dagster - DEBUG - __ephemeral_asset_job__ - 163a8165-e493-4924-84c5-fc34091f9e11 - 26658 - RUN_START - Started execution of run for "__ephemeral_asset_job__".
2023-08-12 21:53:03 +0000 - dagster - DEBUG - __ephemeral_asset_job__ - 163a8165-e493-4924-84c5-fc34091f9e11 - 26658 - ENGINE_EVENT - Executing steps in process (pid: 26658)
2023-08-12 21:53:03 +0000 - dagster - DEBUG - __ephemeral_asset_job__ - 163a8165-e493-4924-84c5-fc34091f9e11 - 26658 - upstream_asset - RESOURCE_INIT_STARTED - Starting initialization of resources [upstream_asset__io_manager].
2023-08-12 21:53:03 +0000 - dagster - DEBUG - __ephemeral_asset_job__ - 163a8165-e493-4924-84c5-fc34091f9e11 - 26658 - upstream_asset - RESOURCE_INIT_SUCCESS - Finished initialization of resources [upstream_asset__io_manager].
2023-08-12 21:53:03 +0000 - dagster - DEBUG - __ephemeral_asset_job__ - 163a8165-e493-4924-84c5-fc34091f9e11 - 26658 - LOGS_CAPTURED - Started capturing logs in process (pid: 26658).
2023-08-12 21:53:03 +0000 - dagster - DEBUG - __ephemeral_asset_job__ - 163a8165-e493-4924-84c5-fc34091f9e11 - 26658 - upstream_asset - STEP_START - Started execution of step "upstream_asset".
2023-08-12 21:53:03 +0000 - dagster - DEBUG - __ephemeral_asset_job__ - 163a8165-e493-4924-84c5-fc34091f9e11 - 26658 - upstream_asset - STEP_OUTPUT - Yielded output "result" of type "String". (Type check passed).
2023-08-12 21:53:03 +0000 - dagster - DEBUG - __ephemeral_asset_job__ - 163a8165-e493-4924-84c5-fc34091f9e11 - upstream_asset - Writing file at: /tmp/pytest-of-ec2-user/pytest-0/test_upath_io_manager_async_al0/upstream_asset/2022-01-01 using AsyncJSONIOManager...
2023-08-12 21:53:03 +0000 - dagster - DEBUG - __ephemeral_asset_job__ - 163a8165-e493-4924-84c5-fc34091f9e11 - 26658 - upstream_asset - ASSET_MATERIALIZATION - Materialized value upstream_asset.
2023-08-12 21:53:03 +0000 - dagster - DEBUG - __ephemeral_asset_job__ - 163a8165-e493-4924-84c5-fc34091f9e11 - 26658 - upstream_asset - HANDLED_OUTPUT - Handled output "result" using IO manager "upstream_asset__io_manager"
2023-08-12 21:53:03 +0000 - dagster - DEBUG - __ephemeral_asset_job__ - 163a8165-e493-4924-84c5-fc34091f9e11 - 26658 - upstream_asset - STEP_SUCCESS - Finished execution of step "upstream_asset" in 9.18ms.
2023-08-12 21:53:03 +0000 - dagster - DEBUG - __ephemeral_asset_job__ - 163a8165-e493-4924-84c5-fc34091f9e11 - 26658 - ENGINE_EVENT - Finished steps in process (pid: 26658) in 19ms
2023-08-12 21:53:03 +0000 - dagster - DEBUG - __ephemeral_asset_job__ - 163a8165-e493-4924-84c5-fc34091f9e11 - 26658 - RUN_SUCCESS - Finished execution of run for "__ephemeral_asset_job__".
INFO:alembic.runtime.migration:Context impl SQLiteImpl.
INFO:alembic.runtime.migration:Will assume non-transactional DDL.
INFO:alembic.runtime.migration:Running stamp_revision  -> 5771160a95ad
INFO:alembic.runtime.migration:Context impl SQLiteImpl.
INFO:alembic.runtime.migration:Will assume non-transactional DDL.
INFO:alembic.runtime.migration:Running stamp_revision  -> 5771160a95ad
2023-08-12 21:53:03 +0000 - dagster - DEBUG - __ephemeral_asset_job__ - 83d0f751-94ba-4d62-b71e-9e00fc6ae892 - 26658 - RUN_START - Started execution of run for "__ephemeral_asset_job__".
2023-08-12 21:53:03 +0000 - dagster - DEBUG - __ephemeral_asset_job__ - 83d0f751-94ba-4d62-b71e-9e00fc6ae892 - 26658 - ENGINE_EVENT - Executing steps in process (pid: 26658)
2023-08-12 21:53:03 +0000 - dagster - DEBUG - __ephemeral_asset_job__ - 83d0f751-94ba-4d62-b71e-9e00fc6ae892 - 26658 - downstream_asset - RESOURCE_INIT_STARTED - Starting initialization of resources [downstream_asset__io_manager, upstream_asset__io_manager].
2023-08-12 21:53:03 +0000 - dagster - DEBUG - __ephemeral_asset_job__ - 83d0f751-94ba-4d62-b71e-9e00fc6ae892 - 26658 - downstream_asset - RESOURCE_INIT_SUCCESS - Finished initialization of resources [downstream_asset__io_manager, upstream_asset__io_manager].
2023-08-12 21:53:03 +0000 - dagster - DEBUG - __ephemeral_asset_job__ - 83d0f751-94ba-4d62-b71e-9e00fc6ae892 - 26658 - LOGS_CAPTURED - Started capturing logs in process (pid: 26658).
2023-08-12 21:53:03 +0000 - dagster - DEBUG - __ephemeral_asset_job__ - 83d0f751-94ba-4d62-b71e-9e00fc6ae892 - 26658 - downstream_asset - STEP_START - Started execution of step "downstream_asset".
2023-08-12 21:53:03 +0000 - dagster - DEBUG - __ephemeral_asset_job__ - 83d0f751-94ba-4d62-b71e-9e00fc6ae892 - downstream_asset - Loading 2 partitions...
2023-08-12 21:53:03 +0000 - dagster - ERROR - __ephemeral_asset_job__ - 83d0f751-94ba-4d62-b71e-9e00fc6ae892 - 26658 - downstream_asset - STEP_FAILURE - Execution of step "downstream_asset" failed.

dagster._core.errors.DagsterExecutionLoadInputError: Error occurred while loading input "upstream_asset" of step "downstream_asset"::

RuntimeError: There is no current event loop in thread 'MainThread'.

Stack Trace:
  File "/home/ec2-user/dagster/python_modules/dagster/dagster/_core/execution/plan/utils.py", line 54, in op_execution_error_boundary
    yield
  File "/home/ec2-user/dagster/python_modules/dagster/dagster/_core/execution/plan/inputs.py", line 787, in _load_input_with_input_manager
    value = input_manager.load_input(context)
  File "/home/ec2-user/dagster/python_modules/dagster/dagster/_core/storage/upath_io_manager.py", line 426, in load_input
    return self._load_multiple_inputs(context)
  File "/home/ec2-user/dagster/python_modules/dagster/dagster/_core/storage/upath_io_manager.py", line 388, in _load_multiple_inputs
    awaited_objects = asyncio.get_event_loop().run_until_complete(collect())
  File "/usr/lib64/python3.9/asyncio/events.py", line 642, in get_event_loop
    raise RuntimeError('There is no current event loop in thread %r.'

2023-08-12 21:53:03 +0000 - dagster - ERROR - __ephemeral_asset_job__ - 83d0f751-94ba-4d62-b71e-9e00fc6ae892 - 26658 - RUN_FAILURE - Execution of run for "__ephemeral_asset_job__" failed. An exception was thrown during execution.

RuntimeError: There is no current event loop in thread 'MainThread'.

Stack Trace:
  File "/home/ec2-user/dagster/python_modules/dagster/dagster/_core/execution/api.py", line 757, in job_execution_iterator
    for event in job_context.executor.execute(job_context, execution_plan):
  File "/home/ec2-user/dagster/python_modules/dagster/dagster/_core/executor/in_process.py", line 55, in execute
    yield from iter(
  File "/home/ec2-user/dagster/python_modules/dagster/dagster/_core/execution/api.py", line 868, in __iter__
    yield from self.iterator(
  File "/home/ec2-user/dagster/python_modules/dagster/dagster/_core/executor/in_process.py", line 26, in inprocess_execution_iterator
    yield from inner_plan_execution_iterator(
  File "/home/ec2-user/dagster/python_modules/dagster/dagster/_core/execution/plan/execute_plan.py", line 119, in inner_plan_execution_iterator
    for step_event in check.generator(
  File "/home/ec2-user/dagster/python_modules/dagster/dagster/_core/execution/plan/execute_plan.py", line 347, in dagster_event_sequence_for_step
    raise dagster_user_error.user_exception
  File "/home/ec2-user/dagster/python_modules/dagster/dagster/_core/execution/plan/utils.py", line 54, in op_execution_error_boundary
    yield
  File "/home/ec2-user/dagster/python_modules/dagster/dagster/_core/execution/plan/inputs.py", line 787, in _load_input_with_input_manager
    value = input_manager.load_input(context)
  File "/home/ec2-user/dagster/python_modules/dagster/dagster/_core/storage/upath_io_manager.py", line 426, in load_input
    return self._load_multiple_inputs(context)
  File "/home/ec2-user/dagster/python_modules/dagster/dagster/_core/storage/upath_io_manager.py", line 388, in _load_multiple_inputs
    awaited_objects = asyncio.get_event_loop().run_until_complete(collect())
  File "/usr/lib64/python3.9/asyncio/events.py", line 642, in get_event_loop
    raise RuntimeError('There is no current event loop in thread %r.'

The above exception occurred during handling of the following exception:
dagster._core.errors.DagsterExecutionLoadInputError: Error occurred while loading input "upstream_asset" of step "downstream_asset":

Stack Trace:
  File "/home/ec2-user/dagster/python_modules/dagster/dagster/_core/execution/plan/execute_plan.py", line 273, in dagster_event_sequence_for_step
    for step_event in check.generator(step_events):
  File "/home/ec2-user/dagster/python_modules/dagster/dagster/_core/execution/plan/execute_step.py", line 372, in core_dagster_event_sequence_for_step
    for event_or_input_value in step_input.source.load_input_object(step_context, input_def):
  File "/home/ec2-user/dagster/python_modules/dagster/dagster/_core/execution/plan/inputs.py", line 187, in load_input_object
    yield from _load_input_with_input_manager(loader, load_input_context)
  File "/home/ec2-user/dagster/python_modules/dagster/dagster/_core/execution/plan/inputs.py", line 787, in _load_input_with_input_manager
    value = input_manager.load_input(context)
  File "/usr/lib64/python3.9/contextlib.py", line 137, in __exit__
    self.gen.throw(typ, value, traceback)
  File "/home/ec2-user/dagster/python_modules/dagster/dagster/_core/execution/plan/utils.py", line 84, in op_execution_error_boundary
    raise error_cls(

-------------------------------------------------------- Captured log call ---------------------------------------------------------
INFO     alembic.runtime.migration:migration.py:213 Context impl SQLiteImpl.
INFO     alembic.runtime.migration:migration.py:216 Will assume non-transactional DDL.
INFO     alembic.runtime.migration:migration.py:621 Running stamp_revision  -> 5771160a95ad
INFO     alembic.runtime.migration:migration.py:213 Context impl SQLiteImpl.
INFO     alembic.runtime.migration:migration.py:216 Will assume non-transactional DDL.
INFO     alembic.runtime.migration:migration.py:621 Running stamp_revision  -> 5771160a95ad
INFO     alembic.runtime.migration:migration.py:213 Context impl SQLiteImpl.
INFO     alembic.runtime.migration:migration.py:216 Will assume non-transactional DDL.
INFO     alembic.runtime.migration:migration.py:621 Running stamp_revision  -> 5771160a95ad
INFO     alembic.runtime.migration:migration.py:213 Context impl SQLiteImpl.
INFO     alembic.runtime.migration:migration.py:216 Will assume non-transactional DDL.
INFO     alembic.runtime.migration:migration.py:621 Running stamp_revision  -> 5771160a95ad
========================================================= warnings summary =========================================================
python_modules/dagster/dagster_tests/core_tests/test_op_invocation.py::test_dynamic_output_async_non_gen
  /home/ec2-user/dagster/python_modules/dagster/dagster_tests/core_tests/test_op_invocation.py:991: RuntimeWarning: coroutine '_type_check_output_wrapper.<locals>.type_check_coroutine' was never awaited
    wrap_op_in_graph_and_execute(should_not_work())

-- Docs: https://docs.pytest.org/en/stable/how-to/capture-warnings.html
----------------------------------------------------- snapshot report summary ------------------------------------------------------
31 snapshots passed.
===================================================== short test summary info ======================================================
FAILED python_modules/dagster/dagster_tests/test_annotations.py::test_deprecated_resource - AssertionError: assert False
FAILED python_modules/dagster/dagster_tests/storage_tests/test_upath_io_manager.py::test_upath_io_manager_async_multiple_time_partitions
FAILED python_modules/dagster/dagster_tests/storage_tests/test_upath_io_manager.py::test_upath_io_manager_async_allow_missing_partitions
========================= 3 failed, 5430 passed, 76 skipped, 4 deselected, 1 warning in 3882.71s (1:04:42) =========================
just after pytest, Sat Aug 12 21:53:13 UTC 2023
[ec2-user@ip-172-31-13-85 ~]$ Connection to ec2-3-16-50-231.us-east-2.compute.amazonaws.com closed by remote host.
Connection to ec2-3-16-50-231.us-east-2.compute.amazonaws.com closed.
43228@ICFX947PQ4WPX iac % 
