~/scripts ~/scripts

~~ begin various setup ~~ Sat Apr  8 20:32:40 UTC 2023
Last metadata expiration check: 0:54:07 ago on Sat Apr  8 19:38:33 2023.
Package python3.11-3.11.2-2.amzn2023.0.6.x86_64 is already installed.
Dependencies resolved.
Nothing to do.
Complete!
Last metadata expiration check: 0:54:07 ago on Sat Apr  8 19:38:33 2023.
Package python3-pip-21.3.1-2.amzn2023.0.5.noarch is already installed.
Dependencies resolved.
Nothing to do.
Complete!
Requirement already satisfied: build in /usr/local/lib/python3.9/site-packages (0.10.0)
Requirement already satisfied: packaging>=19.0 in /usr/local/lib/python3.9/site-packages (from build) (23.0)
Requirement already satisfied: tomli>=1.1.0 in /usr/local/lib/python3.9/site-packages (from build) (2.0.1)
Requirement already satisfied: pyproject_hooks in /usr/local/lib/python3.9/site-packages (from build) (1.0.0)
WARNING: Running pip as the 'root' user can result in broken permissions and conflicting behaviour with the system package manager. It is recommended to use a virtual environment instead: https://pip.pypa.io/warnings/venv
Requirement already satisfied: setuptools in /usr/lib/python3.9/site-packages (59.6.0)
Collecting setuptools
  Using cached setuptools-67.6.1-py3-none-any.whl (1.1 MB)
Installing collected packages: setuptools
  Attempting uninstall: setuptools
    Found existing installation: setuptools 59.6.0
ERROR: Cannot uninstall setuptools 59.6.0, RECORD file not found. Hint: The package was installed by rpm.
~ ~/scripts ~/scripts
fatal: destination path 'pytest' already exists and is not an empty directory.
fatal: destination path 'django' already exists and is not an empty directory.
fatal: destination path 'qutebrowser' already exists and is not an empty directory.
fatal: destination path 'pytorch' already exists and is not an empty directory.
~/scripts ~/scripts


~~ begin pytest build ~~ Sat Apr  8 20:32:41 UTC 2023

~/pytest ~/scripts ~/scripts
Obtaining file:///home/ec2-user/pytest
  Installing build dependencies: started
  Installing build dependencies: finished with status 'done'
  Checking if build backend supports build_editable: started
  Checking if build backend supports build_editable: finished with status 'done'
  Getting requirements to build editable: started
  Getting requirements to build editable: finished with status 'done'
  Installing backend dependencies: started
  Installing backend dependencies: finished with status 'done'
  Preparing editable metadata (pyproject.toml): started
  Preparing editable metadata (pyproject.toml): finished with status 'done'
Collecting exceptiongroup>=1.0.0rc8
  Using cached exceptiongroup-1.1.1-py3-none-any.whl (14 kB)
Collecting packaging
  Using cached packaging-23.0-py3-none-any.whl (42 kB)
Collecting iniconfig
  Downloading iniconfig-2.0.0-py3-none-any.whl (5.9 kB)
Collecting tomli>=1.0.0
  Using cached tomli-2.0.1-py3-none-any.whl (12 kB)
Collecting pluggy<2.0,>=0.12
  Downloading pluggy-1.0.0-py2.py3-none-any.whl (13 kB)
Building wheels for collected packages: pytest
  Building editable for pytest (pyproject.toml): started
  Building editable for pytest (pyproject.toml): finished with status 'done'
  Created wheel for pytest: filename=pytest-7.2.0.dev544+g3683722bc-0.editable-py3-none-any.whl size=5235 sha256=e1281ff720e86a5ea668a41ef2282ff999f4f2f4c6625ddc39c88d7d2c85c1d2
  Stored in directory: /tmp/pip-ephem-wheel-cache-9bafuuwb/wheels/e8/11/da/5a40a5b91215367e426f09a4e16ae43f0098b9710104a5f1e8
Successfully built pytest
Installing collected packages: tomli, pluggy, packaging, iniconfig, exceptiongroup, pytest
Successfully installed exceptiongroup-1.1.1 iniconfig-2.0.0 packaging-23.0 pluggy-1.0.0 pytest-7.2.0.dev544+g3683722bc tomli-2.0.1
WARNING: You are using pip version 21.3.1; however, version 23.0.1 is available.
You should consider upgrading via the '/home/ec2-user/.virtualenvs/pytestdev/bin/python3 -m pip install --upgrade pip' command.
-- next: setup.py build
/home/ec2-user/.virtualenvs/pytestdev/lib64/python3.9/site-packages/setuptools/installer.py:27: SetuptoolsDeprecationWarning: setuptools.installer is deprecated. Requirements should be satisfied by a PEP 517 installer.
  warnings.warn(
WARNING: The wheel package is not available.
WARNING: The wheel package is not available.
running build
running build_py
creating build
creating build/lib
copying src/py.py -> build/lib
creating build/lib/_pytest
copying src/_pytest/__init__.py -> build/lib/_pytest
copying src/_pytest/_argcomplete.py -> build/lib/_pytest
copying src/_pytest/cacheprovider.py -> build/lib/_pytest
copying src/_pytest/capture.py -> build/lib/_pytest
copying src/_pytest/compat.py -> build/lib/_pytest
copying src/_pytest/debugging.py -> build/lib/_pytest
copying src/_pytest/deprecated.py -> build/lib/_pytest
copying src/_pytest/doctest.py -> build/lib/_pytest
copying src/_pytest/faulthandler.py -> build/lib/_pytest
copying src/_pytest/fixtures.py -> build/lib/_pytest
copying src/_pytest/freeze_support.py -> build/lib/_pytest
copying src/_pytest/helpconfig.py -> build/lib/_pytest
copying src/_pytest/hookspec.py -> build/lib/_pytest
copying src/_pytest/junitxml.py -> build/lib/_pytest
copying src/_pytest/legacypath.py -> build/lib/_pytest
copying src/_pytest/logging.py -> build/lib/_pytest
copying src/_pytest/main.py -> build/lib/_pytest
copying src/_pytest/monkeypatch.py -> build/lib/_pytest
copying src/_pytest/nodes.py -> build/lib/_pytest
copying src/_pytest/nose.py -> build/lib/_pytest
copying src/_pytest/outcomes.py -> build/lib/_pytest
copying src/_pytest/pastebin.py -> build/lib/_pytest
copying src/_pytest/pathlib.py -> build/lib/_pytest
copying src/_pytest/pytester.py -> build/lib/_pytest
copying src/_pytest/pytester_assertions.py -> build/lib/_pytest
copying src/_pytest/python.py -> build/lib/_pytest
copying src/_pytest/python_api.py -> build/lib/_pytest
copying src/_pytest/python_path.py -> build/lib/_pytest
copying src/_pytest/recwarn.py -> build/lib/_pytest
copying src/_pytest/reports.py -> build/lib/_pytest
copying src/_pytest/runner.py -> build/lib/_pytest
copying src/_pytest/scope.py -> build/lib/_pytest
copying src/_pytest/setuponly.py -> build/lib/_pytest
copying src/_pytest/setupplan.py -> build/lib/_pytest
copying src/_pytest/skipping.py -> build/lib/_pytest
copying src/_pytest/stash.py -> build/lib/_pytest
copying src/_pytest/stepwise.py -> build/lib/_pytest
copying src/_pytest/terminal.py -> build/lib/_pytest
copying src/_pytest/threadexception.py -> build/lib/_pytest
copying src/_pytest/timing.py -> build/lib/_pytest
copying src/_pytest/tmpdir.py -> build/lib/_pytest
copying src/_pytest/unittest.py -> build/lib/_pytest
copying src/_pytest/unraisableexception.py -> build/lib/_pytest
copying src/_pytest/warning_types.py -> build/lib/_pytest
copying src/_pytest/warnings.py -> build/lib/_pytest
copying src/_pytest/_version.py -> build/lib/_pytest
creating build/lib/_pytest/_code
copying src/_pytest/_code/__init__.py -> build/lib/_pytest/_code
copying src/_pytest/_code/code.py -> build/lib/_pytest/_code
copying src/_pytest/_code/source.py -> build/lib/_pytest/_code
creating build/lib/_pytest/_io
copying src/_pytest/_io/__init__.py -> build/lib/_pytest/_io
copying src/_pytest/_io/saferepr.py -> build/lib/_pytest/_io
copying src/_pytest/_io/terminalwriter.py -> build/lib/_pytest/_io
copying src/_pytest/_io/wcwidth.py -> build/lib/_pytest/_io
creating build/lib/_pytest/_py
copying src/_pytest/_py/__init__.py -> build/lib/_pytest/_py
copying src/_pytest/_py/error.py -> build/lib/_pytest/_py
copying src/_pytest/_py/path.py -> build/lib/_pytest/_py
creating build/lib/_pytest/assertion
copying src/_pytest/assertion/__init__.py -> build/lib/_pytest/assertion
copying src/_pytest/assertion/rewrite.py -> build/lib/_pytest/assertion
copying src/_pytest/assertion/truncate.py -> build/lib/_pytest/assertion
copying src/_pytest/assertion/util.py -> build/lib/_pytest/assertion
creating build/lib/_pytest/config
copying src/_pytest/config/__init__.py -> build/lib/_pytest/config
copying src/_pytest/config/argparsing.py -> build/lib/_pytest/config
copying src/_pytest/config/compat.py -> build/lib/_pytest/config
copying src/_pytest/config/exceptions.py -> build/lib/_pytest/config
copying src/_pytest/config/findpaths.py -> build/lib/_pytest/config
creating build/lib/_pytest/mark
copying src/_pytest/mark/__init__.py -> build/lib/_pytest/mark
copying src/_pytest/mark/expression.py -> build/lib/_pytest/mark
copying src/_pytest/mark/structures.py -> build/lib/_pytest/mark
creating build/lib/pytest
copying src/pytest/__init__.py -> build/lib/pytest
copying src/pytest/__main__.py -> build/lib/pytest
copying src/_pytest/py.typed -> build/lib/_pytest
copying src/pytest/py.typed -> build/lib/pytest

Collecting tox
  Downloading tox-4.4.11-py3-none-any.whl (148 kB)
Collecting colorama>=0.4.6
  Downloading colorama-0.4.6-py2.py3-none-any.whl (25 kB)
Collecting platformdirs>=3.2
  Using cached platformdirs-3.2.0-py3-none-any.whl (14 kB)
Requirement already satisfied: packaging>=23 in /home/ec2-user/.virtualenvs/pytestdev/lib/python3.9/site-packages (from tox) (23.0)
Requirement already satisfied: pluggy>=1 in /home/ec2-user/.virtualenvs/pytestdev/lib/python3.9/site-packages (from tox) (1.0.0)
Collecting virtualenv>=20.21
  Downloading virtualenv-20.21.0-py3-none-any.whl (8.7 MB)
Collecting filelock>=3.10.7
  Downloading filelock-3.11.0-py3-none-any.whl (10.0 kB)
Collecting cachetools>=5.3
  Downloading cachetools-5.3.0-py3-none-any.whl (9.3 kB)
Collecting pyproject-api>=1.5.1
  Downloading pyproject_api-1.5.1-py3-none-any.whl (12 kB)
Requirement already satisfied: tomli>=2.0.1 in /home/ec2-user/.virtualenvs/pytestdev/lib/python3.9/site-packages (from tox) (2.0.1)
Collecting chardet>=5.1
  Downloading chardet-5.1.0-py3-none-any.whl (199 kB)
Collecting distlib<1,>=0.3.6
  Downloading distlib-0.3.6-py2.py3-none-any.whl (468 kB)
Installing collected packages: platformdirs, filelock, distlib, virtualenv, pyproject-api, colorama, chardet, cachetools, tox
Successfully installed cachetools-5.3.0 chardet-5.1.0 colorama-0.4.6 distlib-0.3.6 filelock-3.11.0 platformdirs-3.2.0 pyproject-api-1.5.1 tox-4.4.11 virtualenv-20.21.0
WARNING: You are using pip version 21.3.1; however, version 23.0.1 is available.
You should consider upgrading via the '/home/ec2-user/.virtualenvs/pytestdev/bin/python3 -m pip install --upgrade pip' command.
linting: install_deps> python -I -m pip install 'pre-commit>=2.9.3'
linting: commands[0]> pre-commit run --all-files --show-diff-on-failure
[INFO] Initializing environment for https://github.com/psf/black.
[INFO] Initializing environment for https://github.com/asottile/blacken-docs.
[INFO] Initializing environment for https://github.com/asottile/blacken-docs:black==23.1.0.
[INFO] Initializing environment for https://github.com/pre-commit/pre-commit-hooks.
[INFO] Initializing environment for https://github.com/PyCQA/autoflake.
[INFO] Initializing environment for https://github.com/PyCQA/flake8.
[INFO] Initializing environment for https://github.com/PyCQA/flake8:flake8-typing-imports==1.12.0,flake8-docstrings==1.5.0.
[INFO] Initializing environment for https://github.com/asottile/reorder_python_imports.
[INFO] Initializing environment for https://github.com/asottile/pyupgrade.
[INFO] Initializing environment for https://github.com/asottile/setup-cfg-fmt.
[INFO] Initializing environment for https://github.com/pre-commit/pygrep-hooks.
[INFO] Initializing environment for https://github.com/pre-commit/mirrors-mypy.
[INFO] Initializing environment for https://github.com/pre-commit/mirrors-mypy:iniconfig>=1.1.0,attrs>=19.2.0,packaging,tomli,types-pkg_resources,exceptiongroup>=1.0.0rc8.
[INFO] Initializing environment for local:pygments,restructuredtext_lint.
[INFO] Installing environment for https://github.com/psf/black.
[INFO] Once installed this environment will be reused.
[INFO] This may take a few minutes...
An unexpected error has occurred: CalledProcessError: command: ('/home/ec2-user/pytest/.tox/linting/bin/python', '-mvirtualenv', '/home/ec2-user/.cache/pre-commit/repoio5cvkhi/py_env-3.10', '-p', '3.10')
return code: 1
stdout:
    RuntimeError: failed to find interpreter for Builtin discover of python_spec='3.10'
stderr: (none)
Check the log at /home/ec2-user/.cache/pre-commit/pre-commit.log
linting: exit 3 (4.10 seconds) /home/ec2-user/pytest> pre-commit run --all-files --show-diff-on-failure pid=31894
linting: FAIL ✖ in 5.99 seconds
py37: skipped because could not find python interpreter with spec(s): py37
py37: SKIP ⚠ in 0.01 seconds
py38: skipped because could not find python interpreter with spec(s): py38
py38: SKIP ⚠ in 0 seconds
.pkg: install_requires> python -I -m pip install 'setuptools-scm[toml]>=6.2.3' 'setuptools>=45.0'
.pkg: _optional_hooks> python /home/ec2-user/.virtualenvs/pytestdev/lib64/python3.9/site-packages/pyproject_api/_backend.py True setuptools.build_meta
.pkg: get_requires_for_build_editable> python /home/ec2-user/.virtualenvs/pytestdev/lib64/python3.9/site-packages/pyproject_api/_backend.py True setuptools.build_meta
.pkg: install_requires_for_build_editable> python -I -m pip install setuptools 'setuptools-scm>=6.0' wheel
.pkg: get_requires_for_build_sdist> python /home/ec2-user/.virtualenvs/pytestdev/lib64/python3.9/site-packages/pyproject_api/_backend.py True setuptools.build_meta
.pkg: install_requires_for_build_sdist> python -I -m pip install setuptools 'setuptools-scm>=6.0'
.pkg: build_wheel> python /home/ec2-user/.virtualenvs/pytestdev/lib64/python3.9/site-packages/pyproject_api/_backend.py True setuptools.build_meta
.pkg: build_sdist> python /home/ec2-user/.virtualenvs/pytestdev/lib64/python3.9/site-packages/pyproject_api/_backend.py True setuptools.build_meta
py39: install_package_deps> python -I -m pip install argcomplete 'attrs>=19.2.0' 'colorama; sys_platform == "win32"' 'exceptiongroup>=1.0.0rc8; python_version < "3.11"' 'hypothesis>=3.56' 'importlib-metadata>=0.12; python_version < "3.8"' iniconfig mock nose packaging 'pluggy<2.0,>=0.12' 'pygments>=2.7.2' requests 'tomli>=1.0.0; python_version < "3.11"' xmlschema
py39: install_package> python -I -m pip install --force-reinstall --no-deps /home/ec2-user/pytest/.tox/.tmp/package/1/pytest-7.2.0.dev544+g3683722bc.tar.gz
py39: commands[0]> pytest
============================= test session starts ==============================
platform linux -- Python 3.9.16, pytest-7.2.0.dev544+g3683722bc, pluggy-1.0.0
cachedir: .tox/py39/.pytest_cache
rootdir: /home/ec2-user/pytest
configfile: pyproject.toml
testpaths: testing
plugins: hypothesis-6.71.0
collected 3420 items

testing/acceptance_test.py .....                                         [  0%]
testing/deprecated_test.py .......                                       [  0%]
testing/test_argcomplete.py ..                                           [  0%]
testing/test_assertion.py .............................................. [  1%]
.......................                                                  [  2%]
testing/test_assertrewrite.py .......................................... [  3%]
..                                                                       [  3%]
testing/test_capture.py ................................................ [  5%]
.............s..                                                         [  5%]
testing/test_collection.py .                                             [  5%]
testing/test_compat.py ...........                                       [  5%]
testing/test_config.py ................................................. [  7%]
.....                                                                    [  7%]
testing/test_conftest.py ...........                                     [  7%]
testing/test_debugging.py .                                              [  7%]
testing/test_doctest.py .............                                    [  8%]
testing/test_entry_points.py .                                           [  8%]
testing/test_faulthandler.py ...                                         [  8%]
testing/test_findpaths.py ..............s...                             [  8%]
testing/test_helpconfig.py .                                             [  8%]
testing/test_junitxml.py ....                                            [  9%]
testing/test_legacypath.py ....                                          [  9%]
testing/test_main.py .....                                               [  9%]
testing/test_mark.py ..............                                      [  9%]
testing/test_mark_expression.py ........................................ [ 10%]
............................................                             [ 12%]
testing/test_monkeypatch.py ...............................              [ 13%]
testing/test_nodes.py ..............                                     [ 13%]
testing/test_nose.py ..                                                  [ 13%]
testing/test_parseopt.py ............................                    [ 14%]
testing/test_pastebin.py ....                                            [ 14%]
testing/test_pathlib.py .............................................s.. [ 15%]
...                                                                      [ 15%]
testing/test_pluginmanager.py .........                                  [ 16%]
testing/test_pytester.py .....................                           [ 16%]
testing/test_recwarn.py ........................................         [ 18%]
testing/test_runner.py ..............                                    [ 18%]
testing/test_scope.py ....                                               [ 18%]
testing/test_skipping.py .                                               [ 18%]
testing/test_stash.py .                                                  [ 18%]
testing/test_terminal.py .......................................         [ 19%]
testing/test_tmpdir.py ...s...............                               [ 20%]
testing/test_warning_types.py ..............                             [ 20%]
testing/test_warnings.py .                                               [ 20%]
testing/_py/test_local.py .............................................. [ 22%]
...................ss..............s.................x......s........... [ 24%]
..........................sssssss............................x...        [ 26%]
testing/code/test_code.py .................                              [ 26%]
testing/code/test_excinfo.py ...............s.......s................... [ 27%]
........................................................................ [ 29%]
............                                                             [ 30%]
testing/code/test_source.py ............................................ [ 31%]
...........                                                              [ 31%]
testing/freeze/tests/test_trivial.py ..                                  [ 31%]
testing/io/test_saferepr.py ..............                               [ 32%]
testing/io/test_terminalwriter.py ...................................... [ 33%]
.......                                                                  [ 33%]
testing/io/test_wcwidth.py .................                             [ 34%]
testing/logging/test_fixture.py .........                                [ 34%]
testing/logging/test_formatter.py ....                                   [ 34%]
testing/logging/test_reporting.py ..                                     [ 34%]
testing/python/approx.py .sss..sssss.................................... [ 35%]
..ssssss................ss........                                       [ 36%]
testing/python/collect.py ..                                             [ 37%]
testing/python/fixtures.py ..........                                    [ 37%]
testing/python/integration.py ....                                       [ 37%]
testing/python/metafunc.py .........................................     [ 38%]
testing/python/raises.py .......................                         [ 39%]
testing/freeze/tests/test_doctest.txt .                                  [ 39%]
testing/acceptance_test.py ............................................. [ 40%]
.....x....................                                               [ 41%]
testing/deprecated_test.py .............                                 [ 41%]
testing/test_assertion.py ...................................            [ 42%]
testing/test_assertrewrite.py .......................................... [ 44%]
..............                                                           [ 44%]
testing/test_cacheprovider.py .......................................... [ 45%]
..........                                                               [ 45%]
testing/test_capture.py ......x....................................      [ 47%]
testing/test_collection.py ...........................x................. [ 48%]
.....................s.................                                  [ 49%]
testing/test_compat.py ..                                                [ 49%]
testing/test_config.py .............x................................... [ 51%]
........................................................................ [ 53%]
.....                                                                    [ 53%]
testing/test_conftest.py .............s.............................     [ 54%]
testing/test_debugging.py .............                                  [ 55%]
testing/test_doctest.py ................................................ [ 56%]
..............x......................................................... [ 58%]
.                                                                        [ 58%]
testing/test_error_diffs.py ............                                 [ 58%]
testing/test_faulthandler.py ...                                         [ 59%]
testing/test_helpconfig.py ........                                      [ 59%]
testing/test_junitxml.py ............................................... [ 60%]
..................................................s...s................. [ 62%]
......                                                                   [ 62%]
testing/test_legacypath.py ..........                                    [ 63%]
testing/test_link_resolve.py .                                           [ 63%]
testing/test_main.py .............                                       [ 63%]
testing/test_mark.py ................................................... [ 65%]
........x................                                                [ 65%]
testing/test_monkeypatch.py ....                                         [ 65%]
testing/test_nodes.py ....                                               [ 66%]
testing/test_nose.py ......................                              [ 66%]
testing/test_parseopt.py .                                               [ 66%]
testing/test_pastebin.py ...                                             [ 66%]
testing/test_pluginmanager.py ................                           [ 67%]
testing/test_pytester.py x.........................                      [ 68%]
testing/test_python_path.py .....                                        [ 68%]
testing/test_recwarn.py ..                                               [ 68%]
testing/test_reports.py ..................                               [ 68%]
testing/test_runner.py .......................x.....................     [ 70%]
testing/test_runner_xunit.py .............                               [ 70%]
testing/test_session.py ........................                         [ 71%]
testing/test_setuponly.py ..........................                     [ 71%]
testing/test_setupplan.py ...                                            [ 72%]
testing/test_skipping.py ............................................... [ 73%]
.............................................                            [ 74%]
testing/test_stepwise.py ..............                                  [ 75%]
testing/test_terminal.py ..............................................s [ 76%]
....................................................sss......s......     [ 78%]
testing/test_threadexception.py ....                                     [ 78%]
testing/test_tmpdir.py ....................                              [ 79%]
testing/test_tracebackhide.py .                                          [ 79%]
testing/test_unittest.py ......................sssssss.................. [ 80%]
...............s........                                                 [ 81%]
testing/test_unraisableexception.py ....                                 [ 81%]
testing/test_warning_types.py .                                          [ 81%]
testing/test_warnings.py ...................sss.........                 [ 82%]
testing/code/test_excinfo.py ....sssssssss.........                      [ 83%]
testing/examples/test_issue519.py .                                      [ 83%]
testing/logging/test_fixture.py .......                                  [ 83%]
testing/logging/test_reporting.py ...................................... [ 84%]
...                                                                      [ 84%]
testing/python/approx.py .                                               [ 84%]
testing/python/collect.py .............................................. [ 85%]
.............................                                            [ 86%]
testing/python/fixtures.py ............................................. [ 88%]
..........................x............................................. [ 90%]
......................................................s..                [ 91%]
testing/python/integration.py ...............                            [ 92%]
testing/python/metafunc.py ............................................. [ 93%]
...............                                                          [ 93%]
testing/python/raises.py ...                                             [ 94%]
testing/python/show_fixtures_per_test.py ........                        [ 94%]
testing/acceptance_test.py ....                                          [ 94%]
testing/test_assertion.py ............                                   [ 94%]
testing/test_assertrewrite.py .........                                  [ 95%]
testing/test_capture.py ........................                         [ 95%]
testing/test_collection.py .                                             [ 95%]
testing/test_compat.py .                                                 [ 95%]
testing/test_config.py ..                                                [ 95%]
testing/test_debugging.py sssssssssss.ssssssssssssssss.sss....ssss.sss   [ 97%]
testing/test_faulthandler.py ..s.                                        [ 97%]
testing/test_helpconfig.py ..                                            [ 97%]
testing/test_legacypath.py .                                             [ 97%]
testing/test_meta.py ................................................... [ 98%]
................                                                         [ 99%]
testing/test_pytester.py ....s                                           [ 99%]
testing/test_reports.py .                                                [ 99%]
testing/test_terminal.py ss..                                            [ 99%]
testing/test_unittest.py s.                                              [ 99%]
testing/test_warnings.py .........                                       [ 99%]
testing/python/collect.py .                                              [ 99%]
testing/python/fixtures.py ..                                            [100%]

========== 3304 passed, 105 skipped, 11 xfailed in 117.01s (0:01:57) ===========
py39: OK ✔ in 2 minutes 6.88 seconds
py310: skipped because could not find python interpreter with spec(s): py310
py310: SKIP ⚠ in 0 seconds
py311: install_package_deps> python -I -m pip install argcomplete 'attrs>=19.2.0' 'colorama; sys_platform == "win32"' 'exceptiongroup>=1.0.0rc8; python_version < "3.11"' 'hypothesis>=3.56' 'importlib-metadata>=0.12; python_version < "3.8"' iniconfig mock nose packaging 'pluggy<2.0,>=0.12' 'pygments>=2.7.2' requests 'tomli>=1.0.0; python_version < "3.11"' xmlschema
py311: install_package> python -I -m pip install --force-reinstall --no-deps /home/ec2-user/pytest/.tox/.tmp/package/2/pytest-7.2.0.dev544+g3683722bc.tar.gz
py311: commands[0]> pytest
============================= test session starts ==============================
platform linux -- Python 3.11.2, pytest-7.2.0.dev544+g3683722bc, pluggy-1.0.0
cachedir: .tox/py311/.pytest_cache
rootdir: /home/ec2-user/pytest
configfile: pyproject.toml
testpaths: testing
plugins: hypothesis-6.71.0
collected 3420 items

testing/acceptance_test.py .....                                         [  0%]
testing/deprecated_test.py .......                                       [  0%]
testing/test_argcomplete.py ..                                           [  0%]
testing/test_assertion.py .............................................. [  1%]
.......................                                                  [  2%]
testing/test_assertrewrite.py .......................................... [  3%]
..                                                                       [  3%]
testing/test_capture.py ................................................ [  5%]
.............s..                                                         [  5%]
testing/test_collection.py .                                             [  5%]
testing/test_compat.py ...........                                       [  5%]
testing/test_config.py ................................................. [  7%]
.....                                                                    [  7%]
testing/test_conftest.py ...........                                     [  7%]
testing/test_debugging.py .                                              [  7%]
testing/test_doctest.py .............                                    [  8%]
testing/test_entry_points.py .                                           [  8%]
testing/test_faulthandler.py ...                                         [  8%]
testing/test_findpaths.py ..............s...                             [  8%]
testing/test_helpconfig.py .                                             [  8%]
testing/test_junitxml.py ....                                            [  9%]
testing/test_legacypath.py ....                                          [  9%]
testing/test_main.py .....                                               [  9%]
testing/test_mark.py ..............                                      [  9%]
testing/test_mark_expression.py ........................................ [ 10%]
............................................                             [ 12%]
testing/test_monkeypatch.py ...............................              [ 13%]
testing/test_nodes.py ..............                                     [ 13%]
testing/test_nose.py ..                                                  [ 13%]
testing/test_parseopt.py ............................                    [ 14%]
testing/test_pastebin.py ....                                            [ 14%]
testing/test_pathlib.py .............................................s.. [ 15%]
...                                                                      [ 15%]
testing/test_pluginmanager.py .........                                  [ 16%]
testing/test_pytester.py .....................                           [ 16%]
testing/test_recwarn.py ........................................         [ 18%]
testing/test_runner.py ..............                                    [ 18%]
testing/test_scope.py ....                                               [ 18%]
testing/test_skipping.py .                                               [ 18%]
testing/test_stash.py .                                                  [ 18%]
testing/test_terminal.py .......................................         [ 19%]
testing/test_tmpdir.py ...s...............                               [ 20%]
testing/test_warning_types.py ..............                             [ 20%]
testing/test_warnings.py .                                               [ 20%]
testing/_py/test_local.py .............................................. [ 22%]
...................ss..............s.................x......s........... [ 24%]
..........................sssssss............................x...        [ 26%]
testing/code/test_code.py .................                              [ 26%]
testing/code/test_excinfo.py ...............s.......s................... [ 27%]
........................................................................ [ 29%]
............                                                             [ 30%]
testing/code/test_source.py ............................................ [ 31%]
...........                                                              [ 31%]
testing/freeze/tests/test_trivial.py ..                                  [ 31%]
testing/io/test_saferepr.py ..............                               [ 32%]
testing/io/test_terminalwriter.py ...................................... [ 33%]
.......                                                                  [ 33%]
testing/io/test_wcwidth.py .................                             [ 34%]
testing/logging/test_fixture.py .........                                [ 34%]
testing/logging/test_formatter.py ....                                   [ 34%]
testing/logging/test_reporting.py ..                                     [ 34%]
testing/python/approx.py .sss..sssss.................................... [ 35%]
..ssssss................ss........                                       [ 36%]
testing/python/collect.py ..                                             [ 37%]
testing/python/fixtures.py ..........                                    [ 37%]
testing/python/integration.py ....                                       [ 37%]
testing/python/metafunc.py .........................................     [ 38%]
testing/python/raises.py .......................                         [ 39%]
testing/freeze/tests/test_doctest.txt .                                  [ 39%]
testing/acceptance_test.py ............................................. [ 40%]
.....x....................                                               [ 41%]
testing/deprecated_test.py .............                                 [ 41%]
testing/test_assertion.py ...................................            [ 42%]
testing/test_assertrewrite.py .......................................... [ 44%]
..............                                                           [ 44%]
testing/test_cacheprovider.py .......................................... [ 45%]
..........                                                               [ 45%]
testing/test_capture.py ......x....................................      [ 47%]
testing/test_collection.py ...........................x................. [ 48%]
.....................s.................                                  [ 49%]
testing/test_compat.py ..                                                [ 49%]
testing/test_config.py .............x................................... [ 51%]
........................................................................ [ 53%]
.....                                                                    [ 53%]
testing/test_conftest.py .............s.............................     [ 54%]
testing/test_debugging.py .............                                  [ 55%]
testing/test_doctest.py ................................................ [ 56%]
..............x......................................................... [ 58%]
.                                                                        [ 58%]
testing/test_error_diffs.py ............                                 [ 58%]
testing/test_faulthandler.py ...                                         [ 59%]
testing/test_helpconfig.py ........                                      [ 59%]
testing/test_junitxml.py ............................................... [ 60%]
..................................................s...s................. [ 62%]
......                                                                   [ 62%]
testing/test_legacypath.py ..........                                    [ 63%]
testing/test_link_resolve.py .                                           [ 63%]
testing/test_main.py .............                                       [ 63%]
testing/test_mark.py ................................................... [ 65%]
........x................                                                [ 65%]
testing/test_monkeypatch.py ....                                         [ 65%]
testing/test_nodes.py ....                                               [ 66%]
testing/test_nose.py ......................                              [ 66%]
testing/test_parseopt.py .                                               [ 66%]
testing/test_pastebin.py ...                                             [ 66%]
testing/test_pluginmanager.py ................                           [ 67%]
testing/test_pytester.py x.........................                      [ 68%]
testing/test_python_path.py .....                                        [ 68%]
testing/test_recwarn.py ..                                               [ 68%]
testing/test_reports.py ..................                               [ 68%]
testing/test_runner.py .......................x.....................     [ 70%]
testing/test_runner_xunit.py .............                               [ 70%]
testing/test_session.py ........................                         [ 71%]
testing/test_setuponly.py ..........................                     [ 71%]
testing/test_setupplan.py ...                                            [ 72%]
testing/test_skipping.py ............................................... [ 73%]
.............................................                            [ 74%]
testing/test_stepwise.py ..............                                  [ 75%]
testing/test_terminal.py ..............................................s [ 76%]
....................................................sss......s......     [ 78%]
testing/test_threadexception.py ....                                     [ 78%]
testing/test_tmpdir.py ....................                              [ 79%]
testing/test_tracebackhide.py .                                          [ 79%]
testing/test_unittest.py ......................sssssss.................. [ 80%]
...............s........                                                 [ 81%]
testing/test_unraisableexception.py ....                                 [ 81%]
testing/test_warning_types.py .                                          [ 81%]
testing/test_warnings.py ...................sss.........                 [ 82%]
testing/code/test_excinfo.py .............sssssssss                      [ 83%]
testing/examples/test_issue519.py .                                      [ 83%]
testing/logging/test_fixture.py .......                                  [ 83%]
testing/logging/test_reporting.py ...................................... [ 84%]
...                                                                      [ 84%]
testing/python/approx.py .                                               [ 84%]
testing/python/collect.py .............................................. [ 85%]
.............................                                            [ 86%]
testing/python/fixtures.py ............................................. [ 88%]
..........................x............................................. [ 90%]
......................................................s..                [ 91%]
testing/python/integration.py ...............                            [ 92%]
testing/python/metafunc.py ............................................. [ 93%]
...............                                                          [ 93%]
testing/python/raises.py ...                                             [ 94%]
testing/python/show_fixtures_per_test.py ........                        [ 94%]
testing/acceptance_test.py ....                                          [ 94%]
testing/test_assertion.py ............                                   [ 94%]
testing/test_assertrewrite.py .........                                  [ 95%]
testing/test_capture.py ........................                         [ 95%]
testing/test_collection.py .                                             [ 95%]
testing/test_compat.py s                                                 [ 95%]
testing/test_config.py ..                                                [ 95%]
testing/test_debugging.py sssssssssss.ssssssssssssssss.sss....ssss.sss   [ 97%]
testing/test_faulthandler.py ..s.                                        [ 97%]
testing/test_helpconfig.py ..                                            [ 97%]
testing/test_legacypath.py .                                             [ 97%]
testing/test_meta.py ................................................... [ 98%]
................                                                         [ 99%]
testing/test_pytester.py ....s                                           [ 99%]
testing/test_reports.py .                                                [ 99%]
testing/test_terminal.py ss..                                            [ 99%]
testing/test_unittest.py s.                                              [ 99%]
testing/test_warnings.py .........                                       [ 99%]
testing/python/collect.py .                                              [ 99%]
testing/python/fixtures.py ..                                            [100%]

========== 3303 passed, 106 skipped, 11 xfailed in 107.94s (0:01:47) ===========
py311: OK ✔ in 1 minute 54.67 seconds
py312: skipped because could not find python interpreter with spec(s): py312
py312: SKIP ⚠ in 0 seconds
pypy3: skipped because could not find python interpreter with spec(s): pypy3
pypy3: SKIP ⚠ in 0 seconds
py37-pexpect: skipped because could not find python interpreter with spec(s): py37
py37-pexpect: SKIP ⚠ in 0 seconds
py37-xdist: skipped because could not find python interpreter with spec(s): py37
py37-xdist: SKIP ⚠ in 0 seconds
py37-unittestextras: skipped because could not find python interpreter with spec(s): py37
py37-unittestextras: SKIP ⚠ in 0 seconds
py37-numpy: skipped because could not find python interpreter with spec(s): py37
py37-numpy: SKIP ⚠ in 0 seconds
py37-pluggymain: skipped because could not find python interpreter with spec(s): py37
py37-pluggymain: SKIP ⚠ in 0 seconds
py37-pylib: skipped because could not find python interpreter with spec(s): py37
py37-pylib: SKIP ⚠ in 0 seconds
doctesting: install_deps> python -I -m pip install PyYAML
doctesting: install_package_deps> python -I -m pip install argcomplete 'attrs>=19.2.0' 'colorama; sys_platform == "win32"' 'exceptiongroup>=1.0.0rc8; python_version < "3.11"' 'hypothesis>=3.56' 'importlib-metadata>=0.12; python_version < "3.8"' iniconfig mock nose packaging 'pluggy<2.0,>=0.12' 'pygments>=2.7.2' requests 'tomli>=1.0.0; python_version < "3.11"' xmlschema
doctesting: install_package> python -I -m pip install --force-reinstall --no-deps /home/ec2-user/pytest/.tox/.tmp/package/3/pytest-7.2.0.dev544+g3683722bc.tar.gz
doctesting: commands[0]> pytest doc/en
============================= test session starts ==============================
platform linux -- Python 3.9.16, pytest-7.2.0.dev544+g3683722bc, pluggy-1.0.0
cachedir: /home/ec2-user/pytest/.tox/doctesting/.pytest_cache
rootdir: /home/ec2-user/pytest/doc/en
configfile: pytest.ini
plugins: hypothesis-6.71.0
collected 15 items

doc/en/example/assertion/test_failures.py .                              [  6%]
doc/en/example/assertion/test_setup_flow_example.py ..                   [ 20%]
doc/en/example/assertion/global_testmodule_config/test_hello_world.py .  [ 26%]
doc/en/example/fixtures/test_fixtures_order_autouse.py .                 [ 33%]
doc/en/example/fixtures/test_fixtures_order_autouse_multiple_scopes.py . [ 40%]
.                                                                        [ 46%]
doc/en/example/fixtures/test_fixtures_order_autouse_temp_effects.py .... [ 73%]
                                                                         [ 73%]
doc/en/example/fixtures/test_fixtures_order_dependencies.py .            [ 80%]
doc/en/example/fixtures/test_fixtures_order_scope.py .                   [ 86%]
doc/en/example/fixtures/test_fixtures_request_different_scope.py ..      [100%]

============================== 15 passed in 0.32s ==============================
doctesting: commands[1]> pytest --doctest-modules --pyargs _pytest
============================= test session starts ==============================
platform linux -- Python 3.9.16, pytest-7.2.0.dev544+g3683722bc, pluggy-1.0.0
cachedir: .tox/doctesting/.pytest_cache
rootdir: /home/ec2-user/pytest
configfile: pyproject.toml
plugins: hypothesis-6.71.0
collected 5 items

.tox/doctesting/lib/python3.9/site-packages/_pytest/freeze_support.py .  [ 20%]
.tox/doctesting/lib/python3.9/site-packages/_pytest/python_api.py ..     [ 60%]
.tox/doctesting/lib/python3.9/site-packages/_pytest/recwarn.py ..        [100%]

============================== 5 passed in 0.16s ===============================
doctesting: OK ✔ in 7.58 seconds
plugins: install_deps> python -m pip install --pre -r testing/plugins_integration/requirements.txt
plugins: install_package_deps> python -m pip install --pre argcomplete 'attrs>=19.2.0' 'colorama; sys_platform == "win32"' 'exceptiongroup>=1.0.0rc8; python_version < "3.11"' 'hypothesis>=3.56' 'importlib-metadata>=0.12; python_version < "3.8"' iniconfig mock nose packaging 'pluggy<2.0,>=0.12' 'pygments>=2.7.2' requests 'tomli>=1.0.0; python_version < "3.11"' xmlschema
plugins: install_package> python -m pip install --pre --force-reinstall --no-deps /home/ec2-user/pytest/.tox/.tmp/package/4/pytest-7.2.0.dev544+g3683722bc.tar.gz
plugins: commands[0] /home/ec2-user/pytest/testing/plugins_integration> pip check
No broken requirements found.
plugins: commands[1] /home/ec2-user/pytest/testing/plugins_integration> pytest bdd_wallet.py
/home/ec2-user/pytest/.tox/plugins/lib/python3.9/site-packages/trio/_core/_multierror.py:511: RuntimeWarning: You seem to already have a custom sys.excepthook handler installed. I'll skip installing Trio's custom handler, but this means MultiErrors will not show full tracebacks.
  warnings.warn(
============================= test session starts ==============================
platform linux -- Python 3.9.16, pytest-7.2.0.dev544+g3683722bc, pluggy-1.0.0
cachedir: /home/ec2-user/pytest/.tox/plugins/.pytest_cache
rootdir: /home/ec2-user/pytest/testing/plugins_integration
configfile: pytest.ini
plugins: anyio-3.6.2, xvfb-2.0.0, twisted-1.14.0, sugar-0.9.5, rerunfailures-11.1.2, mock-3.10.0, metadata-2.0.4, flakes-4.0.5, django-4.5.2, cov-4.0.0, bdd-6.1.1, asyncio-0.21.0, trio-0.7.0, html-3.2.0, hypothesis-6.71.0
asyncio: mode=strict
collected 1 item

bdd_wallet.py .                                                          [100%]

============================== 1 passed in 0.02s ===============================
plugins: commands[2] /home/ec2-user/pytest/testing/plugins_integration> pytest --cov=. simple_integration.py
/home/ec2-user/pytest/.tox/plugins/lib/python3.9/site-packages/trio/_core/_multierror.py:511: RuntimeWarning: You seem to already have a custom sys.excepthook handler installed. I'll skip installing Trio's custom handler, but this means MultiErrors will not show full tracebacks.
  warnings.warn(
============================= test session starts ==============================
platform linux -- Python 3.9.16, pytest-7.2.0.dev544+g3683722bc, pluggy-1.0.0
cachedir: /home/ec2-user/pytest/.tox/plugins/.pytest_cache
rootdir: /home/ec2-user/pytest/testing/plugins_integration
configfile: pytest.ini
plugins: anyio-3.6.2, xvfb-2.0.0, twisted-1.14.0, sugar-0.9.5, rerunfailures-11.1.2, mock-3.10.0, metadata-2.0.4, flakes-4.0.5, django-4.5.2, cov-4.0.0, bdd-6.1.1, asyncio-0.21.0, trio-0.7.0, html-3.2.0, hypothesis-6.71.0
asyncio: mode=strict
collected 4 items

simple_integration.py ....                                               [100%]

---------- coverage: platform linux, python 3.9.16-final-0 -----------
Name                            Stmts   Miss  Cover
---------------------------------------------------
bdd_wallet.py                      25     25     0%
django_settings.py                  1      1     0%
pytest_anyio_integration.py         5      5     0%
pytest_asyncio_integration.py       5      5     0%
pytest_mock_integration.py          2      2     0%
pytest_trio_integration.py          5      5     0%
pytest_twisted_integration.py      11     11     0%
simple_integration.py               6      0   100%
---------------------------------------------------
TOTAL                              60     54    10%


============================== 4 passed in 0.04s ===============================
plugins: commands[3] /home/ec2-user/pytest/testing/plugins_integration> pytest --ds=django_settings simple_integration.py
/home/ec2-user/pytest/.tox/plugins/lib/python3.9/site-packages/trio/_core/_multierror.py:511: RuntimeWarning: You seem to already have a custom sys.excepthook handler installed. I'll skip installing Trio's custom handler, but this means MultiErrors will not show full tracebacks.
  warnings.warn(
============================= test session starts ==============================
platform linux -- Python 3.9.16, pytest-7.2.0.dev544+g3683722bc, pluggy-1.0.0
cachedir: /home/ec2-user/pytest/.tox/plugins/.pytest_cache
django: settings: django_settings (from option)
rootdir: /home/ec2-user/pytest/testing/plugins_integration
configfile: pytest.ini
plugins: anyio-3.6.2, xvfb-2.0.0, twisted-1.14.0, sugar-0.9.5, rerunfailures-11.1.2, mock-3.10.0, metadata-2.0.4, flakes-4.0.5, django-4.5.2, cov-4.0.0, bdd-6.1.1, asyncio-0.21.0, trio-0.7.0, html-3.2.0, hypothesis-6.71.0
asyncio: mode=strict
collected 4 items

simple_integration.py ....                                               [100%]

=============================== warnings summary ===============================
../../.tox/plugins/lib/python3.9/site-packages/django/conf/__init__.py:214
  /home/ec2-user/pytest/.tox/plugins/lib/python3.9/site-packages/django/conf/__init__.py:214: RemovedInDjango50Warning: The default value of USE_TZ will change from False to True in Django 5.0. Set USE_TZ to False in your project settings if you want to keep the current default behavior.
    warnings.warn(

-- Docs: https://docs.pytest.org/en/stable/how-to/capture-warnings.html
========================= 4 passed, 1 warning in 0.03s =========================
plugins: commands[4] /home/ec2-user/pytest/testing/plugins_integration> pytest --html=simple.html simple_integration.py
/home/ec2-user/pytest/.tox/plugins/lib/python3.9/site-packages/trio/_core/_multierror.py:511: RuntimeWarning: You seem to already have a custom sys.excepthook handler installed. I'll skip installing Trio's custom handler, but this means MultiErrors will not show full tracebacks.
  warnings.warn(
============================= test session starts ==============================
platform linux -- Python 3.9.16, pytest-7.2.0.dev544+g3683722bc, pluggy-1.0.0
cachedir: /home/ec2-user/pytest/.tox/plugins/.pytest_cache
rootdir: /home/ec2-user/pytest/testing/plugins_integration
configfile: pytest.ini
plugins: anyio-3.6.2, xvfb-2.0.0, twisted-1.14.0, sugar-0.9.5, rerunfailures-11.1.2, mock-3.10.0, metadata-2.0.4, flakes-4.0.5, django-4.5.2, cov-4.0.0, bdd-6.1.1, asyncio-0.21.0, trio-0.7.0, html-3.2.0, hypothesis-6.71.0
asyncio: mode=strict
collected 4 items

simple_integration.py ....                                               [100%]

- generated html file: file:///home/ec2-user/pytest/testing/plugins_integration/simple.html -
============================== 4 passed in 0.02s ===============================
plugins: commands[5] /home/ec2-user/pytest/testing/plugins_integration> pytest --reruns 5 simple_integration.py
/home/ec2-user/pytest/.tox/plugins/lib/python3.9/site-packages/trio/_core/_multierror.py:511: RuntimeWarning: You seem to already have a custom sys.excepthook handler installed. I'll skip installing Trio's custom handler, but this means MultiErrors will not show full tracebacks.
  warnings.warn(
============================= test session starts ==============================
platform linux -- Python 3.9.16, pytest-7.2.0.dev544+g3683722bc, pluggy-1.0.0
cachedir: /home/ec2-user/pytest/.tox/plugins/.pytest_cache
rootdir: /home/ec2-user/pytest/testing/plugins_integration
configfile: pytest.ini
plugins: anyio-3.6.2, xvfb-2.0.0, twisted-1.14.0, sugar-0.9.5, rerunfailures-11.1.2, mock-3.10.0, metadata-2.0.4, flakes-4.0.5, django-4.5.2, cov-4.0.0, bdd-6.1.1, asyncio-0.21.0, trio-0.7.0, html-3.2.0, hypothesis-6.71.0
asyncio: mode=strict
collected 4 items

simple_integration.py ....                                               [100%]

============================== 4 passed in 0.02s ===============================
plugins: commands[6] /home/ec2-user/pytest/testing/plugins_integration> pytest pytest_anyio_integration.py
/home/ec2-user/pytest/.tox/plugins/lib/python3.9/site-packages/trio/_core/_multierror.py:511: RuntimeWarning: You seem to already have a custom sys.excepthook handler installed. I'll skip installing Trio's custom handler, but this means MultiErrors will not show full tracebacks.
  warnings.warn(
============================= test session starts ==============================
platform linux -- Python 3.9.16, pytest-7.2.0.dev544+g3683722bc, pluggy-1.0.0
cachedir: /home/ec2-user/pytest/.tox/plugins/.pytest_cache
rootdir: /home/ec2-user/pytest/testing/plugins_integration
configfile: pytest.ini
plugins: anyio-3.6.2, xvfb-2.0.0, twisted-1.14.0, sugar-0.9.5, rerunfailures-11.1.2, mock-3.10.0, metadata-2.0.4, flakes-4.0.5, django-4.5.2, cov-4.0.0, bdd-6.1.1, asyncio-0.21.0, trio-0.7.0, html-3.2.0, hypothesis-6.71.0
asyncio: mode=strict
collected 2 items

pytest_anyio_integration.py ..                                           [100%]

============================== 2 passed in 0.05s ===============================
plugins: commands[7] /home/ec2-user/pytest/testing/plugins_integration> pytest pytest_asyncio_integration.py
/home/ec2-user/pytest/.tox/plugins/lib/python3.9/site-packages/trio/_core/_multierror.py:511: RuntimeWarning: You seem to already have a custom sys.excepthook handler installed. I'll skip installing Trio's custom handler, but this means MultiErrors will not show full tracebacks.
  warnings.warn(
============================= test session starts ==============================
platform linux -- Python 3.9.16, pytest-7.2.0.dev544+g3683722bc, pluggy-1.0.0
cachedir: /home/ec2-user/pytest/.tox/plugins/.pytest_cache
rootdir: /home/ec2-user/pytest/testing/plugins_integration
configfile: pytest.ini
plugins: anyio-3.6.2, xvfb-2.0.0, twisted-1.14.0, sugar-0.9.5, rerunfailures-11.1.2, mock-3.10.0, metadata-2.0.4, flakes-4.0.5, django-4.5.2, cov-4.0.0, bdd-6.1.1, asyncio-0.21.0, trio-0.7.0, html-3.2.0, hypothesis-6.71.0
asyncio: mode=strict
collected 1 item

pytest_asyncio_integration.py .                                          [100%]

============================== 1 passed in 0.01s ===============================
plugins: commands[8] /home/ec2-user/pytest/testing/plugins_integration> pytest pytest_mock_integration.py
/home/ec2-user/pytest/.tox/plugins/lib/python3.9/site-packages/trio/_core/_multierror.py:511: RuntimeWarning: You seem to already have a custom sys.excepthook handler installed. I'll skip installing Trio's custom handler, but this means MultiErrors will not show full tracebacks.
  warnings.warn(
============================= test session starts ==============================
platform linux -- Python 3.9.16, pytest-7.2.0.dev544+g3683722bc, pluggy-1.0.0
cachedir: /home/ec2-user/pytest/.tox/plugins/.pytest_cache
rootdir: /home/ec2-user/pytest/testing/plugins_integration
configfile: pytest.ini
plugins: anyio-3.6.2, xvfb-2.0.0, twisted-1.14.0, sugar-0.9.5, rerunfailures-11.1.2, mock-3.10.0, metadata-2.0.4, flakes-4.0.5, django-4.5.2, cov-4.0.0, bdd-6.1.1, asyncio-0.21.0, trio-0.7.0, html-3.2.0, hypothesis-6.71.0
asyncio: mode=strict
collected 1 item

pytest_mock_integration.py .                                             [100%]

============================== 1 passed in 0.01s ===============================
plugins: commands[9] /home/ec2-user/pytest/testing/plugins_integration> pytest pytest_trio_integration.py
/home/ec2-user/pytest/.tox/plugins/lib/python3.9/site-packages/trio/_core/_multierror.py:511: RuntimeWarning: You seem to already have a custom sys.excepthook handler installed. I'll skip installing Trio's custom handler, but this means MultiErrors will not show full tracebacks.
  warnings.warn(
============================= test session starts ==============================
platform linux -- Python 3.9.16, pytest-7.2.0.dev544+g3683722bc, pluggy-1.0.0
cachedir: /home/ec2-user/pytest/.tox/plugins/.pytest_cache
rootdir: /home/ec2-user/pytest/testing/plugins_integration
configfile: pytest.ini
plugins: anyio-3.6.2, xvfb-2.0.0, twisted-1.14.0, sugar-0.9.5, rerunfailures-11.1.2, mock-3.10.0, metadata-2.0.4, flakes-4.0.5, django-4.5.2, cov-4.0.0, bdd-6.1.1, asyncio-0.21.0, trio-0.7.0, html-3.2.0, hypothesis-6.71.0
asyncio: mode=strict
collected 1 item

pytest_trio_integration.py .                                             [100%]

=============================== warnings summary ===============================
pytest_trio_integration.py::test_sleep
  /home/ec2-user/pytest/.tox/plugins/lib/python3.9/site-packages/trio/_core/_wakeup_socketpair.py:56: RuntimeWarning: It looks like Trio's signal handling code might have collided with another library you're using. If you're running Trio in guest mode, then this might mean you should set host_uses_signal_set_wakeup_fd=True. Otherwise, file a bug on Trio and we'll help you figure out what's going on.
    warnings.warn(

-- Docs: https://docs.pytest.org/en/stable/how-to/capture-warnings.html
========================= 1 passed, 1 warning in 0.01s =========================
plugins: commands[10] /home/ec2-user/pytest/testing/plugins_integration> pytest pytest_twisted_integration.py
/home/ec2-user/pytest/.tox/plugins/lib/python3.9/site-packages/trio/_core/_multierror.py:511: RuntimeWarning: You seem to already have a custom sys.excepthook handler installed. I'll skip installing Trio's custom handler, but this means MultiErrors will not show full tracebacks.
  warnings.warn(
============================= test session starts ==============================
platform linux -- Python 3.9.16, pytest-7.2.0.dev544+g3683722bc, pluggy-1.0.0
cachedir: /home/ec2-user/pytest/.tox/plugins/.pytest_cache
rootdir: /home/ec2-user/pytest/testing/plugins_integration
configfile: pytest.ini
plugins: anyio-3.6.2, xvfb-2.0.0, twisted-1.14.0, sugar-0.9.5, rerunfailures-11.1.2, mock-3.10.0, metadata-2.0.4, flakes-4.0.5, django-4.5.2, cov-4.0.0, bdd-6.1.1, asyncio-0.21.0, trio-0.7.0, html-3.2.0, hypothesis-6.71.0
asyncio: mode=strict
collected 2 items

pytest_twisted_integration.py ..                                         [100%]

============================== 2 passed in 0.01s ===============================
plugins: commands[11] /home/ec2-user/pytest/testing/plugins_integration> pytest simple_integration.py --force-sugar --flakes
/home/ec2-user/pytest/.tox/plugins/lib/python3.9/site-packages/trio/_core/_multierror.py:511: RuntimeWarning: You seem to already have a custom sys.excepthook handler installed. I'll skip installing Trio's custom handler, but this means MultiErrors will not show full tracebacks.
  warnings.warn(
Test session starts (platform: linux, Python 3.9.16, pytest 7.2.0.dev544+g3683722bc, pytest-sugar 0.9.5)
cachedir: /home/ec2-user/pytest/.tox/plugins/.pytest_cache
rootdir: /home/ec2-user/pytest/testing/plugins_integration
configfile: pytest.ini
plugins: anyio-3.6.2, xvfb-2.0.0, twisted-1.14.0, sugar-0.9.5, rerunfailures-11.1.2, mock-3.10.0, metadata-2.0.4, flakes-4.0.5, django-4.5.2, cov-4.0.0, bdd-6.1.1, asyncio-0.21.0, trio-0.7.0, html-3.2.0, hypothesis-6.71.0
asyncio: mode=strict

 simple_integration.py ✓                                          20% ██         simple_integration.py ✓✓                                         40% ████       simple_integration.py ✓✓✓                                        60% ██████     simple_integration.py ✓✓✓✓                                       80% ████████   simple_integration.py ✓✓✓✓✓                                     100% ██████████

Results (0.03s):
       5 passed
plugins: OK ✔ in 24.65 seconds
py37-freeze: skipped because could not find python interpreter with spec(s): py37
py37-freeze: SKIP ⚠ in 0 seconds
docs: install_deps> python -I -m pip install 'towncrier<21.3.0' -r /home/ec2-user/pytest/doc/en/requirements.txt
docs: install_package_deps> python -I -m pip install argcomplete 'attrs>=19.2.0' 'colorama; sys_platform == "win32"' 'exceptiongroup>=1.0.0rc8; python_version < "3.11"' 'hypothesis>=3.56' 'importlib-metadata>=0.12; python_version < "3.8"' iniconfig mock nose packaging 'pluggy<2.0,>=0.12' 'pygments>=2.7.2' requests 'tomli>=1.0.0; python_version < "3.11"' xmlschema
docs: install_package> python -I -m pip install --force-reinstall --no-deps /home/ec2-user/pytest/.tox/.tmp/package/5/pytest-7.2.0.dev544+g3683722bc-py3-none-any.whl
docs: commands[0]> python scripts/towncrier-draft-to-file.py
Loading template...
Finding news fragments...
Rendering news fragments...
Draft only -- nothing has been written.
What is seen below is what would be written.

docs: commands[1]> sphinx-build -W --keep-going -b html doc/en doc/en/_build/html -t changelog_towncrier_draft
Running Sphinx v5.3.0
making output directory... done
[autosummary] generating autosummary for: _changelog_towncrier_draft.rst, adopt.rst, announce/index.rst, announce/release-2.0.0.rst, announce/release-2.0.1.rst, announce/release-2.0.2.rst, announce/release-2.0.3.rst, announce/release-2.1.0.rst, announce/release-2.1.1.rst, announce/release-2.1.2.rst, ..., reference/customize.rst, reference/exit-codes.rst, reference/fixtures.rst, reference/index.rst, reference/plugin_list.rst, reference/reference.rst, sponsor.rst, talks.rst, tidelift.rst, yieldfixture.rst
loading intersphinx inventory from https://pluggy.readthedocs.io/en/stable/objects.inv...
loading intersphinx inventory from https://docs.python.org/3/objects.inv...
loading intersphinx inventory from https://numpy.org/doc/stable/objects.inv...
loading intersphinx inventory from https://pip.pypa.io/en/stable/objects.inv...
loading intersphinx inventory from https://tox.wiki/en/stable/objects.inv...
loading intersphinx inventory from https://virtualenv.pypa.io/en/stable/objects.inv...
loading intersphinx inventory from https://setuptools.pypa.io/en/stable/objects.inv...
loading intersphinx inventory from https://packaging.python.org/en/latest/objects.inv...
building [mo]: targets for 0 po files that are out of date
building [html]: targets for 220 source files that are out of date
updating environment: [new config] 220 added, 0 changed, 0 removed
reading sources... [  0%] _changelog_towncrier_draft
reading sources... [  0%] adopt
reading sources... [  1%] announce/index
reading sources... [  1%] announce/release-2.0.0
reading sources... [  2%] announce/release-2.0.1
reading sources... [  2%] announce/release-2.0.2
reading sources... [  3%] announce/release-2.0.3
reading sources... [  3%] announce/release-2.1.0
reading sources... [  4%] announce/release-2.1.1
reading sources... [  4%] announce/release-2.1.2
reading sources... [  5%] announce/release-2.1.3
reading sources... [  5%] announce/release-2.2.0
reading sources... [  5%] announce/release-2.2.1
reading sources... [  6%] announce/release-2.2.2
reading sources... [  6%] announce/release-2.2.4
reading sources... [  7%] announce/release-2.3.0
reading sources... [  7%] announce/release-2.3.1
reading sources... [  8%] announce/release-2.3.2
reading sources... [  8%] announce/release-2.3.3
reading sources... [  9%] announce/release-2.3.4
reading sources... [  9%] announce/release-2.3.5
reading sources... [ 10%] announce/release-2.4.0
reading sources... [ 10%] announce/release-2.4.1
reading sources... [ 10%] announce/release-2.4.2
reading sources... [ 11%] announce/release-2.5.0
reading sources... [ 11%] announce/release-2.5.1
reading sources... [ 12%] announce/release-2.5.2
reading sources... [ 12%] announce/release-2.6.0
reading sources... [ 13%] announce/release-2.6.1
reading sources... [ 13%] announce/release-2.6.2
reading sources... [ 14%] announce/release-2.6.3
reading sources... [ 14%] announce/release-2.7.0
reading sources... [ 15%] announce/release-2.7.1
reading sources... [ 15%] announce/release-2.7.2
reading sources... [ 15%] announce/release-2.8.2
reading sources... [ 16%] announce/release-2.8.3
reading sources... [ 16%] announce/release-2.8.4
reading sources... [ 17%] announce/release-2.8.5
reading sources... [ 17%] announce/release-2.8.6
reading sources... [ 18%] announce/release-2.8.7
reading sources... [ 18%] announce/release-2.9.0
reading sources... [ 19%] announce/release-2.9.1
reading sources... [ 19%] announce/release-2.9.2
reading sources... [ 20%] announce/release-3.0.0
reading sources... [ 20%] announce/release-3.0.1
reading sources... [ 20%] announce/release-3.0.2
reading sources... [ 21%] announce/release-3.0.3
reading sources... [ 21%] announce/release-3.0.4
reading sources... [ 22%] announce/release-3.0.5
reading sources... [ 22%] announce/release-3.0.6
reading sources... [ 23%] announce/release-3.0.7
reading sources... [ 23%] announce/release-3.1.0
reading sources... [ 24%] announce/release-3.1.1
reading sources... [ 24%] announce/release-3.1.2
reading sources... [ 25%] announce/release-3.1.3
reading sources... [ 25%] announce/release-3.10.0
reading sources... [ 25%] announce/release-3.10.1
reading sources... [ 26%] announce/release-3.2.0
reading sources... [ 26%] announce/release-3.2.1
reading sources... [ 27%] announce/release-3.2.2
reading sources... [ 27%] announce/release-3.2.3
reading sources... [ 28%] announce/release-3.2.4
reading sources... [ 28%] announce/release-3.2.5
reading sources... [ 29%] announce/release-3.3.0
reading sources... [ 29%] announce/release-3.3.1
reading sources... [ 30%] announce/release-3.3.2
reading sources... [ 30%] announce/release-3.4.0
reading sources... [ 30%] announce/release-3.4.1
reading sources... [ 31%] announce/release-3.4.2
reading sources... [ 31%] announce/release-3.5.0
reading sources... [ 32%] announce/release-3.5.1
reading sources... [ 32%] announce/release-3.6.0
reading sources... [ 33%] announce/release-3.6.1
reading sources... [ 33%] announce/release-3.6.2
reading sources... [ 34%] announce/release-3.6.3
reading sources... [ 34%] announce/release-3.6.4
reading sources... [ 35%] announce/release-3.7.0
reading sources... [ 35%] announce/release-3.7.1
reading sources... [ 35%] announce/release-3.7.2
reading sources... [ 36%] announce/release-3.7.3
reading sources... [ 36%] announce/release-3.7.4
reading sources... [ 37%] announce/release-3.8.0
reading sources... [ 37%] announce/release-3.8.1
reading sources... [ 38%] announce/release-3.8.2
reading sources... [ 38%] announce/release-3.9.0
reading sources... [ 39%] announce/release-3.9.1
reading sources... [ 39%] announce/release-3.9.2
reading sources... [ 40%] announce/release-3.9.3
reading sources... [ 40%] announce/release-4.0.0
reading sources... [ 40%] announce/release-4.0.1
reading sources... [ 41%] announce/release-4.0.2
reading sources... [ 41%] announce/release-4.1.0
reading sources... [ 42%] announce/release-4.1.1
reading sources... [ 42%] announce/release-4.2.0
reading sources... [ 43%] announce/release-4.2.1
reading sources... [ 43%] announce/release-4.3.0
reading sources... [ 44%] announce/release-4.3.1
reading sources... [ 44%] announce/release-4.4.0
reading sources... [ 45%] announce/release-4.4.1
reading sources... [ 45%] announce/release-4.4.2
reading sources... [ 45%] announce/release-4.5.0
reading sources... [ 46%] announce/release-4.6.0
reading sources... [ 46%] announce/release-4.6.1
reading sources... [ 47%] announce/release-4.6.2
reading sources... [ 47%] announce/release-4.6.3
reading sources... [ 48%] announce/release-4.6.4
reading sources... [ 48%] announce/release-4.6.5
reading sources... [ 49%] announce/release-4.6.6
reading sources... [ 49%] announce/release-4.6.7
reading sources... [ 50%] announce/release-4.6.8
reading sources... [ 50%] announce/release-4.6.9
reading sources... [ 50%] announce/release-5.0.0
reading sources... [ 51%] announce/release-5.0.1
reading sources... [ 51%] announce/release-5.1.0
reading sources... [ 52%] announce/release-5.1.1
reading sources... [ 52%] announce/release-5.1.2
reading sources... [ 53%] announce/release-5.1.3
reading sources... [ 53%] announce/release-5.2.0
reading sources... [ 54%] announce/release-5.2.1
reading sources... [ 54%] announce/release-5.2.2
reading sources... [ 55%] announce/release-5.2.3
reading sources... [ 55%] announce/release-5.2.4
reading sources... [ 55%] announce/release-5.3.0
reading sources... [ 56%] announce/release-5.3.1
reading sources... [ 56%] announce/release-5.3.2
reading sources... [ 57%] announce/release-5.3.3
reading sources... [ 57%] announce/release-5.3.4
reading sources... [ 58%] announce/release-5.3.5
reading sources... [ 58%] announce/release-5.4.0
reading sources... [ 59%] announce/release-5.4.1
reading sources... [ 59%] announce/release-5.4.2
reading sources... [ 60%] announce/release-5.4.3
reading sources... [ 60%] announce/release-6.0.0
reading sources... [ 60%] announce/release-6.0.0rc1
reading sources... [ 61%] announce/release-6.0.1
reading sources... [ 61%] announce/release-6.0.2
reading sources... [ 62%] announce/release-6.1.0
reading sources... [ 62%] announce/release-6.1.1
reading sources... [ 63%] announce/release-6.1.2
reading sources... [ 63%] announce/release-6.2.0
reading sources... [ 64%] announce/release-6.2.1
reading sources... [ 64%] announce/release-6.2.2
reading sources... [ 65%] announce/release-6.2.3
reading sources... [ 65%] announce/release-6.2.4
reading sources... [ 65%] announce/release-6.2.5
reading sources... [ 66%] announce/release-7.0.0
reading sources... [ 66%] announce/release-7.0.0rc1
reading sources... [ 67%] announce/release-7.0.1
reading sources... [ 67%] announce/release-7.1.0
reading sources... [ 68%] announce/release-7.1.1
reading sources... [ 68%] announce/release-7.1.2
reading sources... [ 69%] announce/release-7.1.3
reading sources... [ 69%] announce/release-7.2.0
reading sources... [ 70%] announce/release-7.2.1
reading sources... [ 70%] announce/release-7.2.2
reading sources... [ 70%] announce/sprint2016
reading sources... [ 71%] backwards-compatibility
reading sources... [ 71%] builtin
reading sources... [ 72%] changelog
reading sources... [ 72%] contact
reading sources... [ 73%] contents
reading sources... [ 73%] contributing
reading sources... [ 74%] deprecations
reading sources... [ 74%] development_guide
reading sources... [ 75%] example/index
reading sources... [ 75%] example/markers
reading sources... [ 75%] example/nonpython
reading sources... [ 76%] example/parametrize
reading sources... [ 76%] example/pythoncollection
reading sources... [ 77%] example/reportingdemo
reading sources... [ 77%] example/simple
reading sources... [ 78%] example/special
reading sources... [ 78%] explanation/anatomy
reading sources... [ 79%] explanation/fixtures
reading sources... [ 79%] explanation/flaky
reading sources... [ 80%] explanation/goodpractices
reading sources... [ 80%] explanation/index
reading sources... [ 80%] explanation/pythonpath
reading sources... [ 81%] funcarg_compare
reading sources... [ 81%] getting-started
reading sources... [ 82%] historical-notes
reading sources... [ 82%] history
reading sources... [ 83%] how-to/assert
reading sources... [ 83%] how-to/bash-completion
reading sources... [ 84%] how-to/cache
reading sources... [ 84%] how-to/capture-stdout-stderr
reading sources... [ 85%] how-to/capture-warnings
reading sources... [ 85%] how-to/doctest
reading sources... [ 85%] how-to/existingtestsuite
reading sources... [ 86%] how-to/failures
reading sources... [ 86%] how-to/fixtures
reading sources... [ 87%] how-to/index
reading sources... [ 87%] how-to/logging
reading sources... [ 88%] how-to/mark
reading sources... [ 88%] how-to/monkeypatch
reading sources... [ 89%] how-to/nose
reading sources... [ 89%] how-to/output
reading sources... [ 90%] how-to/parametrize
reading sources... [ 90%] how-to/plugins
reading sources... [ 90%] how-to/skipping
reading sources... [ 91%] how-to/tmp_path
reading sources... [ 91%] how-to/unittest
reading sources... [ 92%] how-to/usage
reading sources... [ 92%] how-to/writing_hook_functions
reading sources... [ 93%] how-to/writing_plugins
reading sources... [ 93%] how-to/xunit_setup
reading sources... [ 94%] index
reading sources... [ 94%] license
reading sources... [ 95%] proposals/parametrize_with_fixtures
reading sources... [ 95%] recwarn
reading sources... [ 95%] reference/customize
reading sources... [ 96%] reference/exit-codes
reading sources... [ 96%] reference/fixtures
reading sources... [ 97%] reference/index
reading sources... [ 97%] reference/plugin_list
reading sources... [ 98%] reference/reference
reading sources... [ 98%] sponsor
reading sources... [ 99%] talks
reading sources... [ 99%] tidelift
reading sources... [100%] yieldfixture

looking for now-outdated files... none found
pickling environment... done
checking consistency... done
preparing documents... done
writing output... [  0%] _changelog_towncrier_draft
writing output... [  0%] adopt
writing output... [  1%] announce/index
writing output... [  1%] announce/release-2.0.0
writing output... [  2%] announce/release-2.0.1
writing output... [  2%] announce/release-2.0.2
writing output... [  3%] announce/release-2.0.3
writing output... [  3%] announce/release-2.1.0
writing output... [  4%] announce/release-2.1.1
writing output... [  4%] announce/release-2.1.2
writing output... [  5%] announce/release-2.1.3
writing output... [  5%] announce/release-2.2.0
writing output... [  5%] announce/release-2.2.1
writing output... [  6%] announce/release-2.2.2
writing output... [  6%] announce/release-2.2.4
writing output... [  7%] announce/release-2.3.0
writing output... [  7%] announce/release-2.3.1
writing output... [  8%] announce/release-2.3.2
writing output... [  8%] announce/release-2.3.3
writing output... [  9%] announce/release-2.3.4
writing output... [  9%] announce/release-2.3.5
writing output... [ 10%] announce/release-2.4.0
writing output... [ 10%] announce/release-2.4.1
writing output... [ 10%] announce/release-2.4.2
writing output... [ 11%] announce/release-2.5.0
writing output... [ 11%] announce/release-2.5.1
writing output... [ 12%] announce/release-2.5.2
writing output... [ 12%] announce/release-2.6.0
writing output... [ 13%] announce/release-2.6.1
writing output... [ 13%] announce/release-2.6.2
writing output... [ 14%] announce/release-2.6.3
writing output... [ 14%] announce/release-2.7.0
writing output... [ 15%] announce/release-2.7.1
writing output... [ 15%] announce/release-2.7.2
writing output... [ 15%] announce/release-2.8.2
writing output... [ 16%] announce/release-2.8.3
writing output... [ 16%] announce/release-2.8.4
writing output... [ 17%] announce/release-2.8.5
writing output... [ 17%] announce/release-2.8.6
writing output... [ 18%] announce/release-2.8.7
writing output... [ 18%] announce/release-2.9.0
writing output... [ 19%] announce/release-2.9.1
writing output... [ 19%] announce/release-2.9.2
writing output... [ 20%] announce/release-3.0.0
writing output... [ 20%] announce/release-3.0.1
writing output... [ 20%] announce/release-3.0.2
writing output... [ 21%] announce/release-3.0.3
writing output... [ 21%] announce/release-3.0.4
writing output... [ 22%] announce/release-3.0.5
writing output... [ 22%] announce/release-3.0.6
writing output... [ 23%] announce/release-3.0.7
writing output... [ 23%] announce/release-3.1.0
writing output... [ 24%] announce/release-3.1.1
writing output... [ 24%] announce/release-3.1.2
writing output... [ 25%] announce/release-3.1.3
writing output... [ 25%] announce/release-3.10.0
writing output... [ 25%] announce/release-3.10.1
writing output... [ 26%] announce/release-3.2.0
writing output... [ 26%] announce/release-3.2.1
writing output... [ 27%] announce/release-3.2.2
writing output... [ 27%] announce/release-3.2.3
writing output... [ 28%] announce/release-3.2.4
writing output... [ 28%] announce/release-3.2.5
writing output... [ 29%] announce/release-3.3.0
writing output... [ 29%] announce/release-3.3.1
writing output... [ 30%] announce/release-3.3.2
writing output... [ 30%] announce/release-3.4.0
writing output... [ 30%] announce/release-3.4.1
writing output... [ 31%] announce/release-3.4.2
writing output... [ 31%] announce/release-3.5.0
writing output... [ 32%] announce/release-3.5.1
writing output... [ 32%] announce/release-3.6.0
writing output... [ 33%] announce/release-3.6.1
writing output... [ 33%] announce/release-3.6.2
writing output... [ 34%] announce/release-3.6.3
writing output... [ 34%] announce/release-3.6.4
writing output... [ 35%] announce/release-3.7.0
writing output... [ 35%] announce/release-3.7.1
writing output... [ 35%] announce/release-3.7.2
writing output... [ 36%] announce/release-3.7.3
writing output... [ 36%] announce/release-3.7.4
writing output... [ 37%] announce/release-3.8.0
writing output... [ 37%] announce/release-3.8.1
writing output... [ 38%] announce/release-3.8.2
writing output... [ 38%] announce/release-3.9.0
writing output... [ 39%] announce/release-3.9.1
writing output... [ 39%] announce/release-3.9.2
writing output... [ 40%] announce/release-3.9.3
writing output... [ 40%] announce/release-4.0.0
writing output... [ 40%] announce/release-4.0.1
writing output... [ 41%] announce/release-4.0.2
writing output... [ 41%] announce/release-4.1.0
writing output... [ 42%] announce/release-4.1.1
writing output... [ 42%] announce/release-4.2.0
writing output... [ 43%] announce/release-4.2.1
writing output... [ 43%] announce/release-4.3.0
writing output... [ 44%] announce/release-4.3.1
writing output... [ 44%] announce/release-4.4.0
writing output... [ 45%] announce/release-4.4.1
writing output... [ 45%] announce/release-4.4.2
writing output... [ 45%] announce/release-4.5.0
writing output... [ 46%] announce/release-4.6.0
writing output... [ 46%] announce/release-4.6.1
writing output... [ 47%] announce/release-4.6.2
writing output... [ 47%] announce/release-4.6.3
writing output... [ 48%] announce/release-4.6.4
writing output... [ 48%] announce/release-4.6.5
writing output... [ 49%] announce/release-4.6.6
writing output... [ 49%] announce/release-4.6.7
writing output... [ 50%] announce/release-4.6.8
writing output... [ 50%] announce/release-4.6.9
writing output... [ 50%] announce/release-5.0.0
writing output... [ 51%] announce/release-5.0.1
writing output... [ 51%] announce/release-5.1.0
writing output... [ 52%] announce/release-5.1.1
writing output... [ 52%] announce/release-5.1.2
writing output... [ 53%] announce/release-5.1.3
writing output... [ 53%] announce/release-5.2.0
writing output... [ 54%] announce/release-5.2.1
writing output... [ 54%] announce/release-5.2.2
writing output... [ 55%] announce/release-5.2.3
writing output... [ 55%] announce/release-5.2.4
writing output... [ 55%] announce/release-5.3.0
writing output... [ 56%] announce/release-5.3.1
writing output... [ 56%] announce/release-5.3.2
writing output... [ 57%] announce/release-5.3.3
writing output... [ 57%] announce/release-5.3.4
writing output... [ 58%] announce/release-5.3.5
writing output... [ 58%] announce/release-5.4.0
writing output... [ 59%] announce/release-5.4.1
writing output... [ 59%] announce/release-5.4.2
writing output... [ 60%] announce/release-5.4.3
writing output... [ 60%] announce/release-6.0.0
writing output... [ 60%] announce/release-6.0.0rc1
writing output... [ 61%] announce/release-6.0.1
writing output... [ 61%] announce/release-6.0.2
writing output... [ 62%] announce/release-6.1.0
writing output... [ 62%] announce/release-6.1.1
writing output... [ 63%] announce/release-6.1.2
writing output... [ 63%] announce/release-6.2.0
writing output... [ 64%] announce/release-6.2.1
writing output... [ 64%] announce/release-6.2.2
writing output... [ 65%] announce/release-6.2.3
writing output... [ 65%] announce/release-6.2.4
writing output... [ 65%] announce/release-6.2.5
writing output... [ 66%] announce/release-7.0.0
writing output... [ 66%] announce/release-7.0.0rc1
writing output... [ 67%] announce/release-7.0.1
writing output... [ 67%] announce/release-7.1.0
writing output... [ 68%] announce/release-7.1.1
writing output... [ 68%] announce/release-7.1.2
writing output... [ 69%] announce/release-7.1.3
writing output... [ 69%] announce/release-7.2.0
writing output... [ 70%] announce/release-7.2.1
writing output... [ 70%] announce/release-7.2.2
writing output... [ 70%] announce/sprint2016
writing output... [ 71%] backwards-compatibility
writing output... [ 71%] builtin
writing output... [ 72%] changelog
writing output... [ 72%] contact
writing output... [ 73%] contents
writing output... [ 73%] contributing
writing output... [ 74%] deprecations
writing output... [ 74%] development_guide
writing output... [ 75%] example/index
writing output... [ 75%] example/markers
writing output... [ 75%] example/nonpython
writing output... [ 76%] example/parametrize
writing output... [ 76%] example/pythoncollection
writing output... [ 77%] example/reportingdemo
writing output... [ 77%] example/simple
writing output... [ 78%] example/special
writing output... [ 78%] explanation/anatomy
writing output... [ 79%] explanation/fixtures
writing output... [ 79%] explanation/flaky
writing output... [ 80%] explanation/goodpractices
writing output... [ 80%] explanation/index
writing output... [ 80%] explanation/pythonpath
writing output... [ 81%] funcarg_compare
writing output... [ 81%] getting-started
writing output... [ 82%] historical-notes
writing output... [ 82%] history
writing output... [ 83%] how-to/assert
writing output... [ 83%] how-to/bash-completion
writing output... [ 84%] how-to/cache
writing output... [ 84%] how-to/capture-stdout-stderr
writing output... [ 85%] how-to/capture-warnings
writing output... [ 85%] how-to/doctest
writing output... [ 85%] how-to/existingtestsuite
writing output... [ 86%] how-to/failures
writing output... [ 86%] how-to/fixtures
writing output... [ 87%] how-to/index
writing output... [ 87%] how-to/logging
writing output... [ 88%] how-to/mark
writing output... [ 88%] how-to/monkeypatch
writing output... [ 89%] how-to/nose
writing output... [ 89%] how-to/output
writing output... [ 90%] how-to/parametrize
writing output... [ 90%] how-to/plugins
writing output... [ 90%] how-to/skipping
writing output... [ 91%] how-to/tmp_path
writing output... [ 91%] how-to/unittest
writing output... [ 92%] how-to/usage
writing output... [ 92%] how-to/writing_hook_functions
writing output... [ 93%] how-to/writing_plugins
writing output... [ 93%] how-to/xunit_setup
writing output... [ 94%] index
writing output... [ 94%] license
writing output... [ 95%] proposals/parametrize_with_fixtures
writing output... [ 95%] recwarn
writing output... [ 95%] reference/customize
writing output... [ 96%] reference/exit-codes
writing output... [ 96%] reference/fixtures
writing output... [ 97%] reference/index
writing output... [ 97%] reference/plugin_list
writing output... [ 98%] reference/reference
writing output... [ 98%] sponsor
writing output... [ 99%] talks
writing output... [ 99%] tidelift
writing output... [100%] yieldfixture

generating indices... py-modindex done
highlighting module code... [  3%] _pytest._code.code
highlighting module code... [  6%] _pytest.assertion
highlighting module code... [ 10%] _pytest.cacheprovider
highlighting module code... [ 13%] _pytest.capture
highlighting module code... [ 17%] _pytest.config
highlighting module code... [ 20%] _pytest.config.argparsing
highlighting module code... [ 24%] _pytest.config.exceptions
highlighting module code... [ 27%] _pytest.doctest
highlighting module code... [ 31%] _pytest.fixtures
highlighting module code... [ 34%] _pytest.freeze_support
highlighting module code... [ 37%] _pytest.hookspec
highlighting module code... [ 41%] _pytest.junitxml
highlighting module code... [ 44%] _pytest.legacypath
highlighting module code... [ 48%] _pytest.logging
highlighting module code... [ 51%] _pytest.main
highlighting module code... [ 55%] _pytest.mark
highlighting module code... [ 58%] _pytest.mark.structures
highlighting module code... [ 62%] _pytest.monkeypatch
highlighting module code... [ 65%] _pytest.nodes
highlighting module code... [ 68%] _pytest.outcomes
highlighting module code... [ 72%] _pytest.pytester
highlighting module code... [ 75%] _pytest.python
highlighting module code... [ 79%] _pytest.python_api
highlighting module code... [ 82%] _pytest.recwarn
highlighting module code... [ 86%] _pytest.reports
highlighting module code... [ 89%] _pytest.runner
highlighting module code... [ 93%] _pytest.stash
highlighting module code... [ 96%] _pytest.tmpdir
highlighting module code... [100%] builtins

writing additional pages... search done
copying images... [  8%] img/freiburg2.jpg
copying images... [ 16%] example/fixtures/test_fixtures_request_different_scope.svg
copying images... [ 25%] example/fixtures/fixture_availability.svg
copying images... [ 33%] example/fixtures/fixture_availability_plugins.svg
copying images... [ 41%] example/fixtures/test_fixtures_order_scope.svg
copying images... [ 50%] example/fixtures/test_fixtures_order_dependencies.svg
copying images... [ 58%] example/fixtures/test_fixtures_order_dependencies_flat.svg
copying images... [ 66%] example/fixtures/test_fixtures_order_dependencies_unclear.svg
copying images... [ 75%] example/fixtures/test_fixtures_order_autouse.svg
copying images... [ 83%] example/fixtures/test_fixtures_order_autouse_flat.svg
copying images... [ 91%] example/fixtures/test_fixtures_order_autouse_multiple_scopes.svg
copying images... [100%] example/fixtures/test_fixtures_order_autouse_temp_effects.svg

copying static files... done
copying extra files... done
dumping search index in English (code: en)... done
dumping object inventory... done
build succeeded.

The HTML pages are in doc/en/_build/html.
docs: OK ✔ in 26.13 seconds
docs-checklinks: install_deps> python -I -m pip install -r /home/ec2-user/pytest/doc/en/requirements.txt
docs-checklinks: install_package_deps> python -I -m pip install argcomplete 'attrs>=19.2.0' 'colorama; sys_platform == "win32"' 'exceptiongroup>=1.0.0rc8; python_version < "3.11"' 'hypothesis>=3.56' 'importlib-metadata>=0.12; python_version < "3.8"' iniconfig mock nose packaging 'pluggy<2.0,>=0.12' 'pygments>=2.7.2' requests 'tomli>=1.0.0; python_version < "3.11"' xmlschema
docs-checklinks: install_package> python -I -m pip install --force-reinstall --no-deps /home/ec2-user/pytest/.tox/.tmp/package/6/pytest-7.2.0.dev544+g3683722bc-py3-none-any.whl
docs-checklinks: commands[0] /home/ec2-user/pytest/doc/en> sphinx-build -W -q --keep-going -b linkcheck . _build
/home/ec2-user/pytest/doc/en/adopt.rst:56: WARNING: broken link: fixture.html ()
/home/ec2-user/pytest/doc/en/adopt.rst:55: WARNING: broken link: assert.html ()
/home/ec2-user/pytest/doc/en/announce/release-2.2.0.rst:12: WARNING: broken link: http://pytest.org/en/stable/example/how-to/parametrize.html (404 Client Error: Not Found for url: https://pytest.org/en/stable/example/how-to/parametrize.html)
/home/ec2-user/pytest/doc/en/adopt.rst:55: WARNING: broken link: https://bitbucket.org/hpk42/pycmd/overview (404 Client Error: Not Found for url: https://bitbucket.org/hpk42/pycmd/overview)
/home/ec2-user/pytest/doc/en/explanation/goodpractices.rst:111: WARNING: broken link: https://blog.ionelmc.ro/2014/05/25/python-packaging/#the-structure> (Anchor 'the-structure>' not found)
/home/ec2-user/pytest/doc/en/announce/release-2.6.0.rst:21: WARNING: broken link: https://bitbucket.org/pytest-dev/pytest/issues?status=new&status=open&sort=-votes (404 Client Error: Not Found for url: https://bitbucket.org/pytest-dev/pytest/issues?status=new&status=open&sort=-votes)
/home/ec2-user/pytest/doc/en/history.rst:120: WARNING: broken link: http://web.archive.org/web/20091012022829/http://codespeak.net/py/dist/test/plugin/how-to/monkeypatch.html (404 Client Error: NOT FOUND for url: http://web.archive.org/web/20091012022829/http://codespeak.net/py/dist/test/plugin/how-to/monkeypatch.html)
/home/ec2-user/pytest/doc/en/announce/release-2.3.0.rst:97: WARNING: broken link: https://docs.pytest.org/en/6.0.1/faq.html (404 Client Error: Not Found for url: https://docs.pytest.org/en/6.0.1/faq.html)
/home/ec2-user/pytest/doc/en/reference/reference.rst:153: WARNING: broken link: https://github.com/asottile/re-assert#re_assertmatchespattern-str-args-kwargs (Anchor 're_assertmatchespattern-str-args-kwargs' not found)
/home/ec2-user/pytest/doc/en/explanation/goodpractices.rst:288: WARNING: broken link: https://github.com/pytest-dev/pytest-runner#deprecation-notice (Anchor 'deprecation-notice' not found)
/home/ec2-user/pytest/doc/en/history.rst:108: WARNING: broken link: https://github.com/pytest-dev/pytest/blob/main/doc/en/changelog.rst#091 (Anchor '091' not found)
/home/ec2-user/pytest/doc/en/contact.rst:24: WARNING: broken link: https://matrix.to/#/%23pytest:libera.chat (Anchor '/%23pytest:libera.chat' not found)
/home/ec2-user/pytest/doc/en/changelog.rst:4711: WARNING: broken link: https://peps.python.org/pep-0506/#recommended-filter-settings-for-test-runners (Anchor 'recommended-filter-settings-for-test-runners' not found)
/home/ec2-user/pytest/doc/en/history.rst:99: WARNING: broken link: https://pypi.org/project/py/0.8.0-alpha2/#history/ (Anchor 'history/' not found)
/home/ec2-user/pytest/doc/en/how-to/monkeypatch.rst:60: WARNING: broken link: https://tetamap.wordpress.com//2009/03/03/monkeypatching-in-unit-tests-done-right/ (Exceeded 30 redirects.)
/home/ec2-user/pytest/doc/en/contributing.rst:154: WARNING: broken link: https://tox.readthedocs.io/en/latest/config.html#configuration-discovery (Anchor 'configuration-discovery' not found)
/home/ec2-user/pytest/doc/en/talks.rst:99: WARNING: broken link: https://tetamap.wordpress.com//2009/03/23/new-simultanously-test-your-code-on-all-platforms/ (Exceeded 30 redirects.)
/home/ec2-user/pytest/doc/en/contact.rst:24: WARNING: broken link: https://web.libera.chat/#pytest (Anchor 'pytest' not found)
/home/ec2-user/pytest/doc/en/adopt.rst:57: WARNING: broken link: mark.html ()
/home/ec2-user/pytest/doc/en/talks.rst:83: WARNING: broken link: monkeypatch.html ()
/home/ec2-user/pytest/doc/en/adopt.rst:47: WARNING: broken link: nose.html ()
/home/ec2-user/pytest/doc/en/talks.rst:87: WARNING: broken link: parametrize.html#test-generators ()
/home/ec2-user/pytest/doc/en/talks.rst:105: WARNING: broken link: plugins.html ()
/home/ec2-user/pytest/doc/en/adopt.rst:47: WARNING: broken link: unittest.html ()
/home/ec2-user/pytest/doc/en/changelog.rst:111: WARNING: broken link: with-setup-nose ()
/home/ec2-user/pytest/doc/en/adopt.rst:59: WARNING: broken link: xdist.html ()
/home/ec2-user/pytest/doc/en/adopt.rst:56: WARNING: broken link: xunit_setup.html ()
docs-checklinks: exit 1 (78.68 seconds) /home/ec2-user/pytest/doc/en> sphinx-build -W -q --keep-going -b linkcheck . _build pid=41775
docs-checklinks: FAIL ✖ in 1 minute 25.34 seconds
py311-exceptiongroup: install_deps> python -I -m pip install 'exceptiongroup>=1.0.0rc8'
py311-exceptiongroup: install_package_deps> python -I -m pip install argcomplete 'attrs>=19.2.0' 'colorama; sys_platform == "win32"' 'exceptiongroup>=1.0.0rc8; python_version < "3.11"' 'hypothesis>=3.56' 'importlib-metadata>=0.12; python_version < "3.8"' iniconfig mock nose packaging 'pluggy<2.0,>=0.12' 'pygments>=2.7.2' requests 'tomli>=1.0.0; python_version < "3.11"' xmlschema
py311-exceptiongroup: install_package> python -I -m pip install --force-reinstall --no-deps /home/ec2-user/pytest/.tox/.tmp/package/7/pytest-7.2.0.dev544+g3683722bc.tar.gz
py311-exceptiongroup: commands[0]> pytest
============================= test session starts ==============================
platform linux -- Python 3.11.2, pytest-7.2.0.dev544+g3683722bc, pluggy-1.0.0
cachedir: .tox/py311-exceptiongroup/.pytest_cache
rootdir: /home/ec2-user/pytest
configfile: pyproject.toml
testpaths: testing
plugins: hypothesis-6.71.0
collected 3420 items

testing/acceptance_test.py .....                                         [  0%]
testing/deprecated_test.py .......                                       [  0%]
testing/test_argcomplete.py ..                                           [  0%]
testing/test_assertion.py .............................................. [  1%]
.......................                                                  [  2%]
testing/test_assertrewrite.py .......................................... [  3%]
..                                                                       [  3%]
testing/test_capture.py ................................................ [  5%]
.............s..                                                         [  5%]
testing/test_collection.py .                                             [  5%]
testing/test_compat.py ...........                                       [  5%]
testing/test_config.py ................................................. [  7%]
.....                                                                    [  7%]
testing/test_conftest.py ...........                                     [  7%]
testing/test_debugging.py .                                              [  7%]
testing/test_doctest.py .............                                    [  8%]
testing/test_entry_points.py .                                           [  8%]
testing/test_faulthandler.py ...                                         [  8%]
testing/test_findpaths.py ..............s...                             [  8%]
testing/test_helpconfig.py .                                             [  8%]
testing/test_junitxml.py ....                                            [  9%]
testing/test_legacypath.py ....                                          [  9%]
testing/test_main.py .....                                               [  9%]
testing/test_mark.py ..............                                      [  9%]
testing/test_mark_expression.py ........................................ [ 10%]
............................................                             [ 12%]
testing/test_monkeypatch.py ...............................              [ 13%]
testing/test_nodes.py ..............                                     [ 13%]
testing/test_nose.py ..                                                  [ 13%]
testing/test_parseopt.py ............................                    [ 14%]
testing/test_pastebin.py ....                                            [ 14%]
testing/test_pathlib.py .............................................s.. [ 15%]
...                                                                      [ 15%]
testing/test_pluginmanager.py .........                                  [ 16%]
testing/test_pytester.py .....................                           [ 16%]
testing/test_recwarn.py ........................................         [ 18%]
testing/test_runner.py ..............                                    [ 18%]
testing/test_scope.py ....                                               [ 18%]
testing/test_skipping.py .                                               [ 18%]
testing/test_stash.py .                                                  [ 18%]
testing/test_terminal.py .......................................         [ 19%]
testing/test_tmpdir.py ...s...............                               [ 20%]
testing/test_warning_types.py ..............                             [ 20%]
testing/test_warnings.py .                                               [ 20%]
testing/_py/test_local.py .............................................. [ 22%]
...................ss..............s.................x......s........... [ 24%]
..........................sssssss............................x...        [ 26%]
testing/code/test_code.py .................                              [ 26%]
testing/code/test_excinfo.py ...............s.......s................... [ 27%]
........................................................................ [ 29%]
............                                                             [ 30%]
testing/code/test_source.py ............................................ [ 31%]
...........                                                              [ 31%]
testing/freeze/tests/test_trivial.py ..                                  [ 31%]
testing/io/test_saferepr.py ..............                               [ 32%]
testing/io/test_terminalwriter.py ...................................... [ 33%]
.......                                                                  [ 33%]
testing/io/test_wcwidth.py .................                             [ 34%]
testing/logging/test_fixture.py .........                                [ 34%]
testing/logging/test_formatter.py ....                                   [ 34%]
testing/logging/test_reporting.py ..                                     [ 34%]
testing/python/approx.py .sss..sssss.................................... [ 35%]
..ssssss................ss........                                       [ 36%]
testing/python/collect.py ..                                             [ 37%]
testing/python/fixtures.py ..........                                    [ 37%]
testing/python/integration.py ....                                       [ 37%]
testing/python/metafunc.py .........................................     [ 38%]
testing/python/raises.py .......................                         [ 39%]
testing/freeze/tests/test_doctest.txt .                                  [ 39%]
testing/acceptance_test.py ............................................. [ 40%]
.....x....................                                               [ 41%]
testing/deprecated_test.py .............                                 [ 41%]
testing/test_assertion.py ...................................            [ 42%]
testing/test_assertrewrite.py .......................................... [ 44%]
..............                                                           [ 44%]
testing/test_cacheprovider.py .......................................... [ 45%]
..........                                                               [ 45%]
testing/test_capture.py ......x....................................      [ 47%]
testing/test_collection.py ...........................x................. [ 48%]
.....................s.................                                  [ 49%]
testing/test_compat.py ..                                                [ 49%]
testing/test_config.py .............x................................... [ 51%]
........................................................................ [ 53%]
.....                                                                    [ 53%]
testing/test_conftest.py .............s.............................     [ 54%]
testing/test_debugging.py .............                                  [ 55%]
testing/test_doctest.py ................................................ [ 56%]
..............x......................................................... [ 58%]
.                                                                        [ 58%]
testing/test_error_diffs.py ............                                 [ 58%]
testing/test_faulthandler.py ...                                         [ 59%]
testing/test_helpconfig.py ........                                      [ 59%]
testing/test_junitxml.py ............................................... [ 60%]
..................................................s...s................. [ 62%]
......                                                                   [ 62%]
testing/test_legacypath.py ..........                                    [ 63%]
testing/test_link_resolve.py .                                           [ 63%]
testing/test_main.py .............                                       [ 63%]
testing/test_mark.py ................................................... [ 65%]
........x................                                                [ 65%]
testing/test_monkeypatch.py ....                                         [ 65%]
testing/test_nodes.py ....                                               [ 66%]
testing/test_nose.py ......................                              [ 66%]
testing/test_parseopt.py .                                               [ 66%]
testing/test_pastebin.py ...                                             [ 66%]
testing/test_pluginmanager.py ................                           [ 67%]
testing/test_pytester.py x.........................                      [ 68%]
testing/test_python_path.py .....                                        [ 68%]
testing/test_recwarn.py ..                                               [ 68%]
testing/test_reports.py ..................                               [ 68%]
testing/test_runner.py .......................x.....................     [ 70%]
testing/test_runner_xunit.py .............                               [ 70%]
testing/test_session.py ........................                         [ 71%]
testing/test_setuponly.py ..........................                     [ 71%]
testing/test_setupplan.py ...                                            [ 72%]
testing/test_skipping.py ............................................... [ 73%]
.............................................                            [ 74%]
testing/test_stepwise.py ..............                                  [ 75%]
testing/test_terminal.py ..............................................s [ 76%]
....................................................sss......s......     [ 78%]
testing/test_threadexception.py ....                                     [ 78%]
testing/test_tmpdir.py ....................                              [ 79%]
testing/test_tracebackhide.py .                                          [ 79%]
testing/test_unittest.py ......................sssssss.................. [ 80%]
...............s........                                                 [ 81%]
testing/test_unraisableexception.py ....                                 [ 81%]
testing/test_warning_types.py .                                          [ 81%]
testing/test_warnings.py ...................sss.........                 [ 82%]
testing/code/test_excinfo.py ......................                      [ 83%]
testing/examples/test_issue519.py .                                      [ 83%]
testing/logging/test_fixture.py .......                                  [ 83%]
testing/logging/test_reporting.py ...................................... [ 84%]
...                                                                      [ 84%]
testing/python/approx.py .                                               [ 84%]
testing/python/collect.py .............................................. [ 85%]
.............................                                            [ 86%]
testing/python/fixtures.py ............................................. [ 88%]
..........................x............................................. [ 90%]
......................................................s..                [ 91%]
testing/python/integration.py ...............                            [ 92%]
testing/python/metafunc.py ............................................. [ 93%]
...............                                                          [ 93%]
testing/python/raises.py ...                                             [ 94%]
testing/python/show_fixtures_per_test.py ........                        [ 94%]
testing/acceptance_test.py ....                                          [ 94%]
testing/test_assertion.py ............                                   [ 94%]
testing/test_assertrewrite.py .........                                  [ 95%]
testing/test_capture.py ........................                         [ 95%]
testing/test_collection.py .                                             [ 95%]
testing/test_compat.py s                                                 [ 95%]
testing/test_config.py ..                                                [ 95%]
testing/test_debugging.py sssssssssss.ssssssssssssssss.sss....ssss.sss   [ 97%]
testing/test_faulthandler.py ..s.                                        [ 97%]
testing/test_helpconfig.py ..                                            [ 97%]
testing/test_legacypath.py .                                             [ 97%]
testing/test_meta.py ................................................... [ 98%]
................                                                         [ 99%]
testing/test_pytester.py ....s                                           [ 99%]
testing/test_reports.py .                                                [ 99%]
testing/test_terminal.py ss..                                            [ 99%]
testing/test_unittest.py s.                                              [ 99%]
testing/test_warnings.py .........                                       [ 99%]
testing/python/collect.py .                                              [ 99%]
testing/python/fixtures.py ..                                            [100%]

=========== 3312 passed, 97 skipped, 11 xfailed in 107.29s (0:01:47) ===========
.pkg: _exit> python /home/ec2-user/.virtualenvs/pytestdev/lib64/python3.9/site-packages/pyproject_api/_backend.py True setuptools.build_meta
  linting: FAIL code 3 (5.99=setup[1.89]+cmd[4.10] seconds)
  py37: SKIP (0.01 seconds)
  py38: SKIP (0.00 seconds)
  py39: OK (126.88=setup[9.41]+cmd[117.47] seconds)
  py310: SKIP (0.00 seconds)
  py311: OK (114.67=setup[6.21]+cmd[108.46] seconds)
  py312: SKIP (0.00 seconds)
  pypy3: SKIP (0.00 seconds)
  py37-pexpect: SKIP (0.00 seconds)
  py37-xdist: SKIP (0.00 seconds)
  py37-unittestextras: SKIP (0.00 seconds)
  py37-numpy: SKIP (0.00 seconds)
  py37-pluggymain: SKIP (0.00 seconds)
  py37-pylib: SKIP (0.00 seconds)
  doctesting: OK (7.58=setup[6.80]+cmd[0.47,0.31] seconds)
  plugins: OK (24.65=setup[17.51]+cmd[0.58,0.93,0.64,0.64,0.55,0.54,0.59,0.53,0.54,0.54,0.54,0.54] seconds)
  py37-freeze: SKIP (0.00 seconds)
  docs: OK (26.13=setup[7.64]+cmd[0.29,18.20] seconds)
  docs-checklinks: FAIL code 1 (85.34=setup[6.66]+cmd[78.68] seconds)
  py311-exceptiongroup: OK (114.42=setup[6.50]+cmd[107.91] seconds)
  evaluation failed :( (505.84 seconds)
-- next: attempt install of our new libraries
/home/ec2-user/.virtualenvs/pytestdev/lib64/python3.9/site-packages/setuptools/installer.py:27: SetuptoolsDeprecationWarning: setuptools.installer is deprecated. Requirements should be satisfied by a PEP 517 installer.
  warnings.warn(
WARNING: The wheel package is not available.
WARNING: The wheel package is not available.
running install
/home/ec2-user/.virtualenvs/pytestdev/lib64/python3.9/site-packages/setuptools/command/install.py:34: SetuptoolsDeprecationWarning: setup.py install is deprecated. Use build and pip and other standards-based tools.
  warnings.warn(
/home/ec2-user/.virtualenvs/pytestdev/lib64/python3.9/site-packages/setuptools/command/easy_install.py:156: EasyInstallDeprecationWarning: easy_install command is deprecated. Use build and pip and other standards-based tools.
  warnings.warn(
running bdist_egg
running egg_info
writing src/pytest.egg-info/PKG-INFO
writing dependency_links to src/pytest.egg-info/dependency_links.txt
writing entry points to src/pytest.egg-info/entry_points.txt
writing requirements to src/pytest.egg-info/requires.txt
writing top-level names to src/pytest.egg-info/top_level.txt
adding license file 'LICENSE'
writing manifest file 'src/pytest.egg-info/SOURCES.txt'
installing library code to build/bdist.linux-x86_64/egg
running install_lib
running build_py
copying src/_pytest/_version.py -> build/lib/_pytest
creating build/bdist.linux-x86_64/egg
copying build/lib/py.py -> build/bdist.linux-x86_64/egg
creating build/bdist.linux-x86_64/egg/_pytest
copying build/lib/_pytest/__init__.py -> build/bdist.linux-x86_64/egg/_pytest
copying build/lib/_pytest/_argcomplete.py -> build/bdist.linux-x86_64/egg/_pytest
copying build/lib/_pytest/cacheprovider.py -> build/bdist.linux-x86_64/egg/_pytest
copying build/lib/_pytest/capture.py -> build/bdist.linux-x86_64/egg/_pytest
copying build/lib/_pytest/compat.py -> build/bdist.linux-x86_64/egg/_pytest
copying build/lib/_pytest/debugging.py -> build/bdist.linux-x86_64/egg/_pytest
copying build/lib/_pytest/deprecated.py -> build/bdist.linux-x86_64/egg/_pytest
copying build/lib/_pytest/doctest.py -> build/bdist.linux-x86_64/egg/_pytest
copying build/lib/_pytest/faulthandler.py -> build/bdist.linux-x86_64/egg/_pytest
copying build/lib/_pytest/fixtures.py -> build/bdist.linux-x86_64/egg/_pytest
copying build/lib/_pytest/freeze_support.py -> build/bdist.linux-x86_64/egg/_pytest
copying build/lib/_pytest/helpconfig.py -> build/bdist.linux-x86_64/egg/_pytest
copying build/lib/_pytest/hookspec.py -> build/bdist.linux-x86_64/egg/_pytest
copying build/lib/_pytest/junitxml.py -> build/bdist.linux-x86_64/egg/_pytest
copying build/lib/_pytest/legacypath.py -> build/bdist.linux-x86_64/egg/_pytest
copying build/lib/_pytest/logging.py -> build/bdist.linux-x86_64/egg/_pytest
copying build/lib/_pytest/main.py -> build/bdist.linux-x86_64/egg/_pytest
copying build/lib/_pytest/monkeypatch.py -> build/bdist.linux-x86_64/egg/_pytest
copying build/lib/_pytest/nodes.py -> build/bdist.linux-x86_64/egg/_pytest
copying build/lib/_pytest/nose.py -> build/bdist.linux-x86_64/egg/_pytest
copying build/lib/_pytest/outcomes.py -> build/bdist.linux-x86_64/egg/_pytest
copying build/lib/_pytest/pastebin.py -> build/bdist.linux-x86_64/egg/_pytest
copying build/lib/_pytest/pathlib.py -> build/bdist.linux-x86_64/egg/_pytest
copying build/lib/_pytest/pytester.py -> build/bdist.linux-x86_64/egg/_pytest
copying build/lib/_pytest/pytester_assertions.py -> build/bdist.linux-x86_64/egg/_pytest
copying build/lib/_pytest/python.py -> build/bdist.linux-x86_64/egg/_pytest
copying build/lib/_pytest/python_api.py -> build/bdist.linux-x86_64/egg/_pytest
copying build/lib/_pytest/python_path.py -> build/bdist.linux-x86_64/egg/_pytest
copying build/lib/_pytest/recwarn.py -> build/bdist.linux-x86_64/egg/_pytest
copying build/lib/_pytest/reports.py -> build/bdist.linux-x86_64/egg/_pytest
copying build/lib/_pytest/runner.py -> build/bdist.linux-x86_64/egg/_pytest
copying build/lib/_pytest/scope.py -> build/bdist.linux-x86_64/egg/_pytest
copying build/lib/_pytest/setuponly.py -> build/bdist.linux-x86_64/egg/_pytest
copying build/lib/_pytest/setupplan.py -> build/bdist.linux-x86_64/egg/_pytest
copying build/lib/_pytest/skipping.py -> build/bdist.linux-x86_64/egg/_pytest
copying build/lib/_pytest/stash.py -> build/bdist.linux-x86_64/egg/_pytest
copying build/lib/_pytest/stepwise.py -> build/bdist.linux-x86_64/egg/_pytest
copying build/lib/_pytest/terminal.py -> build/bdist.linux-x86_64/egg/_pytest
copying build/lib/_pytest/threadexception.py -> build/bdist.linux-x86_64/egg/_pytest
copying build/lib/_pytest/timing.py -> build/bdist.linux-x86_64/egg/_pytest
copying build/lib/_pytest/tmpdir.py -> build/bdist.linux-x86_64/egg/_pytest
copying build/lib/_pytest/unittest.py -> build/bdist.linux-x86_64/egg/_pytest
copying build/lib/_pytest/unraisableexception.py -> build/bdist.linux-x86_64/egg/_pytest
copying build/lib/_pytest/warning_types.py -> build/bdist.linux-x86_64/egg/_pytest
copying build/lib/_pytest/warnings.py -> build/bdist.linux-x86_64/egg/_pytest
creating build/bdist.linux-x86_64/egg/_pytest/_code
copying build/lib/_pytest/_code/__init__.py -> build/bdist.linux-x86_64/egg/_pytest/_code
copying build/lib/_pytest/_code/code.py -> build/bdist.linux-x86_64/egg/_pytest/_code
copying build/lib/_pytest/_code/source.py -> build/bdist.linux-x86_64/egg/_pytest/_code
creating build/bdist.linux-x86_64/egg/_pytest/_io
copying build/lib/_pytest/_io/__init__.py -> build/bdist.linux-x86_64/egg/_pytest/_io
copying build/lib/_pytest/_io/saferepr.py -> build/bdist.linux-x86_64/egg/_pytest/_io
copying build/lib/_pytest/_io/terminalwriter.py -> build/bdist.linux-x86_64/egg/_pytest/_io
copying build/lib/_pytest/_io/wcwidth.py -> build/bdist.linux-x86_64/egg/_pytest/_io
creating build/bdist.linux-x86_64/egg/_pytest/_py
copying build/lib/_pytest/_py/__init__.py -> build/bdist.linux-x86_64/egg/_pytest/_py
copying build/lib/_pytest/_py/error.py -> build/bdist.linux-x86_64/egg/_pytest/_py
copying build/lib/_pytest/_py/path.py -> build/bdist.linux-x86_64/egg/_pytest/_py
creating build/bdist.linux-x86_64/egg/_pytest/assertion
copying build/lib/_pytest/assertion/__init__.py -> build/bdist.linux-x86_64/egg/_pytest/assertion
copying build/lib/_pytest/assertion/rewrite.py -> build/bdist.linux-x86_64/egg/_pytest/assertion
copying build/lib/_pytest/assertion/truncate.py -> build/bdist.linux-x86_64/egg/_pytest/assertion
copying build/lib/_pytest/assertion/util.py -> build/bdist.linux-x86_64/egg/_pytest/assertion
creating build/bdist.linux-x86_64/egg/_pytest/config
copying build/lib/_pytest/config/__init__.py -> build/bdist.linux-x86_64/egg/_pytest/config
copying build/lib/_pytest/config/argparsing.py -> build/bdist.linux-x86_64/egg/_pytest/config
copying build/lib/_pytest/config/compat.py -> build/bdist.linux-x86_64/egg/_pytest/config
copying build/lib/_pytest/config/exceptions.py -> build/bdist.linux-x86_64/egg/_pytest/config
copying build/lib/_pytest/config/findpaths.py -> build/bdist.linux-x86_64/egg/_pytest/config
creating build/bdist.linux-x86_64/egg/_pytest/mark
copying build/lib/_pytest/mark/__init__.py -> build/bdist.linux-x86_64/egg/_pytest/mark
copying build/lib/_pytest/mark/expression.py -> build/bdist.linux-x86_64/egg/_pytest/mark
copying build/lib/_pytest/mark/structures.py -> build/bdist.linux-x86_64/egg/_pytest/mark
copying build/lib/_pytest/py.typed -> build/bdist.linux-x86_64/egg/_pytest
copying build/lib/_pytest/_version.py -> build/bdist.linux-x86_64/egg/_pytest
creating build/bdist.linux-x86_64/egg/pytest
copying build/lib/pytest/__init__.py -> build/bdist.linux-x86_64/egg/pytest
copying build/lib/pytest/__main__.py -> build/bdist.linux-x86_64/egg/pytest
copying build/lib/pytest/py.typed -> build/bdist.linux-x86_64/egg/pytest
byte-compiling build/bdist.linux-x86_64/egg/py.py to py.cpython-39.pyc
byte-compiling build/bdist.linux-x86_64/egg/_pytest/__init__.py to __init__.cpython-39.pyc
byte-compiling build/bdist.linux-x86_64/egg/_pytest/_argcomplete.py to _argcomplete.cpython-39.pyc
byte-compiling build/bdist.linux-x86_64/egg/_pytest/cacheprovider.py to cacheprovider.cpython-39.pyc
byte-compiling build/bdist.linux-x86_64/egg/_pytest/capture.py to capture.cpython-39.pyc
byte-compiling build/bdist.linux-x86_64/egg/_pytest/compat.py to compat.cpython-39.pyc
byte-compiling build/bdist.linux-x86_64/egg/_pytest/debugging.py to debugging.cpython-39.pyc
byte-compiling build/bdist.linux-x86_64/egg/_pytest/deprecated.py to deprecated.cpython-39.pyc
byte-compiling build/bdist.linux-x86_64/egg/_pytest/doctest.py to doctest.cpython-39.pyc
byte-compiling build/bdist.linux-x86_64/egg/_pytest/faulthandler.py to faulthandler.cpython-39.pyc
byte-compiling build/bdist.linux-x86_64/egg/_pytest/fixtures.py to fixtures.cpython-39.pyc
byte-compiling build/bdist.linux-x86_64/egg/_pytest/freeze_support.py to freeze_support.cpython-39.pyc
byte-compiling build/bdist.linux-x86_64/egg/_pytest/helpconfig.py to helpconfig.cpython-39.pyc
byte-compiling build/bdist.linux-x86_64/egg/_pytest/hookspec.py to hookspec.cpython-39.pyc
byte-compiling build/bdist.linux-x86_64/egg/_pytest/junitxml.py to junitxml.cpython-39.pyc
byte-compiling build/bdist.linux-x86_64/egg/_pytest/legacypath.py to legacypath.cpython-39.pyc
byte-compiling build/bdist.linux-x86_64/egg/_pytest/logging.py to logging.cpython-39.pyc
byte-compiling build/bdist.linux-x86_64/egg/_pytest/main.py to main.cpython-39.pyc
byte-compiling build/bdist.linux-x86_64/egg/_pytest/monkeypatch.py to monkeypatch.cpython-39.pyc
byte-compiling build/bdist.linux-x86_64/egg/_pytest/nodes.py to nodes.cpython-39.pyc
byte-compiling build/bdist.linux-x86_64/egg/_pytest/nose.py to nose.cpython-39.pyc
byte-compiling build/bdist.linux-x86_64/egg/_pytest/outcomes.py to outcomes.cpython-39.pyc
byte-compiling build/bdist.linux-x86_64/egg/_pytest/pastebin.py to pastebin.cpython-39.pyc
byte-compiling build/bdist.linux-x86_64/egg/_pytest/pathlib.py to pathlib.cpython-39.pyc
byte-compiling build/bdist.linux-x86_64/egg/_pytest/pytester.py to pytester.cpython-39.pyc
byte-compiling build/bdist.linux-x86_64/egg/_pytest/pytester_assertions.py to pytester_assertions.cpython-39.pyc
byte-compiling build/bdist.linux-x86_64/egg/_pytest/python.py to python.cpython-39.pyc
byte-compiling build/bdist.linux-x86_64/egg/_pytest/python_api.py to python_api.cpython-39.pyc
byte-compiling build/bdist.linux-x86_64/egg/_pytest/python_path.py to python_path.cpython-39.pyc
byte-compiling build/bdist.linux-x86_64/egg/_pytest/recwarn.py to recwarn.cpython-39.pyc
byte-compiling build/bdist.linux-x86_64/egg/_pytest/reports.py to reports.cpython-39.pyc
byte-compiling build/bdist.linux-x86_64/egg/_pytest/runner.py to runner.cpython-39.pyc
byte-compiling build/bdist.linux-x86_64/egg/_pytest/scope.py to scope.cpython-39.pyc
byte-compiling build/bdist.linux-x86_64/egg/_pytest/setuponly.py to setuponly.cpython-39.pyc
byte-compiling build/bdist.linux-x86_64/egg/_pytest/setupplan.py to setupplan.cpython-39.pyc
byte-compiling build/bdist.linux-x86_64/egg/_pytest/skipping.py to skipping.cpython-39.pyc
byte-compiling build/bdist.linux-x86_64/egg/_pytest/stash.py to stash.cpython-39.pyc
byte-compiling build/bdist.linux-x86_64/egg/_pytest/stepwise.py to stepwise.cpython-39.pyc
byte-compiling build/bdist.linux-x86_64/egg/_pytest/terminal.py to terminal.cpython-39.pyc
byte-compiling build/bdist.linux-x86_64/egg/_pytest/threadexception.py to threadexception.cpython-39.pyc
byte-compiling build/bdist.linux-x86_64/egg/_pytest/timing.py to timing.cpython-39.pyc
byte-compiling build/bdist.linux-x86_64/egg/_pytest/tmpdir.py to tmpdir.cpython-39.pyc
byte-compiling build/bdist.linux-x86_64/egg/_pytest/unittest.py to unittest.cpython-39.pyc
byte-compiling build/bdist.linux-x86_64/egg/_pytest/unraisableexception.py to unraisableexception.cpython-39.pyc
byte-compiling build/bdist.linux-x86_64/egg/_pytest/warning_types.py to warning_types.cpython-39.pyc
byte-compiling build/bdist.linux-x86_64/egg/_pytest/warnings.py to warnings.cpython-39.pyc
byte-compiling build/bdist.linux-x86_64/egg/_pytest/_code/__init__.py to __init__.cpython-39.pyc
byte-compiling build/bdist.linux-x86_64/egg/_pytest/_code/code.py to code.cpython-39.pyc
byte-compiling build/bdist.linux-x86_64/egg/_pytest/_code/source.py to source.cpython-39.pyc
byte-compiling build/bdist.linux-x86_64/egg/_pytest/_io/__init__.py to __init__.cpython-39.pyc
byte-compiling build/bdist.linux-x86_64/egg/_pytest/_io/saferepr.py to saferepr.cpython-39.pyc
byte-compiling build/bdist.linux-x86_64/egg/_pytest/_io/terminalwriter.py to terminalwriter.cpython-39.pyc
byte-compiling build/bdist.linux-x86_64/egg/_pytest/_io/wcwidth.py to wcwidth.cpython-39.pyc
byte-compiling build/bdist.linux-x86_64/egg/_pytest/_py/__init__.py to __init__.cpython-39.pyc
byte-compiling build/bdist.linux-x86_64/egg/_pytest/_py/error.py to error.cpython-39.pyc
byte-compiling build/bdist.linux-x86_64/egg/_pytest/_py/path.py to path.cpython-39.pyc
byte-compiling build/bdist.linux-x86_64/egg/_pytest/assertion/__init__.py to __init__.cpython-39.pyc
byte-compiling build/bdist.linux-x86_64/egg/_pytest/assertion/rewrite.py to rewrite.cpython-39.pyc
byte-compiling build/bdist.linux-x86_64/egg/_pytest/assertion/truncate.py to truncate.cpython-39.pyc
byte-compiling build/bdist.linux-x86_64/egg/_pytest/assertion/util.py to util.cpython-39.pyc
byte-compiling build/bdist.linux-x86_64/egg/_pytest/config/__init__.py to __init__.cpython-39.pyc
byte-compiling build/bdist.linux-x86_64/egg/_pytest/config/argparsing.py to argparsing.cpython-39.pyc
byte-compiling build/bdist.linux-x86_64/egg/_pytest/config/compat.py to compat.cpython-39.pyc
byte-compiling build/bdist.linux-x86_64/egg/_pytest/config/exceptions.py to exceptions.cpython-39.pyc
byte-compiling build/bdist.linux-x86_64/egg/_pytest/config/findpaths.py to findpaths.cpython-39.pyc
byte-compiling build/bdist.linux-x86_64/egg/_pytest/mark/__init__.py to __init__.cpython-39.pyc
byte-compiling build/bdist.linux-x86_64/egg/_pytest/mark/expression.py to expression.cpython-39.pyc
byte-compiling build/bdist.linux-x86_64/egg/_pytest/mark/structures.py to structures.cpython-39.pyc
byte-compiling build/bdist.linux-x86_64/egg/_pytest/_version.py to _version.cpython-39.pyc
byte-compiling build/bdist.linux-x86_64/egg/pytest/__init__.py to __init__.cpython-39.pyc
byte-compiling build/bdist.linux-x86_64/egg/pytest/__main__.py to __main__.cpython-39.pyc
creating build/bdist.linux-x86_64/egg/EGG-INFO
copying src/pytest.egg-info/PKG-INFO -> build/bdist.linux-x86_64/egg/EGG-INFO
copying src/pytest.egg-info/SOURCES.txt -> build/bdist.linux-x86_64/egg/EGG-INFO
copying src/pytest.egg-info/dependency_links.txt -> build/bdist.linux-x86_64/egg/EGG-INFO
copying src/pytest.egg-info/entry_points.txt -> build/bdist.linux-x86_64/egg/EGG-INFO
copying src/pytest.egg-info/not-zip-safe -> build/bdist.linux-x86_64/egg/EGG-INFO
copying src/pytest.egg-info/requires.txt -> build/bdist.linux-x86_64/egg/EGG-INFO
copying src/pytest.egg-info/top_level.txt -> build/bdist.linux-x86_64/egg/EGG-INFO
creating dist
creating 'dist/pytest-7.2.0.dev544+g3683722bc-py3.9.egg' and adding 'build/bdist.linux-x86_64/egg' to it
removing 'build/bdist.linux-x86_64/egg' (and everything under it)
Processing pytest-7.2.0.dev544+g3683722bc-py3.9.egg
creating /home/ec2-user/.virtualenvs/pytestdev/lib/python3.9/site-packages/pytest-7.2.0.dev544+g3683722bc-py3.9.egg
Extracting pytest-7.2.0.dev544+g3683722bc-py3.9.egg to /home/ec2-user/.virtualenvs/pytestdev/lib/python3.9/site-packages
Adding pytest 7.2.0.dev544+g3683722bc to easy-install.pth file
Installing py.test script to /home/ec2-user/.virtualenvs/pytestdev/bin
Installing pytest script to /home/ec2-user/.virtualenvs/pytestdev/bin

Installed /home/ec2-user/.virtualenvs/pytestdev/lib/python3.9/site-packages/pytest-7.2.0.dev544+g3683722bc-py3.9.egg
Processing dependencies for pytest==7.2.0.dev544+g3683722bc
Searching for tomli==2.0.1
Best match: tomli 2.0.1
Adding tomli 2.0.1 to easy-install.pth file

Using /home/ec2-user/.virtualenvs/pytestdev/lib/python3.9/site-packages
Searching for exceptiongroup==1.1.1
Best match: exceptiongroup 1.1.1
Adding exceptiongroup 1.1.1 to easy-install.pth file

Using /home/ec2-user/.virtualenvs/pytestdev/lib/python3.9/site-packages
Searching for pluggy==1.0.0
Best match: pluggy 1.0.0
Adding pluggy 1.0.0 to easy-install.pth file

Using /home/ec2-user/.virtualenvs/pytestdev/lib/python3.9/site-packages
Searching for packaging==23.0
Best match: packaging 23.0
Adding packaging 23.0 to easy-install.pth file

Using /home/ec2-user/.virtualenvs/pytestdev/lib/python3.9/site-packages
Searching for iniconfig==2.0.0
Best match: iniconfig 2.0.0
Adding iniconfig 2.0.0 to easy-install.pth file

Using /home/ec2-user/.virtualenvs/pytestdev/lib/python3.9/site-packages
Finished processing dependencies for pytest==7.2.0.dev544+g3683722bc
~/scripts ~/scripts
ec2/python-various/pytest-build.sh: line 44: 
/usr/lib/python3.9/site-packages/setuptools/installer.py:27: SetuptoolsDeprecationWarning: setuptools.installer is deprecated. Requirements should be satisfied by a PEP 517 installer.
  warnings.warn(
WARNING: The wheel package is not available.
WARNING: The wheel package is not available.
WARNING: The wheel package is not available.
WARNING: The wheel package is not available.
usage: setup.py [global_opts] cmd1 [cmd1_opts] [cmd2 [cmd2_opts] ...]
   or: setup.py --help [cmd1 cmd2 ...]
   or: setup.py --help-commands
   or: setup.py cmd --help

: No such file or directory

~~ begin python setup ~~ Sat Apr  8 20:41:17 UTC 2023

Last metadata expiration check: 1:02:44 ago on Sat Apr  8 19:38:33 2023.
Package git-2.39.2-1.amzn2023.0.1.x86_64 is already installed.
Dependencies resolved.
Nothing to do.
Complete!
Last metadata expiration check: 1:02:44 ago on Sat Apr  8 19:38:33 2023.
Dependencies resolved.
================================================================================
 Package               Arch      Version                   Repository      Size
================================================================================
Installing:
 gcc                   x86_64    11.3.1-4.amzn2023.0.3     amazonlinux     32 M
Installing dependencies:
 annobin-docs          noarch    10.93-1.amzn2023.0.1      amazonlinux     92 k
 annobin-plugin-gcc    x86_64    10.93-1.amzn2023.0.1      amazonlinux    887 k
 cpp                   x86_64    11.3.1-4.amzn2023.0.3     amazonlinux     10 M
 gc                    x86_64    8.0.4-5.amzn2023.0.2      amazonlinux    105 k
 glibc-devel           x86_64    2.34-52.amzn2023.0.2      amazonlinux     48 k
 glibc-headers-x86     noarch    2.34-52.amzn2023.0.2      amazonlinux    448 k
 guile22               x86_64    2.2.7-2.amzn2023.0.2      amazonlinux    6.4 M
 kernel-headers        x86_64    6.1.21-1.45.amzn2023      amazonlinux    1.4 M
 libmpc                x86_64    1.2.1-2.amzn2023.0.2      amazonlinux     62 k
 libtool-ltdl          x86_64    2.4.7-1.amzn2023.0.3      amazonlinux     38 k
 libxcrypt-devel       x86_64    4.4.33-7.amzn2023         amazonlinux     32 k
 make                  x86_64    1:4.3-5.amzn2023.0.2      amazonlinux    534 k

Transaction Summary
================================================================================
Install  13 Packages

Total download size: 52 M
Installed size: 167 M
Downloading Packages:
(1/13): libxcrypt-devel-4.4.33-7.amzn2023.x86_6 538 kB/s |  32 kB     00:00    
(2/13): gc-8.0.4-5.amzn2023.0.2.x86_64.rpm      1.6 MB/s | 105 kB     00:00    
(3/13): libmpc-1.2.1-2.amzn2023.0.2.x86_64.rpm  4.6 MB/s |  62 kB     00:00    
(4/13): make-4.3-5.amzn2023.0.2.x86_64.rpm      7.7 MB/s | 534 kB     00:00    
(5/13): libtool-ltdl-2.4.7-1.amzn2023.0.3.x86_6 1.4 MB/s |  38 kB     00:00    
(6/13): cpp-11.3.1-4.amzn2023.0.3.x86_64.rpm     33 MB/s |  10 MB     00:00    
(7/13): guile22-2.2.7-2.amzn2023.0.2.x86_64.rpm  31 MB/s | 6.4 MB     00:00    
(8/13): annobin-plugin-gcc-10.93-1.amzn2023.0.1  15 MB/s | 887 kB     00:00    
(9/13): glibc-devel-2.34-52.amzn2023.0.2.x86_64 2.4 MB/s |  48 kB     00:00    
(10/13): gcc-11.3.1-4.amzn2023.0.3.x86_64.rpm    77 MB/s |  32 MB     00:00    
(11/13): kernel-headers-6.1.21-1.45.amzn2023.x8  10 MB/s | 1.4 MB     00:00    
(12/13): glibc-headers-x86-2.34-52.amzn2023.0.2 3.5 MB/s | 448 kB     00:00    
(13/13): annobin-docs-10.93-1.amzn2023.0.1.noar 2.0 MB/s |  92 kB     00:00    
--------------------------------------------------------------------------------
Total                                            90 MB/s |  52 MB     00:00     
Running transaction check
Transaction check succeeded.
Running transaction test
Transaction test succeeded.
Running transaction
  Preparing        :                                                        1/1 
  Installing       : libmpc-1.2.1-2.amzn2023.0.2.x86_64                    1/13 
  Installing       : cpp-11.3.1-4.amzn2023.0.3.x86_64                      2/13 
  Installing       : annobin-docs-10.93-1.amzn2023.0.1.noarch              3/13 
  Installing       : glibc-headers-x86-2.34-52.amzn2023.0.2.noarch         4/13 
  Installing       : kernel-headers-6.1.21-1.45.amzn2023.x86_64            5/13 
  Installing       : glibc-devel-2.34-52.amzn2023.0.2.x86_64               6/13 
  Installing       : libxcrypt-devel-4.4.33-7.amzn2023.x86_64              7/13 
  Installing       : libtool-ltdl-2.4.7-1.amzn2023.0.3.x86_64              8/13 
  Installing       : gc-8.0.4-5.amzn2023.0.2.x86_64                        9/13 
  Installing       : guile22-2.2.7-2.amzn2023.0.2.x86_64                  10/13 
  Installing       : make-1:4.3-5.amzn2023.0.2.x86_64                     11/13 
  Installing       : gcc-11.3.1-4.amzn2023.0.3.x86_64                     12/13 
  Running scriptlet: gcc-11.3.1-4.amzn2023.0.3.x86_64                     12/13 
  Installing       : annobin-plugin-gcc-10.93-1.amzn2023.0.1.x86_64       13/13 
  Running scriptlet: annobin-plugin-gcc-10.93-1.amzn2023.0.1.x86_64       13/13 
  Verifying        : cpp-11.3.1-4.amzn2023.0.3.x86_64                      1/13 
  Verifying        : libxcrypt-devel-4.4.33-7.amzn2023.x86_64              2/13 
  Verifying        : gc-8.0.4-5.amzn2023.0.2.x86_64                        3/13 
  Verifying        : make-1:4.3-5.amzn2023.0.2.x86_64                      4/13 
  Verifying        : libmpc-1.2.1-2.amzn2023.0.2.x86_64                    5/13 
  Verifying        : gcc-11.3.1-4.amzn2023.0.3.x86_64                      6/13 
  Verifying        : libtool-ltdl-2.4.7-1.amzn2023.0.3.x86_64              7/13 
  Verifying        : guile22-2.2.7-2.amzn2023.0.2.x86_64                   8/13 
  Verifying        : annobin-plugin-gcc-10.93-1.amzn2023.0.1.x86_64        9/13 
  Verifying        : glibc-devel-2.34-52.amzn2023.0.2.x86_64              10/13 
  Verifying        : kernel-headers-6.1.21-1.45.amzn2023.x86_64           11/13 
  Verifying        : glibc-headers-x86-2.34-52.amzn2023.0.2.noarch        12/13 
  Verifying        : annobin-docs-10.93-1.amzn2023.0.1.noarch             13/13 

Installed:
  annobin-docs-10.93-1.amzn2023.0.1.noarch                                      
  annobin-plugin-gcc-10.93-1.amzn2023.0.1.x86_64                                
  cpp-11.3.1-4.amzn2023.0.3.x86_64                                              
  gc-8.0.4-5.amzn2023.0.2.x86_64                                                
  gcc-11.3.1-4.amzn2023.0.3.x86_64                                              
  glibc-devel-2.34-52.amzn2023.0.2.x86_64                                       
  glibc-headers-x86-2.34-52.amzn2023.0.2.noarch                                 
  guile22-2.2.7-2.amzn2023.0.2.x86_64                                           
  kernel-headers-6.1.21-1.45.amzn2023.x86_64                                    
  libmpc-1.2.1-2.amzn2023.0.2.x86_64                                            
  libtool-ltdl-2.4.7-1.amzn2023.0.3.x86_64                                      
  libxcrypt-devel-4.4.33-7.amzn2023.x86_64                                      
  make-1:4.3-5.amzn2023.0.2.x86_64                                              

Complete!
~ ~/scripts ~/scripts
fatal: destination path 'cpython' already exists and is not an empty directory.
fatal: not a git repository (or any of the parent directories): .git
fatal: destination path 'pip' already exists and is not an empty directory.
~/scripts ~/scripts

~~ begin python build ~~ Sat Apr  8 20:41:21 UTC 2023

~/cpython ~/scripts ~/scripts
make: *** No rule to make target 'clean'.  Stop.
Last metadata expiration check: 1:02:48 ago on Sat Apr  8 19:38:33 2023.
No match for argument: build-essential
Error: Unable to find a match: build-essential
checking for git... found
checking build system type... x86_64-pc-linux-gnu
checking host system type... x86_64-pc-linux-gnu
checking for Python interpreter freezing... ./_bootstrap_python
checking for python3.12... no
checking for python3.11... python3.11
checking Python for regen version... Python 3.11.2
checking for pkg-config... /usr/bin/pkg-config
checking pkg-config is at least version 0.9.0... yes
checking for --enable-universalsdk... no
checking for --with-universal-archs... no
checking MACHDEP... "linux"
checking for gcc... gcc
checking whether the C compiler works... yes
checking for C compiler default output file name... a.out
checking for suffix of executables... 
checking whether we are cross compiling... no
checking for suffix of object files... o
checking whether we are using the GNU C compiler... yes
checking whether gcc accepts -g... yes
checking for gcc option to accept ISO C89... none needed
checking how to run the C preprocessor... gcc -E
checking for grep that handles long lines and -e... /usr/bin/grep
checking for a sed that does not truncate output... /usr/bin/sed
checking for egrep... /usr/bin/grep -E
checking for CC compiler name... gcc
checking for ANSI C header files... yes
checking for sys/types.h... yes
checking for sys/stat.h... yes
checking for stdlib.h... yes
checking for string.h... yes
checking for memory.h... yes
checking for strings.h... yes
checking for inttypes.h... yes
checking for stdint.h... yes
checking for unistd.h... yes
checking minix/config.h usability... no
checking minix/config.h presence... no
checking for minix/config.h... no
checking whether it is safe to define __EXTENSIONS__... yes
checking for g++... no
configure:

  By default, distutils will build C++ extension modules with "g++".
  If this is not intended, then set CXX on the configure command line.
  
checking for the platform triplet based on compiler characteristics... x86_64-linux-gnu
checking for multiarch... 
checking for PEP 11 support tier... x86_64-pc-linux-gnu/gcc has tier 1 (supported)
checking for -Wl,--no-as-needed... yes
checking for the Android API level... not Android
checking for --with-emscripten-target... 
checking for --enable-wasm-dynamic-linking... missing
checking for --enable-wasm-pthreads... missing
checking for --with-suffix... 
checking for case-insensitive build directory... no
checking LIBRARY... libpython$(VERSION)$(ABIFLAGS).a
checking LINKCC... $(PURIFY) $(CC)
checking EXPORTSYMS... 
checking for GNU ld... yes
checking for --enable-shared... no
checking for --with-static-libpython... yes
checking for --enable-profiling... no
checking LDLIBRARY... checking HOSTRUNNER... 
libpython$(VERSION)$(ABIFLAGS).a
checking for ar... ar
checking for a BSD-compatible install... /usr/bin/install -c
checking for a thread-safe mkdir -p... /usr/bin/mkdir -p
checking for --with-pydebug... yes
checking for --with-trace-refs... no
checking for --enable-pystats... no
checking for --with-assertions... implied by --with-pydebug
checking for --enable-optimizations... no
checking PROFILE_TASK... -m test --pgo --timeout=$(TESTTIMEOUT)
checking for --with-lto... no
checking for --enable-bolt... no
checking for llvm-profdata... no
checking if gcc supports -fstrict-overflow and -fno-strict-overflow... yes
checking for --with-strict-overflow... no
checking if gcc supports -Og optimization level... yes
checking if we can add -Wextra... yes
checking whether gcc -fno-strict-aliasing accepts and needs -fno-strict-aliasing... no
checking if we can disable gcc unused-parameter warning... yes
checking if we can disable gcc int-conversion warning... yes
checking if we can disable gcc missing-field-initializers warning... yes
checking if we can enable gcc sign-compare warning... yes
checking if we can enable gcc unreachable-code warning... yes
checking if we can enable gcc strict-prototypes warning... no
checking if we can make implicit function declaration an error in gcc -Werror=implicit-function-declaration... yes
checking if we can use visibility in gcc -fvisibility=hidden... yes
checking whether pthreads are available without options... yes
checking whether g++ also accepts flags for thread support... no
checking alloca.h usability... yes
checking alloca.h presence... yes
checking for alloca.h... yes
checking asm/types.h usability... yes
checking asm/types.h presence... yes
checking for asm/types.h... yes
checking bluetooth.h usability... no
checking bluetooth.h presence... no
checking for bluetooth.h... no
checking conio.h usability... no
checking conio.h presence... no
checking for conio.h... no
checking crypt.h usability... yes
checking crypt.h presence... yes
checking for crypt.h... yes
checking direct.h usability... no
checking direct.h presence... no
checking for direct.h... no
checking dlfcn.h usability... yes
checking dlfcn.h presence... yes
checking for dlfcn.h... yes
checking endian.h usability... yes
checking endian.h presence... yes
checking for endian.h... yes
checking errno.h usability... yes
checking errno.h presence... yes
checking for errno.h... yes
checking fcntl.h usability... yes
checking fcntl.h presence... yes
checking for fcntl.h... yes
checking grp.h usability... yes
checking grp.h presence... yes
checking for grp.h... yes
checking ieeefp.h usability... no
checking ieeefp.h presence... no
checking for ieeefp.h... no
checking io.h usability... no
checking io.h presence... no
checking for io.h... no
checking langinfo.h usability... yes
checking langinfo.h presence... yes
checking for langinfo.h... yes
checking libintl.h usability... yes
checking libintl.h presence... yes
checking for libintl.h... yes
checking libutil.h usability... no
checking libutil.h presence... no
checking for libutil.h... no
checking linux/auxvec.h usability... yes
checking linux/auxvec.h presence... yes
checking for linux/auxvec.h... yes
checking sys/auxv.h usability... yes
checking sys/auxv.h presence... yes
checking for sys/auxv.h... yes
checking linux/fs.h usability... yes
checking linux/fs.h presence... yes
checking for linux/fs.h... yes
checking linux/memfd.h usability... yes
checking linux/memfd.h presence... yes
checking for linux/memfd.h... yes
checking linux/random.h usability... yes
checking linux/random.h presence... yes
checking for linux/random.h... yes
checking linux/soundcard.h usability... yes
checking linux/soundcard.h presence... yes
checking for linux/soundcard.h... yes
checking linux/tipc.h usability... yes
checking linux/tipc.h presence... yes
checking for linux/tipc.h... yes
checking linux/wait.h usability... yes
checking linux/wait.h presence... yes
checking for linux/wait.h... yes
checking netdb.h usability... yes
checking netdb.h presence... yes
checking for netdb.h... yes
checking net/ethernet.h usability... yes
checking net/ethernet.h presence... yes
checking for net/ethernet.h... yes
checking netinet/in.h usability... yes
checking netinet/in.h presence... yes
checking for netinet/in.h... yes
checking netpacket/packet.h usability... yes
checking netpacket/packet.h presence... yes
checking for netpacket/packet.h... yes
checking poll.h usability... yes
checking poll.h presence... yes
checking for poll.h... yes
checking process.h usability... no
checking process.h presence... no
checking for process.h... no
checking pthread.h usability... yes
checking pthread.h presence... yes
checking for pthread.h... yes
checking pty.h usability... yes
checking pty.h presence... yes
checking for pty.h... yes
checking sched.h usability... yes
checking sched.h presence... yes
checking for sched.h... yes
checking setjmp.h usability... yes
checking setjmp.h presence... yes
checking for setjmp.h... yes
checking shadow.h usability... yes
checking shadow.h presence... yes
checking for shadow.h... yes
checking signal.h usability... yes
checking signal.h presence... yes
checking for signal.h... yes
checking spawn.h usability... yes
checking spawn.h presence... yes
checking for spawn.h... yes
checking stropts.h usability... no
checking stropts.h presence... no
checking for stropts.h... no
checking sys/audioio.h usability... no
checking sys/audioio.h presence... no
checking for sys/audioio.h... no
checking sys/bsdtty.h usability... no
checking sys/bsdtty.h presence... no
checking for sys/bsdtty.h... no
checking sys/devpoll.h usability... no
checking sys/devpoll.h presence... no
checking for sys/devpoll.h... no
checking sys/endian.h usability... no
checking sys/endian.h presence... no
checking for sys/endian.h... no
checking sys/epoll.h usability... yes
checking sys/epoll.h presence... yes
checking for sys/epoll.h... yes
checking sys/event.h usability... no
checking sys/event.h presence... no
checking for sys/event.h... no
checking sys/eventfd.h usability... yes
checking sys/eventfd.h presence... yes
checking for sys/eventfd.h... yes
checking sys/file.h usability... yes
checking sys/file.h presence... yes
checking for sys/file.h... yes
checking sys/ioctl.h usability... yes
checking sys/ioctl.h presence... yes
checking for sys/ioctl.h... yes
checking sys/kern_control.h usability... no
checking sys/kern_control.h presence... no
checking for sys/kern_control.h... no
checking sys/loadavg.h usability... no
checking sys/loadavg.h presence... no
checking for sys/loadavg.h... no
checking sys/lock.h usability... no
checking sys/lock.h presence... no
checking for sys/lock.h... no
checking sys/memfd.h usability... no
checking sys/memfd.h presence... no
checking for sys/memfd.h... no
checking sys/mkdev.h usability... no
checking sys/mkdev.h presence... no
checking for sys/mkdev.h... no
checking sys/mman.h usability... yes
checking sys/mman.h presence... yes
checking for sys/mman.h... yes
checking sys/modem.h usability... no
checking sys/modem.h presence... no
checking for sys/modem.h... no
checking sys/param.h usability... yes
checking sys/param.h presence... yes
checking for sys/param.h... yes
checking sys/poll.h usability... yes
checking sys/poll.h presence... yes
checking for sys/poll.h... yes
checking sys/random.h usability... yes
checking sys/random.h presence... yes
checking for sys/random.h... yes
checking sys/resource.h usability... yes
checking sys/resource.h presence... yes
checking for sys/resource.h... yes
checking sys/select.h usability... yes
checking sys/select.h presence... yes
checking for sys/select.h... yes
checking sys/sendfile.h usability... yes
checking sys/sendfile.h presence... yes
checking for sys/sendfile.h... yes
checking sys/socket.h usability... yes
checking sys/socket.h presence... yes
checking for sys/socket.h... yes
checking sys/soundcard.h usability... yes
checking sys/soundcard.h presence... yes
checking for sys/soundcard.h... yes
checking for sys/stat.h... (cached) yes
checking sys/statvfs.h usability... yes
checking sys/statvfs.h presence... yes
checking for sys/statvfs.h... yes
checking sys/sys_domain.h usability... no
checking sys/sys_domain.h presence... no
checking for sys/sys_domain.h... no
checking sys/syscall.h usability... yes
checking sys/syscall.h presence... yes
checking for sys/syscall.h... yes
checking sys/sysmacros.h usability... yes
checking sys/sysmacros.h presence... yes
checking for sys/sysmacros.h... yes
checking sys/termio.h usability... no
checking sys/termio.h presence... no
checking for sys/termio.h... no
checking sys/time.h usability... yes
checking sys/time.h presence... yes
checking for sys/time.h... yes
checking sys/times.h usability... yes
checking sys/times.h presence... yes
checking for sys/times.h... yes
checking for sys/types.h... (cached) yes
checking sys/uio.h usability... yes
checking sys/uio.h presence... yes
checking for sys/uio.h... yes
checking sys/un.h usability... yes
checking sys/un.h presence... yes
checking for sys/un.h... yes
checking sys/utsname.h usability... yes
checking sys/utsname.h presence... yes
checking for sys/utsname.h... yes
checking sys/wait.h usability... yes
checking sys/wait.h presence... yes
checking for sys/wait.h... yes
checking sys/xattr.h usability... yes
checking sys/xattr.h presence... yes
checking for sys/xattr.h... yes
checking sysexits.h usability... yes
checking sysexits.h presence... yes
checking for sysexits.h... yes
checking syslog.h usability... yes
checking syslog.h presence... yes
checking for syslog.h... yes
checking termios.h usability... yes
checking termios.h presence... yes
checking for termios.h... yes
checking util.h usability... no
checking util.h presence... no
checking for util.h... no
checking utime.h usability... yes
checking utime.h presence... yes
checking for utime.h... yes
checking utmp.h usability... yes
checking utmp.h presence... yes
checking for utmp.h... yes
checking for dirent.h that defines DIR... yes
checking for library containing opendir... none required
checking whether sys/types.h defines makedev... no
checking for sys/mkdev.h... (cached) no
checking for sys/sysmacros.h... (cached) yes
checking bluetooth/bluetooth.h usability... no
checking bluetooth/bluetooth.h presence... no
checking for bluetooth/bluetooth.h... no
checking for net/if.h... yes
checking for linux/netlink.h... yes
checking for linux/qrtr.h... yes
checking for linux/vm_sockets.h... yes
checking for linux/can.h... yes
checking for linux/can/bcm.h... yes
checking for linux/can/j1939.h... yes
checking for linux/can/raw.h... yes
checking for netcan/can.h... no
checking for clock_t in time.h... yes
checking for makedev... yes
checking for le64toh... yes
checking for mode_t... yes
checking for off_t... yes
checking for pid_t... yes
checking for size_t... yes
checking for uid_t in sys/types.h... yes
checking for ssize_t... yes
checking for __uint128_t... yes
checking size of int... 4
checking size of long... 8
checking alignment of long... 8
checking size of long long... 8
checking size of void *... 8
checking size of short... 2
checking size of float... 4
checking size of double... 8
checking size of fpos_t... 16
checking size of size_t... 8
checking alignment of size_t... 8
checking size of pid_t... 4
checking size of uintptr_t... 8
checking for long double... yes
checking size of long double... 16
checking size of _Bool... 1
checking size of off_t... 8
checking whether to enable large file support... no
checking size of time_t... 8
checking for pthread_t... yes
checking size of pthread_t... 8
checking size of pthread_key_t... 4
checking whether pthread_key_t is compatible with int... yes
checking for --enable-framework... no
checking for --with-dsymutil... no
checking for dyld... no
checking for --with-address-sanitizer... no
checking for --with-memory-sanitizer... no
checking for --with-undefined-behavior-sanitizer... no
checking the extension of shared libraries... .so
checking LDSHARED... $(CC) -shared
checking BLDSHARED flags... $(CC) -shared
checking CCSHARED... -fPIC
checking LINKFORSHARED... -Xlinker -export-dynamic
checking CFLAGSFORSHARED... 
checking SHLIBS... $(LIBS)
checking perf trampoline... yes
checking for sendfile in -lsendfile... no
checking for dlopen in -ldl... yes
checking for shl_load in -ldld... no
checking uuid.h usability... no
checking uuid.h presence... no
checking for uuid.h... no
checking for LIBUUID... no
checking uuid/uuid.h usability... no
checking uuid/uuid.h presence... no
checking for uuid/uuid.h... no
checking for uuid/uuid.h... (cached) no
checking for library containing sem_init... none required
checking for textdomain in -lintl... no
checking aligned memory access is required... no
checking for --with-hash-algorithm... default
checking for --with-tzpath... "/usr/share/zoneinfo:/usr/lib/zoneinfo:/usr/share/lib/zoneinfo:/etc/zoneinfo"
checking for t_open in -lnsl... no
checking for socket in -lsocket... no
checking for --with-libs... no
checking for --with-system-expat... no
checking for LIBFFI... no
checking ffi.h usability... no
checking ffi.h presence... no
checking for ffi.h... no
checking for --with-system-libmpdec... no
checking for --with-decimal-contextvar... yes
checking for decimal libmpdec machine... uint128
checking for LIBNSL... no
checking for library containing yp_match... no
checking for LIBSQLITE3... no
checking sqlite3.h usability... no
checking sqlite3.h presence... no
checking for sqlite3.h... no
checking for --enable-loadable-sqlite-extensions... no
checking gdbm.h usability... no
checking gdbm.h presence... no
checking for gdbm.h... no
checking ndbm.h usability... no
checking ndbm.h presence... no
checking for ndbm.h... no
checking for ndbm presence and linker args...  ()
checking gdbm/ndbm.h usability... no
checking gdbm/ndbm.h presence... no
checking for gdbm/ndbm.h... no
checking gdbm-ndbm.h usability... no
checking gdbm-ndbm.h presence... no
checking for gdbm-ndbm.h... no
checking db.h usability... no
checking db.h presence... no
checking for db.h... no
checking for --with-dbmliborder... gdbm:ndbm:bdb
checking for _dbm module CFLAGS and LIBS...  
checking if PTHREAD_SCOPE_SYSTEM is supported... yes
checking for pthread_sigmask... yes
checking for pthread_getcpuclockid... yes
checking if --enable-ipv6 is specified... yes
checking if RFC2553 API is available... yes
checking ipv6 stack type... linux-glibc
checking CAN_RAW_FD_FRAMES... yes
checking for CAN_RAW_JOIN_FILTERS... yes
checking for --with-doc-strings... yes
checking for --with-pymalloc... yes
checking for --with-freelists... yes
checking for --with-c-locale-coercion... yes
checking for --with-valgrind... no
checking for --with-dtrace... no
checking for dlopen... yes
checking DYNLOADFILE... dynload_shlib.o
checking MACHDEP_OBJS... none
checking for accept4... yes
checking for alarm... yes
checking for bind_textdomain_codeset... yes
checking for chmod... yes
checking for chown... yes
checking for clock... yes
checking for close_range... yes
checking for confstr... yes
checking for copy_file_range... yes
checking for ctermid... yes
checking for dup... yes
checking for dup3... yes
checking for execv... yes
checking for explicit_bzero... yes
checking for explicit_memset... no
checking for faccessat... yes
checking for fchmod... yes
checking for fchmodat... yes
checking for fchown... yes
checking for fchownat... yes
checking for fdopendir... yes
checking for fdwalk... no
checking for fexecve... yes
checking for fork... yes
checking for fork1... no
checking for fpathconf... yes
checking for fstatat... yes
checking for ftime... yes
checking for ftruncate... yes
checking for futimens... yes
checking for futimes... yes
checking for futimesat... yes
checking for gai_strerror... yes
checking for getegid... yes
checking for getentropy... yes
checking for geteuid... yes
checking for getgid... yes
checking for getgrgid... yes
checking for getgrgid_r... yes
checking for getgrnam_r... yes
checking for getgrouplist... yes
checking for getgroups... yes
checking for gethostname... yes
checking for getitimer... yes
checking for getloadavg... yes
checking for getlogin... yes
checking for getpeername... yes
checking for getpgid... yes
checking for getpid... yes
checking for getppid... yes
checking for getpriority... yes
checking for _getpty... no
checking for getpwent... yes
checking for getpwnam_r... yes
checking for getpwuid... yes
checking for getpwuid_r... yes
checking for getresgid... yes
checking for getresuid... yes
checking for getrusage... yes
checking for getsid... yes
checking for getspent... yes
checking for getspnam... yes
checking for getuid... yes
checking for getwd... yes
checking for if_nameindex... yes
checking for initgroups... yes
checking for kill... yes
checking for killpg... yes
checking for lchown... yes
checking for linkat... yes
checking for lockf... yes
checking for lstat... yes
checking for lutimes... yes
checking for madvise... yes
checking for mbrtowc... yes
checking for memrchr... yes
checking for mkdirat... yes
checking for mkfifo... yes
checking for mkfifoat... yes
checking for mknod... yes
checking for mknodat... yes
checking for mktime... yes
checking for mmap... yes
checking for mremap... yes
checking for nice... yes
checking for openat... yes
checking for opendir... yes
checking for pathconf... yes
checking for pause... yes
checking for pipe... yes
checking for pipe2... yes
checking for plock... no
checking for poll... yes
checking for posix_fadvise... yes
checking for posix_fallocate... yes
checking for posix_spawn... yes
checking for posix_spawnp... yes
checking for pread... yes
checking for preadv... yes
checking for preadv2... yes
checking for pthread_condattr_setclock... yes
checking for pthread_init... no
checking for pthread_kill... yes
checking for pwrite... yes
checking for pwritev... yes
checking for pwritev2... yes
checking for readlink... yes
checking for readlinkat... yes
checking for readv... yes
checking for realpath... yes
checking for renameat... yes
checking for rtpSpawn... no
checking for sched_get_priority_max... yes
checking for sched_rr_get_interval... yes
checking for sched_setaffinity... yes
checking for sched_setparam... yes
checking for sched_setscheduler... yes
checking for sem_clockwait... yes
checking for sem_getvalue... yes
checking for sem_open... yes
checking for sem_timedwait... yes
checking for sem_unlink... yes
checking for sendfile... yes
checking for setegid... yes
checking for seteuid... yes
checking for setgid... yes
checking for sethostname... yes
checking for setitimer... yes
checking for setlocale... yes
checking for setpgid... yes
checking for setpgrp... yes
checking for setpriority... yes
checking for setregid... yes
checking for setresgid... yes
checking for setresuid... yes
checking for setreuid... yes
checking for setsid... yes
checking for setuid... yes
checking for setvbuf... yes
checking for shutdown... yes
checking for sigaction... yes
checking for sigaltstack... yes
checking for sigfillset... yes
checking for siginterrupt... yes
checking for sigpending... yes
checking for sigrelse... yes
checking for sigtimedwait... yes
checking for sigwait... yes
checking for sigwaitinfo... yes
checking for snprintf... yes
checking for splice... yes
checking for strftime... yes
checking for strlcpy... no
checking for strsignal... yes
checking for symlinkat... yes
checking for sync... yes
checking for sysconf... yes
checking for system... yes
checking for tcgetpgrp... yes
checking for tcsetpgrp... yes
checking for tempnam... yes
checking for timegm... yes
checking for times... yes
checking for tmpfile... yes
checking for tmpnam... yes
checking for tmpnam_r... yes
checking for truncate... yes
checking for ttyname... yes
checking for umask... yes
checking for uname... yes
checking for unlinkat... yes
checking for utimensat... yes
checking for utimes... yes
checking for vfork... yes
checking for wait... yes
checking for wait3... yes
checking for wait4... yes
checking for waitid... yes
checking for waitpid... yes
checking for wcscoll... yes
checking for wcsftime... yes
checking for wcsxfrm... yes
checking for wmemcmp... yes
checking for writev... yes
checking whether dirfd is declared... yes
checking for chroot... yes
checking for link... yes
checking for symlink... yes
checking for fchdir... yes
checking for fsync... yes
checking for fdatasync... yes
checking for epoll_create... yes
checking for epoll_create1... yes
checking for kqueue... no
checking for prlimit... yes
checking for _dyld_shared_cache_contains_path... no
checking for memfd_create... yes
checking for eventfd... yes
checking for ctermid_r... no
checking for flock declaration... yes
checking for flock... yes
checking for flock in -lbsd... no
checking for getpagesize... yes
checking for broken unsetenv... no
checking for true... true
checking for inet_aton in -lc... yes
checking for chflags... no
checking for lchflags... no
checking for ZLIB... no
checking zlib.h usability... no
checking zlib.h presence... no
checking for zlib.h... no
checking for BZIP2... no
checking bzlib.h usability... no
checking bzlib.h presence... no
checking for bzlib.h... no
checking for LIBLZMA... no
checking lzma.h usability... no
checking lzma.h presence... no
checking for lzma.h... no
checking for hstrerror... yes
checking for getservbyname... yes
checking for getservbyport... yes
checking for gethostbyname... yes
checking for gethostbyaddr... yes
checking for getprotobyname... yes
checking for inet_aton... yes
checking for inet_ntoa... yes
checking for inet_pton... yes
checking for getpeername... (cached) yes
checking for getsockname... yes
checking for accept... yes
checking for bind... yes
checking for connect... yes
checking for listen... yes
checking for recvfrom... yes
checking for sendto... yes
checking for setsockopt... yes
checking for socket... yes
checking for setgroups... yes
checking for openpty... yes
checking for library containing login_tty... none required
checking for forkpty... yes
checking for fseek64... no
checking for fseeko... yes
checking for fstatvfs... yes
checking for ftell64... no
checking for ftello... yes
checking for statvfs... yes
checking for dup2... yes
checking for getpgrp... yes
checking for setpgrp... (cached) yes
checking for setns... yes
checking for unshare... yes
checking for LIBCRYPT... yes
checking for crypt or crypt_r... yes
checking for clock_gettime... yes
checking for clock_getres... yes
checking for clock_settime... yes
checking for clock_nanosleep... yes
checking for nanosleep... yes
checking for major, minor, and makedev... yes
checking for getaddrinfo... yes
checking getaddrinfo bug... no
checking for getnameinfo... yes
checking whether struct tm is in sys/time.h or time.h... time.h
checking for struct tm.tm_zone... yes
checking for struct stat.st_rdev... yes
checking for struct stat.st_blksize... yes
checking for struct stat.st_flags... no
checking for struct stat.st_gen... no
checking for struct stat.st_birthtime... no
checking for struct stat.st_blocks... yes
checking for struct passwd.pw_gecos... yes
checking for struct passwd.pw_passwd... yes
checking for siginfo_t.si_band... yes
checking for time.h that defines altzone... no
checking for addrinfo... yes
checking for sockaddr_storage... yes
checking for sockaddr_alg... yes
checking for an ANSI C-conforming const... yes
checking for working signed char... yes
checking for prototypes... yes
checking for socketpair... yes
checking if sockaddr has sa_len member... no
checking for gethostbyname_r... yes
checking gethostbyname_r with 6 args... yes
checking for __fpu_control... yes
checking for --with-libm=STRING... default LIBM="-lm"
checking for --with-libc=STRING... default LIBC=""
checking for x64 gcc inline assembler... yes
checking whether float word ordering is bigendian... no
checking whether we can use gcc inline assembler to get and set x87 control word... yes
checking whether we can use gcc inline assembler to get and set mc68881 fpcr... no
checking for x87-style double rounding... no
checking for acosh... yes
checking for asinh... yes
checking for atanh... yes
checking for erf... yes
checking for erfc... yes
checking for expm1... yes
checking for log1p... yes
checking for log2... yes
checking whether POSIX semaphores are enabled... yes
checking for broken sem_getvalue... no
checking whether RTLD_LAZY is declared... yes
checking whether RTLD_NOW is declared... yes
checking whether RTLD_GLOBAL is declared... yes
checking whether RTLD_LOCAL is declared... yes
checking whether RTLD_NODELETE is declared... yes
checking whether RTLD_NOLOAD is declared... yes
checking whether RTLD_DEEPBIND is declared... yes
checking whether RTLD_MEMBER is declared... no
checking digit size for Python's longs... no value specified
checking wchar.h usability... yes
checking wchar.h presence... yes
checking for wchar.h... yes
checking size of wchar_t... 4
checking whether wchar_t is signed... yes
checking whether wchar_t is usable... no
checking whether byte ordering is bigendian... no
checking ABIFLAGS... d
checking SOABI... cpython-312d-x86_64-linux-gnu
checking LDVERSION... $(VERSION)$(ABIFLAGS)
checking for --with-platlibdir... no
checking for --with-wheel-pkg-dir... no
checking whether right shift extends the sign bit... yes
checking for getc_unlocked() and friends... yes
checking for LIBREADLINE... no
checking readline/readline.h usability... no
checking readline/readline.h presence... no
checking for readline/readline.h... no
checking how to link readline... no
checking for broken nice()... no
checking for broken poll()... no
checking for working tzset()... yes
checking for tv_nsec in struct stat... yes
checking for tv_nsec2 in struct stat... no
checking curses.h usability... no
checking curses.h presence... no
checking for curses.h... no
checking ncurses.h usability... no
checking ncurses.h presence... no
checking for ncurses.h... no
checking curses module flags... no
checking panel.h usability... no
checking panel.h presence... no
checking for panel.h... no
checking panel flags... no
checking for term.h... no
checking whether mvwdelch is an expression... no
checking whether WINDOW has _flags... no
checking for curses function is_pad... no
checking for curses function is_term_resized... no
checking for curses function resize_term... no
checking for curses function resizeterm... no
checking for curses function immedok... no
checking for curses function syncok... no
checking for curses function wchgat... no
checking for curses function filter... no
checking for curses function has_key... no
checking for curses function typeahead... no
checking for curses function use_env... no
configure: checking for device files
checking for /dev/ptmx... yes
checking for /dev/ptc... no
checking for socklen_t... yes
checking for broken mbstowcs... no
checking for --with-computed-gotos... no value specified
checking whether gcc supports computed gotos... yes
checking for build directories... done
checking for -O2... yes
checking for glibc _FORTIFY_SOURCE/memmove bug... no
checking for gcc ipa-pure-const bug... no
checking for stdatomic.h... yes
checking for builtin __atomic_load_n and __atomic_store_n functions... yes
checking for ensurepip... upgrade
checking if the dirent structure of a d_type field... yes
checking for the Linux getrandom() syscall... yes
checking for the getrandom() function... yes
checking for library containing shm_open... none required
checking for shm_open... yes
checking for shm_unlink... yes
checking for pkg-config... /usr/bin/pkg-config
checking for openssl/ssl.h in /usr/local/ssl... no
checking for openssl/ssl.h in /usr/lib/ssl... no
checking for openssl/ssl.h in /usr/ssl... no
checking for openssl/ssl.h in /usr/pkg... no
checking for openssl/ssl.h in /usr/local... no
checking for openssl/ssl.h in /usr... no
checking whether compiling and linking against OpenSSL works... no
checking for --with-openssl-rpath... 
checking whether OpenSSL provides required ssl module APIs... no
checking whether OpenSSL provides required hashlib module APIs... no
checking for --with-ssl-default-suites... python
checking for --with-builtin-hashlib-hashes... md5,sha1,sha2,sha3,blake2
checking for LIBB2... no
checking for --disable-test-modules... yes
checking for stdlib extension module _multiprocessing... yes
checking for stdlib extension module _posixshmem... yes
checking for stdlib extension module fcntl... yes
checking for stdlib extension module mmap... yes
checking for stdlib extension module _socket... yes
checking for stdlib extension module grp... yes
checking for stdlib extension module ossaudiodev... yes
checking for stdlib extension module pwd... yes
checking for stdlib extension module resource... yes
checking for stdlib extension module _scproxy... n/a
checking for stdlib extension module spwd... yes
checking for stdlib extension module syslog... yes
checking for stdlib extension module termios... yes
checking for stdlib extension module pyexpat... yes
checking for stdlib extension module _elementtree... yes
checking for stdlib extension module _md5... yes
checking for stdlib extension module _sha1... yes
checking for stdlib extension module _sha2... yes
checking for stdlib extension module _sha3... yes
checking for stdlib extension module _blake2... yes
checking for stdlib extension module _crypt... yes
checking for stdlib extension module _ctypes... missing
checking for stdlib extension module _curses... missing
checking for stdlib extension module _curses_panel... missing
checking for stdlib extension module _decimal... yes
checking for stdlib extension module _dbm... missing
checking for stdlib extension module _gdbm... missing
checking for stdlib extension module nis... missing
checking for stdlib extension module readline... missing
checking for stdlib extension module _sqlite3... disabled
checking for stdlib extension module _tkinter... missing
checking for stdlib extension module _uuid... missing
checking for stdlib extension module zlib... missing
checking for stdlib extension module _bz2... missing
checking for stdlib extension module _lzma... missing
checking for stdlib extension module _ssl... missing
checking for stdlib extension module _hashlib... missing
checking for stdlib extension module _testcapi... yes
checking for stdlib extension module _testclinic... yes
checking for stdlib extension module _testinternalcapi... yes
checking for stdlib extension module _testbuffer... yes
checking for stdlib extension module _testimportmultiple... yes
checking for stdlib extension module _testmultiphase... yes
checking for stdlib extension module xxsubtype... yes
checking for stdlib extension module _xxtestfuzz... yes
checking for stdlib extension module _ctypes_test... missing
checking for stdlib extension module xxlimited... yes
checking for stdlib extension module xxlimited_35... yes
configure: creating ./config.status
config.status: creating Makefile.pre
config.status: creating Misc/python.pc
config.status: creating Misc/python-embed.pc
config.status: creating Misc/python-config.sh
config.status: creating Modules/Setup.bootstrap
config.status: creating Modules/Setup.stdlib
config.status: creating Modules/ld_so_aix
config.status: creating pyconfig.h
configure: creating Modules/Setup.local
configure: creating Makefile
Note: Deepfreeze may have added some global objects,
      so run 'make regen-global-objects' if necessary.
The following modules are *disabled* in configure script:
_sqlite3                                                       

The necessary bits to build these optional modules were not found:
_bz2                  _ctypes               _ctypes_test       
_curses               _curses_panel         _dbm               
_gdbm                 _hashlib              _lzma              
_ssl                  _tkinter              _uuid              
nis                   readline              zlib               
To find the necessary bits, look in configure.ac and config.log.

Could not build the ssl module!
Python requires a OpenSSL 1.1.1 or newer

Checked 111 modules (30 built-in, 64 shared, 1 n/a on linux-x86_64, 1 disabled, 15 missing, 0 failed on import)
The following modules are *disabled* in configure script:
_sqlite3                                                       

The necessary bits to build these optional modules were not found:
_bz2                  _ctypes               _ctypes_test       
_curses               _curses_panel         _dbm               
_gdbm                 _hashlib              _lzma              
_ssl                  _tkinter              _uuid              
nis                   readline              zlib               
To find the necessary bits, look in configure.ac and config.log.

Could not build the ssl module!
Python requires a OpenSSL 1.1.1 or newer

Checked 111 modules (30 built-in, 64 shared, 1 n/a on linux-x86_64, 1 disabled, 15 missing, 0 failed on import)
./python -E  ./Tools/scripts/run_tests.py 
== CPython 3.12.0a6+ (heads/main:fd1947e, Apr 8 2023, 20:42:07) [GCC 11.3.1 20221121 (Red Hat 11.3.1-4)]
== Linux-6.1.21-1.45.amzn2023.x86_64-x86_64-with-glibc2.34 little-endian
== Python build: debug
== cwd: /home/ec2-user/cpython/build/test_python_57392æ
== CPU count: 8
== encodings: locale=UTF-8, FS=utf-8
Using random seed 5450589
0:00:00 load avg: 1.44 Run tests in parallel using 10 child processes
0:00:00 load avg: 1.44 [  1/433] test_tkinter skipped
test_tkinter skipped -- No module named '_tkinter'
0:00:00 load avg: 1.44 [  2/433] test_ossaudiodev skipped (resource denied)
test_ossaudiodev skipped -- Use of the 'audio' resource not enabled
0:00:00 load avg: 1.44 [  3/433] test_bool passed
0:00:00 load avg: 1.44 [  4/433] test_doctest2 passed
0:00:00 load avg: 1.44 [  5/433] test_htmlparser passed
0:00:00 load avg: 1.44 [  6/433] test_copy passed
0:00:00 load avg: 1.44 [  7/433] test_generators passed
0:00:01 load avg: 1.44 [  8/433] test_tabnanny passed
0:00:01 load avg: 1.44 [  9/433] test_coroutines passed
0:00:01 load avg: 1.44 [ 10/433] test_asyncgen passed
0:00:01 load avg: 1.44 [ 11/433] test_sort passed
0:00:01 load avg: 1.44 [ 12/433] test_glob passed
0:00:01 load avg: 1.44 [ 13/433] test_profile passed
0:00:01 load avg: 1.44 [ 14/433] test_dynamic passed
0:00:01 load avg: 1.44 [ 15/433] test_configparser passed
0:00:01 load avg: 1.44 [ 16/433] test_struct passed
0:00:01 load avg: 1.44 [ 17/433] test_errno passed
0:00:01 load avg: 1.44 [ 18/433] test_wmi skipped
test_wmi skipped -- No module named '_wmi'
0:00:01 load avg: 1.44 [ 19/433] test_tuple passed
0:00:02 load avg: 1.44 [ 20/433] test_graphlib passed
0:00:02 load avg: 1.44 [ 21/433] test_picklebuffer passed
0:00:02 load avg: 1.44 [ 22/433] test_curses skipped
test_curses skipped -- No module named '_curses'
0:00:02 load avg: 1.44 [ 23/433] test_filecmp passed
0:00:02 load avg: 1.44 [ 24/433] test_exception_group passed
0:00:02 load avg: 1.44 [ 25/433] test_atexit passed
0:00:02 load avg: 1.44 [ 26/433] test_readline skipped
test_readline skipped -- No module named 'readline'
0:00:02 load avg: 1.44 [ 27/433] test_tempfile passed
0:00:02 load avg: 1.44 [ 28/433] test_symtable passed
0:00:02 load avg: 1.44 [ 29/433] test_mimetypes passed
0:00:02 load avg: 1.44 [ 30/433] test_zipfile64 skipped (resource denied)
test_zipfile64 skipped -- test requires loads of disk-space bytes and a long time to run
0:00:02 load avg: 1.44 [ 31/433] test_dbm passed
0:00:02 load avg: 1.44 [ 32/433] test_dbm_gnu skipped
test_dbm_gnu skipped -- No module named '_gdbm'
0:00:02 load avg: 1.44 [ 33/433] test_peepholer passed
0:00:03 load avg: 1.44 [ 34/433] test_lzma skipped
test_lzma skipped -- No module named '_lzma'
0:00:03 load avg: 1.44 [ 35/433] test_bufio passed
0:00:03 load avg: 1.44 [ 36/433] test_socketserver passed
/home/ec2-user/cpython/Lib/socketserver.py:610: DeprecationWarning: This process (pid=57507) is multi-threaded, use of fork() may lead to deadlocks in the child.
  pid = os.fork()
/home/ec2-user/cpython/Lib/test/test_socketserver.py:63: DeprecationWarning: This process (pid=57507) is multi-threaded, use of fork() may lead to deadlocks in the child.
  pid = os.fork()
0:00:03 load avg: 1.44 [ 37/433] test_docxmlrpc passed
0:00:03 load avg: 1.44 [ 38/433] test_zlib skipped
test_zlib skipped -- No module named 'zlib'
0:00:03 load avg: 1.44 [ 39/433] test_ensurepip passed
0:00:03 load avg: 1.44 [ 40/433] test_index passed
0:00:03 load avg: 1.44 [ 41/433] test_codecencodings_cn passed
0:00:03 load avg: 1.44 [ 42/433] test_aifc passed
0:00:03 load avg: 1.44 [ 43/433] test_bigmem passed
0:00:03 load avg: 1.44 [ 44/433] test_codecmaps_jp passed
0:00:03 load avg: 1.44 [ 45/433] test_tracemalloc passed
0:00:03 load avg: 1.44 [ 46/433] test_dict_version passed
0:00:03 load avg: 1.44 [ 47/433] test_sys_setprofile passed
0:00:04 load avg: 1.44 [ 48/433] test_frozen passed
0:00:04 load avg: 1.44 [ 49/433] test_html passed
0:00:04 load avg: 1.88 [ 50/433] test_grp passed
0:00:04 load avg: 1.88 [ 51/433] test_utf8_mode passed
0:00:04 load avg: 1.88 [ 52/433] test__osx_support passed
0:00:04 load avg: 1.88 [ 53/433] test_repl passed
0:00:04 load avg: 1.88 [ 54/433] test_fcntl passed
struct.pack:  b'\x01\x00\x00\x00\x00\x00\x00\x00\x00\x00\x00\x00\x00\x00\x00\x00\x00\x00\x00\x00\x00\x00\x00\x00\x00\x00\x00\x00'
struct.pack:  b'\x01\x00\x00\x00\x00\x00\x00\x00\x00\x00\x00\x00\x00\x00\x00\x00\x00\x00\x00\x00\x00\x00\x00\x00\x00\x00\x00\x00'
0:00:04 load avg: 1.88 [ 55/433] test_http_cookiejar passed
0:00:04 load avg: 1.88 [ 56/433] test_except_star passed
0:00:05 load avg: 1.88 [ 57/433] test_future4 passed
0:00:05 load avg: 1.88 [ 58/433] test_epoll passed
0:00:05 load avg: 1.88 [ 59/433] test_genericalias passed
0:00:05 load avg: 1.88 [ 60/433] test_unicode_file passed
0:00:05 load avg: 1.88 [ 61/433] test_pwd passed
0:00:05 load avg: 1.88 [ 62/433] test_pulldom passed
0:00:05 load avg: 1.88 [ 63/433] test_platform passed
0:00:05 load avg: 1.88 [ 64/433] test_tcl skipped
test_tcl skipped -- No module named '_tkinter'
0:00:06 load avg: 1.88 [ 65/433] test_webbrowser passed
0:00:06 load avg: 1.88 [ 66/433] test_ordered_dict passed
0:00:06 load avg: 1.88 [ 67/433] test_httplib passed
0:00:06 load avg: 1.88 [ 68/433] test_decorators passed
0:00:06 load avg: 1.88 [ 69/433] test_weakset passed
0:00:07 load avg: 1.88 [ 70/433] test_urllibnet passed
0:00:08 load avg: 1.88 [ 71/433] test_datetime passed
0:00:08 load avg: 1.88 [ 72/433] test_threadsignals passed
0:00:08 load avg: 1.88 [ 73/433] test_zipapp passed
0:00:08 load avg: 1.88 [ 74/433] test_code_module passed
0:00:09 load avg: 1.88 [ 75/433] test_cmd passed
0:00:09 load avg: 1.88 [ 76/433] test_asdl_parser passed
0:00:09 load avg: 2.05 [ 77/433] test_userlist passed
0:00:09 load avg: 2.05 [ 78/433] test_urllib2net passed
0:00:09 load avg: 2.05 [ 79/433] test_type_comments passed
0:00:09 load avg: 2.05 [ 80/433] test_format passed
0:00:09 load avg: 2.05 [ 81/433] test_exceptions passed
0:00:09 load avg: 2.05 [ 82/433] test_script_helper passed
0:00:10 load avg: 2.05 [ 83/433] test_uu passed
0:00:10 load avg: 2.05 [ 84/433] test_bisect passed
0:00:10 load avg: 2.05 [ 85/433] test_fractions passed
0:00:10 load avg: 2.05 [ 86/433] test_turtle skipped
test_turtle skipped -- No module named '_tkinter'
0:00:10 load avg: 2.05 [ 87/433] test_super passed
0:00:10 load avg: 2.05 [ 88/433] test_functools passed
0:00:10 load avg: 2.05 [ 89/433] test_builtin passed
0:00:11 load avg: 2.05 [ 90/433] test_site passed
0:00:11 load avg: 2.05 [ 91/433] test_enumerate passed
0:00:11 load avg: 2.05 [ 92/433] test_optparse passed
0:00:11 load avg: 2.05 [ 93/433] test_openpty passed
0:00:11 load avg: 2.05 [ 94/433] test_queue passed
0:00:11 load avg: 2.05 [ 95/433] test_contextlib passed
0:00:11 load avg: 2.05 [ 96/433] test_timeit passed
0:00:11 load avg: 2.05 [ 97/433] test_fileutils passed
0:00:11 load avg: 2.05 [ 98/433] test_slice passed
0:00:12 load avg: 2.05 [ 99/433] test_raise passed
0:00:12 load avg: 2.05 [100/433] test__xxinterpchannels passed
0:00:12 load avg: 2.05 [101/433] test_wave passed
0:00:12 load avg: 2.05 [102/433] test_plistlib passed
0:00:12 load avg: 2.05 [103/433] test_collections passed
0:00:12 load avg: 2.05 [104/433] test_future3 passed
0:00:12 load avg: 2.05 [105/433] test_keywordonlyarg passed
0:00:12 load avg: 2.05 [106/433] test_minidom passed
0:00:13 load avg: 2.05 [107/433] test_urllib passed
0:00:13 load avg: 2.05 [108/433] test_type_cache passed
0:00:13 load avg: 2.05 [109/433] test_with passed
0:00:14 load avg: 2.05 [110/433] test_cgitb passed
0:00:14 load avg: 2.45 [111/433] test_shelve passed
0:00:14 load avg: 2.45 [112/433] test_poll passed
0:00:14 load avg: 2.45 [113/433] test_decimal passed
0:00:14 load avg: 2.45 [114/433] test_linecache passed
0:00:14 load avg: 2.45 [115/433] test_unary passed
0:00:14 load avg: 2.45 [116/433] test_stat passed
0:00:14 load avg: 2.45 [117/433] test_ast passed
0:00:14 load avg: 2.45 [118/433] test_metaclass passed
0:00:15 load avg: 2.45 [119/433] test_osx_env passed
0:00:15 load avg: 2.45 [120/433] test_ttk_textonly skipped
test_ttk_textonly skipped -- No module named '_tkinter'
0:00:15 load avg: 2.45 [121/433] test_cmath passed
0:00:15 load avg: 2.45 [122/433] test_popen passed
0:00:15 load avg: 2.45 [123/433] test_ftplib passed
0:00:16 load avg: 2.45 [124/433] test_thread passed
0:00:16 load avg: 2.45 [125/433] test_cmd_line passed
0:00:16 load avg: 2.45 [126/433] test_unpack_ex passed
0:00:16 load avg: 2.45 [127/433] test_iterlen passed
0:00:17 load avg: 2.45 [128/433] test_userstring passed
0:00:17 load avg: 2.45 [129/433] test_pyclbr passed
0:00:17 load avg: 2.45 [130/433] test_fileinput passed
0:00:17 load avg: 2.45 [131/433] test_numeric_tower passed
0:00:17 load avg: 2.45 [132/433] test___future__ passed
0:00:17 load avg: 2.45 [133/433] test_pow passed
0:00:17 load avg: 2.45 [134/433] test_clinic passed
0:00:18 load avg: 2.45 [135/433] test_dictcomps passed
0:00:18 load avg: 2.45 [136/433] test_cppext passed
0:00:18 load avg: 2.45 [137/433] test_gzip skipped
test_gzip skipped -- No module named 'zlib'
0:00:18 load avg: 2.45 [138/433] test_genericpath passed
0:00:19 load avg: 2.65 [139/433] test_sched passed
0:00:19 load avg: 2.65 [140/433] test_threading passed
0:00:20 load avg: 2.65 [141/433] test_codecencodings_iso2022 passed
0:00:20 load avg: 2.65 [142/433] test_multibytecodec passed
0:00:20 load avg: 2.65 [143/433] test_future5 passed
0:00:20 load avg: 2.65 [144/433] test_longexp passed
0:00:21 load avg: 2.65 [145/433] test_venv passed
Could not find platform dependent libraries <exec_prefix>
0:00:21 load avg: 2.65 [146/433] test_selectors passed
0:00:21 load avg: 2.65 [147/433] test_binascii passed
0:00:21 load avg: 2.65 [148/433] test_call passed
0:00:21 load avg: 2.65 [149/433] test_marshal passed
0:00:22 load avg: 2.65 [150/433] test_class passed
0:00:22 load avg: 2.65 [151/433] test_unittest passed
/home/ec2-user/cpython/Lib/unittest/case.py:580: RuntimeWarning: TestResult has no addDuration method
  warnings.warn("TestResult has no addDuration method",
0:00:22 load avg: 2.65 [152/433] test_audioop passed
0:00:22 load avg: 2.65 [153/433] test_utf8source passed
0:00:23 load avg: 2.65 [154/433] test_warnings passed
/home/ec2-user/cpython/Lib/test/test_warnings/__init__.py:390: UserWarning: Other types of warnings are not errors
  self.module.warn("Other types of warnings are not errors")
/home/ec2-user/cpython/Lib/test/test_warnings/__init__.py:390: UserWarning: Other types of warnings are not errors
  self.module.warn("Other types of warnings are not errors")
0:00:23 load avg: 2.65 [155/433] test_threading_local passed
0:00:23 load avg: 2.65 [156/433] test_strftime passed
0:00:23 load avg: 2.65 [157/433] test_enum passed
0:00:24 load avg: 2.65 [158/433] test_faulthandler passed
0:00:24 load avg: 2.65 [159/433] test_sys passed
0:00:24 load avg: 3.40 [160/433] test_timeout passed
0:00:25 load avg: 3.40 [161/433] test_pyexpat passed
0:00:25 load avg: 3.40 [162/433] test_select passed
0:00:25 load avg: 3.40 [163/433] test_funcattrs passed
0:00:26 load avg: 3.40 [164/433] test_lltrace passed
0:00:26 load avg: 3.40 [165/433] test_colorsys passed
0:00:26 load avg: 3.40 [166/433] test_exception_variations passed
0:00:27 load avg: 3.40 [167/433] test_range passed
0:00:27 load avg: 3.40 [168/433] test_os passed
0:00:27 load avg: 3.40 [169/433] test_types passed
0:00:27 load avg: 3.40 [170/433] test_spwd passed
0:00:28 load avg: 3.40 [171/433] test_scope passed
0:00:28 load avg: 3.40 [172/433] test_json passed
0:00:29 load avg: 3.40 [173/433] test_named_expressions passed
0:00:29 load avg: 4.01 [174/433] test_fork1 passed
0:00:30 load avg: 4.01 [175/433] test_grammar passed
0:00:30 load avg: 4.01 [176/433] test_multiprocessing_main_handling passed
0:00:30 load avg: 4.01 [177/433] test_regrtest passed
0:00:30 load avg: 4.01 [178/433] test_idle skipped
test_idle skipped -- No module named '_tkinter'
0:00:30 load avg: 4.01 [179/433] test_stable_abi_ctypes skipped
test_stable_abi_ctypes skipped -- No module named '_ctypes'
0:00:30 load avg: 4.01 [180/433] test_setcomps passed
0:00:30 load avg: 4.01 [181/433] test_fileio passed
0:00:31 load avg: 4.01 [182/433] test_codecmaps_hk passed
0:00:31 load avg: 4.01 [183/433] test_mailbox passed
0:00:31 load avg: 4.01 [184/433] test_startfile skipped
test_startfile skipped -- object <module 'os' from '/home/ec2-user/cpython/Lib/os.py'> has no attribute 'startfile'
0:00:31 load avg: 4.01 [185/433] test_global passed
0:00:32 load avg: 4.01 [186/433] test_dynamicclassattribute passed
0:00:32 load avg: 4.01 [187/433] test_imp passed
0:00:32 load avg: 4.01 [188/433] test_audit passed
0:00:32 load avg: 4.01 [189/433] test_secrets passed
0:00:32 load avg: 4.01 [190/433] test_shlex passed
0:00:32 load avg: 4.01 [191/433] test_list passed
0:00:32 load avg: 4.01 [192/433] test_argparse passed
0:00:32 load avg: 4.01 [193/433] test_generator_stop passed
0:00:32 load avg: 4.01 [194/433] test_genericclass passed
0:00:33 load avg: 4.01 [195/433] test_descrtut passed
0:00:33 load avg: 4.01 [196/433] test_modulefinder passed
0:00:33 load avg: 4.01 [197/433] test_keyword passed
0:00:33 load avg: 4.01 [198/433] test___all__ passed
0:00:33 load avg: 4.01 [199/433] test_subclassinit passed
0:00:33 load avg: 4.01 [200/433] test_dictviews passed
0:00:33 load avg: 4.01 [201/433] test_isinstance passed
0:00:33 load avg: 4.01 [202/433] test_type_annotations passed
0:00:34 load avg: 4.25 [203/433] test_hash passed
0:00:35 load avg: 4.25 [204/433] test_stringprep passed
0:00:35 load avg: 4.25 [205/433] test_winconsoleio skipped
test_winconsoleio skipped -- test only relevant on win32
0:00:36 load avg: 4.25 [206/433] test_context passed
0:00:37 load avg: 4.25 [207/433] test_tarfile passed
0:00:38 load avg: 4.25 [208/433] test_codecencodings_jp passed
0:00:38 load avg: 4.25 [209/433] test_importlib passed
0:00:38 load avg: 4.25 [210/433] test_rlcompleter passed
0:00:39 load avg: 4.55 [211/433] test_urlparse passed
0:00:40 load avg: 4.55 [212/433] test_complex passed
0:00:40 load avg: 4.55 [213/433] test_compile passed
0:00:40 load avg: 4.55 [214/433] test_abstract_numbers passed
0:00:40 load avg: 4.55 [215/433] test_property passed
0:00:40 load avg: 4.55 [216/433] test_eintr passed
0:00:40 load avg: 4.55 [217/433] test_operator passed
0:00:41 load avg: 4.55 [218/433] test_exception_hierarchy passed
0:00:41 load avg: 4.55 [219/433] test_iter passed
0:00:41 load avg: 4.55 [220/433] test_bigaddrspace passed
0:00:41 load avg: 4.55 [221/433] test_strptime passed
0:00:41 load avg: 4.55 [222/433] test_sunau passed
0:00:42 load avg: 4.55 [223/433] test_positional_only_arg passed
0:00:42 load avg: 4.55 [224/433] test_unicode passed
0:00:42 load avg: 4.55 [225/433] test_descr passed
0:00:42 load avg: 4.55 [226/433] test_contains passed
0:00:42 load avg: 4.55 [227/433] test_pkg passed
0:00:42 load avg: 4.55 [228/433] test_crashers passed
0:00:43 load avg: 4.55 [229/433] test_quopri passed
0:00:44 load avg: 4.91 [230/433] test_xml_etree_c passed
0:00:44 load avg: 4.91 [231/433] test_msilib skipped
test_msilib skipped -- No module named '_msi'
0:00:45 load avg: 4.91 [232/433] test_codecs passed
0:00:45 load avg: 4.91 [233/433] test_zoneinfo skipped
test_zoneinfo skipped -- No module named '_lzma'
0:00:45 load avg: 4.91 [234/433] test_imghdr passed
0:00:46 load avg: 4.91 [235/433] test_launcher skipped
test_launcher skipped -- test only applies to Windows
0:00:46 load avg: 4.91 [236/433] test_largefile passed
0:00:47 load avg: 4.91 [237/433] test__xxsubinterpreters passed
0:00:47 load avg: 4.91 [238/433] test_csv passed
0:00:48 load avg: 4.91 [239/433] test_float passed
0:00:48 load avg: 4.91 [240/433] test_baseexception passed
0:00:49 load avg: 5.24 [241/433] test_py_compile passed -- running: test_compileall (30.5 sec)
0:00:50 load avg: 5.24 [242/433] test_finalization passed -- running: test_compileall (31.2 sec)
0:00:52 load avg: 5.24 [243/433] test_statistics passed -- running: test_capi (31.3 sec), test_compileall (33.3 sec)
0:00:52 load avg: 5.24 [244/433] test_compileall passed (33.1 sec) -- running: test_capi (31.3 sec)
0:00:52 load avg: 5.24 [245/433] test_pep646_syntax passed -- running: test_capi (31.6 sec)
0:00:53 load avg: 5.24 [246/433] test_yield_from passed -- running: test_capi (31.6 sec)
0:00:53 load avg: 5.24 [247/433] test_base64 passed -- running: test_capi (32.3 sec)
0:00:53 load avg: 5.24 [248/433] test_print passed -- running: test_capi (32.5 sec)
0:00:54 load avg: 5.24 [249/433/1] test_pty failed (1 error) -- running: test_capi (32.8 sec)
test test_pty failed -- Traceback (most recent call last):
  File "/home/ec2-user/cpython/Lib/test/test_pty.py", line 297, in test_spawn_doesnt_hang
    pty.spawn([sys.executable, '-c', 'print("hi there")'])
  File "/home/ec2-user/cpython/Lib/pty.py", line 175, in spawn
    _copy(master_fd, master_read, stdin_read)
  File "/home/ec2-user/cpython/Lib/pty.py", line 151, in _copy
    data = stdin_read(STDIN_FILENO)
           ^^^^^^^^^^^^^^^^^^^^^^^^
  File "/home/ec2-user/cpython/Lib/pty.py", line 126, in _read
    return os.read(fd, 1024)
           ^^^^^^^^^^^^^^^^^
OSError: [Errno 9] Bad file descriptor
0:00:54 load avg: 5.24 [250/433/1] test_interpreters passed -- running: test_capi (32.9 sec)
0:00:54 load avg: 5.62 [251/433/1] test_ntpath passed -- running: test_capi (33.3 sec), test_hashlib (30.4 sec)
0:00:54 load avg: 5.62 [252/433/1] test_posixpath passed -- running: test_capi (33.4 sec), test_hashlib (30.5 sec)
0:00:54 load avg: 5.62 [253/433/1] test_listcomps passed -- running: test_capi (33.6 sec), test_hashlib (30.6 sec)
0:00:55 load avg: 5.62 [254/433/1] test_locale passed -- running: test_capi (33.8 sec), test_hashlib (30.9 sec)
0:00:55 load avg: 5.62 [255/433/1] test_weakref passed -- running: test_capi (34.1 sec), test_hashlib (31.2 sec)
0:00:55 load avg: 5.62 [256/433/1] test_opcache passed -- running: test_capi (34.4 sec), test_hashlib (31.5 sec)
0:00:55 load avg: 5.62 [257/433/1] test_itertools passed -- running: test_capi (34.6 sec), test_hashlib (31.7 sec)
0:00:56 load avg: 5.62 [258/433/1] test_module passed -- running: test_capi (35.0 sec), test_hashlib (32.0 sec)
0:00:56 load avg: 5.62 [259/433/1] test_cprofile passed -- running: test_capi (35.0 sec), test_hashlib (32.1 sec)
0:00:56 load avg: 5.62 [260/433/1] test_codecmaps_kr passed -- running: test_capi (35.2 sec), test_hashlib (32.2 sec)
0:00:56 load avg: 5.62 [261/433/1] test_sndhdr passed -- running: test_capi (35.2 sec), test_hashlib (32.3 sec)
0:00:57 load avg: 5.62 [262/433/1] test_logging passed -- running: test_capi (35.7 sec), test_hashlib (32.8 sec)
0:00:57 load avg: 5.62 [263/433/1] test_ctypes skipped -- running: test_capi (36.0 sec), test_hashlib (33.1 sec)
test_ctypes skipped -- No module named '_ctypes'
0:00:57 load avg: 5.62 [264/433/1] test_pkgutil passed -- running: test_capi (36.4 sec), test_hashlib (33.5 sec)
0:00:57 load avg: 5.62 [265/433/1] test_pydoc passed -- running: test_capi (36.5 sec), test_hashlib (33.6 sec)
0:00:58 load avg: 5.62 [266/433/1] test_urllib2 passed -- running: test_capi (37.1 sec), test_hashlib (34.2 sec)
0:00:58 load avg: 5.62 [267/433/1] test_devpoll skipped -- running: test_capi (37.4 sec), test_hashlib (34.5 sec)
test_devpoll skipped -- test works only on Solaris OS family
0:00:59 load avg: 5.62 [268/433/1] test_compare passed -- running: test_capi (37.7 sec), test_hashlib (34.8 sec)
0:01:01 load avg: 5.97 [269/433/1] test_pickletools passed -- running: test_capi (40.4 sec), test_hashlib (37.4 sec)
0:01:02 load avg: 5.97 [270/433/1] test_hashlib passed (37.5 sec) -- running: test_capi (40.7 sec)
0:01:02 load avg: 5.97 [271/433/1] test_c_locale_coercion passed -- running: test_capi (40.8 sec)
0:01:02 load avg: 5.97 [272/433/1] test_runpy passed -- running: test_capi (41.1 sec)
0:01:02 load avg: 5.97 [273/433/1] test_gettext passed -- running: test_capi (41.5 sec)
0:01:03 load avg: 5.97 [274/433/1] test_hmac passed -- running: test_capi (41.8 sec)
0:01:03 load avg: 5.97 [275/433/1] test_frame passed -- running: test_capi (42.3 sec)
0:01:03 load avg: 5.97 [276/433/1] test_dbm_ndbm skipped -- running: test_capi (42.6 sec)
test_dbm_ndbm skipped -- No module named '_dbm'
0:01:04 load avg: 5.97 [277/433/1] test_userdict passed -- running: test_capi (42.9 sec)
0:01:04 load avg: 6.29 [278/433/1] test_sundry passed -- running: test_capi (43.2 sec)
0:01:04 load avg: 6.29 [279/433/1] test_ttk skipped -- running: test_capi (43.4 sec)
test_ttk skipped -- No module named '_tkinter'
0:01:05 load avg: 6.29 [280/433/1] test_abc passed -- running: test_capi (43.7 sec)
0:01:05 load avg: 6.29 [281/433/1] test_traceback passed -- running: test_capi (44.1 sec)
0:01:05 load avg: 6.29 [282/433/1] test_code passed -- running: test_capi (44.6 sec)
0:01:06 load avg: 6.29 [283/433/1] test_smtpnet skipped -- running: test_capi (44.8 sec)
test_smtpnet skipped -- No module named '_ssl'
0:01:06 load avg: 6.29 [284/433/1] test_univnewlines passed -- running: test_capi (45.2 sec)
0:01:06 load avg: 6.29 [285/433/1] test_charmapcodec passed -- running: test_capi (45.5 sec)
0:01:07 load avg: 6.29 [286/433/1] test_pdb passed -- running: test_capi (45.7 sec)
0:01:07 load avg: 6.29 [287/433/1] test_cmd_line_script passed -- running: test_capi (46.5 sec)
/home/ec2-user/cpython/Lib/subprocess.py:849: RuntimeWarning: pass_fds overriding close_fds.
  warnings.warn("pass_fds overriding close_fds.", RuntimeWarning)
0:01:08 load avg: 6.29 [288/433/1] test_getpass passed -- running: test_capi (46.9 sec)
0:01:08 load avg: 6.29 [289/433/1] test_httpservers passed -- running: test_capi (46.9 sec)
/home/ec2-user/cpython/Lib/http/server.py:1168: DeprecationWarning: This process (pid=64876) is multi-threaded, use of fork() may lead to deadlocks in the child.
  pid = os.fork()
0:01:08 load avg: 6.29 [290/433/1] test_string passed -- running: test_capi (47.3 sec)
0:01:08 load avg: 6.29 [291/433/1] test_zipimport_support passed -- running: test_capi (47.3 sec)
0:01:09 load avg: 6.29 [292/433/1] test_mmap passed -- running: test_capi (47.9 sec)
0:01:10 load avg: 6.59 [293/433/1] test_embed passed -- running: test_capi (48.6 sec)
0:01:10 load avg: 6.59 [294/433/1] test_string_literals passed -- running: test_capi (49.3 sec), test_unicodedata (30.4 sec)
0:01:10 load avg: 6.59 [295/433/1] test_uuid passed -- running: test_capi (49.3 sec), test_unicodedata (30.5 sec)
usage: [-h] [-u {uuid1,uuid3,uuid4,uuid5}] [-n NAMESPACE] [-N NAME]
: error: Incorrect number of arguments. uuid3 requires a namespace and a name. Run 'python -m uuid -h' for more information.
usage: [-h] [-u {uuid1,uuid3,uuid4,uuid5}] [-n NAMESPACE] [-N NAME]
: error: Incorrect number of arguments. uuid3 requires a namespace and a name. Run 'python -m uuid -h' for more information.
0:01:10 load avg: 6.59 [296/433/1] test_augassign passed -- running: test_capi (49.6 sec), test_unicodedata (30.7 sec)
0:01:11 load avg: 6.59 [297/433/1] test_xml_etree passed -- running: test_capi (50.0 sec), test_unicodedata (31.1 sec)
0:01:11 load avg: 6.59 [298/433/1] test_pathlib passed -- running: test_capi (50.2 sec), test_unicodedata (31.3 sec), test_math (30.2 sec)
0:01:11 load avg: 6.59 [299/433/1] test_zipimport passed -- running: test_capi (50.5 sec), test_unicodedata (31.6 sec), test_math (30.4 sec)
0:01:11 load avg: 6.59 [300/433/1] test_xxlimited passed -- running: test_capi (50.6 sec), test_unicodedata (31.7 sec), test_math (30.5 sec)
0:01:12 load avg: 6.59 [301/433/1] test_getopt passed -- running: test_capi (50.9 sec), test_unicodedata (32.0 sec), test_math (30.9 sec)
0:01:12 load avg: 6.59 [302/433/1] test_winsound skipped (resource denied) -- running: test_capi (51.1 sec), test_unicodedata (32.3 sec), test_math (31.1 sec)
test_winsound skipped -- Use of the 'audio' resource not enabled
0:01:12 load avg: 6.59 [303/433/1] test_ipaddress passed -- running: test_capi (51.4 sec), test_unicodedata (32.5 sec), test_math (31.3 sec)
0:01:12 load avg: 6.59 [304/433/1] test_typechecks passed -- running: test_capi (51.5 sec), test_unicodedata (32.6 sec), test_math (31.5 sec)
0:01:12 load avg: 6.59 [305/433/1] test_difflib passed -- running: test_capi (51.6 sec), test_unicodedata (32.7 sec), test_math (31.5 sec)
0:01:13 load avg: 6.59 [306/433/1] test_file passed -- running: test_capi (51.9 sec), test_unicodedata (33.1 sec), test_math (31.9 sec)
0:01:14 load avg: 6.59 [307/433/1] test_int passed -- running: test_capi (52.7 sec), test_unicodedata (33.8 sec), test_math (32.7 sec)
0:01:14 load avg: 6.59 [308/433/1] test_heapq passed -- running: test_capi (52.8 sec), test_unicodedata (33.9 sec), test_math (32.8 sec)
0:01:14 load avg: 6.59 [309/433/1] test_support passed -- running: test_capi (53.0 sec), test_unicodedata (34.1 sec), test_math (32.9 sec)
0:01:14 load avg: 6.70 [310/433/1] test_sysconfig passed -- running: test_capi (53.3 sec), test_unicodedata (34.5 sec), test_math (33.3 sec)
0:01:15 load avg: 6.70 [311/433/1] test_array passed -- running: test_capi (54.2 sec), test_unicodedata (35.4 sec), test_math (34.2 sec)
0:01:15 load avg: 6.70 [312/433/1] test_threadedtempfile passed -- running: test_capi (54.5 sec), test_unicodedata (35.6 sec), test_math (34.5 sec)
0:01:16 load avg: 6.70 [313/433/1] test_unicodedata passed (36.2 sec) -- running: test_capi (55.3 sec), test_math (35.2 sec)
0:01:16 load avg: 6.70 [314/433/1] test_structseq passed -- running: test_capi (55.4 sec), test_math (35.4 sec)
0:01:17 load avg: 6.70 [315/433/1] test_inspect passed -- running: test_capi (56.3 sec), test_math (36.3 sec)
0:01:17 load avg: 6.70 [316/433/1] test_binop passed -- running: test_capi (56.5 sec), test_math (36.4 sec)
0:01:17 load avg: 6.70 [317/433/1] test_flufl passed -- running: test_capi (56.6 sec), test_math (36.6 sec)
0:01:18 load avg: 6.70 [318/433/1] test_wait3 passed -- running: test_capi (56.8 sec), test_math (36.8 sec)
0:01:18 load avg: 6.70 [319/433/1] test_memoryview passed -- running: test_capi (56.9 sec), test_math (36.9 sec)
0:01:18 load avg: 6.70 [320/433/1] test_winreg skipped -- running: test_capi (57.0 sec), test_math (37.0 sec)
test_winreg skipped -- No module named 'winreg'
0:01:18 load avg: 6.70 [321/433/1] test_peg_generator skipped -- running: test_capi (57.0 sec), test_math (37.0 sec)
test_peg_generator skipped -- distutils has been removed in Python 3.12
0:01:18 load avg: 6.70 [322/433/1] test_urllib_response passed -- running: test_capi (57.2 sec), test_math (37.2 sec)
0:01:19 load avg: 6.73 [323/433/1] test_dataclasses passed -- running: test_capi (58.1 sec), test_math (38.1 sec)
0:01:19 load avg: 6.73 [324/433/1] test_pickle passed -- running: test_capi (58.3 sec), test_math (38.2 sec)
0:01:19 load avg: 6.73 [325/433/1] test_xmlrpc_net passed -- running: test_capi (58.3 sec), test_math (38.3 sec)
0:01:19 load avg: 6.73 [326/433/1] test_tix skipped -- running: test_capi (58.4 sec), test_math (38.4 sec)
test_tix skipped -- No module named '_tkinter'
0:01:19 load avg: 6.73 [327/433/1] test_codeccallbacks passed -- running: test_capi (58.5 sec), test_math (38.5 sec)
0:01:20 load avg: 6.73 [328/433/1] test_gdb skipped -- running: test_capi (58.7 sec), test_math (38.6 sec)
test_gdb skipped -- Couldn't find gdb on the path
0:01:20 load avg: 6.73 [329/433/1] test_gc passed -- running: test_capi (59.1 sec), test_math (39.0 sec)
0:01:20 load avg: 6.73 [330/433/1] test_codeop passed -- running: test_capi (59.3 sec), test_math (39.3 sec)
0:01:21 load avg: 6.73 [331/433/1] test_capi passed (59.5 sec) -- running: test_math (39.6 sec)
0:01:21 load avg: 6.73 [332/433/1] test_smtplib passed -- running: test_math (40.0 sec)
0:01:21 load avg: 6.73 [333/433/1] test_cgi passed -- running: test_math (40.2 sec)
0:01:21 load avg: 6.73 [334/433/1] test_http_cookies passed -- running: test_math (40.4 sec)
0:01:22 load avg: 6.73 [335/433/1] test_tomllib passed -- running: test_math (40.6 sec)
0:01:22 load avg: 6.73 [336/433/1] test_nntplib passed -- running: test_math (40.9 sec)
0:01:22 load avg: 6.73 [337/433/1] test_codecencodings_kr passed -- running: test_math (41.3 sec)
0:01:22 load avg: 6.73 [338/433/1] test_posix passed -- running: test_math (41.5 sec)
0:01:23 load avg: 6.73 [339/433/1] test_fstring passed -- running: test_math (41.7 sec)
0:01:23 load avg: 6.73 [340/433/1] test_syslog passed -- running: test_math (41.7 sec)
0:01:23 load avg: 6.73 [341/433/1] test_kqueue skipped -- running: test_math (41.8 sec)
test_kqueue skipped -- test works only on BSD
0:01:23 load avg: 6.73 [342/433/1] test_xdrlib passed -- running: test_math (42.0 sec)
0:01:23 load avg: 6.73 [343/433/1] test_codecencodings_tw passed -- running: test_math (42.0 sec)
0:01:23 load avg: 6.73 [344/433/1] test_unicode_file_functions passed -- running: test_math (42.3 sec)
0:01:24 load avg: 6.73 [345/433/1] test_pstats passed -- running: test_math (42.6 sec)
0:01:24 load avg: 6.51 [346/433/1] test_urllib2_localnet passed -- running: test_math (43.4 sec)
0:01:25 load avg: 6.51 [347/433/1] test_fnmatch passed -- running: test_math (43.7 sec)
0:01:25 load avg: 6.51 [348/433/1] test_wsgiref passed -- running: test_math (44.1 sec)
0:01:27 load avg: 6.51 [349/433/1] test_tools passed -- running: test_math (45.7 sec)
0:01:27 load avg: 6.51 [350/433/1] test_import passed -- running: test_math (45.9 sec)
0:01:27 load avg: 6.51 [351/433/1] test_reprlib passed -- running: test_math (46.1 sec)
0:01:27 load avg: 6.51 [352/433/1] test_dbm_dumb passed -- running: test_math (46.3 sec)
0:01:27 load avg: 6.51 [353/433/1] test_textwrap passed -- running: test_math (46.5 sec)
0:01:28 load avg: 6.51 [354/433/1] test_shutil passed -- running: test_math (46.9 sec)
0:01:28 load avg: 6.51 [355/433/1] test_strtod passed -- running: test_math (47.1 sec)
0:01:28 load avg: 6.51 [356/433/1] test_wait4 passed -- running: test_math (47.2 sec)
0:01:28 load avg: 6.51 [357/433/1] test_telnetlib passed -- running: test_math (47.3 sec)
0:01:29 load avg: 6.51 [358/433/1] test_mailcap passed -- running: test_math (47.6 sec)
/home/ec2-user/cpython/Lib/mailcap.py:228: UnsafeMailcapInput: Refusing to substitute MIME type 'audio/*' into a shell command.
  warnings.warn(msg, UnsafeMailcapInput)
/home/ec2-user/cpython/Lib/mailcap.py:228: UnsafeMailcapInput: Refusing to substitute MIME type 'audio/*' into a shell command.
  warnings.warn(msg, UnsafeMailcapInput)
0:01:29 load avg: 6.51 [359/433/1] test_resource passed -- running: test_math (47.7 sec)
0:01:30 load avg: 6.71 [360/433/1] test_buffer passed -- running: test_math (48.9 sec)
0:01:30 load avg: 6.71 [361/433/1] test_deque passed -- running: test_math (49.0 sec)
0:01:31 load avg: 6.71 [362/433/1] test_doctest passed -- running: test_math (49.8 sec)
<frozen importlib._bootstrap>:824: ImportWarning: TestImporter.exec_module() not found; falling back to load_module()
0:01:31 load avg: 6.71 [363/433/1] test_perf_profiler passed -- running: test_math (50.2 sec)
0:01:31 load avg: 6.71 [364/433/1] test_re passed -- running: test_math (50.5 sec)
0:01:35 load avg: 6.65 [365/433/1] test_bytes passed -- running: test_lib2to3 (33.8 sec), test_math (54.5 sec)
0:01:36 load avg: 6.65 [366/433/1] test_email passed -- running: test_lib2to3 (34.0 sec), test_math (54.6 sec)
0:01:36 load avg: 6.65 [367/433/1] test_pipes passed -- running: test_lib2to3 (34.1 sec), test_math (54.7 sec)
0:01:36 load avg: 6.65 [368/433/1] test_nis skipped -- running: test_lib2to3 (34.2 sec), test_math (54.9 sec)
test_nis skipped -- No module named 'nis'
0:01:41 load avg: 6.44 [369/433/1] test_set passed -- running: test_lib2to3 (39.7 sec), test_math (1 min), test_socket (33.0 sec)
0:01:42 load avg: 6.44 [370/433/1] test_dict passed -- running: test_lib2to3 (40.1 sec), test_math (1 min), test_socket (33.5 sec)
0:01:42 load avg: 6.44 [371/433/1] test_future passed -- running: test_lib2to3 (40.4 sec), test_math (1 min), test_socket (33.7 sec)
0:01:42 load avg: 6.44 [372/433/1] test_typing passed -- running: test_lib2to3 (40.8 sec), test_math (1 min 1 sec), test_socket (34.2 sec)
0:01:43 load avg: 6.44 [373/433/1] test_extcall passed -- running: test_lib2to3 (41.0 sec), test_math (1 min 1 sec), test_socket (34.4 sec)
0:01:43 load avg: 6.44 [374/433/1] test__locale passed -- running: test_lib2to3 (41.3 sec), test_math (1 min 1 sec), test_socket (34.6 sec)
0:01:43 load avg: 6.44 [375/433/1] test_defaultdict passed -- running: test_lib2to3 (41.4 sec), test_math (1 min 2 sec), test_socket (34.8 sec)
0:01:43 load avg: 6.44 [376/433/1] test_bdb passed -- running: test_lib2to3 (41.6 sec), test_math (1 min 2 sec), test_socket (35.0 sec)
0:01:43 load avg: 6.44 [377/433/1] test_genexps passed -- running: test_lib2to3 (41.8 sec), test_math (1 min 2 sec), test_socket (35.1 sec)
0:01:49 load avg: 6.68 [378/433/1] test_socket passed (40.8 sec) -- running: test_lib2to3 (47.8 sec), test_concurrent_futures (35.7 sec), test_math (1 min 8 sec), test_signal (33.9 sec)
0:01:50 load avg: 6.68 [379/433/1] test_codecmaps_tw passed -- running: test_lib2to3 (48.7 sec), test_concurrent_futures (36.7 sec), test_multiprocessing_fork (30.0 sec), test_math (1 min 9 sec), test_signal (34.8 sec)
0:01:52 load avg: 6.68 [380/433/1] test_file_eintr passed -- running: test_lib2to3 (50.7 sec), test_concurrent_futures (38.7 sec), test_multiprocessing_fork (32.1 sec), test_math (1 min 11 sec), test_signal (36.9 sec)
0:01:53 load avg: 6.68 [381/433/1] test_contextlib_async passed -- running: test_lib2to3 (51.0 sec), test_concurrent_futures (38.9 sec), test_multiprocessing_fork (32.3 sec), test_math (1 min 11 sec), test_signal (37.1 sec)
0:01:54 load avg: 6.68 [382/433/1] test_crypt passed -- running: test_lib2to3 (52.1 sec), test_concurrent_futures (40.1 sec), test_multiprocessing_fork (33.5 sec), test_math (1 min 12 sec), test_signal (38.3 sec)
0:01:54 load avg: 6.68 [383/433/1] test__opcode passed -- running: test_lib2to3 (52.3 sec), test_concurrent_futures (40.3 sec), test_multiprocessing_fork (33.6 sec), test_math (1 min 12 sec), test_signal (38.4 sec)
0:01:55 load avg: 6.47 [384/433/1] test_dis passed -- running: test_lib2to3 (53.1 sec), test_concurrent_futures (41.1 sec), test_multiprocessing_fork (34.5 sec), test_math (1 min 13 sec), test_signal (39.3 sec)
0:01:55 load avg: 6.47 [385/433/1] test_patma passed -- running: test_lib2to3 (53.4 sec), test_concurrent_futures (41.3 sec), test_multiprocessing_fork (34.7 sec), test_math (1 min 13 sec), test_signal (39.5 sec)
0:01:55 load avg: 6.47 [386/433/1] test_lib2to3 passed (53.7 sec) -- running: test_concurrent_futures (41.9 sec), test_multiprocessing_fork (35.2 sec), test_math (1 min 14 sec), test_signal (40.0 sec)
0:01:57 load avg: 6.47 [387/433/1] test_codecmaps_cn passed -- running: test_concurrent_futures (43.1 sec), test_multiprocessing_fork (36.5 sec), test_math (1 min 15 sec), test_signal (41.3 sec)
0:01:57 load avg: 6.47 [388/433/1] test_ioctl skipped -- running: test_concurrent_futures (43.3 sec), test_multiprocessing_fork (36.6 sec), test_math (1 min 15 sec), test_signal (41.4 sec)
test_ioctl skipped -- Unable to open /dev/tty
0:01:57 load avg: 6.47 [389/433/1] test_time passed -- running: test_concurrent_futures (43.5 sec), test_multiprocessing_fork (36.9 sec), test_math (1 min 16 sec), test_signal (41.7 sec)
0:01:57 load avg: 6.47 [390/433/1] test_eof passed -- running: test_concurrent_futures (43.8 sec), test_multiprocessing_fork (37.2 sec), test_math (1 min 16 sec), test_signal (42.0 sec)
0:01:57 load avg: 6.47 [391/433/1] test_xmlrpc passed -- running: test_concurrent_futures (43.9 sec), test_multiprocessing_fork (37.2 sec), test_math (1 min 16 sec), test_signal (42.0 sec)
0:01:58 load avg: 6.47 [392/433/1] test_memoryio passed -- running: test_concurrent_futures (44.3 sec), test_multiprocessing_fork (37.6 sec), test_math (1 min 16 sec), test_signal (42.4 sec)
0:01:58 load avg: 6.47 [393/433/1] test_pprint passed -- running: test_concurrent_futures (44.5 sec), test_multiprocessing_fork (37.9 sec), test_math (1 min 17 sec), test_signal (42.7 sec)
0:01:58 load avg: 6.47 [394/433/1] test_opcodes passed -- running: test_concurrent_futures (44.7 sec), test_multiprocessing_fork (38.0 sec), test_math (1 min 17 sec), test_signal (42.8 sec)
0:01:58 load avg: 6.47 [395/433/1] test_sqlite3 skipped -- running: test_concurrent_futures (44.8 sec), test_multiprocessing_fork (38.2 sec), test_math (1 min 17 sec), test_signal (43.0 sec)
test_sqlite3 skipped -- No module named '_sqlite3'
0:02:01 load avg: 6.35 [396/433/1] test_calendar passed -- running: test_concurrent_futures (47.2 sec), test_multiprocessing_fork (40.6 sec), test_math (1 min 19 sec), test_signal (45.4 sec)
0:02:08 load avg: 6.56 [397/433/1] test_source_encoding passed -- running: test_concurrent_futures (54.6 sec), test_multiprocessing_spawn (32.7 sec), test_io (36.7 sec), test_multiprocessing_fork (48.0 sec), test_math (1 min 27 sec), test_signal (52.8 sec)
0:02:08 load avg: 6.56 [398/433/1] test_syntax passed -- running: test_concurrent_futures (54.9 sec), test_multiprocessing_spawn (33.0 sec), test_io (37.0 sec), test_multiprocessing_fork (48.3 sec), test_math (1 min 27 sec), test_signal (53.1 sec)
0:02:09 load avg: 6.56 [399/433/1] test_copyreg passed -- running: test_concurrent_futures (55.2 sec), test_multiprocessing_spawn (33.3 sec), test_io (37.3 sec), test_multiprocessing_fork (48.6 sec), test_math (1 min 27 sec), test_signal (53.4 sec)
0:02:09 load avg: 6.56 [400/433/1] test_dtrace passed -- running: test_concurrent_futures (55.4 sec), test_multiprocessing_spawn (33.4 sec), test_io (37.5 sec), test_multiprocessing_fork (48.8 sec), test_math (1 min 28 sec), test_signal (53.6 sec)
0:02:09 load avg: 6.44 [401/433/1] test_io passed (37.6 sec) -- running: test_concurrent_futures (55.6 sec), test_multiprocessing_spawn (33.6 sec), test_multiprocessing_fork (48.9 sec), test_math (1 min 28 sec), test_signal (53.7 sec)
0:02:09 load avg: 6.44 [402/433/1] test_compiler_codegen passed -- running: test_concurrent_futures (55.7 sec), test_multiprocessing_spawn (33.8 sec), test_multiprocessing_fork (49.1 sec), test_math (1 min 28 sec), test_signal (53.9 sec)
0:02:09 load avg: 6.44 [403/433/1] test_xml_dom_minicompat passed -- running: test_concurrent_futures (55.9 sec), test_multiprocessing_spawn (33.9 sec), test_multiprocessing_fork (49.2 sec), test_math (1 min 28 sec), test_signal (54.0 sec)
0:02:10 load avg: 6.44 [404/433/1] test_unicode_identifiers passed -- running: test_concurrent_futures (56.0 sec), test_multiprocessing_spawn (34.1 sec), test_multiprocessing_fork (49.4 sec), test_math (1 min 28 sec), test_signal (54.2 sec)
0:02:10 load avg: 6.44 [405/433/1] test_poplib passed -- running: test_concurrent_futures (56.1 sec), test_multiprocessing_spawn (34.2 sec), test_multiprocessing_fork (49.5 sec), test_math (1 min 28 sec), test_signal (54.3 sec)
0:02:10 load avg: 6.44 [406/433/1] test_codecencodings_hk passed -- running: test_concurrent_futures (56.3 sec), test_multiprocessing_spawn (34.3 sec), test_multiprocessing_fork (49.6 sec), test_math (1 min 28 sec), test_signal (54.4 sec)
0:02:10 load avg: 6.44 [407/433/1] test_richcmp passed -- running: test_concurrent_futures (56.4 sec), test_multiprocessing_spawn (34.4 sec), test_multiprocessing_fork (49.7 sec), test_math (1 min 29 sec), test_signal (54.5 sec)
0:02:11 load avg: 6.44 [408/433/1] test_imaplib passed -- running: test_concurrent_futures (57.0 sec), test_multiprocessing_spawn (35.0 sec), test_multiprocessing_fork (50.4 sec), test_math (1 min 29 sec), test_signal (55.2 sec)
0:02:11 load avg: 6.44 [409/433/1] test_ucn passed -- running: test_concurrent_futures (57.6 sec), test_multiprocessing_spawn (35.6 sec), test_multiprocessing_fork (51.0 sec), test_math (1 min 30 sec), test_signal (55.8 sec)
/home/ec2-user/cpython/Lib/test/support/__init__.py:743: ResourceWarning: unclosed <socket.socket [closed] fd=3, family=2, type=1, proto=6>
  gc.collect()
ResourceWarning: Enable tracemalloc to get the object allocation traceback
0:02:11 load avg: 6.44 [410/433/1] test_netrc passed -- running: test_concurrent_futures (57.8 sec), test_multiprocessing_spawn (35.9 sec), test_multiprocessing_fork (51.2 sec), test_math (1 min 30 sec), test_signal (56.0 sec)
0:02:12 load avg: 6.44 [411/433/1] test_unpack passed -- running: test_concurrent_futures (58.0 sec), test_multiprocessing_spawn (36.1 sec), test_multiprocessing_fork (51.4 sec), test_math (1 min 30 sec), test_signal (56.2 sec)
0:02:14 load avg: 6.44 [412/433/1] test_signal passed (58.4 sec) -- running: test_multiprocessing_forkserver (30.6 sec), test_concurrent_futures (1 min), test_multiprocessing_spawn (38.4 sec), test_multiprocessing_fork (53.8 sec), test_math (1 min 33 sec)
0:02:15 load avg: 6.80 [413/433/1] test_math passed (1 min 34 sec) -- running: test_multiprocessing_forkserver (32.0 sec), test_concurrent_futures (1 min 1 sec), test_multiprocessing_spawn (39.8 sec), test_multiprocessing_fork (55.2 sec)
0:02:16 load avg: 6.80 [414/433/1] test_trace passed -- running: test_multiprocessing_forkserver (33.1 sec), test_concurrent_futures (1 min 2 sec), test_multiprocessing_spawn (40.9 sec), test_multiprocessing_fork (56.3 sec)
0:02:17 load avg: 6.80 [415/433/1] test_getpath passed -- running: test_multiprocessing_forkserver (33.6 sec), test_concurrent_futures (1 min 3 sec), test_multiprocessing_spawn (41.4 sec), test_multiprocessing_fork (56.7 sec)
0:02:17 load avg: 6.80 [416/433/1] test_sax passed -- running: test_multiprocessing_forkserver (34.1 sec), test_concurrent_futures (1 min 3 sec), test_multiprocessing_spawn (41.9 sec), test_multiprocessing_fork (57.2 sec)
0:02:18 load avg: 6.80 [417/433/1] test_xxtestfuzz passed -- running: test_multiprocessing_forkserver (34.3 sec), test_concurrent_futures (1 min 4 sec), test_multiprocessing_spawn (42.1 sec), test_multiprocessing_fork (57.4 sec)
/home/ec2-user/cpython/Lib/test/test_xxtestfuzz.py:13: DeprecationWarning: module 'sre_compile' is deprecated
  _xxtestfuzz.run(b"")
/home/ec2-user/cpython/Lib/test/test_xxtestfuzz.py:13: DeprecationWarning: module 'sre_constants' is deprecated
  _xxtestfuzz.run(b"")
0:02:18 load avg: 6.80 [418/433/1] test_random passed -- running: test_multiprocessing_forkserver (34.3 sec), test_concurrent_futures (1 min 4 sec), test_multiprocessing_spawn (42.1 sec), test_multiprocessing_fork (57.5 sec)
0:02:18 load avg: 6.80 [419/433/1] test_bz2 skipped -- running: test_multiprocessing_forkserver (34.5 sec), test_concurrent_futures (1 min 4 sec), test_multiprocessing_spawn (42.3 sec), test_multiprocessing_fork (57.6 sec)
test_bz2 skipped -- No module named '_bz2'
0:02:21 load avg: 6.66 [420/433/1] test_zipfile passed -- running: test_multiprocessing_forkserver (37.6 sec), test_concurrent_futures (1 min 7 sec), test_multiprocessing_spawn (45.4 sec), test_multiprocessing_fork (1 min)
0:02:21 load avg: 6.66 [421/433/1] test_long passed -- running: test_multiprocessing_forkserver (37.9 sec), test_concurrent_futures (1 min 7 sec), test_multiprocessing_spawn (45.7 sec), test_multiprocessing_fork (1 min 1 sec)
0:02:21 load avg: 6.66 [422/433/1] test_robotparser passed -- running: test_multiprocessing_forkserver (38.0 sec), test_concurrent_futures (1 min 7 sec), test_multiprocessing_spawn (45.8 sec), test_multiprocessing_fork (1 min 1 sec)
0:02:21 load avg: 6.66 [423/433/1] test_ssl skipped -- running: test_multiprocessing_forkserver (38.1 sec), test_concurrent_futures (1 min 7 sec), test_multiprocessing_spawn (45.9 sec), test_multiprocessing_fork (1 min 1 sec)
test_ssl skipped -- No module named '_ssl'
0:02:22 load avg: 6.66 [424/433/1] test_int_literal passed -- running: test_multiprocessing_forkserver (38.4 sec), test_concurrent_futures (1 min 8 sec), test_multiprocessing_spawn (46.2 sec), test_multiprocessing_fork (1 min 1 sec)
0:02:24 load avg: 6.66 [425/433/1] test_sys_settrace passed -- running: test_multiprocessing_forkserver (40.3 sec), test_concurrent_futures (1 min 10 sec), test_multiprocessing_spawn (48.1 sec), test_multiprocessing_fork (1 min 3 sec)
/home/ec2-user/cpython/Lib/test/test_sys_settrace.py:1771: RuntimeWarning: assigning None to 1 unbound local
  frame.f_lineno = self.firstLine + self.jumpTo
/home/ec2-user/cpython/Lib/test/test_sys_settrace.py:1771: RuntimeWarning: assigning None to 2 unbound locals
  frame.f_lineno = self.firstLine + self.jumpTo
0:02:29 load avg: 6.85 [426/433/1] test_multiprocessing_fork passed (1 min 8 sec) -- running: test_multiprocessing_forkserver (45.5 sec), test_subprocess (31.9 sec), test_concurrent_futures (1 min 15 sec), test_multiprocessing_spawn (53.2 sec)
/home/ec2-user/cpython/Lib/multiprocessing/popen_fork.py:66: DeprecationWarning: This process (pid=66248) is multi-threaded, use of fork() may lead to deadlocks in the child.
  self.pid = os.fork()
/home/ec2-user/cpython/Lib/multiprocessing/popen_fork.py:66: DeprecationWarning: This process (pid=65576) is multi-threaded, use of fork() may lead to deadlocks in the child.
  self.pid = os.fork()
/home/ec2-user/cpython/Lib/multiprocessing/popen_fork.py:66: DeprecationWarning: This process (pid=68592) is multi-threaded, use of fork() may lead to deadlocks in the child.
  self.pid = os.fork()
/home/ec2-user/cpython/Lib/multiprocessing/popen_fork.py:66: DeprecationWarning: This process (pid=65576) is multi-threaded, use of fork() may lead to deadlocks in the child.
  self.pid = os.fork()
0:02:33 load avg: 7.02 [427/433/1] test_subprocess passed (35.7 sec) -- running: test_multiprocessing_forkserver (49.4 sec), test_concurrent_futures (1 min 19 sec), test_multiprocessing_spawn (57.2 sec)
0:02:47 load avg: 6.36 [428/433/1] test_unparse passed (37.0 sec) -- running: test_multiprocessing_forkserver (1 min 3 sec), test_concurrent_futures (1 min 33 sec), test_multiprocessing_spawn (1 min 11 sec), test_asyncio (35.4 sec), test_tokenize (33.0 sec)
0:03:02 load avg: 5.48 [429/433/1] test_multiprocessing_forkserver passed (1 min 18 sec) -- running: test_concurrent_futures (1 min 48 sec), test_multiprocessing_spawn (1 min 26 sec), test_asyncio (50.4 sec), test_tokenize (48.0 sec)
0:03:04 load avg: 5.48 [430/433/1] test_tokenize passed (49.9 sec) -- running: test_concurrent_futures (1 min 50 sec), test_multiprocessing_spawn (1 min 28 sec), test_asyncio (52.4 sec)
0:03:26 load avg: 4.20 [431/433/1] test_multiprocessing_spawn passed (1 min 50 sec) -- running: test_concurrent_futures (2 min 12 sec), test_asyncio (1 min 14 sec)
0:03:35 load avg: 3.71 [432/433/1] test_concurrent_futures passed (2 min 20 sec) -- running: test_asyncio (1 min 23 sec)
/home/ec2-user/cpython/Lib/multiprocessing/popen_fork.py:66: DeprecationWarning: This process (pid=65233) is multi-threaded, use of fork() may lead to deadlocks in the child.
  self.pid = os.fork()
/home/ec2-user/cpython/Lib/multiprocessing/resource_tracker.py:224: UserWarning: resource_tracker: There appear to be 6 leaked semaphore objects to clean up at shutdown
  warnings.warn('resource_tracker: There appear to be %d '
Traceback (most recent call last):
  File "/home/ec2-user/cpython/Lib/multiprocessing/util.py", line 300, in _run_finalizers
    finalizer()
  File "/home/ec2-user/cpython/Lib/multiprocessing/util.py", line 224, in __call__
    res = self._callback(*self._args, **self._kwargs)
          ^^^^^^^^^^^^^^^^^^^^^^^^^^^^^^^^^^^^^^^^^^^
  File "/home/ec2-user/cpython/Lib/multiprocessing/synchronize.py", line 87, in _cleanup
    sem_unlink(name)
FileNotFoundError: [Errno 2] No such file or directory
Traceback (most recent call last):
  File "/home/ec2-user/cpython/Lib/multiprocessing/util.py", line 300, in _run_finalizers
    finalizer()
  File "/home/ec2-user/cpython/Lib/multiprocessing/util.py", line 224, in __call__
    res = self._callback(*self._args, **self._kwargs)
          ^^^^^^^^^^^^^^^^^^^^^^^^^^^^^^^^^^^^^^^^^^^
  File "/home/ec2-user/cpython/Lib/multiprocessing/synchronize.py", line 87, in _cleanup
    sem_unlink(name)
FileNotFoundError: [Errno 2] No such file or directory
Traceback (most recent call last):
  File "/home/ec2-user/cpython/Lib/multiprocessing/util.py", line 300, in _run_finalizers
    finalizer()
  File "/home/ec2-user/cpython/Lib/multiprocessing/util.py", line 224, in __call__
    res = self._callback(*self._args, **self._kwargs)
          ^^^^^^^^^^^^^^^^^^^^^^^^^^^^^^^^^^^^^^^^^^^
  File "/home/ec2-user/cpython/Lib/multiprocessing/synchronize.py", line 87, in _cleanup
    sem_unlink(name)
FileNotFoundError: [Errno 2] No such file or directory
Traceback (most recent call last):
  File "/home/ec2-user/cpython/Lib/multiprocessing/util.py", line 300, in _run_finalizers
    finalizer()
  File "/home/ec2-user/cpython/Lib/multiprocessing/util.py", line 224, in __call__
    res = self._callback(*self._args, **self._kwargs)
          ^^^^^^^^^^^^^^^^^^^^^^^^^^^^^^^^^^^^^^^^^^^
  File "/home/ec2-user/cpython/Lib/multiprocessing/synchronize.py", line 87, in _cleanup
    sem_unlink(name)
FileNotFoundError: [Errno 2] No such file or directory
Traceback (most recent call last):
  File "/home/ec2-user/cpython/Lib/multiprocessing/util.py", line 300, in _run_finalizers
    finalizer()
  File "/home/ec2-user/cpython/Lib/multiprocessing/util.py", line 224, in __call__
    res = self._callback(*self._args, **self._kwargs)
          ^^^^^^^^^^^^^^^^^^^^^^^^^^^^^^^^^^^^^^^^^^^
  File "/home/ec2-user/cpython/Lib/multiprocessing/synchronize.py", line 87, in _cleanup
    sem_unlink(name)
FileNotFoundError: [Errno 2] No such file or directory
Traceback (most recent call last):
  File "/home/ec2-user/cpython/Lib/multiprocessing/util.py", line 300, in _run_finalizers
    finalizer()
  File "/home/ec2-user/cpython/Lib/multiprocessing/util.py", line 224, in __call__
    res = self._callback(*self._args, **self._kwargs)
          ^^^^^^^^^^^^^^^^^^^^^^^^^^^^^^^^^^^^^^^^^^^
  File "/home/ec2-user/cpython/Lib/multiprocessing/synchronize.py", line 87, in _cleanup
    sem_unlink(name)
FileNotFoundError: [Errno 2] No such file or directory
0:04:05 load avg: 2.47 running: test_asyncio (1 min 53 sec)
0:04:35 load avg: 1.95 running: test_asyncio (2 min 23 sec)
0:05:05 load avg: 1.38 running: test_asyncio (2 min 53 sec)
0:05:13 load avg: 1.35 [433/433/1] test_asyncio passed (3 min 1 sec)
Unknown child process pid 77849, will report returncode 255
Loop <_UnixSelectorEventLoop running=False closed=True debug=False> that handles pid 77849 is closed

== Tests result: FAILURE ==

396 tests OK.

1 test failed:
    test_pty

36 tests skipped:
    test_bz2 test_ctypes test_curses test_dbm_gnu test_dbm_ndbm
    test_devpoll test_gdb test_gzip test_idle test_ioctl test_kqueue
    test_launcher test_lzma test_msilib test_nis test_ossaudiodev
    test_peg_generator test_readline test_smtpnet test_sqlite3
    test_ssl test_stable_abi_ctypes test_startfile test_tcl test_tix
    test_tkinter test_ttk test_ttk_textonly test_turtle
    test_winconsoleio test_winreg test_winsound test_wmi
    test_zipfile64 test_zlib test_zoneinfo
0:05:13 load avg: 1.35
0:05:13 load avg: 1.35 Re-running failed tests in verbose mode
0:05:13 load avg: 1.35 Re-running test_pty in verbose mode (matching: test_spawn_doesnt_hang)
test_spawn_doesnt_hang (test.test_pty.PtyTest.test_spawn_doesnt_hang) ... ERROR

======================================================================
ERROR: test_spawn_doesnt_hang (test.test_pty.PtyTest.test_spawn_doesnt_hang)
----------------------------------------------------------------------
Traceback (most recent call last):
  File "/home/ec2-user/cpython/Lib/test/test_pty.py", line 297, in test_spawn_doesnt_hang
    pty.spawn([sys.executable, '-c', 'print("hi there")'])
  File "/home/ec2-user/cpython/Lib/pty.py", line 175, in spawn
    _copy(master_fd, master_read, stdin_read)
  File "/home/ec2-user/cpython/Lib/pty.py", line 151, in _copy
    data = stdin_read(STDIN_FILENO)
           ^^^^^^^^^^^^^^^^^^^^^^^^
  File "/home/ec2-user/cpython/Lib/pty.py", line 126, in _read
    return os.read(fd, 1024)
           ^^^^^^^^^^^^^^^^^
OSError: [Errno 9] Bad file descriptor

----------------------------------------------------------------------
Ran 1 test in 0.003s

FAILED (errors=1)
test test_pty failed
1 test failed again:
    test_pty

== Tests result: FAILURE then FAILURE ==

396 tests OK.

1 test failed:
    test_pty

36 tests skipped:
    test_bz2 test_ctypes test_curses test_dbm_gnu test_dbm_ndbm
    test_devpoll test_gdb test_gzip test_idle test_ioctl test_kqueue
    test_launcher test_lzma test_msilib test_nis test_ossaudiodev
    test_peg_generator test_readline test_smtpnet test_sqlite3
    test_ssl test_stable_abi_ctypes test_startfile test_tcl test_tix
    test_tkinter test_ttk test_ttk_textonly test_turtle
    test_winconsoleio test_winreg test_winsound test_wmi
    test_zipfile64 test_zlib test_zoneinfo

1 re-run test:
    test_pty

Total duration: 5 min 13 sec
Tests result: FAILURE then FAILURE
make: *** [Makefile:1886: test] Error 2

~~ end pytest build ~~ Sat Apr  8 20:47:31 UTC 2023
~/scripts
